gcc-12.2.0 loaded successful
cuda-11.8.0 loaded successful
/home/share/huadjyin/home/baiyong01/.local/lib/python3.9/site-packages/pandas/core/arrays/masked.py:60: UserWarning: Pandas requires version '1.3.6' or newer of 'bottleneck' (version '1.3.5' currently installed).
  from pandas.core import (
/home/share/huadjyin/home/baiyong01/.local/lib/python3.9/site-packages/pandas/core/arrays/masked.py:60: UserWarning: Pandas requires version '1.3.6' or newer of 'bottleneck' (version '1.3.5' currently installed).
  from pandas.core import (
/home/share/huadjyin/home/baiyong01/.local/lib/python3.9/site-packages/pandas/core/arrays/masked.py:60: UserWarning: Pandas requires version '1.3.6' or newer of 'bottleneck' (version '1.3.5' currently installed).
  from pandas.core import (
/home/share/huadjyin/home/baiyong01/.local/lib/python3.9/site-packages/pandas/core/arrays/masked.py:60: UserWarning: Pandas requires version '1.3.6' or newer of 'bottleneck' (version '1.3.5' currently installed).
  from pandas.core import (
Loading cached split indices for dataset at /home/share/huadjyin/home/weiyilin/project/DNALLM/datasets/tokenized_datasets/seq_dataset/hyenadna/CD8_expression_5K/train/cache-3e61ea8dd6d33517.arrow and /home/share/huadjyin/home/weiyilin/project/DNALLM/datasets/tokenized_datasets/seq_dataset/hyenadna/CD8_expression_5K/train/cache-4d391ab6f165eb30.arrow
/home/share/huadjyin/home/baiyong01/.local/lib/python3.9/site-packages/torch/utils/tensorboard/__init__.py:4: DeprecationWarning: distutils Version classes are deprecated. Use packaging.version instead.
  if not hasattr(tensorboard, "__version__") or LooseVersion(
/home/share/huadjyin/home/baiyong01/.local/lib/python3.9/site-packages/torch/utils/tensorboard/__init__.py:6: DeprecationWarning: distutils Version classes are deprecated. Use packaging.version instead.
  ) < LooseVersion("1.15"):
[WARNING|trainer.py:577] 2024-06-30 02:36:11,514 >> max_steps is given, it will override any value given in num_train_epochs
/home/share/huadjyin/home/baiyong01/.local/lib/python3.9/site-packages/torch/utils/tensorboard/__init__.py:4: DeprecationWarning: distutils Version classes are deprecated. Use packaging.version instead.
  if not hasattr(tensorboard, "__version__") or LooseVersion(
/home/share/huadjyin/home/baiyong01/.local/lib/python3.9/site-packages/torch/utils/tensorboard/__init__.py:6: DeprecationWarning: distutils Version classes are deprecated. Use packaging.version instead.
  ) < LooseVersion("1.15"):
/home/share/huadjyin/home/baiyong01/.local/lib/python3.9/site-packages/torch/utils/tensorboard/__init__.py:4: DeprecationWarning: distutils Version classes are deprecated. Use packaging.version instead.
  if not hasattr(tensorboard, "__version__") or LooseVersion(
/home/share/huadjyin/home/baiyong01/.local/lib/python3.9/site-packages/torch/utils/tensorboard/__init__.py:6: DeprecationWarning: distutils Version classes are deprecated. Use packaging.version instead.
  ) < LooseVersion("1.15"):
[WARNING|trainer.py:577] 2024-06-30 02:36:36,145 >> max_steps is given, it will override any value given in num_train_epochs
[WARNING|trainer.py:577] 2024-06-30 02:36:36,145 >> max_steps is given, it will override any value given in num_train_epochs
/home/share/huadjyin/home/baiyong01/.local/lib/python3.9/site-packages/torch/utils/tensorboard/__init__.py:4: DeprecationWarning: distutils Version classes are deprecated. Use packaging.version instead.
  if not hasattr(tensorboard, "__version__") or LooseVersion(
/home/share/huadjyin/home/baiyong01/.local/lib/python3.9/site-packages/torch/utils/tensorboard/__init__.py:6: DeprecationWarning: distutils Version classes are deprecated. Use packaging.version instead.
  ) < LooseVersion("1.15"):
[WARNING|trainer.py:577] 2024-06-30 02:36:36,535 >> max_steps is given, it will override any value given in num_train_epochs
[INFO|trainer.py:2048] 2024-06-30 02:36:37,126 >> ***** Running training *****
[INFO|trainer.py:2049] 2024-06-30 02:36:37,126 >>   Num examples = 121,558,634
[INFO|trainer.py:2050] 2024-06-30 02:36:37,126 >>   Num Epochs = 1
[INFO|trainer.py:2051] 2024-06-30 02:36:37,127 >>   Instantaneous batch size per device = 72
[INFO|trainer.py:2054] 2024-06-30 02:36:37,127 >>   Total train batch size (w. parallel, distributed & accumulation) = 1,728
[INFO|trainer.py:2055] 2024-06-30 02:36:37,127 >>   Gradient Accumulation steps = 2
[INFO|trainer.py:2056] 2024-06-30 02:36:37,127 >>   Total optimization steps = 60,000
[INFO|trainer.py:2057] 2024-06-30 02:36:37,128 >>   Number of trainable parameters = 38,365,697
[WARNING|modeling_utils.py:1188] 2024-06-30 02:37:03,676 >> Could not estimate the number of tokens of the input, floating-point operations will not be computed
[WARNING|modeling_utils.py:1188] 2024-06-30 02:37:03,846 >> Could not estimate the number of tokens of the input, floating-point operations will not be computed
[WARNING|modeling_utils.py:1188] 2024-06-30 02:37:04,274 >> Could not estimate the number of tokens of the input, floating-point operations will not be computed
[WARNING|modeling_utils.py:1188] 2024-06-30 02:37:04,457 >> Could not estimate the number of tokens of the input, floating-point operations will not be computed
[INFO|trainer.py:3614] 2024-06-30 02:45:46,990 >> ***** Running Evaluation *****
[INFO|trainer.py:3616] 2024-06-30 02:45:46,992 >>   Num examples = 60810
[INFO|trainer.py:3619] 2024-06-30 02:45:46,992 >>   Batch size = 72
[INFO|trainer.py:3614] 2024-06-30 03:01:07,355 >> ***** Running Evaluation *****
[INFO|trainer.py:3616] 2024-06-30 03:01:07,357 >>   Num examples = 60810
[INFO|trainer.py:3619] 2024-06-30 03:01:07,357 >>   Batch size = 72
[INFO|trainer.py:3614] 2024-06-30 03:16:24,093 >> ***** Running Evaluation *****
[INFO|trainer.py:3616] 2024-06-30 03:16:24,094 >>   Num examples = 60810
[INFO|trainer.py:3619] 2024-06-30 03:16:24,094 >>   Batch size = 72
[INFO|trainer.py:3614] 2024-06-30 03:31:37,447 >> ***** Running Evaluation *****
[INFO|trainer.py:3616] 2024-06-30 03:31:37,448 >>   Num examples = 60810
[INFO|trainer.py:3619] 2024-06-30 03:31:37,448 >>   Batch size = 72
[INFO|trainer.py:3614] 2024-06-30 03:46:52,575 >> ***** Running Evaluation *****
[INFO|trainer.py:3616] 2024-06-30 03:46:52,576 >>   Num examples = 60810
[INFO|trainer.py:3619] 2024-06-30 03:46:52,576 >>   Batch size = 72
[INFO|trainer.py:3614] 2024-06-30 04:02:09,410 >> ***** Running Evaluation *****
[INFO|trainer.py:3616] 2024-06-30 04:02:09,410 >>   Num examples = 60810
[INFO|trainer.py:3619] 2024-06-30 04:02:09,410 >>   Batch size = 72
[INFO|trainer.py:3614] 2024-06-30 04:17:28,537 >> ***** Running Evaluation *****
[INFO|trainer.py:3616] 2024-06-30 04:17:28,537 >>   Num examples = 60810
[INFO|trainer.py:3619] 2024-06-30 04:17:28,537 >>   Batch size = 72
[INFO|trainer.py:3614] 2024-06-30 04:32:46,984 >> ***** Running Evaluation *****
[INFO|trainer.py:3616] 2024-06-30 04:32:46,985 >>   Num examples = 60810
[INFO|trainer.py:3619] 2024-06-30 04:32:46,985 >>   Batch size = 72
[INFO|trainer.py:3614] 2024-06-30 04:48:03,692 >> ***** Running Evaluation *****
[INFO|trainer.py:3616] 2024-06-30 04:48:03,692 >>   Num examples = 60810
[INFO|trainer.py:3619] 2024-06-30 04:48:03,692 >>   Batch size = 72
[INFO|trainer.py:3614] 2024-06-30 05:03:11,814 >> ***** Running Evaluation *****
[INFO|trainer.py:3616] 2024-06-30 05:03:11,814 >>   Num examples = 60810
[INFO|trainer.py:3619] 2024-06-30 05:03:11,814 >>   Batch size = 72
[INFO|trainer.py:3614] 2024-06-30 05:18:24,008 >> ***** Running Evaluation *****
[INFO|trainer.py:3616] 2024-06-30 05:18:24,008 >>   Num examples = 60810
[INFO|trainer.py:3619] 2024-06-30 05:18:24,008 >>   Batch size = 72
[INFO|trainer.py:3614] 2024-06-30 05:33:41,384 >> ***** Running Evaluation *****
[INFO|trainer.py:3616] 2024-06-30 05:33:41,384 >>   Num examples = 60810
[INFO|trainer.py:3619] 2024-06-30 05:33:41,384 >>   Batch size = 72
[INFO|trainer.py:3614] 2024-06-30 05:48:47,804 >> ***** Running Evaluation *****
[INFO|trainer.py:3616] 2024-06-30 05:48:47,804 >>   Num examples = 60810
[INFO|trainer.py:3619] 2024-06-30 05:48:47,804 >>   Batch size = 72
[INFO|trainer.py:3614] 2024-06-30 06:04:05,921 >> ***** Running Evaluation *****
[INFO|trainer.py:3616] 2024-06-30 06:04:05,921 >>   Num examples = 60810
[INFO|trainer.py:3619] 2024-06-30 06:04:05,924 >>   Batch size = 72
[INFO|trainer.py:3614] 2024-06-30 06:19:20,189 >> ***** Running Evaluation *****
[INFO|trainer.py:3616] 2024-06-30 06:19:20,190 >>   Num examples = 60810
[INFO|trainer.py:3619] 2024-06-30 06:19:20,190 >>   Batch size = 72
[INFO|trainer.py:3614] 2024-06-30 06:34:27,567 >> ***** Running Evaluation *****
[INFO|trainer.py:3616] 2024-06-30 06:34:27,567 >>   Num examples = 60810
[INFO|trainer.py:3619] 2024-06-30 06:34:27,567 >>   Batch size = 72
[INFO|trainer.py:3614] 2024-06-30 06:49:32,446 >> ***** Running Evaluation *****
[INFO|trainer.py:3616] 2024-06-30 06:49:32,447 >>   Num examples = 60810
[INFO|trainer.py:3619] 2024-06-30 06:49:32,447 >>   Batch size = 72
[INFO|trainer.py:3614] 2024-06-30 07:04:54,604 >> ***** Running Evaluation *****
[INFO|trainer.py:3616] 2024-06-30 07:04:54,604 >>   Num examples = 60810
[INFO|trainer.py:3619] 2024-06-30 07:04:54,604 >>   Batch size = 72
[INFO|trainer.py:3614] 2024-06-30 07:20:10,336 >> ***** Running Evaluation *****
[INFO|trainer.py:3616] 2024-06-30 07:20:10,337 >>   Num examples = 60810
[INFO|trainer.py:3619] 2024-06-30 07:20:10,337 >>   Batch size = 72
[INFO|trainer.py:3614] 2024-06-30 07:35:36,324 >> ***** Running Evaluation *****
[INFO|trainer.py:3616] 2024-06-30 07:35:36,324 >>   Num examples = 60810
[INFO|trainer.py:3619] 2024-06-30 07:35:36,324 >>   Batch size = 72
[INFO|trainer.py:3614] 2024-06-30 07:50:42,515 >> ***** Running Evaluation *****
[INFO|trainer.py:3616] 2024-06-30 07:50:42,515 >>   Num examples = 60810
[INFO|trainer.py:3619] 2024-06-30 07:50:42,515 >>   Batch size = 72
[INFO|trainer.py:3614] 2024-06-30 08:05:32,251 >> ***** Running Evaluation *****
[INFO|trainer.py:3616] 2024-06-30 08:05:32,251 >>   Num examples = 60810
[INFO|trainer.py:3619] 2024-06-30 08:05:32,252 >>   Batch size = 72
[INFO|trainer.py:3614] 2024-06-30 08:20:13,451 >> ***** Running Evaluation *****
[INFO|trainer.py:3616] 2024-06-30 08:20:13,451 >>   Num examples = 60810
[INFO|trainer.py:3619] 2024-06-30 08:20:13,451 >>   Batch size = 72
[INFO|trainer.py:3614] 2024-06-30 08:35:06,359 >> ***** Running Evaluation *****
[INFO|trainer.py:3616] 2024-06-30 08:35:06,359 >>   Num examples = 60810
[INFO|trainer.py:3619] 2024-06-30 08:35:06,359 >>   Batch size = 72
[INFO|trainer.py:3614] 2024-06-30 08:49:57,980 >> ***** Running Evaluation *****
[INFO|trainer.py:3616] 2024-06-30 08:49:57,980 >>   Num examples = 60810
[INFO|trainer.py:3619] 2024-06-30 08:49:57,980 >>   Batch size = 72
[INFO|trainer.py:3614] 2024-06-30 09:04:44,886 >> ***** Running Evaluation *****
[INFO|trainer.py:3616] 2024-06-30 09:04:44,886 >>   Num examples = 60810
[INFO|trainer.py:3619] 2024-06-30 09:04:44,886 >>   Batch size = 72
[INFO|trainer.py:3614] 2024-06-30 09:19:36,433 >> ***** Running Evaluation *****
[INFO|trainer.py:3616] 2024-06-30 09:19:36,433 >>   Num examples = 60810
[INFO|trainer.py:3619] 2024-06-30 09:19:36,433 >>   Batch size = 72
[INFO|trainer.py:3614] 2024-06-30 09:34:21,887 >> ***** Running Evaluation *****
[INFO|trainer.py:3616] 2024-06-30 09:34:21,887 >>   Num examples = 60810
[INFO|trainer.py:3619] 2024-06-30 09:34:21,887 >>   Batch size = 72
[INFO|trainer.py:3614] 2024-06-30 09:49:17,462 >> ***** Running Evaluation *****
[INFO|trainer.py:3616] 2024-06-30 09:49:17,463 >>   Num examples = 60810
[INFO|trainer.py:3619] 2024-06-30 09:49:17,463 >>   Batch size = 72
[INFO|trainer.py:3614] 2024-06-30 10:04:19,157 >> ***** Running Evaluation *****
[INFO|trainer.py:3616] 2024-06-30 10:04:19,157 >>   Num examples = 60810
[INFO|trainer.py:3619] 2024-06-30 10:04:19,157 >>   Batch size = 72
[INFO|trainer.py:3614] 2024-06-30 10:19:16,703 >> ***** Running Evaluation *****
[INFO|trainer.py:3616] 2024-06-30 10:19:16,705 >>   Num examples = 60810
[INFO|trainer.py:3619] 2024-06-30 10:19:16,705 >>   Batch size = 72
[INFO|trainer.py:3614] 2024-06-30 10:34:09,866 >> ***** Running Evaluation *****
[INFO|trainer.py:3616] 2024-06-30 10:34:09,866 >>   Num examples = 60810
[INFO|trainer.py:3619] 2024-06-30 10:34:09,867 >>   Batch size = 72
[INFO|trainer.py:3614] 2024-06-30 10:48:59,131 >> ***** Running Evaluation *****
[INFO|trainer.py:3616] 2024-06-30 10:48:59,131 >>   Num examples = 60810
[INFO|trainer.py:3619] 2024-06-30 10:48:59,132 >>   Batch size = 72
[INFO|trainer.py:3614] 2024-06-30 11:03:58,037 >> ***** Running Evaluation *****
[INFO|trainer.py:3616] 2024-06-30 11:03:58,038 >>   Num examples = 60810
[INFO|trainer.py:3619] 2024-06-30 11:03:58,038 >>   Batch size = 72
[INFO|trainer.py:3614] 2024-06-30 11:18:53,565 >> ***** Running Evaluation *****
[INFO|trainer.py:3616] 2024-06-30 11:18:53,565 >>   Num examples = 60810
[INFO|trainer.py:3619] 2024-06-30 11:18:53,565 >>   Batch size = 72
[INFO|trainer.py:3614] 2024-06-30 11:33:52,774 >> ***** Running Evaluation *****
[INFO|trainer.py:3616] 2024-06-30 11:33:52,774 >>   Num examples = 60810
[INFO|trainer.py:3619] 2024-06-30 11:33:52,774 >>   Batch size = 72
[INFO|trainer.py:3614] 2024-06-30 11:48:54,961 >> ***** Running Evaluation *****
[INFO|trainer.py:3616] 2024-06-30 11:48:54,961 >>   Num examples = 60810
[INFO|trainer.py:3619] 2024-06-30 11:48:54,961 >>   Batch size = 72
[INFO|trainer.py:3614] 2024-06-30 12:03:42,734 >> ***** Running Evaluation *****
[INFO|trainer.py:3616] 2024-06-30 12:03:42,735 >>   Num examples = 60810
[INFO|trainer.py:3619] 2024-06-30 12:03:42,735 >>   Batch size = 72
[INFO|trainer.py:3614] 2024-06-30 12:18:29,412 >> ***** Running Evaluation *****
[INFO|trainer.py:3616] 2024-06-30 12:18:29,412 >>   Num examples = 60810
[INFO|trainer.py:3619] 2024-06-30 12:18:29,412 >>   Batch size = 72
[INFO|trainer.py:3614] 2024-06-30 12:33:18,433 >> ***** Running Evaluation *****
[INFO|trainer.py:3616] 2024-06-30 12:33:18,433 >>   Num examples = 60810
[INFO|trainer.py:3619] 2024-06-30 12:33:18,433 >>   Batch size = 72
[INFO|trainer.py:3614] 2024-06-30 12:48:04,781 >> ***** Running Evaluation *****
[INFO|trainer.py:3616] 2024-06-30 12:48:04,781 >>   Num examples = 60810
[INFO|trainer.py:3619] 2024-06-30 12:48:04,781 >>   Batch size = 72
[INFO|trainer.py:3614] 2024-06-30 13:02:58,488 >> ***** Running Evaluation *****
[INFO|trainer.py:3616] 2024-06-30 13:02:58,488 >>   Num examples = 60810
[INFO|trainer.py:3619] 2024-06-30 13:02:58,488 >>   Batch size = 72
[INFO|trainer.py:3614] 2024-06-30 13:17:44,812 >> ***** Running Evaluation *****
[INFO|trainer.py:3616] 2024-06-30 13:17:44,812 >>   Num examples = 60810
[INFO|trainer.py:3619] 2024-06-30 13:17:44,812 >>   Batch size = 72
[INFO|trainer.py:3614] 2024-06-30 13:32:35,002 >> ***** Running Evaluation *****
[INFO|trainer.py:3616] 2024-06-30 13:32:35,002 >>   Num examples = 60810
[INFO|trainer.py:3619] 2024-06-30 13:32:35,002 >>   Batch size = 72
[INFO|trainer.py:3614] 2024-06-30 13:47:24,423 >> ***** Running Evaluation *****
[INFO|trainer.py:3616] 2024-06-30 13:47:24,423 >>   Num examples = 60810
[INFO|trainer.py:3619] 2024-06-30 13:47:24,423 >>   Batch size = 72
[INFO|trainer.py:3614] 2024-06-30 14:02:15,282 >> ***** Running Evaluation *****
[INFO|trainer.py:3616] 2024-06-30 14:02:15,282 >>   Num examples = 60810
[INFO|trainer.py:3619] 2024-06-30 14:02:15,283 >>   Batch size = 72
[INFO|trainer.py:3614] 2024-06-30 14:17:06,026 >> ***** Running Evaluation *****
[INFO|trainer.py:3616] 2024-06-30 14:17:06,026 >>   Num examples = 60810
[INFO|trainer.py:3619] 2024-06-30 14:17:06,026 >>   Batch size = 72
[INFO|trainer.py:3614] 2024-06-30 14:31:47,541 >> ***** Running Evaluation *****
[INFO|trainer.py:3616] 2024-06-30 14:31:47,541 >>   Num examples = 60810
[INFO|trainer.py:3619] 2024-06-30 14:31:47,541 >>   Batch size = 72
[INFO|trainer.py:3614] 2024-06-30 14:46:35,297 >> ***** Running Evaluation *****
[INFO|trainer.py:3616] 2024-06-30 14:46:35,297 >>   Num examples = 60810
[INFO|trainer.py:3619] 2024-06-30 14:46:35,297 >>   Batch size = 72
[INFO|trainer.py:3614] 2024-06-30 15:01:25,768 >> ***** Running Evaluation *****
[INFO|trainer.py:3616] 2024-06-30 15:01:25,768 >>   Num examples = 60810
[INFO|trainer.py:3619] 2024-06-30 15:01:25,768 >>   Batch size = 72
[INFO|trainer.py:3614] 2024-06-30 15:16:13,610 >> ***** Running Evaluation *****
[INFO|trainer.py:3616] 2024-06-30 15:16:13,614 >>   Num examples = 60810
[INFO|trainer.py:3619] 2024-06-30 15:16:13,614 >>   Batch size = 72
[INFO|trainer.py:3614] 2024-06-30 15:31:08,015 >> ***** Running Evaluation *****
[INFO|trainer.py:3616] 2024-06-30 15:31:08,015 >>   Num examples = 60810
[INFO|trainer.py:3619] 2024-06-30 15:31:08,015 >>   Batch size = 72
[INFO|trainer.py:3614] 2024-06-30 15:45:57,461 >> ***** Running Evaluation *****
[INFO|trainer.py:3616] 2024-06-30 15:45:57,461 >>   Num examples = 60810
[INFO|trainer.py:3619] 2024-06-30 15:45:57,461 >>   Batch size = 72
[INFO|trainer.py:3614] 2024-06-30 16:00:56,919 >> ***** Running Evaluation *****
[INFO|trainer.py:3616] 2024-06-30 16:00:56,919 >>   Num examples = 60810
[INFO|trainer.py:3619] 2024-06-30 16:00:56,919 >>   Batch size = 72
[INFO|trainer.py:3614] 2024-06-30 16:15:42,369 >> ***** Running Evaluation *****
[INFO|trainer.py:3616] 2024-06-30 16:15:42,370 >>   Num examples = 60810
[INFO|trainer.py:3619] 2024-06-30 16:15:42,370 >>   Batch size = 72
[INFO|trainer.py:3614] 2024-06-30 16:30:35,243 >> ***** Running Evaluation *****
[INFO|trainer.py:3616] 2024-06-30 16:30:35,243 >>   Num examples = 60810
[INFO|trainer.py:3619] 2024-06-30 16:30:35,243 >>   Batch size = 72
[INFO|trainer.py:3614] 2024-06-30 16:45:35,060 >> ***** Running Evaluation *****
[INFO|trainer.py:3616] 2024-06-30 16:45:35,060 >>   Num examples = 60810
[INFO|trainer.py:3619] 2024-06-30 16:45:35,060 >>   Batch size = 72
[INFO|trainer.py:3614] 2024-06-30 17:00:17,113 >> ***** Running Evaluation *****
[INFO|trainer.py:3616] 2024-06-30 17:00:17,113 >>   Num examples = 60810
[INFO|trainer.py:3619] 2024-06-30 17:00:17,113 >>   Batch size = 72
[INFO|trainer.py:3614] 2024-06-30 17:15:08,073 >> ***** Running Evaluation *****
[INFO|trainer.py:3616] 2024-06-30 17:15:08,073 >>   Num examples = 60810
[INFO|trainer.py:3619] 2024-06-30 17:15:08,073 >>   Batch size = 72
[INFO|trainer.py:3614] 2024-06-30 17:30:03,844 >> ***** Running Evaluation *****
[INFO|trainer.py:3616] 2024-06-30 17:30:03,844 >>   Num examples = 60810
[INFO|trainer.py:3619] 2024-06-30 17:30:03,844 >>   Batch size = 72
[INFO|trainer.py:3614] 2024-06-30 17:44:52,072 >> ***** Running Evaluation *****
[INFO|trainer.py:3616] 2024-06-30 17:44:52,073 >>   Num examples = 60810
[INFO|trainer.py:3619] 2024-06-30 17:44:52,073 >>   Batch size = 72
[INFO|trainer.py:3614] 2024-06-30 17:59:43,313 >> ***** Running Evaluation *****
[INFO|trainer.py:3616] 2024-06-30 17:59:43,313 >>   Num examples = 60810
[INFO|trainer.py:3619] 2024-06-30 17:59:43,313 >>   Batch size = 72
[INFO|trainer.py:3614] 2024-06-30 18:14:25,382 >> ***** Running Evaluation *****
[INFO|trainer.py:3616] 2024-06-30 18:14:25,382 >>   Num examples = 60810
[INFO|trainer.py:3619] 2024-06-30 18:14:25,383 >>   Batch size = 72
[INFO|trainer.py:3614] 2024-06-30 18:29:12,097 >> ***** Running Evaluation *****
[INFO|trainer.py:3616] 2024-06-30 18:29:12,097 >>   Num examples = 60810
[INFO|trainer.py:3619] 2024-06-30 18:29:12,097 >>   Batch size = 72
[INFO|trainer.py:3614] 2024-06-30 18:44:08,441 >> ***** Running Evaluation *****
[INFO|trainer.py:3616] 2024-06-30 18:44:08,441 >>   Num examples = 60810
[INFO|trainer.py:3619] 2024-06-30 18:44:08,441 >>   Batch size = 72
[INFO|trainer.py:3614] 2024-06-30 18:58:45,687 >> ***** Running Evaluation *****
[INFO|trainer.py:3616] 2024-06-30 18:58:45,687 >>   Num examples = 60810
[INFO|trainer.py:3619] 2024-06-30 18:58:45,688 >>   Batch size = 72
[INFO|trainer.py:3614] 2024-06-30 19:13:29,630 >> ***** Running Evaluation *****
[INFO|trainer.py:3616] 2024-06-30 19:13:29,630 >>   Num examples = 60810
[INFO|trainer.py:3619] 2024-06-30 19:13:29,630 >>   Batch size = 72
[INFO|trainer.py:3614] 2024-06-30 19:28:08,510 >> ***** Running Evaluation *****
[INFO|trainer.py:3616] 2024-06-30 19:28:08,510 >>   Num examples = 60810
[INFO|trainer.py:3619] 2024-06-30 19:28:08,510 >>   Batch size = 72
[INFO|trainer.py:3614] 2024-06-30 19:42:52,752 >> ***** Running Evaluation *****
[INFO|trainer.py:3616] 2024-06-30 19:42:52,752 >>   Num examples = 60810
[INFO|trainer.py:3619] 2024-06-30 19:42:52,752 >>   Batch size = 72
[INFO|trainer.py:3614] 2024-06-30 19:57:51,624 >> ***** Running Evaluation *****
[INFO|trainer.py:3616] 2024-06-30 19:57:51,624 >>   Num examples = 60810
[INFO|trainer.py:3619] 2024-06-30 19:57:51,624 >>   Batch size = 72
[INFO|trainer.py:3614] 2024-06-30 20:12:37,919 >> ***** Running Evaluation *****
[INFO|trainer.py:3616] 2024-06-30 20:12:37,921 >>   Num examples = 60810
[INFO|trainer.py:3619] 2024-06-30 20:12:37,921 >>   Batch size = 72
[INFO|trainer.py:3614] 2024-06-30 20:27:24,991 >> ***** Running Evaluation *****
[INFO|trainer.py:3616] 2024-06-30 20:27:24,991 >>   Num examples = 60810
[INFO|trainer.py:3619] 2024-06-30 20:27:24,991 >>   Batch size = 72
[INFO|trainer.py:3614] 2024-06-30 20:42:16,215 >> ***** Running Evaluation *****
[INFO|trainer.py:3616] 2024-06-30 20:42:16,216 >>   Num examples = 60810
[INFO|trainer.py:3619] 2024-06-30 20:42:16,216 >>   Batch size = 72
[INFO|trainer.py:3614] 2024-06-30 20:57:05,209 >> ***** Running Evaluation *****
[INFO|trainer.py:3616] 2024-06-30 20:57:05,209 >>   Num examples = 60810
[INFO|trainer.py:3619] 2024-06-30 20:57:05,209 >>   Batch size = 72
[INFO|trainer.py:3614] 2024-06-30 21:11:47,875 >> ***** Running Evaluation *****
[INFO|trainer.py:3616] 2024-06-30 21:11:47,875 >>   Num examples = 60810
[INFO|trainer.py:3619] 2024-06-30 21:11:47,875 >>   Batch size = 72
[INFO|trainer.py:3614] 2024-06-30 21:26:37,053 >> ***** Running Evaluation *****
[INFO|trainer.py:3616] 2024-06-30 21:26:37,053 >>   Num examples = 60810
[INFO|trainer.py:3619] 2024-06-30 21:26:37,053 >>   Batch size = 72
[INFO|trainer.py:3614] 2024-06-30 21:41:34,374 >> ***** Running Evaluation *****
[INFO|trainer.py:3616] 2024-06-30 21:41:34,375 >>   Num examples = 60810
[INFO|trainer.py:3619] 2024-06-30 21:41:34,375 >>   Batch size = 72
[INFO|trainer.py:3614] 2024-06-30 21:56:24,567 >> ***** Running Evaluation *****
[INFO|trainer.py:3616] 2024-06-30 21:56:24,568 >>   Num examples = 60810
[INFO|trainer.py:3619] 2024-06-30 21:56:24,568 >>   Batch size = 72
[INFO|trainer.py:3614] 2024-06-30 22:11:16,691 >> ***** Running Evaluation *****
[INFO|trainer.py:3616] 2024-06-30 22:11:16,691 >>   Num examples = 60810
[INFO|trainer.py:3619] 2024-06-30 22:11:16,691 >>   Batch size = 72
[INFO|trainer.py:3614] 2024-06-30 22:25:56,671 >> ***** Running Evaluation *****
[INFO|trainer.py:3616] 2024-06-30 22:25:56,672 >>   Num examples = 60810
[INFO|trainer.py:3619] 2024-06-30 22:25:56,672 >>   Batch size = 72
[INFO|trainer.py:3614] 2024-06-30 22:40:45,768 >> ***** Running Evaluation *****
[INFO|trainer.py:3616] 2024-06-30 22:40:45,768 >>   Num examples = 60810
[INFO|trainer.py:3619] 2024-06-30 22:40:45,768 >>   Batch size = 72
[INFO|trainer.py:3614] 2024-06-30 22:55:38,608 >> ***** Running Evaluation *****
[INFO|trainer.py:3616] 2024-06-30 22:55:38,608 >>   Num examples = 60810
[INFO|trainer.py:3619] 2024-06-30 22:55:38,608 >>   Batch size = 72
[INFO|trainer.py:3614] 2024-06-30 23:10:21,917 >> ***** Running Evaluation *****
[INFO|trainer.py:3616] 2024-06-30 23:10:21,917 >>   Num examples = 60810
[INFO|trainer.py:3619] 2024-06-30 23:10:21,917 >>   Batch size = 72
[INFO|trainer.py:3614] 2024-06-30 23:25:15,512 >> ***** Running Evaluation *****
[INFO|trainer.py:3616] 2024-06-30 23:25:15,512 >>   Num examples = 60810
[INFO|trainer.py:3619] 2024-06-30 23:25:15,512 >>   Batch size = 72
[INFO|trainer.py:3614] 2024-06-30 23:40:14,620 >> ***** Running Evaluation *****
[INFO|trainer.py:3616] 2024-06-30 23:40:14,621 >>   Num examples = 60810
[INFO|trainer.py:3619] 2024-06-30 23:40:14,621 >>   Batch size = 72
[INFO|trainer.py:3614] 2024-06-30 23:55:02,135 >> ***** Running Evaluation *****
[INFO|trainer.py:3616] 2024-06-30 23:55:02,136 >>   Num examples = 60810
[INFO|trainer.py:3619] 2024-06-30 23:55:02,136 >>   Batch size = 72
[INFO|trainer.py:3614] 2024-07-01 00:09:45,093 >> ***** Running Evaluation *****
[INFO|trainer.py:3616] 2024-07-01 00:09:45,093 >>   Num examples = 60810
[INFO|trainer.py:3619] 2024-07-01 00:09:45,093 >>   Batch size = 72
[INFO|trainer.py:3614] 2024-07-01 00:24:31,400 >> ***** Running Evaluation *****
[INFO|trainer.py:3616] 2024-07-01 00:24:31,404 >>   Num examples = 60810
[INFO|trainer.py:3619] 2024-07-01 00:24:31,404 >>   Batch size = 72
[INFO|trainer.py:3614] 2024-07-01 00:39:26,936 >> ***** Running Evaluation *****
[INFO|trainer.py:3616] 2024-07-01 00:39:26,937 >>   Num examples = 60810
[INFO|trainer.py:3619] 2024-07-01 00:39:26,937 >>   Batch size = 72
[INFO|trainer.py:3614] 2024-07-01 00:54:09,131 >> ***** Running Evaluation *****
[INFO|trainer.py:3616] 2024-07-01 00:54:09,131 >>   Num examples = 60810
[INFO|trainer.py:3619] 2024-07-01 00:54:09,132 >>   Batch size = 72
[INFO|trainer.py:3614] 2024-07-01 01:09:07,643 >> ***** Running Evaluation *****
[INFO|trainer.py:3616] 2024-07-01 01:09:07,643 >>   Num examples = 60810
[INFO|trainer.py:3619] 2024-07-01 01:09:07,643 >>   Batch size = 72
[INFO|trainer.py:3614] 2024-07-01 01:24:03,158 >> ***** Running Evaluation *****
[INFO|trainer.py:3616] 2024-07-01 01:24:03,158 >>   Num examples = 60810
[INFO|trainer.py:3619] 2024-07-01 01:24:03,158 >>   Batch size = 72
[INFO|trainer.py:3614] 2024-07-01 01:38:48,803 >> ***** Running Evaluation *****
[INFO|trainer.py:3616] 2024-07-01 01:38:48,803 >>   Num examples = 60810
[INFO|trainer.py:3619] 2024-07-01 01:38:48,804 >>   Batch size = 72
[INFO|trainer.py:3614] 2024-07-01 01:53:46,117 >> ***** Running Evaluation *****
[INFO|trainer.py:3616] 2024-07-01 01:53:46,117 >>   Num examples = 60810
[INFO|trainer.py:3619] 2024-07-01 01:53:46,117 >>   Batch size = 72
[INFO|trainer.py:3614] 2024-07-01 02:08:49,489 >> ***** Running Evaluation *****
[INFO|trainer.py:3616] 2024-07-01 02:08:49,489 >>   Num examples = 60810
[INFO|trainer.py:3619] 2024-07-01 02:08:49,489 >>   Batch size = 72
[INFO|trainer.py:3614] 2024-07-01 02:23:48,872 >> ***** Running Evaluation *****
[INFO|trainer.py:3616] 2024-07-01 02:23:48,872 >>   Num examples = 60810
[INFO|trainer.py:3619] 2024-07-01 02:23:48,872 >>   Batch size = 72
[INFO|trainer.py:3614] 2024-07-01 02:38:35,627 >> ***** Running Evaluation *****
[INFO|trainer.py:3616] 2024-07-01 02:38:35,627 >>   Num examples = 60810
[INFO|trainer.py:3619] 2024-07-01 02:38:35,627 >>   Batch size = 72
[INFO|trainer.py:3614] 2024-07-01 02:53:29,630 >> ***** Running Evaluation *****
[INFO|trainer.py:3616] 2024-07-01 02:53:29,630 >>   Num examples = 60810
[INFO|trainer.py:3619] 2024-07-01 02:53:29,630 >>   Batch size = 72
[INFO|trainer.py:3614] 2024-07-01 03:08:08,885 >> ***** Running Evaluation *****
[INFO|trainer.py:3616] 2024-07-01 03:08:08,885 >>   Num examples = 60810
[INFO|trainer.py:3619] 2024-07-01 03:08:08,885 >>   Batch size = 72
[INFO|trainer.py:3614] 2024-07-01 03:22:55,140 >> ***** Running Evaluation *****
[INFO|trainer.py:3616] 2024-07-01 03:22:55,140 >>   Num examples = 60810
[INFO|trainer.py:3619] 2024-07-01 03:22:55,140 >>   Batch size = 72
[INFO|trainer.py:3614] 2024-07-01 03:37:44,875 >> ***** Running Evaluation *****
[INFO|trainer.py:3616] 2024-07-01 03:37:44,876 >>   Num examples = 60810
[INFO|trainer.py:3619] 2024-07-01 03:37:44,876 >>   Batch size = 72
WARNING:torch.distributed.elastic.agent.server.api:Received 15 death signal, shutting down workers
WARNING:torch.distributed.elastic.multiprocessing.api:Sending process 3007329 closing signal SIGTERM
WARNING:torch.distributed.elastic.multiprocessing.api:Sending process 3007330 closing signal SIGTERM
WARNING:torch.distributed.elastic.multiprocessing.api:Sending process 3007331 closing signal SIGTERM
WARNING:torch.distributed.elastic.multiprocessing.api:Sending process 3007332 closing signal SIGTERM
