gcc-12.2.0 loaded successful
cuda-11.8.0 loaded successful
WARNING:torch.distributed.run:
*****************************************
Setting OMP_NUM_THREADS environment variable for each process to be 1 in default, to avoid your system being overloaded, please further tune the variable for optimal performance in your application as needed. 
*****************************************
/home/share/huadjyin/home/baiyong01/.local/lib/python3.9/site-packages/pandas/core/arrays/masked.py:60: UserWarning: Pandas requires version '1.3.6' or newer of 'bottleneck' (version '1.3.5' currently installed).
  from pandas.core import (
/home/share/huadjyin/home/baiyong01/.local/lib/python3.9/site-packages/pandas/core/arrays/masked.py:60: UserWarning: Pandas requires version '1.3.6' or newer of 'bottleneck' (version '1.3.5' currently installed).
  from pandas.core import (
/home/share/huadjyin/home/baiyong01/.local/lib/python3.9/site-packages/pandas/core/arrays/masked.py:60: UserWarning: Pandas requires version '1.3.6' or newer of 'bottleneck' (version '1.3.5' currently installed).
  from pandas.core import (
/home/share/huadjyin/home/baiyong01/.local/lib/python3.9/site-packages/pandas/core/arrays/masked.py:60: UserWarning: Pandas requires version '1.3.6' or newer of 'bottleneck' (version '1.3.5' currently installed).
  from pandas.core import (
Loading cached split indices for dataset at /home/share/huadjyin/home/weiyilin/project/DNALLM/datasets/tokenized_datasets/seq_dataset/hyenadna/CD8_expression_5K/train/cache-3e61ea8dd6d33517.arrow and /home/share/huadjyin/home/weiyilin/project/DNALLM/datasets/tokenized_datasets/seq_dataset/hyenadna/CD8_expression_5K/train/cache-4d391ab6f165eb30.arrow
/home/share/huadjyin/home/baiyong01/.local/lib/python3.9/site-packages/torch/utils/tensorboard/__init__.py:4: DeprecationWarning: distutils Version classes are deprecated. Use packaging.version instead.
  if not hasattr(tensorboard, "__version__") or LooseVersion(
/home/share/huadjyin/home/baiyong01/.local/lib/python3.9/site-packages/torch/utils/tensorboard/__init__.py:6: DeprecationWarning: distutils Version classes are deprecated. Use packaging.version instead.
  ) < LooseVersion("1.15"):
[WARNING|trainer.py:577] 2024-07-01 01:29:21,704 >> max_steps is given, it will override any value given in num_train_epochs
[INFO|trainer.py:626] 2024-07-01 01:29:21,704 >> Using auto half precision backend
/home/share/huadjyin/home/baiyong01/.local/lib/python3.9/site-packages/torch/utils/tensorboard/__init__.py:4: DeprecationWarning: distutils Version classes are deprecated. Use packaging.version instead.
  if not hasattr(tensorboard, "__version__") or LooseVersion(
/home/share/huadjyin/home/baiyong01/.local/lib/python3.9/site-packages/torch/utils/tensorboard/__init__.py:6: DeprecationWarning: distutils Version classes are deprecated. Use packaging.version instead.
  ) < LooseVersion("1.15"):
/home/share/huadjyin/home/baiyong01/.local/lib/python3.9/site-packages/torch/utils/tensorboard/__init__.py:4: DeprecationWarning: distutils Version classes are deprecated. Use packaging.version instead.
  if not hasattr(tensorboard, "__version__") or LooseVersion(
/home/share/huadjyin/home/baiyong01/.local/lib/python3.9/site-packages/torch/utils/tensorboard/__init__.py:6: DeprecationWarning: distutils Version classes are deprecated. Use packaging.version instead.
  ) < LooseVersion("1.15"):
[WARNING|trainer.py:577] 2024-07-01 01:29:59,399 >> max_steps is given, it will override any value given in num_train_epochs
[WARNING|trainer.py:577] 2024-07-01 01:29:59,399 >> max_steps is given, it will override any value given in num_train_epochs
/home/share/huadjyin/home/baiyong01/.local/lib/python3.9/site-packages/torch/utils/tensorboard/__init__.py:4: DeprecationWarning: distutils Version classes are deprecated. Use packaging.version instead.
  if not hasattr(tensorboard, "__version__") or LooseVersion(
/home/share/huadjyin/home/baiyong01/.local/lib/python3.9/site-packages/torch/utils/tensorboard/__init__.py:6: DeprecationWarning: distutils Version classes are deprecated. Use packaging.version instead.
  ) < LooseVersion("1.15"):
[WARNING|trainer.py:577] 2024-07-01 01:30:00,157 >> max_steps is given, it will override any value given in num_train_epochs
[INFO|trainer.py:2048] 2024-07-01 01:30:00,624 >> ***** Running training *****
[INFO|trainer.py:2049] 2024-07-01 01:30:00,624 >>   Num examples = 121,558,634
[INFO|trainer.py:2050] 2024-07-01 01:30:00,624 >>   Num Epochs = 2
[INFO|trainer.py:2051] 2024-07-01 01:30:00,624 >>   Instantaneous batch size per device = 72
[INFO|trainer.py:2054] 2024-07-01 01:30:00,624 >>   Total train batch size (w. parallel, distributed & accumulation) = 2,880
[INFO|trainer.py:2055] 2024-07-01 01:30:00,624 >>   Gradient Accumulation steps = 10
[INFO|trainer.py:2056] 2024-07-01 01:30:00,624 >>   Total optimization steps = 60,000
[INFO|trainer.py:2057] 2024-07-01 01:30:00,626 >>   Number of trainable parameters = 39,350,273
[WARNING|modeling_utils.py:1188] 2024-07-01 01:30:18,746 >> Could not estimate the number of tokens of the input, floating-point operations will not be computed
[WARNING|modeling_utils.py:1188] 2024-07-01 01:30:18,762 >> Could not estimate the number of tokens of the input, floating-point operations will not be computed
[WARNING|modeling_utils.py:1188] 2024-07-01 01:30:19,053 >> Could not estimate the number of tokens of the input, floating-point operations will not be computed
[WARNING|modeling_utils.py:1188] 2024-07-01 01:30:19,681 >> Could not estimate the number of tokens of the input, floating-point operations will not be computed
[INFO|trainer.py:3614] 2024-07-01 01:33:17,239 >> ***** Running Evaluation *****
[INFO|trainer.py:3616] 2024-07-01 01:33:17,239 >>   Num examples = 60810
[INFO|trainer.py:3619] 2024-07-01 01:33:17,240 >>   Batch size = 72
[INFO|trainer.py:3614] 2024-07-01 01:37:21,037 >> ***** Running Evaluation *****
[INFO|trainer.py:3616] 2024-07-01 01:37:21,040 >>   Num examples = 60810
[INFO|trainer.py:3619] 2024-07-01 01:37:21,040 >>   Batch size = 72
[INFO|trainer.py:3614] 2024-07-01 01:41:30,149 >> ***** Running Evaluation *****
[INFO|trainer.py:3616] 2024-07-01 01:41:30,151 >>   Num examples = 60810
[INFO|trainer.py:3619] 2024-07-01 01:41:30,152 >>   Batch size = 72
WARNING:torch.distributed.elastic.agent.server.api:Received 15 death signal, shutting down workers
WARNING:torch.distributed.elastic.multiprocessing.api:Sending process 882004 closing signal SIGTERM
WARNING:torch.distributed.elastic.multiprocessing.api:Sending process 882005 closing signal SIGTERM
WARNING:torch.distributed.elastic.multiprocessing.api:Sending process 882006 closing signal SIGTERM
WARNING:torch.distributed.elastic.multiprocessing.api:Sending process 882007 closing signal SIGTERM
