gcc-12.2.0 loaded successful
cuda-11.8.0 loaded successful
WARNING:torch.distributed.run:
*****************************************
Setting OMP_NUM_THREADS environment variable for each process to be 1 in default, to avoid your system being overloaded, please further tune the variable for optimal performance in your application as needed. 
*****************************************
/home/share/huadjyin/home/baiyong01/.local/lib/python3.9/site-packages/pandas/core/arrays/masked.py:60: UserWarning: Pandas requires version '1.3.6' or newer of 'bottleneck' (version '1.3.5' currently installed).
  from pandas.core import (
/home/share/huadjyin/home/baiyong01/.local/lib/python3.9/site-packages/pandas/core/arrays/masked.py:60: UserWarning: Pandas requires version '1.3.6' or newer of 'bottleneck' (version '1.3.5' currently installed).
  from pandas.core import (
/home/share/huadjyin/home/baiyong01/.local/lib/python3.9/site-packages/pandas/core/arrays/masked.py:60: UserWarning: Pandas requires version '1.3.6' or newer of 'bottleneck' (version '1.3.5' currently installed).
  from pandas.core import (
/home/share/huadjyin/home/baiyong01/.local/lib/python3.9/site-packages/pandas/core/arrays/masked.py:60: UserWarning: Pandas requires version '1.3.6' or newer of 'bottleneck' (version '1.3.5' currently installed).
  from pandas.core import (
Loading cached split indices for dataset at /home/share/huadjyin/home/weiyilin/project/DNALLM/datasets/tokenized_datasets/seq_dataset/hyenadna/CD8_expression_5K/train/cache-3e61ea8dd6d33517.arrow and /home/share/huadjyin/home/weiyilin/project/DNALLM/datasets/tokenized_datasets/seq_dataset/hyenadna/CD8_expression_5K/train/cache-4d391ab6f165eb30.arrow
/home/share/huadjyin/home/baiyong01/.local/lib/python3.9/site-packages/torch/utils/tensorboard/__init__.py:4: DeprecationWarning: distutils Version classes are deprecated. Use packaging.version instead.
  if not hasattr(tensorboard, "__version__") or LooseVersion(
/home/share/huadjyin/home/baiyong01/.local/lib/python3.9/site-packages/torch/utils/tensorboard/__init__.py:6: DeprecationWarning: distutils Version classes are deprecated. Use packaging.version instead.
  ) < LooseVersion("1.15"):
[WARNING|trainer.py:577] 2024-07-01 02:21:10,589 >> max_steps is given, it will override any value given in num_train_epochs
[INFO|trainer.py:626] 2024-07-01 02:21:10,589 >> Using auto half precision backend
/home/share/huadjyin/home/baiyong01/.local/lib/python3.9/site-packages/torch/utils/tensorboard/__init__.py:4: DeprecationWarning: distutils Version classes are deprecated. Use packaging.version instead.
  if not hasattr(tensorboard, "__version__") or LooseVersion(
/home/share/huadjyin/home/baiyong01/.local/lib/python3.9/site-packages/torch/utils/tensorboard/__init__.py:6: DeprecationWarning: distutils Version classes are deprecated. Use packaging.version instead.
  ) < LooseVersion("1.15"):
/home/share/huadjyin/home/baiyong01/.local/lib/python3.9/site-packages/torch/utils/tensorboard/__init__.py:4: DeprecationWarning: distutils Version classes are deprecated. Use packaging.version instead.
  if not hasattr(tensorboard, "__version__") or LooseVersion(
/home/share/huadjyin/home/baiyong01/.local/lib/python3.9/site-packages/torch/utils/tensorboard/__init__.py:6: DeprecationWarning: distutils Version classes are deprecated. Use packaging.version instead.
  ) < LooseVersion("1.15"):
[WARNING|trainer.py:577] 2024-07-01 02:21:48,685 >> max_steps is given, it will override any value given in num_train_epochs
[WARNING|trainer.py:577] 2024-07-01 02:21:48,685 >> max_steps is given, it will override any value given in num_train_epochs
/home/share/huadjyin/home/baiyong01/.local/lib/python3.9/site-packages/torch/utils/tensorboard/__init__.py:4: DeprecationWarning: distutils Version classes are deprecated. Use packaging.version instead.
  if not hasattr(tensorboard, "__version__") or LooseVersion(
/home/share/huadjyin/home/baiyong01/.local/lib/python3.9/site-packages/torch/utils/tensorboard/__init__.py:6: DeprecationWarning: distutils Version classes are deprecated. Use packaging.version instead.
  ) < LooseVersion("1.15"):
[WARNING|trainer.py:577] 2024-07-01 02:21:48,874 >> max_steps is given, it will override any value given in num_train_epochs
[INFO|trainer.py:2048] 2024-07-01 02:21:49,499 >> ***** Running training *****
[INFO|trainer.py:2049] 2024-07-01 02:21:49,500 >>   Num examples = 121,558,634
[INFO|trainer.py:2050] 2024-07-01 02:21:49,500 >>   Num Epochs = 2
[INFO|trainer.py:2051] 2024-07-01 02:21:49,500 >>   Instantaneous batch size per device = 72
[INFO|trainer.py:2054] 2024-07-01 02:21:49,500 >>   Total train batch size (w. parallel, distributed & accumulation) = 2,880
[INFO|trainer.py:2055] 2024-07-01 02:21:49,500 >>   Gradient Accumulation steps = 10
[INFO|trainer.py:2056] 2024-07-01 02:21:49,500 >>   Total optimization steps = 60,000
[INFO|trainer.py:2057] 2024-07-01 02:21:49,501 >>   Number of trainable parameters = 39,350,273
[WARNING|modeling_utils.py:1188] 2024-07-01 02:22:06,699 >> Could not estimate the number of tokens of the input, floating-point operations will not be computed
[WARNING|modeling_utils.py:1188] 2024-07-01 02:22:06,706 >> Could not estimate the number of tokens of the input, floating-point operations will not be computed
[WARNING|modeling_utils.py:1188] 2024-07-01 02:22:06,770 >> Could not estimate the number of tokens of the input, floating-point operations will not be computed
[WARNING|modeling_utils.py:1188] 2024-07-01 02:22:07,412 >> Could not estimate the number of tokens of the input, floating-point operations will not be computed
[INFO|trainer.py:3614] 2024-07-01 02:24:49,326 >> ***** Running Evaluation *****
[INFO|trainer.py:3616] 2024-07-01 02:24:49,328 >>   Num examples = 60810
[INFO|trainer.py:3619] 2024-07-01 02:24:49,328 >>   Batch size = 72
[INFO|trainer.py:3614] 2024-07-01 02:28:39,891 >> ***** Running Evaluation *****
[INFO|trainer.py:3616] 2024-07-01 02:28:39,898 >>   Num examples = 60810
[INFO|trainer.py:3619] 2024-07-01 02:28:39,898 >>   Batch size = 72
[INFO|trainer.py:3614] 2024-07-01 02:32:36,702 >> ***** Running Evaluation *****
[INFO|trainer.py:3616] 2024-07-01 02:32:36,709 >>   Num examples = 60810
[INFO|trainer.py:3619] 2024-07-01 02:32:36,710 >>   Batch size = 72
[INFO|trainer.py:3614] 2024-07-01 02:36:35,282 >> ***** Running Evaluation *****
[INFO|trainer.py:3616] 2024-07-01 02:36:35,285 >>   Num examples = 60810
[INFO|trainer.py:3619] 2024-07-01 02:36:35,285 >>   Batch size = 72
WARNING:torch.distributed.elastic.agent.server.api:Received 15 death signal, shutting down workers
WARNING:torch.distributed.elastic.multiprocessing.api:Sending process 1024799 closing signal SIGTERM
WARNING:torch.distributed.elastic.multiprocessing.api:Sending process 1024800 closing signal SIGTERM
WARNING:torch.distributed.elastic.multiprocessing.api:Sending process 1024801 closing signal SIGTERM
WARNING:torch.distributed.elastic.multiprocessing.api:Sending process 1024802 closing signal SIGTERM
