gcc-12.2.0 loaded successful
cuda-11.8.0 loaded successful
/home/share/huadjyin/home/baiyong01/.local/lib/python3.9/site-packages/pandas/core/arrays/masked.py:60: UserWarning: Pandas requires version '1.3.6' or newer of 'bottleneck' (version '1.3.5' currently installed).
  from pandas.core import (
/home/share/huadjyin/home/baiyong01/.local/lib/python3.9/site-packages/pandas/core/arrays/masked.py:60: UserWarning: Pandas requires version '1.3.6' or newer of 'bottleneck' (version '1.3.5' currently installed).
  from pandas.core import (
/home/share/huadjyin/home/baiyong01/.local/lib/python3.9/site-packages/pandas/core/arrays/masked.py:60: UserWarning: Pandas requires version '1.3.6' or newer of 'bottleneck' (version '1.3.5' currently installed).
  from pandas.core import (
/home/share/huadjyin/home/baiyong01/.local/lib/python3.9/site-packages/pandas/core/arrays/masked.py:60: UserWarning: Pandas requires version '1.3.6' or newer of 'bottleneck' (version '1.3.5' currently installed).
  from pandas.core import (
Loading cached split indices for dataset at /home/share/huadjyin/home/weiyilin/project/DNALLM/datasets/tokenized_datasets/seq_dataset/hyenadna/CD8_expression_5K/train/cache-3e61ea8dd6d33517.arrow and /home/share/huadjyin/home/weiyilin/project/DNALLM/datasets/tokenized_datasets/seq_dataset/hyenadna/CD8_expression_5K/train/cache-4d391ab6f165eb30.arrow
/home/share/huadjyin/home/baiyong01/.local/lib/python3.9/site-packages/torch/utils/tensorboard/__init__.py:4: DeprecationWarning: distutils Version classes are deprecated. Use packaging.version instead.
  if not hasattr(tensorboard, "__version__") or LooseVersion(
/home/share/huadjyin/home/baiyong01/.local/lib/python3.9/site-packages/torch/utils/tensorboard/__init__.py:6: DeprecationWarning: distutils Version classes are deprecated. Use packaging.version instead.
  ) < LooseVersion("1.15"):
[WARNING|trainer.py:577] 2024-07-01 19:54:25,933 >> max_steps is given, it will override any value given in num_train_epochs
[INFO|trainer.py:626] 2024-07-01 19:54:25,933 >> Using auto half precision backend
/home/share/huadjyin/home/baiyong01/.local/lib/python3.9/site-packages/torch/utils/tensorboard/__init__.py:4: DeprecationWarning: distutils Version classes are deprecated. Use packaging.version instead.
  if not hasattr(tensorboard, "__version__") or LooseVersion(
/home/share/huadjyin/home/baiyong01/.local/lib/python3.9/site-packages/torch/utils/tensorboard/__init__.py:6: DeprecationWarning: distutils Version classes are deprecated. Use packaging.version instead.
  ) < LooseVersion("1.15"):
/home/share/huadjyin/home/baiyong01/.local/lib/python3.9/site-packages/torch/utils/tensorboard/__init__.py:4: DeprecationWarning: distutils Version classes are deprecated. Use packaging.version instead.
  if not hasattr(tensorboard, "__version__") or LooseVersion(
/home/share/huadjyin/home/baiyong01/.local/lib/python3.9/site-packages/torch/utils/tensorboard/__init__.py:6: DeprecationWarning: distutils Version classes are deprecated. Use packaging.version instead.
  ) < LooseVersion("1.15"):
[WARNING|trainer.py:577] 2024-07-01 19:54:55,308 >> max_steps is given, it will override any value given in num_train_epochs
[WARNING|trainer.py:577] 2024-07-01 19:54:55,309 >> max_steps is given, it will override any value given in num_train_epochs
/home/share/huadjyin/home/baiyong01/.local/lib/python3.9/site-packages/torch/utils/tensorboard/__init__.py:4: DeprecationWarning: distutils Version classes are deprecated. Use packaging.version instead.
  if not hasattr(tensorboard, "__version__") or LooseVersion(
/home/share/huadjyin/home/baiyong01/.local/lib/python3.9/site-packages/torch/utils/tensorboard/__init__.py:6: DeprecationWarning: distutils Version classes are deprecated. Use packaging.version instead.
  ) < LooseVersion("1.15"):
[WARNING|trainer.py:577] 2024-07-01 19:54:55,749 >> max_steps is given, it will override any value given in num_train_epochs
[INFO|trainer.py:2048] 2024-07-01 19:54:59,278 >> ***** Running training *****
[INFO|trainer.py:2049] 2024-07-01 19:54:59,278 >>   Num examples = 121,558,634
[INFO|trainer.py:2050] 2024-07-01 19:54:59,278 >>   Num Epochs = 8
[INFO|trainer.py:2051] 2024-07-01 19:54:59,278 >>   Instantaneous batch size per device = 72
[INFO|trainer.py:2054] 2024-07-01 19:54:59,278 >>   Total train batch size (w. parallel, distributed & accumulation) = 11,520
[INFO|trainer.py:2055] 2024-07-01 19:54:59,278 >>   Gradient Accumulation steps = 10
[INFO|trainer.py:2056] 2024-07-01 19:54:59,278 >>   Total optimization steps = 80,000
[INFO|trainer.py:2057] 2024-07-01 19:54:59,280 >>   Number of trainable parameters = 47,919,105
[WARNING|modeling_utils.py:1188] 2024-07-01 19:55:20,725 >> Could not estimate the number of tokens of the input, floating-point operations will not be computed
[WARNING|modeling_utils.py:1188] 2024-07-01 19:55:20,823 >> Could not estimate the number of tokens of the input, floating-point operations will not be computed
[WARNING|modeling_utils.py:1188] 2024-07-01 19:55:20,864 >> Could not estimate the number of tokens of the input, floating-point operations will not be computed
[WARNING|modeling_utils.py:1188] 2024-07-01 19:55:20,904 >> Could not estimate the number of tokens of the input, floating-point operations will not be computed
[INFO|trainer.py:3614] 2024-07-01 19:57:53,527 >> ***** Running Evaluation *****
[INFO|trainer.py:3616] 2024-07-01 19:57:53,528 >>   Num examples = 60810
[INFO|trainer.py:3619] 2024-07-01 19:57:53,528 >>   Batch size = 72
[INFO|trainer.py:3614] 2024-07-01 20:00:38,625 >> ***** Running Evaluation *****
[INFO|trainer.py:3616] 2024-07-01 20:00:38,625 >>   Num examples = 60810
[INFO|trainer.py:3619] 2024-07-01 20:00:38,626 >>   Batch size = 72
[INFO|trainer.py:3614] 2024-07-01 20:03:25,452 >> ***** Running Evaluation *****
[INFO|trainer.py:3616] 2024-07-01 20:03:25,452 >>   Num examples = 60810
[INFO|trainer.py:3619] 2024-07-01 20:03:25,452 >>   Batch size = 72
[INFO|trainer.py:3614] 2024-07-01 20:06:12,264 >> ***** Running Evaluation *****
[INFO|trainer.py:3616] 2024-07-01 20:06:12,264 >>   Num examples = 60810
[INFO|trainer.py:3619] 2024-07-01 20:06:12,264 >>   Batch size = 72
[INFO|trainer.py:3614] 2024-07-01 20:09:03,834 >> ***** Running Evaluation *****
[INFO|trainer.py:3616] 2024-07-01 20:09:03,834 >>   Num examples = 60810
[INFO|trainer.py:3619] 2024-07-01 20:09:03,834 >>   Batch size = 72
[INFO|trainer.py:3614] 2024-07-01 20:11:55,459 >> ***** Running Evaluation *****
[INFO|trainer.py:3616] 2024-07-01 20:11:55,459 >>   Num examples = 60810
[INFO|trainer.py:3619] 2024-07-01 20:11:55,460 >>   Batch size = 72
[INFO|trainer.py:3614] 2024-07-01 20:14:52,376 >> ***** Running Evaluation *****
[INFO|trainer.py:3616] 2024-07-01 20:14:52,376 >>   Num examples = 60810
[INFO|trainer.py:3619] 2024-07-01 20:14:52,376 >>   Batch size = 72
[INFO|trainer.py:3614] 2024-07-01 20:17:45,392 >> ***** Running Evaluation *****
[INFO|trainer.py:3616] 2024-07-01 20:17:45,392 >>   Num examples = 60810
[INFO|trainer.py:3619] 2024-07-01 20:17:45,393 >>   Batch size = 72
[INFO|trainer.py:3614] 2024-07-01 20:20:40,039 >> ***** Running Evaluation *****
[INFO|trainer.py:3616] 2024-07-01 20:20:40,039 >>   Num examples = 60810
[INFO|trainer.py:3619] 2024-07-01 20:20:40,039 >>   Batch size = 72
[INFO|trainer.py:3614] 2024-07-01 20:23:31,033 >> ***** Running Evaluation *****
[INFO|trainer.py:3616] 2024-07-01 20:23:31,033 >>   Num examples = 60810
[INFO|trainer.py:3619] 2024-07-01 20:23:31,033 >>   Batch size = 72
[INFO|trainer.py:3614] 2024-07-01 20:26:25,244 >> ***** Running Evaluation *****
[INFO|trainer.py:3616] 2024-07-01 20:26:25,244 >>   Num examples = 60810
[INFO|trainer.py:3619] 2024-07-01 20:26:25,245 >>   Batch size = 72
[INFO|trainer.py:3614] 2024-07-01 20:29:19,733 >> ***** Running Evaluation *****
[INFO|trainer.py:3616] 2024-07-01 20:29:19,734 >>   Num examples = 60810
[INFO|trainer.py:3619] 2024-07-01 20:29:19,734 >>   Batch size = 72
[INFO|trainer.py:3614] 2024-07-01 20:32:14,119 >> ***** Running Evaluation *****
[INFO|trainer.py:3616] 2024-07-01 20:32:14,119 >>   Num examples = 60810
[INFO|trainer.py:3619] 2024-07-01 20:32:14,120 >>   Batch size = 72
[INFO|trainer.py:3614] 2024-07-01 20:35:05,548 >> ***** Running Evaluation *****
[INFO|trainer.py:3616] 2024-07-01 20:35:05,551 >>   Num examples = 60810
[INFO|trainer.py:3619] 2024-07-01 20:35:05,551 >>   Batch size = 72
[INFO|trainer.py:3614] 2024-07-01 20:37:59,589 >> ***** Running Evaluation *****
[INFO|trainer.py:3616] 2024-07-01 20:37:59,589 >>   Num examples = 60810
[INFO|trainer.py:3619] 2024-07-01 20:37:59,589 >>   Batch size = 72
[INFO|trainer.py:3614] 2024-07-01 20:40:53,068 >> ***** Running Evaluation *****
[INFO|trainer.py:3616] 2024-07-01 20:40:53,068 >>   Num examples = 60810
[INFO|trainer.py:3619] 2024-07-01 20:40:53,068 >>   Batch size = 72
[INFO|trainer.py:3614] 2024-07-01 20:43:46,192 >> ***** Running Evaluation *****
[INFO|trainer.py:3616] 2024-07-01 20:43:46,192 >>   Num examples = 60810
[INFO|trainer.py:3619] 2024-07-01 20:43:46,192 >>   Batch size = 72
[INFO|trainer.py:3614] 2024-07-01 20:46:42,138 >> ***** Running Evaluation *****
[INFO|trainer.py:3616] 2024-07-01 20:46:42,138 >>   Num examples = 60810
[INFO|trainer.py:3619] 2024-07-01 20:46:42,138 >>   Batch size = 72
[INFO|trainer.py:3614] 2024-07-01 20:49:35,111 >> ***** Running Evaluation *****
[INFO|trainer.py:3616] 2024-07-01 20:49:35,111 >>   Num examples = 60810
[INFO|trainer.py:3619] 2024-07-01 20:49:35,111 >>   Batch size = 72
[INFO|trainer.py:3614] 2024-07-01 20:52:30,109 >> ***** Running Evaluation *****
[INFO|trainer.py:3616] 2024-07-01 20:52:30,109 >>   Num examples = 60810
[INFO|trainer.py:3619] 2024-07-01 20:52:30,109 >>   Batch size = 72
[INFO|trainer.py:3614] 2024-07-01 20:55:25,926 >> ***** Running Evaluation *****
[INFO|trainer.py:3616] 2024-07-01 20:55:25,926 >>   Num examples = 60810
[INFO|trainer.py:3619] 2024-07-01 20:55:25,926 >>   Batch size = 72
[INFO|trainer.py:3614] 2024-07-01 20:58:21,839 >> ***** Running Evaluation *****
[INFO|trainer.py:3616] 2024-07-01 20:58:21,839 >>   Num examples = 60810
[INFO|trainer.py:3619] 2024-07-01 20:58:21,839 >>   Batch size = 72
[INFO|trainer.py:3614] 2024-07-01 21:01:15,119 >> ***** Running Evaluation *****
[INFO|trainer.py:3616] 2024-07-01 21:01:15,119 >>   Num examples = 60810
[INFO|trainer.py:3619] 2024-07-01 21:01:15,119 >>   Batch size = 72
[INFO|trainer.py:3614] 2024-07-01 21:04:07,919 >> ***** Running Evaluation *****
[INFO|trainer.py:3616] 2024-07-01 21:04:07,919 >>   Num examples = 60810
[INFO|trainer.py:3619] 2024-07-01 21:04:07,919 >>   Batch size = 72
[INFO|trainer.py:3614] 2024-07-01 21:07:01,055 >> ***** Running Evaluation *****
[INFO|trainer.py:3616] 2024-07-01 21:07:01,055 >>   Num examples = 60810
[INFO|trainer.py:3619] 2024-07-01 21:07:01,055 >>   Batch size = 72
[INFO|trainer.py:3614] 2024-07-01 21:09:57,977 >> ***** Running Evaluation *****
[INFO|trainer.py:3616] 2024-07-01 21:09:57,977 >>   Num examples = 60810
[INFO|trainer.py:3619] 2024-07-01 21:09:57,977 >>   Batch size = 72
[INFO|trainer.py:3614] 2024-07-01 21:12:54,068 >> ***** Running Evaluation *****
[INFO|trainer.py:3616] 2024-07-01 21:12:54,069 >>   Num examples = 60810
[INFO|trainer.py:3619] 2024-07-01 21:12:54,069 >>   Batch size = 72
[INFO|trainer.py:3614] 2024-07-01 21:15:48,147 >> ***** Running Evaluation *****
[INFO|trainer.py:3616] 2024-07-01 21:15:48,147 >>   Num examples = 60810
[INFO|trainer.py:3619] 2024-07-01 21:15:48,147 >>   Batch size = 72
[INFO|trainer.py:3614] 2024-07-01 21:18:45,700 >> ***** Running Evaluation *****
[INFO|trainer.py:3616] 2024-07-01 21:18:45,700 >>   Num examples = 60810
[INFO|trainer.py:3619] 2024-07-01 21:18:45,700 >>   Batch size = 72
[INFO|trainer.py:3614] 2024-07-01 21:21:39,319 >> ***** Running Evaluation *****
[INFO|trainer.py:3616] 2024-07-01 21:21:39,319 >>   Num examples = 60810
[INFO|trainer.py:3619] 2024-07-01 21:21:39,319 >>   Batch size = 72
[INFO|trainer.py:3614] 2024-07-01 21:24:28,068 >> ***** Running Evaluation *****
[INFO|trainer.py:3616] 2024-07-01 21:24:28,068 >>   Num examples = 60810
[INFO|trainer.py:3619] 2024-07-01 21:24:28,068 >>   Batch size = 72
[INFO|trainer.py:3614] 2024-07-01 21:27:22,476 >> ***** Running Evaluation *****
[INFO|trainer.py:3616] 2024-07-01 21:27:22,476 >>   Num examples = 60810
[INFO|trainer.py:3619] 2024-07-01 21:27:22,479 >>   Batch size = 72
[INFO|trainer.py:3614] 2024-07-01 21:30:13,141 >> ***** Running Evaluation *****
[INFO|trainer.py:3616] 2024-07-01 21:30:13,141 >>   Num examples = 60810
[INFO|trainer.py:3619] 2024-07-01 21:30:13,141 >>   Batch size = 72
[INFO|trainer.py:3614] 2024-07-01 21:33:03,405 >> ***** Running Evaluation *****
[INFO|trainer.py:3616] 2024-07-01 21:33:03,406 >>   Num examples = 60810
[INFO|trainer.py:3619] 2024-07-01 21:33:03,406 >>   Batch size = 72
[INFO|trainer.py:3614] 2024-07-01 21:35:53,748 >> ***** Running Evaluation *****
[INFO|trainer.py:3616] 2024-07-01 21:35:53,748 >>   Num examples = 60810
[INFO|trainer.py:3619] 2024-07-01 21:35:53,748 >>   Batch size = 72
[INFO|trainer.py:3614] 2024-07-01 21:38:45,484 >> ***** Running Evaluation *****
[INFO|trainer.py:3616] 2024-07-01 21:38:45,484 >>   Num examples = 60810
[INFO|trainer.py:3619] 2024-07-01 21:38:45,484 >>   Batch size = 72
[INFO|trainer.py:3614] 2024-07-01 21:41:39,183 >> ***** Running Evaluation *****
[INFO|trainer.py:3616] 2024-07-01 21:41:39,183 >>   Num examples = 60810
[INFO|trainer.py:3619] 2024-07-01 21:41:39,183 >>   Batch size = 72
[INFO|trainer.py:3614] 2024-07-01 21:44:32,750 >> ***** Running Evaluation *****
[INFO|trainer.py:3616] 2024-07-01 21:44:32,750 >>   Num examples = 60810
[INFO|trainer.py:3619] 2024-07-01 21:44:32,750 >>   Batch size = 72
[INFO|trainer.py:3614] 2024-07-01 21:47:22,859 >> ***** Running Evaluation *****
[INFO|trainer.py:3616] 2024-07-01 21:47:22,859 >>   Num examples = 60810
[INFO|trainer.py:3619] 2024-07-01 21:47:22,859 >>   Batch size = 72
[INFO|trainer.py:3614] 2024-07-01 21:50:14,383 >> ***** Running Evaluation *****
[INFO|trainer.py:3616] 2024-07-01 21:50:14,383 >>   Num examples = 60810
[INFO|trainer.py:3619] 2024-07-01 21:50:14,383 >>   Batch size = 72
[INFO|trainer.py:3614] 2024-07-01 21:53:09,470 >> ***** Running Evaluation *****
[INFO|trainer.py:3616] 2024-07-01 21:53:09,470 >>   Num examples = 60810
[INFO|trainer.py:3619] 2024-07-01 21:53:09,470 >>   Batch size = 72
[INFO|trainer.py:3614] 2024-07-01 21:56:11,037 >> ***** Running Evaluation *****
[INFO|trainer.py:3616] 2024-07-01 21:56:11,037 >>   Num examples = 60810
[INFO|trainer.py:3619] 2024-07-01 21:56:11,037 >>   Batch size = 72
[INFO|trainer.py:3614] 2024-07-01 21:59:02,936 >> ***** Running Evaluation *****
[INFO|trainer.py:3616] 2024-07-01 21:59:02,936 >>   Num examples = 60810
[INFO|trainer.py:3619] 2024-07-01 21:59:02,936 >>   Batch size = 72
[INFO|trainer.py:3614] 2024-07-01 22:01:55,477 >> ***** Running Evaluation *****
[INFO|trainer.py:3616] 2024-07-01 22:01:55,478 >>   Num examples = 60810
[INFO|trainer.py:3619] 2024-07-01 22:01:55,478 >>   Batch size = 72
[INFO|trainer.py:3614] 2024-07-01 22:04:48,181 >> ***** Running Evaluation *****
[INFO|trainer.py:3616] 2024-07-01 22:04:48,181 >>   Num examples = 60810
[INFO|trainer.py:3619] 2024-07-01 22:04:48,181 >>   Batch size = 72
[INFO|trainer.py:3614] 2024-07-01 22:07:40,656 >> ***** Running Evaluation *****
[INFO|trainer.py:3616] 2024-07-01 22:07:40,656 >>   Num examples = 60810
[INFO|trainer.py:3619] 2024-07-01 22:07:40,657 >>   Batch size = 72
[INFO|trainer.py:3614] 2024-07-01 22:10:33,324 >> ***** Running Evaluation *****
[INFO|trainer.py:3616] 2024-07-01 22:10:33,325 >>   Num examples = 60810
[INFO|trainer.py:3619] 2024-07-01 22:10:33,325 >>   Batch size = 72
[INFO|trainer.py:3614] 2024-07-01 22:13:24,715 >> ***** Running Evaluation *****
[INFO|trainer.py:3616] 2024-07-01 22:13:24,715 >>   Num examples = 60810
[INFO|trainer.py:3619] 2024-07-01 22:13:24,715 >>   Batch size = 72
[INFO|trainer.py:3614] 2024-07-01 22:16:15,282 >> ***** Running Evaluation *****
[INFO|trainer.py:3616] 2024-07-01 22:16:15,282 >>   Num examples = 60810
[INFO|trainer.py:3619] 2024-07-01 22:16:15,282 >>   Batch size = 72
[INFO|trainer.py:3614] 2024-07-01 22:19:08,362 >> ***** Running Evaluation *****
[INFO|trainer.py:3616] 2024-07-01 22:19:08,362 >>   Num examples = 60810
[INFO|trainer.py:3619] 2024-07-01 22:19:08,362 >>   Batch size = 72
[INFO|trainer.py:3614] 2024-07-01 22:22:00,268 >> ***** Running Evaluation *****
[INFO|trainer.py:3616] 2024-07-01 22:22:00,269 >>   Num examples = 60810
[INFO|trainer.py:3619] 2024-07-01 22:22:00,269 >>   Batch size = 72
[INFO|trainer.py:3614] 2024-07-01 22:24:55,683 >> ***** Running Evaluation *****
[INFO|trainer.py:3616] 2024-07-01 22:24:55,684 >>   Num examples = 60810
[INFO|trainer.py:3619] 2024-07-01 22:24:55,684 >>   Batch size = 72
[INFO|trainer.py:3614] 2024-07-01 22:27:48,582 >> ***** Running Evaluation *****
[INFO|trainer.py:3616] 2024-07-01 22:27:48,583 >>   Num examples = 60810
[INFO|trainer.py:3619] 2024-07-01 22:27:48,583 >>   Batch size = 72
[INFO|trainer.py:3614] 2024-07-01 22:30:43,400 >> ***** Running Evaluation *****
[INFO|trainer.py:3616] 2024-07-01 22:30:43,400 >>   Num examples = 60810
[INFO|trainer.py:3619] 2024-07-01 22:30:43,400 >>   Batch size = 72
[INFO|trainer.py:3614] 2024-07-01 22:33:35,493 >> ***** Running Evaluation *****
[INFO|trainer.py:3616] 2024-07-01 22:33:35,493 >>   Num examples = 60810
[INFO|trainer.py:3619] 2024-07-01 22:33:35,493 >>   Batch size = 72
[INFO|trainer.py:3614] 2024-07-01 22:36:28,905 >> ***** Running Evaluation *****
[INFO|trainer.py:3616] 2024-07-01 22:36:28,905 >>   Num examples = 60810
[INFO|trainer.py:3619] 2024-07-01 22:36:28,905 >>   Batch size = 72
[INFO|trainer.py:3614] 2024-07-01 22:39:21,114 >> ***** Running Evaluation *****
[INFO|trainer.py:3616] 2024-07-01 22:39:21,114 >>   Num examples = 60810
[INFO|trainer.py:3619] 2024-07-01 22:39:21,114 >>   Batch size = 72
[INFO|trainer.py:3614] 2024-07-01 22:42:14,331 >> ***** Running Evaluation *****
[INFO|trainer.py:3616] 2024-07-01 22:42:14,331 >>   Num examples = 60810
[INFO|trainer.py:3619] 2024-07-01 22:42:14,331 >>   Batch size = 72
[INFO|trainer.py:3614] 2024-07-01 22:45:06,366 >> ***** Running Evaluation *****
[INFO|trainer.py:3616] 2024-07-01 22:45:06,366 >>   Num examples = 60810
[INFO|trainer.py:3619] 2024-07-01 22:45:06,366 >>   Batch size = 72
[INFO|trainer.py:3614] 2024-07-01 22:48:00,039 >> ***** Running Evaluation *****
[INFO|trainer.py:3616] 2024-07-01 22:48:00,040 >>   Num examples = 60810
[INFO|trainer.py:3619] 2024-07-01 22:48:00,040 >>   Batch size = 72
[INFO|trainer.py:3614] 2024-07-01 22:50:50,824 >> ***** Running Evaluation *****
[INFO|trainer.py:3616] 2024-07-01 22:50:50,825 >>   Num examples = 60810
[INFO|trainer.py:3619] 2024-07-01 22:50:50,825 >>   Batch size = 72
[INFO|trainer.py:3614] 2024-07-01 22:53:44,088 >> ***** Running Evaluation *****
[INFO|trainer.py:3616] 2024-07-01 22:53:44,088 >>   Num examples = 60810
[INFO|trainer.py:3619] 2024-07-01 22:53:44,088 >>   Batch size = 72
[INFO|trainer.py:3614] 2024-07-01 22:56:39,692 >> ***** Running Evaluation *****
[INFO|trainer.py:3616] 2024-07-01 22:56:39,692 >>   Num examples = 60810
[INFO|trainer.py:3619] 2024-07-01 22:56:39,693 >>   Batch size = 72
[INFO|trainer.py:3614] 2024-07-01 22:59:30,075 >> ***** Running Evaluation *****
[INFO|trainer.py:3616] 2024-07-01 22:59:30,075 >>   Num examples = 60810
[INFO|trainer.py:3619] 2024-07-01 22:59:30,075 >>   Batch size = 72
[INFO|trainer.py:3614] 2024-07-01 23:02:25,929 >> ***** Running Evaluation *****
[INFO|trainer.py:3616] 2024-07-01 23:02:25,929 >>   Num examples = 60810
[INFO|trainer.py:3619] 2024-07-01 23:02:25,929 >>   Batch size = 72
[INFO|trainer.py:3614] 2024-07-01 23:05:17,570 >> ***** Running Evaluation *****
[INFO|trainer.py:3616] 2024-07-01 23:05:17,570 >>   Num examples = 60810
[INFO|trainer.py:3619] 2024-07-01 23:05:17,570 >>   Batch size = 72
[INFO|trainer.py:3614] 2024-07-01 23:08:09,728 >> ***** Running Evaluation *****
[INFO|trainer.py:3616] 2024-07-01 23:08:09,728 >>   Num examples = 60810
[INFO|trainer.py:3619] 2024-07-01 23:08:09,728 >>   Batch size = 72
[INFO|trainer.py:3614] 2024-07-01 23:11:01,209 >> ***** Running Evaluation *****
[INFO|trainer.py:3616] 2024-07-01 23:11:01,210 >>   Num examples = 60810
[INFO|trainer.py:3619] 2024-07-01 23:11:01,210 >>   Batch size = 72
[INFO|trainer.py:3614] 2024-07-01 23:13:51,160 >> ***** Running Evaluation *****
[INFO|trainer.py:3616] 2024-07-01 23:13:51,160 >>   Num examples = 60810
[INFO|trainer.py:3619] 2024-07-01 23:13:51,169 >>   Batch size = 72
[INFO|trainer.py:3614] 2024-07-01 23:16:48,487 >> ***** Running Evaluation *****
[INFO|trainer.py:3616] 2024-07-01 23:16:48,488 >>   Num examples = 60810
[INFO|trainer.py:3619] 2024-07-01 23:16:48,488 >>   Batch size = 72
[INFO|trainer.py:3614] 2024-07-01 23:19:43,795 >> ***** Running Evaluation *****
[INFO|trainer.py:3616] 2024-07-01 23:19:43,795 >>   Num examples = 60810
[INFO|trainer.py:3619] 2024-07-01 23:19:43,795 >>   Batch size = 72
[INFO|trainer.py:3614] 2024-07-01 23:22:34,139 >> ***** Running Evaluation *****
[INFO|trainer.py:3616] 2024-07-01 23:22:34,139 >>   Num examples = 60810
[INFO|trainer.py:3619] 2024-07-01 23:22:34,139 >>   Batch size = 72
[INFO|trainer.py:3614] 2024-07-01 23:25:25,059 >> ***** Running Evaluation *****
[INFO|trainer.py:3616] 2024-07-01 23:25:25,059 >>   Num examples = 60810
[INFO|trainer.py:3619] 2024-07-01 23:25:25,059 >>   Batch size = 72
[INFO|trainer.py:3614] 2024-07-01 23:28:17,415 >> ***** Running Evaluation *****
[INFO|trainer.py:3616] 2024-07-01 23:28:17,415 >>   Num examples = 60810
[INFO|trainer.py:3619] 2024-07-01 23:28:17,415 >>   Batch size = 72
[INFO|trainer.py:3614] 2024-07-01 23:31:12,290 >> ***** Running Evaluation *****
[INFO|trainer.py:3616] 2024-07-01 23:31:12,290 >>   Num examples = 60810
[INFO|trainer.py:3619] 2024-07-01 23:31:12,291 >>   Batch size = 72
[INFO|trainer.py:3614] 2024-07-01 23:34:12,894 >> ***** Running Evaluation *****
[INFO|trainer.py:3616] 2024-07-01 23:34:12,895 >>   Num examples = 60810
[INFO|trainer.py:3619] 2024-07-01 23:34:12,895 >>   Batch size = 72
[INFO|trainer.py:3614] 2024-07-01 23:37:11,152 >> ***** Running Evaluation *****
[INFO|trainer.py:3616] 2024-07-01 23:37:11,152 >>   Num examples = 60810
[INFO|trainer.py:3619] 2024-07-01 23:37:11,152 >>   Batch size = 72
[INFO|trainer.py:3614] 2024-07-01 23:40:06,671 >> ***** Running Evaluation *****
[INFO|trainer.py:3616] 2024-07-01 23:40:06,671 >>   Num examples = 60810
[INFO|trainer.py:3619] 2024-07-01 23:40:06,671 >>   Batch size = 72
[INFO|trainer.py:3614] 2024-07-01 23:43:04,772 >> ***** Running Evaluation *****
[INFO|trainer.py:3616] 2024-07-01 23:43:04,772 >>   Num examples = 60810
[INFO|trainer.py:3619] 2024-07-01 23:43:04,772 >>   Batch size = 72
[INFO|trainer.py:3614] 2024-07-01 23:46:01,172 >> ***** Running Evaluation *****
[INFO|trainer.py:3616] 2024-07-01 23:46:01,172 >>   Num examples = 60810
[INFO|trainer.py:3619] 2024-07-01 23:46:01,172 >>   Batch size = 72
[INFO|trainer.py:3614] 2024-07-01 23:48:59,097 >> ***** Running Evaluation *****
[INFO|trainer.py:3616] 2024-07-01 23:48:59,097 >>   Num examples = 60810
[INFO|trainer.py:3619] 2024-07-01 23:48:59,097 >>   Batch size = 72
[INFO|trainer.py:3614] 2024-07-01 23:52:00,488 >> ***** Running Evaluation *****
[INFO|trainer.py:3616] 2024-07-01 23:52:00,489 >>   Num examples = 60810
[INFO|trainer.py:3619] 2024-07-01 23:52:00,489 >>   Batch size = 72
[INFO|trainer.py:3614] 2024-07-01 23:54:57,228 >> ***** Running Evaluation *****
[INFO|trainer.py:3616] 2024-07-01 23:54:57,228 >>   Num examples = 60810
[INFO|trainer.py:3619] 2024-07-01 23:54:57,228 >>   Batch size = 72
[INFO|trainer.py:3614] 2024-07-01 23:58:10,142 >> ***** Running Evaluation *****
[INFO|trainer.py:3616] 2024-07-01 23:58:10,142 >>   Num examples = 60810
[INFO|trainer.py:3619] 2024-07-01 23:58:10,142 >>   Batch size = 72
[INFO|trainer.py:3614] 2024-07-02 00:01:08,802 >> ***** Running Evaluation *****
[INFO|trainer.py:3616] 2024-07-02 00:01:08,802 >>   Num examples = 60810
[INFO|trainer.py:3619] 2024-07-02 00:01:08,802 >>   Batch size = 72
[INFO|trainer.py:3614] 2024-07-02 00:04:04,862 >> ***** Running Evaluation *****
[INFO|trainer.py:3616] 2024-07-02 00:04:04,862 >>   Num examples = 60810
[INFO|trainer.py:3619] 2024-07-02 00:04:04,862 >>   Batch size = 72
[INFO|trainer.py:3614] 2024-07-02 00:06:55,135 >> ***** Running Evaluation *****
[INFO|trainer.py:3616] 2024-07-02 00:06:55,135 >>   Num examples = 60810
[INFO|trainer.py:3619] 2024-07-02 00:06:55,135 >>   Batch size = 72
[INFO|trainer.py:3614] 2024-07-02 00:09:48,822 >> ***** Running Evaluation *****
[INFO|trainer.py:3616] 2024-07-02 00:09:48,822 >>   Num examples = 60810
[INFO|trainer.py:3619] 2024-07-02 00:09:48,822 >>   Batch size = 72
[INFO|trainer.py:3614] 2024-07-02 00:12:43,010 >> ***** Running Evaluation *****
[INFO|trainer.py:3616] 2024-07-02 00:12:43,010 >>   Num examples = 60810
[INFO|trainer.py:3619] 2024-07-02 00:12:43,010 >>   Batch size = 72
[INFO|trainer.py:3614] 2024-07-02 00:15:38,631 >> ***** Running Evaluation *****
[INFO|trainer.py:3616] 2024-07-02 00:15:38,631 >>   Num examples = 60810
[INFO|trainer.py:3619] 2024-07-02 00:15:38,631 >>   Batch size = 72
[INFO|trainer.py:3614] 2024-07-02 00:18:34,121 >> ***** Running Evaluation *****
[INFO|trainer.py:3616] 2024-07-02 00:18:34,121 >>   Num examples = 60810
[INFO|trainer.py:3619] 2024-07-02 00:18:34,121 >>   Batch size = 72
[INFO|trainer.py:3614] 2024-07-02 00:21:26,176 >> ***** Running Evaluation *****
[INFO|trainer.py:3616] 2024-07-02 00:21:26,176 >>   Num examples = 60810
[INFO|trainer.py:3619] 2024-07-02 00:21:26,176 >>   Batch size = 72
[INFO|trainer.py:3614] 2024-07-02 00:24:20,433 >> ***** Running Evaluation *****
[INFO|trainer.py:3616] 2024-07-02 00:24:20,433 >>   Num examples = 60810
[INFO|trainer.py:3619] 2024-07-02 00:24:20,433 >>   Batch size = 72
[INFO|trainer.py:3614] 2024-07-02 00:27:15,853 >> ***** Running Evaluation *****
[INFO|trainer.py:3616] 2024-07-02 00:27:15,854 >>   Num examples = 60810
[INFO|trainer.py:3619] 2024-07-02 00:27:15,854 >>   Batch size = 72
[INFO|trainer.py:3614] 2024-07-02 00:30:06,514 >> ***** Running Evaluation *****
[INFO|trainer.py:3616] 2024-07-02 00:30:06,515 >>   Num examples = 60810
[INFO|trainer.py:3619] 2024-07-02 00:30:06,515 >>   Batch size = 72
[INFO|trainer.py:3614] 2024-07-02 00:33:01,504 >> ***** Running Evaluation *****
[INFO|trainer.py:3616] 2024-07-02 00:33:01,504 >>   Num examples = 60810
[INFO|trainer.py:3619] 2024-07-02 00:33:01,504 >>   Batch size = 72
[INFO|trainer.py:3614] 2024-07-02 00:35:57,856 >> ***** Running Evaluation *****
[INFO|trainer.py:3616] 2024-07-02 00:35:57,856 >>   Num examples = 60810
[INFO|trainer.py:3619] 2024-07-02 00:35:57,856 >>   Batch size = 72
[INFO|trainer.py:3614] 2024-07-02 00:38:51,005 >> ***** Running Evaluation *****
[INFO|trainer.py:3616] 2024-07-02 00:38:51,005 >>   Num examples = 60810
[INFO|trainer.py:3619] 2024-07-02 00:38:51,005 >>   Batch size = 72
[INFO|trainer.py:3614] 2024-07-02 00:41:40,258 >> ***** Running Evaluation *****
[INFO|trainer.py:3616] 2024-07-02 00:41:40,258 >>   Num examples = 60810
[INFO|trainer.py:3619] 2024-07-02 00:41:40,258 >>   Batch size = 72
[INFO|trainer.py:3614] 2024-07-02 00:44:38,058 >> ***** Running Evaluation *****
[INFO|trainer.py:3616] 2024-07-02 00:44:38,058 >>   Num examples = 60810
[INFO|trainer.py:3619] 2024-07-02 00:44:38,058 >>   Batch size = 72
[INFO|trainer.py:3614] 2024-07-02 00:47:29,398 >> ***** Running Evaluation *****
[INFO|trainer.py:3616] 2024-07-02 00:47:29,398 >>   Num examples = 60810
[INFO|trainer.py:3619] 2024-07-02 00:47:29,398 >>   Batch size = 72
[INFO|trainer.py:3614] 2024-07-02 00:50:24,698 >> ***** Running Evaluation *****
[INFO|trainer.py:3616] 2024-07-02 00:50:24,698 >>   Num examples = 60810
[INFO|trainer.py:3619] 2024-07-02 00:50:24,698 >>   Batch size = 72
[INFO|trainer.py:3614] 2024-07-02 00:53:23,404 >> ***** Running Evaluation *****
[INFO|trainer.py:3616] 2024-07-02 00:53:23,405 >>   Num examples = 60810
[INFO|trainer.py:3619] 2024-07-02 00:53:23,405 >>   Batch size = 72
[INFO|trainer.py:3614] 2024-07-02 00:56:16,710 >> ***** Running Evaluation *****
[INFO|trainer.py:3616] 2024-07-02 00:56:16,711 >>   Num examples = 60810
[INFO|trainer.py:3619] 2024-07-02 00:56:16,711 >>   Batch size = 72
[INFO|trainer.py:3614] 2024-07-02 00:59:09,562 >> ***** Running Evaluation *****
[INFO|trainer.py:3616] 2024-07-02 00:59:09,563 >>   Num examples = 60810
[INFO|trainer.py:3619] 2024-07-02 00:59:09,563 >>   Batch size = 72
[INFO|trainer.py:3614] 2024-07-02 01:02:05,346 >> ***** Running Evaluation *****
[INFO|trainer.py:3616] 2024-07-02 01:02:05,349 >>   Num examples = 60810
[INFO|trainer.py:3619] 2024-07-02 01:02:05,349 >>   Batch size = 72
[INFO|trainer.py:3614] 2024-07-02 01:04:57,150 >> ***** Running Evaluation *****
[INFO|trainer.py:3616] 2024-07-02 01:04:57,151 >>   Num examples = 60810
[INFO|trainer.py:3619] 2024-07-02 01:04:57,151 >>   Batch size = 72
[INFO|trainer.py:3614] 2024-07-02 01:07:53,300 >> ***** Running Evaluation *****
[INFO|trainer.py:3616] 2024-07-02 01:07:53,301 >>   Num examples = 60810
[INFO|trainer.py:3619] 2024-07-02 01:07:53,301 >>   Batch size = 72
[INFO|trainer.py:3614] 2024-07-02 01:10:44,260 >> ***** Running Evaluation *****
[INFO|trainer.py:3616] 2024-07-02 01:10:44,260 >>   Num examples = 60810
[INFO|trainer.py:3619] 2024-07-02 01:10:44,260 >>   Batch size = 72
[INFO|trainer.py:3614] 2024-07-02 01:13:36,592 >> ***** Running Evaluation *****
[INFO|trainer.py:3616] 2024-07-02 01:13:36,592 >>   Num examples = 60810
[INFO|trainer.py:3619] 2024-07-02 01:13:36,592 >>   Batch size = 72
[INFO|trainer.py:3614] 2024-07-02 01:16:29,978 >> ***** Running Evaluation *****
[INFO|trainer.py:3616] 2024-07-02 01:16:29,978 >>   Num examples = 60810
[INFO|trainer.py:3619] 2024-07-02 01:16:29,978 >>   Batch size = 72
[INFO|trainer.py:3614] 2024-07-02 01:19:24,127 >> ***** Running Evaluation *****
[INFO|trainer.py:3616] 2024-07-02 01:19:24,127 >>   Num examples = 60810
[INFO|trainer.py:3619] 2024-07-02 01:19:24,127 >>   Batch size = 72
[INFO|trainer.py:3614] 2024-07-02 01:22:15,258 >> ***** Running Evaluation *****
[INFO|trainer.py:3616] 2024-07-02 01:22:15,258 >>   Num examples = 60810
[INFO|trainer.py:3619] 2024-07-02 01:22:15,259 >>   Batch size = 72
[INFO|trainer.py:3614] 2024-07-02 01:25:08,931 >> ***** Running Evaluation *****
[INFO|trainer.py:3616] 2024-07-02 01:25:08,931 >>   Num examples = 60810
[INFO|trainer.py:3619] 2024-07-02 01:25:08,931 >>   Batch size = 72
[INFO|trainer.py:3614] 2024-07-02 01:28:06,957 >> ***** Running Evaluation *****
[INFO|trainer.py:3616] 2024-07-02 01:28:06,958 >>   Num examples = 60810
[INFO|trainer.py:3619] 2024-07-02 01:28:06,958 >>   Batch size = 72
[INFO|trainer.py:3614] 2024-07-02 01:31:01,263 >> ***** Running Evaluation *****
[INFO|trainer.py:3616] 2024-07-02 01:31:01,263 >>   Num examples = 60810
[INFO|trainer.py:3619] 2024-07-02 01:31:01,263 >>   Batch size = 72
[INFO|trainer.py:3614] 2024-07-02 01:33:55,756 >> ***** Running Evaluation *****
[INFO|trainer.py:3616] 2024-07-02 01:33:55,756 >>   Num examples = 60810
[INFO|trainer.py:3619] 2024-07-02 01:33:55,757 >>   Batch size = 72
[INFO|trainer.py:3614] 2024-07-02 01:36:48,000 >> ***** Running Evaluation *****
[INFO|trainer.py:3616] 2024-07-02 01:36:48,000 >>   Num examples = 60810
[INFO|trainer.py:3619] 2024-07-02 01:36:48,000 >>   Batch size = 72
[INFO|trainer.py:3614] 2024-07-02 01:39:40,743 >> ***** Running Evaluation *****
[INFO|trainer.py:3616] 2024-07-02 01:39:40,743 >>   Num examples = 60810
[INFO|trainer.py:3619] 2024-07-02 01:39:40,743 >>   Batch size = 72
[INFO|trainer.py:3614] 2024-07-02 01:42:37,316 >> ***** Running Evaluation *****
[INFO|trainer.py:3616] 2024-07-02 01:42:37,316 >>   Num examples = 60810
[INFO|trainer.py:3619] 2024-07-02 01:42:37,316 >>   Batch size = 72
[INFO|trainer.py:3614] 2024-07-02 01:45:32,183 >> ***** Running Evaluation *****
[INFO|trainer.py:3616] 2024-07-02 01:45:32,183 >>   Num examples = 60810
[INFO|trainer.py:3619] 2024-07-02 01:45:32,183 >>   Batch size = 72
[INFO|trainer.py:3614] 2024-07-02 01:48:23,771 >> ***** Running Evaluation *****
[INFO|trainer.py:3616] 2024-07-02 01:48:23,771 >>   Num examples = 60810
[INFO|trainer.py:3619] 2024-07-02 01:48:23,771 >>   Batch size = 72
[INFO|trainer.py:3614] 2024-07-02 01:51:22,348 >> ***** Running Evaluation *****
[INFO|trainer.py:3616] 2024-07-02 01:51:22,348 >>   Num examples = 60810
[INFO|trainer.py:3619] 2024-07-02 01:51:22,348 >>   Batch size = 72
[INFO|trainer.py:3614] 2024-07-02 01:54:12,256 >> ***** Running Evaluation *****
[INFO|trainer.py:3616] 2024-07-02 01:54:12,256 >>   Num examples = 60810
[INFO|trainer.py:3619] 2024-07-02 01:54:12,256 >>   Batch size = 72
[INFO|trainer.py:3614] 2024-07-02 01:57:04,517 >> ***** Running Evaluation *****
[INFO|trainer.py:3616] 2024-07-02 01:57:04,517 >>   Num examples = 60810
[INFO|trainer.py:3619] 2024-07-02 01:57:04,517 >>   Batch size = 72
[INFO|trainer.py:3614] 2024-07-02 02:00:01,228 >> ***** Running Evaluation *****
[INFO|trainer.py:3616] 2024-07-02 02:00:01,229 >>   Num examples = 60810
[INFO|trainer.py:3619] 2024-07-02 02:00:01,229 >>   Batch size = 72
[INFO|trainer.py:3614] 2024-07-02 02:02:53,684 >> ***** Running Evaluation *****
[INFO|trainer.py:3616] 2024-07-02 02:02:53,684 >>   Num examples = 60810
[INFO|trainer.py:3619] 2024-07-02 02:02:53,684 >>   Batch size = 72
[INFO|trainer.py:3614] 2024-07-02 02:05:48,273 >> ***** Running Evaluation *****
[INFO|trainer.py:3616] 2024-07-02 02:05:48,273 >>   Num examples = 60810
[INFO|trainer.py:3619] 2024-07-02 02:05:48,274 >>   Batch size = 72
[INFO|trainer.py:3614] 2024-07-02 02:08:43,219 >> ***** Running Evaluation *****
[INFO|trainer.py:3616] 2024-07-02 02:08:43,220 >>   Num examples = 60810
[INFO|trainer.py:3619] 2024-07-02 02:08:43,220 >>   Batch size = 72
[INFO|trainer.py:3614] 2024-07-02 02:11:37,400 >> ***** Running Evaluation *****
[INFO|trainer.py:3616] 2024-07-02 02:11:37,400 >>   Num examples = 60810
[INFO|trainer.py:3619] 2024-07-02 02:11:37,400 >>   Batch size = 72
[INFO|trainer.py:3614] 2024-07-02 02:14:32,870 >> ***** Running Evaluation *****
[INFO|trainer.py:3616] 2024-07-02 02:14:32,870 >>   Num examples = 60810
[INFO|trainer.py:3619] 2024-07-02 02:14:32,870 >>   Batch size = 72
[INFO|trainer.py:3614] 2024-07-02 02:17:26,787 >> ***** Running Evaluation *****
[INFO|trainer.py:3616] 2024-07-02 02:17:26,787 >>   Num examples = 60810
[INFO|trainer.py:3619] 2024-07-02 02:17:26,787 >>   Batch size = 72
[INFO|trainer.py:3614] 2024-07-02 02:20:22,354 >> ***** Running Evaluation *****
[INFO|trainer.py:3616] 2024-07-02 02:20:22,355 >>   Num examples = 60810
[INFO|trainer.py:3619] 2024-07-02 02:20:22,355 >>   Batch size = 72
[INFO|trainer.py:3614] 2024-07-02 02:23:17,481 >> ***** Running Evaluation *****
[INFO|trainer.py:3616] 2024-07-02 02:23:17,481 >>   Num examples = 60810
[INFO|trainer.py:3619] 2024-07-02 02:23:17,481 >>   Batch size = 72
[INFO|trainer.py:3614] 2024-07-02 02:26:08,462 >> ***** Running Evaluation *****
[INFO|trainer.py:3616] 2024-07-02 02:26:08,462 >>   Num examples = 60810
[INFO|trainer.py:3619] 2024-07-02 02:26:08,463 >>   Batch size = 72
[INFO|trainer.py:3614] 2024-07-02 02:29:04,153 >> ***** Running Evaluation *****
[INFO|trainer.py:3616] 2024-07-02 02:29:04,154 >>   Num examples = 60810
[INFO|trainer.py:3619] 2024-07-02 02:29:04,154 >>   Batch size = 72
[INFO|trainer.py:3614] 2024-07-02 02:31:58,413 >> ***** Running Evaluation *****
[INFO|trainer.py:3616] 2024-07-02 02:31:58,413 >>   Num examples = 60810
[INFO|trainer.py:3619] 2024-07-02 02:31:58,413 >>   Batch size = 72
[INFO|trainer.py:3614] 2024-07-02 02:34:52,411 >> ***** Running Evaluation *****
[INFO|trainer.py:3616] 2024-07-02 02:34:52,411 >>   Num examples = 60810
[INFO|trainer.py:3619] 2024-07-02 02:34:52,411 >>   Batch size = 72
[INFO|trainer.py:3614] 2024-07-02 02:37:46,389 >> ***** Running Evaluation *****
[INFO|trainer.py:3616] 2024-07-02 02:37:46,390 >>   Num examples = 60810
[INFO|trainer.py:3619] 2024-07-02 02:37:46,390 >>   Batch size = 72
[INFO|trainer.py:3614] 2024-07-02 02:40:38,644 >> ***** Running Evaluation *****
[INFO|trainer.py:3616] 2024-07-02 02:40:38,644 >>   Num examples = 60810
[INFO|trainer.py:3619] 2024-07-02 02:40:38,644 >>   Batch size = 72
[INFO|trainer.py:3614] 2024-07-02 02:43:31,028 >> ***** Running Evaluation *****
[INFO|trainer.py:3616] 2024-07-02 02:43:31,028 >>   Num examples = 60810
[INFO|trainer.py:3619] 2024-07-02 02:43:31,028 >>   Batch size = 72
[INFO|trainer.py:3614] 2024-07-02 02:46:24,971 >> ***** Running Evaluation *****
[INFO|trainer.py:3616] 2024-07-02 02:46:24,971 >>   Num examples = 60810
[INFO|trainer.py:3619] 2024-07-02 02:46:24,971 >>   Batch size = 72
[INFO|trainer.py:3614] 2024-07-02 02:49:18,126 >> ***** Running Evaluation *****
[INFO|trainer.py:3616] 2024-07-02 02:49:18,150 >>   Num examples = 60810
[INFO|trainer.py:3619] 2024-07-02 02:49:18,150 >>   Batch size = 72
[INFO|trainer.py:3614] 2024-07-02 02:52:10,365 >> ***** Running Evaluation *****
[INFO|trainer.py:3616] 2024-07-02 02:52:10,366 >>   Num examples = 60810
[INFO|trainer.py:3619] 2024-07-02 02:52:10,366 >>   Batch size = 72
[INFO|trainer.py:3614] 2024-07-02 02:55:01,685 >> ***** Running Evaluation *****
[INFO|trainer.py:3616] 2024-07-02 02:55:01,685 >>   Num examples = 60810
[INFO|trainer.py:3619] 2024-07-02 02:55:01,685 >>   Batch size = 72
[INFO|trainer.py:3614] 2024-07-02 02:57:57,313 >> ***** Running Evaluation *****
[INFO|trainer.py:3616] 2024-07-02 02:57:57,313 >>   Num examples = 60810
[INFO|trainer.py:3619] 2024-07-02 02:57:57,313 >>   Batch size = 72
[INFO|trainer.py:3614] 2024-07-02 03:00:51,357 >> ***** Running Evaluation *****
[INFO|trainer.py:3616] 2024-07-02 03:00:51,358 >>   Num examples = 60810
[INFO|trainer.py:3619] 2024-07-02 03:00:51,358 >>   Batch size = 72
[INFO|trainer.py:3614] 2024-07-02 03:03:47,787 >> ***** Running Evaluation *****
[INFO|trainer.py:3616] 2024-07-02 03:03:47,787 >>   Num examples = 60810
[INFO|trainer.py:3619] 2024-07-02 03:03:47,787 >>   Batch size = 72
[INFO|trainer.py:3614] 2024-07-02 03:06:40,888 >> ***** Running Evaluation *****
[INFO|trainer.py:3616] 2024-07-02 03:06:40,888 >>   Num examples = 60810
[INFO|trainer.py:3619] 2024-07-02 03:06:40,888 >>   Batch size = 72
[INFO|trainer.py:3614] 2024-07-02 03:09:36,923 >> ***** Running Evaluation *****
[INFO|trainer.py:3616] 2024-07-02 03:09:36,924 >>   Num examples = 60810
[INFO|trainer.py:3619] 2024-07-02 03:09:36,924 >>   Batch size = 72
[INFO|trainer.py:3614] 2024-07-02 03:12:29,167 >> ***** Running Evaluation *****
[INFO|trainer.py:3616] 2024-07-02 03:12:29,167 >>   Num examples = 60810
[INFO|trainer.py:3619] 2024-07-02 03:12:29,168 >>   Batch size = 72
[INFO|trainer.py:3614] 2024-07-02 03:15:23,571 >> ***** Running Evaluation *****
[INFO|trainer.py:3616] 2024-07-02 03:15:23,571 >>   Num examples = 60810
[INFO|trainer.py:3619] 2024-07-02 03:15:23,571 >>   Batch size = 72
[INFO|trainer.py:3614] 2024-07-02 03:18:15,228 >> ***** Running Evaluation *****
[INFO|trainer.py:3616] 2024-07-02 03:18:15,228 >>   Num examples = 60810
[INFO|trainer.py:3619] 2024-07-02 03:18:15,228 >>   Batch size = 72
[INFO|trainer.py:3614] 2024-07-02 03:21:06,543 >> ***** Running Evaluation *****
[INFO|trainer.py:3616] 2024-07-02 03:21:06,543 >>   Num examples = 60810
[INFO|trainer.py:3619] 2024-07-02 03:21:06,543 >>   Batch size = 72
[INFO|trainer.py:3614] 2024-07-02 03:23:56,608 >> ***** Running Evaluation *****
[INFO|trainer.py:3616] 2024-07-02 03:23:56,608 >>   Num examples = 60810
[INFO|trainer.py:3619] 2024-07-02 03:23:56,608 >>   Batch size = 72
[INFO|trainer.py:3614] 2024-07-02 03:26:47,702 >> ***** Running Evaluation *****
[INFO|trainer.py:3616] 2024-07-02 03:26:47,702 >>   Num examples = 60810
[INFO|trainer.py:3619] 2024-07-02 03:26:47,703 >>   Batch size = 72
[INFO|trainer.py:3614] 2024-07-02 03:29:38,898 >> ***** Running Evaluation *****
[INFO|trainer.py:3616] 2024-07-02 03:29:38,898 >>   Num examples = 60810
[INFO|trainer.py:3619] 2024-07-02 03:29:38,898 >>   Batch size = 72
[INFO|trainer.py:3614] 2024-07-02 03:32:29,623 >> ***** Running Evaluation *****
[INFO|trainer.py:3616] 2024-07-02 03:32:29,624 >>   Num examples = 60810
[INFO|trainer.py:3619] 2024-07-02 03:32:29,624 >>   Batch size = 72
[INFO|trainer.py:3614] 2024-07-02 03:35:21,915 >> ***** Running Evaluation *****
[INFO|trainer.py:3616] 2024-07-02 03:35:21,915 >>   Num examples = 60810
[INFO|trainer.py:3619] 2024-07-02 03:35:21,915 >>   Batch size = 72
[INFO|trainer.py:3614] 2024-07-02 03:38:20,082 >> ***** Running Evaluation *****
[INFO|trainer.py:3616] 2024-07-02 03:38:20,082 >>   Num examples = 60810
[INFO|trainer.py:3619] 2024-07-02 03:38:20,082 >>   Batch size = 72
[INFO|trainer.py:3614] 2024-07-02 03:41:17,490 >> ***** Running Evaluation *****
[INFO|trainer.py:3616] 2024-07-02 03:41:17,490 >>   Num examples = 60810
[INFO|trainer.py:3619] 2024-07-02 03:41:17,495 >>   Batch size = 72
[INFO|trainer.py:3614] 2024-07-02 03:44:15,420 >> ***** Running Evaluation *****
[INFO|trainer.py:3616] 2024-07-02 03:44:15,420 >>   Num examples = 60810
[INFO|trainer.py:3619] 2024-07-02 03:44:15,420 >>   Batch size = 72
[INFO|trainer.py:3614] 2024-07-02 03:47:15,444 >> ***** Running Evaluation *****
[INFO|trainer.py:3616] 2024-07-02 03:47:15,444 >>   Num examples = 60810
[INFO|trainer.py:3619] 2024-07-02 03:47:15,444 >>   Batch size = 72
[INFO|trainer.py:3614] 2024-07-02 03:50:13,139 >> ***** Running Evaluation *****
[INFO|trainer.py:3616] 2024-07-02 03:50:13,139 >>   Num examples = 60810
[INFO|trainer.py:3619] 2024-07-02 03:50:13,139 >>   Batch size = 72
[INFO|trainer.py:3614] 2024-07-02 03:53:11,502 >> ***** Running Evaluation *****
[INFO|trainer.py:3616] 2024-07-02 03:53:11,502 >>   Num examples = 60810
[INFO|trainer.py:3619] 2024-07-02 03:53:11,502 >>   Batch size = 72
[INFO|trainer.py:3614] 2024-07-02 03:56:11,394 >> ***** Running Evaluation *****
[INFO|trainer.py:3616] 2024-07-02 03:56:11,394 >>   Num examples = 60810
[INFO|trainer.py:3619] 2024-07-02 03:56:11,395 >>   Batch size = 72
[INFO|trainer.py:3614] 2024-07-02 03:59:10,587 >> ***** Running Evaluation *****
[INFO|trainer.py:3616] 2024-07-02 03:59:10,587 >>   Num examples = 60810
[INFO|trainer.py:3619] 2024-07-02 03:59:10,587 >>   Batch size = 72
[INFO|trainer.py:3614] 2024-07-02 04:02:14,267 >> ***** Running Evaluation *****
[INFO|trainer.py:3616] 2024-07-02 04:02:14,267 >>   Num examples = 60810
[INFO|trainer.py:3619] 2024-07-02 04:02:14,267 >>   Batch size = 72
[INFO|trainer.py:3614] 2024-07-02 04:05:16,237 >> ***** Running Evaluation *****
[INFO|trainer.py:3616] 2024-07-02 04:05:16,237 >>   Num examples = 60810
[INFO|trainer.py:3619] 2024-07-02 04:05:16,237 >>   Batch size = 72
[INFO|trainer.py:3614] 2024-07-02 04:08:29,942 >> ***** Running Evaluation *****
[INFO|trainer.py:3616] 2024-07-02 04:08:29,942 >>   Num examples = 60810
[INFO|trainer.py:3619] 2024-07-02 04:08:29,942 >>   Batch size = 72
[INFO|trainer.py:3614] 2024-07-02 04:11:31,733 >> ***** Running Evaluation *****
[INFO|trainer.py:3616] 2024-07-02 04:11:31,734 >>   Num examples = 60810
[INFO|trainer.py:3619] 2024-07-02 04:11:31,734 >>   Batch size = 72
[INFO|trainer.py:3614] 2024-07-02 04:14:29,350 >> ***** Running Evaluation *****
[INFO|trainer.py:3616] 2024-07-02 04:14:29,351 >>   Num examples = 60810
[INFO|trainer.py:3619] 2024-07-02 04:14:29,351 >>   Batch size = 72
[INFO|trainer.py:3614] 2024-07-02 04:17:20,468 >> ***** Running Evaluation *****
[INFO|trainer.py:3616] 2024-07-02 04:17:20,469 >>   Num examples = 60810
[INFO|trainer.py:3619] 2024-07-02 04:17:20,469 >>   Batch size = 72
[INFO|trainer.py:3614] 2024-07-02 04:20:12,794 >> ***** Running Evaluation *****
[INFO|trainer.py:3616] 2024-07-02 04:20:12,794 >>   Num examples = 60810
[INFO|trainer.py:3619] 2024-07-02 04:20:12,794 >>   Batch size = 72
[INFO|trainer.py:3614] 2024-07-02 04:23:04,043 >> ***** Running Evaluation *****
[INFO|trainer.py:3616] 2024-07-02 04:23:04,043 >>   Num examples = 60810
[INFO|trainer.py:3619] 2024-07-02 04:23:04,043 >>   Batch size = 72
[INFO|trainer.py:3614] 2024-07-02 04:25:56,094 >> ***** Running Evaluation *****
[INFO|trainer.py:3616] 2024-07-02 04:25:56,094 >>   Num examples = 60810
[INFO|trainer.py:3619] 2024-07-02 04:25:56,095 >>   Batch size = 72
[INFO|trainer.py:3614] 2024-07-02 04:28:53,736 >> ***** Running Evaluation *****
[INFO|trainer.py:3616] 2024-07-02 04:28:53,736 >>   Num examples = 60810
[INFO|trainer.py:3619] 2024-07-02 04:28:53,737 >>   Batch size = 72
[INFO|trainer.py:3614] 2024-07-02 04:31:48,743 >> ***** Running Evaluation *****
[INFO|trainer.py:3616] 2024-07-02 04:31:48,743 >>   Num examples = 60810
[INFO|trainer.py:3619] 2024-07-02 04:31:48,743 >>   Batch size = 72
[INFO|trainer.py:3614] 2024-07-02 04:34:40,440 >> ***** Running Evaluation *****
[INFO|trainer.py:3616] 2024-07-02 04:34:40,440 >>   Num examples = 60810
[INFO|trainer.py:3619] 2024-07-02 04:34:40,440 >>   Batch size = 72
[INFO|trainer.py:3614] 2024-07-02 04:37:34,883 >> ***** Running Evaluation *****
[INFO|trainer.py:3616] 2024-07-02 04:37:34,883 >>   Num examples = 60810
[INFO|trainer.py:3619] 2024-07-02 04:37:34,883 >>   Batch size = 72
[INFO|trainer.py:3614] 2024-07-02 04:40:24,446 >> ***** Running Evaluation *****
[INFO|trainer.py:3616] 2024-07-02 04:40:24,447 >>   Num examples = 60810
[INFO|trainer.py:3619] 2024-07-02 04:40:24,447 >>   Batch size = 72
[INFO|trainer.py:3614] 2024-07-02 04:43:19,593 >> ***** Running Evaluation *****
[INFO|trainer.py:3616] 2024-07-02 04:43:19,593 >>   Num examples = 60810
[INFO|trainer.py:3619] 2024-07-02 04:43:19,593 >>   Batch size = 72
[INFO|trainer.py:3614] 2024-07-02 04:46:11,959 >> ***** Running Evaluation *****
[INFO|trainer.py:3616] 2024-07-02 04:46:11,959 >>   Num examples = 60810
[INFO|trainer.py:3619] 2024-07-02 04:46:11,959 >>   Batch size = 72
[INFO|trainer.py:3614] 2024-07-02 04:49:03,522 >> ***** Running Evaluation *****
[INFO|trainer.py:3616] 2024-07-02 04:49:03,522 >>   Num examples = 60810
[INFO|trainer.py:3619] 2024-07-02 04:49:03,522 >>   Batch size = 72
[INFO|trainer.py:3614] 2024-07-02 04:51:54,409 >> ***** Running Evaluation *****
[INFO|trainer.py:3616] 2024-07-02 04:51:54,409 >>   Num examples = 60810
[INFO|trainer.py:3619] 2024-07-02 04:51:54,409 >>   Batch size = 72
[INFO|trainer.py:3614] 2024-07-02 04:54:44,520 >> ***** Running Evaluation *****
[INFO|trainer.py:3616] 2024-07-02 04:54:44,520 >>   Num examples = 60810
[INFO|trainer.py:3619] 2024-07-02 04:54:44,521 >>   Batch size = 72
[INFO|trainer.py:3614] 2024-07-02 04:57:36,938 >> ***** Running Evaluation *****
[INFO|trainer.py:3616] 2024-07-02 04:57:36,939 >>   Num examples = 60810
[INFO|trainer.py:3619] 2024-07-02 04:57:36,939 >>   Batch size = 72
[INFO|trainer.py:3614] 2024-07-02 05:00:27,296 >> ***** Running Evaluation *****
[INFO|trainer.py:3616] 2024-07-02 05:00:27,296 >>   Num examples = 60810
[INFO|trainer.py:3619] 2024-07-02 05:00:27,296 >>   Batch size = 72
[INFO|trainer.py:3614] 2024-07-02 05:03:22,071 >> ***** Running Evaluation *****
[INFO|trainer.py:3616] 2024-07-02 05:03:22,072 >>   Num examples = 60810
[INFO|trainer.py:3619] 2024-07-02 05:03:22,072 >>   Batch size = 72
[INFO|trainer.py:3614] 2024-07-02 05:06:17,322 >> ***** Running Evaluation *****
[INFO|trainer.py:3616] 2024-07-02 05:06:17,322 >>   Num examples = 60810
[INFO|trainer.py:3619] 2024-07-02 05:06:17,322 >>   Batch size = 72
[INFO|trainer.py:3614] 2024-07-02 05:09:10,186 >> ***** Running Evaluation *****
[INFO|trainer.py:3616] 2024-07-02 05:09:10,187 >>   Num examples = 60810
[INFO|trainer.py:3619] 2024-07-02 05:09:10,187 >>   Batch size = 72
[INFO|trainer.py:3614] 2024-07-02 05:12:05,595 >> ***** Running Evaluation *****
[INFO|trainer.py:3616] 2024-07-02 05:12:05,596 >>   Num examples = 60810
[INFO|trainer.py:3619] 2024-07-02 05:12:05,596 >>   Batch size = 72
[INFO|trainer.py:3614] 2024-07-02 05:15:03,122 >> ***** Running Evaluation *****
[INFO|trainer.py:3616] 2024-07-02 05:15:03,122 >>   Num examples = 60810
[INFO|trainer.py:3619] 2024-07-02 05:15:03,122 >>   Batch size = 72
[INFO|trainer.py:3614] 2024-07-02 05:17:58,527 >> ***** Running Evaluation *****
[INFO|trainer.py:3616] 2024-07-02 05:17:58,527 >>   Num examples = 60810
[INFO|trainer.py:3619] 2024-07-02 05:17:58,527 >>   Batch size = 72
[INFO|trainer.py:3614] 2024-07-02 05:20:50,597 >> ***** Running Evaluation *****
[INFO|trainer.py:3616] 2024-07-02 05:20:50,597 >>   Num examples = 60810
[INFO|trainer.py:3619] 2024-07-02 05:20:50,597 >>   Batch size = 72
[INFO|trainer.py:3614] 2024-07-02 05:23:43,424 >> ***** Running Evaluation *****
[INFO|trainer.py:3616] 2024-07-02 05:23:43,424 >>   Num examples = 60810
[INFO|trainer.py:3619] 2024-07-02 05:23:43,424 >>   Batch size = 72
[INFO|trainer.py:3614] 2024-07-02 05:26:35,974 >> ***** Running Evaluation *****
[INFO|trainer.py:3616] 2024-07-02 05:26:35,974 >>   Num examples = 60810
[INFO|trainer.py:3619] 2024-07-02 05:26:35,974 >>   Batch size = 72
[INFO|trainer.py:3614] 2024-07-02 05:29:30,585 >> ***** Running Evaluation *****
[INFO|trainer.py:3616] 2024-07-02 05:29:30,585 >>   Num examples = 60810
[INFO|trainer.py:3619] 2024-07-02 05:29:30,589 >>   Batch size = 72
[INFO|trainer.py:3614] 2024-07-02 05:32:31,549 >> ***** Running Evaluation *****
[INFO|trainer.py:3616] 2024-07-02 05:32:31,549 >>   Num examples = 60810
[INFO|trainer.py:3619] 2024-07-02 05:32:31,549 >>   Batch size = 72
[INFO|trainer.py:3614] 2024-07-02 05:35:27,121 >> ***** Running Evaluation *****
[INFO|trainer.py:3616] 2024-07-02 05:35:27,121 >>   Num examples = 60810
[INFO|trainer.py:3619] 2024-07-02 05:35:27,121 >>   Batch size = 72
[INFO|trainer.py:3614] 2024-07-02 05:38:26,123 >> ***** Running Evaluation *****
[INFO|trainer.py:3616] 2024-07-02 05:38:26,123 >>   Num examples = 60810
[INFO|trainer.py:3619] 2024-07-02 05:38:26,123 >>   Batch size = 72
[INFO|trainer.py:3614] 2024-07-02 05:41:20,081 >> ***** Running Evaluation *****
[INFO|trainer.py:3616] 2024-07-02 05:41:20,081 >>   Num examples = 60810
[INFO|trainer.py:3619] 2024-07-02 05:41:20,081 >>   Batch size = 72
[INFO|trainer.py:3614] 2024-07-02 05:44:14,049 >> ***** Running Evaluation *****
[INFO|trainer.py:3616] 2024-07-02 05:44:14,049 >>   Num examples = 60810
[INFO|trainer.py:3619] 2024-07-02 05:44:14,049 >>   Batch size = 72
[INFO|trainer.py:3614] 2024-07-02 05:47:05,761 >> ***** Running Evaluation *****
[INFO|trainer.py:3616] 2024-07-02 05:47:05,761 >>   Num examples = 60810
[INFO|trainer.py:3619] 2024-07-02 05:47:05,761 >>   Batch size = 72
[INFO|trainer.py:3614] 2024-07-02 05:49:57,025 >> ***** Running Evaluation *****
[INFO|trainer.py:3616] 2024-07-02 05:49:57,025 >>   Num examples = 60810
[INFO|trainer.py:3619] 2024-07-02 05:49:57,025 >>   Batch size = 72
[INFO|trainer.py:3614] 2024-07-02 05:52:49,497 >> ***** Running Evaluation *****
[INFO|trainer.py:3616] 2024-07-02 05:52:49,497 >>   Num examples = 60810
[INFO|trainer.py:3619] 2024-07-02 05:52:49,497 >>   Batch size = 72
[INFO|trainer.py:3614] 2024-07-02 05:55:43,339 >> ***** Running Evaluation *****
[INFO|trainer.py:3616] 2024-07-02 05:55:43,339 >>   Num examples = 60810
[INFO|trainer.py:3619] 2024-07-02 05:55:43,339 >>   Batch size = 72
[INFO|trainer.py:3614] 2024-07-02 05:58:33,449 >> ***** Running Evaluation *****
[INFO|trainer.py:3616] 2024-07-02 05:58:33,449 >>   Num examples = 60810
[INFO|trainer.py:3619] 2024-07-02 05:58:33,449 >>   Batch size = 72
[INFO|trainer.py:3614] 2024-07-02 06:01:28,538 >> ***** Running Evaluation *****
[INFO|trainer.py:3616] 2024-07-02 06:01:28,539 >>   Num examples = 60810
[INFO|trainer.py:3619] 2024-07-02 06:01:28,539 >>   Batch size = 72
[INFO|trainer.py:3614] 2024-07-02 06:04:20,430 >> ***** Running Evaluation *****
[INFO|trainer.py:3616] 2024-07-02 06:04:20,431 >>   Num examples = 60810
[INFO|trainer.py:3619] 2024-07-02 06:04:20,431 >>   Batch size = 72
[INFO|trainer.py:3614] 2024-07-02 06:07:16,598 >> ***** Running Evaluation *****
[INFO|trainer.py:3616] 2024-07-02 06:07:16,599 >>   Num examples = 60810
[INFO|trainer.py:3619] 2024-07-02 06:07:16,599 >>   Batch size = 72
[INFO|trainer.py:3614] 2024-07-02 06:10:43,882 >> ***** Running Evaluation *****
[INFO|trainer.py:3616] 2024-07-02 06:10:43,883 >>   Num examples = 60810
[INFO|trainer.py:3619] 2024-07-02 06:10:43,883 >>   Batch size = 72
[INFO|trainer.py:3614] 2024-07-02 06:13:31,685 >> ***** Running Evaluation *****
[INFO|trainer.py:3616] 2024-07-02 06:13:31,685 >>   Num examples = 60810
[INFO|trainer.py:3619] 2024-07-02 06:13:31,685 >>   Batch size = 72
[INFO|trainer.py:3614] 2024-07-02 06:16:21,234 >> ***** Running Evaluation *****
[INFO|trainer.py:3616] 2024-07-02 06:16:21,234 >>   Num examples = 60810
[INFO|trainer.py:3619] 2024-07-02 06:16:21,234 >>   Batch size = 72
[INFO|trainer.py:3614] 2024-07-02 06:19:12,786 >> ***** Running Evaluation *****
[INFO|trainer.py:3616] 2024-07-02 06:19:12,787 >>   Num examples = 60810
[INFO|trainer.py:3619] 2024-07-02 06:19:12,787 >>   Batch size = 72
[INFO|trainer.py:3614] 2024-07-02 06:22:06,123 >> ***** Running Evaluation *****
[INFO|trainer.py:3616] 2024-07-02 06:22:06,123 >>   Num examples = 60810
[INFO|trainer.py:3619] 2024-07-02 06:22:06,124 >>   Batch size = 72
[INFO|trainer.py:3614] 2024-07-02 06:24:57,047 >> ***** Running Evaluation *****
[INFO|trainer.py:3616] 2024-07-02 06:24:57,047 >>   Num examples = 60810
[INFO|trainer.py:3619] 2024-07-02 06:24:57,047 >>   Batch size = 72
[INFO|trainer.py:3614] 2024-07-02 06:27:50,659 >> ***** Running Evaluation *****
[INFO|trainer.py:3616] 2024-07-02 06:27:50,659 >>   Num examples = 60810
[INFO|trainer.py:3619] 2024-07-02 06:27:50,659 >>   Batch size = 72
[INFO|trainer.py:3614] 2024-07-02 06:30:45,656 >> ***** Running Evaluation *****
[INFO|trainer.py:3616] 2024-07-02 06:30:45,657 >>   Num examples = 60810
[INFO|trainer.py:3619] 2024-07-02 06:30:45,657 >>   Batch size = 72
[INFO|trainer.py:3614] 2024-07-02 06:33:36,172 >> ***** Running Evaluation *****
[INFO|trainer.py:3616] 2024-07-02 06:33:36,172 >>   Num examples = 60810
[INFO|trainer.py:3619] 2024-07-02 06:33:36,172 >>   Batch size = 72
[INFO|trainer.py:3614] 2024-07-02 06:36:27,092 >> ***** Running Evaluation *****
[INFO|trainer.py:3616] 2024-07-02 06:36:27,092 >>   Num examples = 60810
[INFO|trainer.py:3619] 2024-07-02 06:36:27,092 >>   Batch size = 72
[INFO|trainer.py:3614] 2024-07-02 06:39:20,538 >> ***** Running Evaluation *****
[INFO|trainer.py:3616] 2024-07-02 06:39:20,538 >>   Num examples = 60810
[INFO|trainer.py:3619] 2024-07-02 06:39:20,538 >>   Batch size = 72
[INFO|trainer.py:3614] 2024-07-02 06:42:13,342 >> ***** Running Evaluation *****
[INFO|trainer.py:3616] 2024-07-02 06:42:13,342 >>   Num examples = 60810
[INFO|trainer.py:3619] 2024-07-02 06:42:13,342 >>   Batch size = 72
[INFO|trainer.py:3614] 2024-07-02 06:45:05,779 >> ***** Running Evaluation *****
[INFO|trainer.py:3616] 2024-07-02 06:45:05,779 >>   Num examples = 60810
[INFO|trainer.py:3619] 2024-07-02 06:45:05,779 >>   Batch size = 72
[INFO|trainer.py:3614] 2024-07-02 06:47:56,640 >> ***** Running Evaluation *****
[INFO|trainer.py:3616] 2024-07-02 06:47:56,640 >>   Num examples = 60810
[INFO|trainer.py:3619] 2024-07-02 06:47:56,641 >>   Batch size = 72
[INFO|trainer.py:3614] 2024-07-02 06:50:51,353 >> ***** Running Evaluation *****
[INFO|trainer.py:3616] 2024-07-02 06:50:51,353 >>   Num examples = 60810
[INFO|trainer.py:3619] 2024-07-02 06:50:51,353 >>   Batch size = 72
[INFO|trainer.py:3614] 2024-07-02 06:53:47,541 >> ***** Running Evaluation *****
[INFO|trainer.py:3616] 2024-07-02 06:53:47,541 >>   Num examples = 60810
[INFO|trainer.py:3619] 2024-07-02 06:53:47,541 >>   Batch size = 72
[INFO|trainer.py:3614] 2024-07-02 06:56:39,901 >> ***** Running Evaluation *****
[INFO|trainer.py:3616] 2024-07-02 06:56:39,901 >>   Num examples = 60810
[INFO|trainer.py:3619] 2024-07-02 06:56:39,901 >>   Batch size = 72
[INFO|trainer.py:3614] 2024-07-02 06:59:33,659 >> ***** Running Evaluation *****
[INFO|trainer.py:3616] 2024-07-02 06:59:33,659 >>   Num examples = 60810
[INFO|trainer.py:3619] 2024-07-02 06:59:33,659 >>   Batch size = 72
[INFO|trainer.py:3614] 2024-07-02 07:02:29,787 >> ***** Running Evaluation *****
[INFO|trainer.py:3616] 2024-07-02 07:02:29,787 >>   Num examples = 60810
[INFO|trainer.py:3619] 2024-07-02 07:02:29,787 >>   Batch size = 72
[INFO|trainer.py:3614] 2024-07-02 07:05:27,573 >> ***** Running Evaluation *****
[INFO|trainer.py:3616] 2024-07-02 07:05:27,573 >>   Num examples = 60810
[INFO|trainer.py:3619] 2024-07-02 07:05:27,573 >>   Batch size = 72
[INFO|trainer.py:3614] 2024-07-02 07:08:19,807 >> ***** Running Evaluation *****
[INFO|trainer.py:3616] 2024-07-02 07:08:19,807 >>   Num examples = 60810
[INFO|trainer.py:3619] 2024-07-02 07:08:19,807 >>   Batch size = 72
[INFO|trainer.py:3614] 2024-07-02 07:11:13,583 >> ***** Running Evaluation *****
[INFO|trainer.py:3616] 2024-07-02 07:11:13,583 >>   Num examples = 60810
[INFO|trainer.py:3619] 2024-07-02 07:11:13,583 >>   Batch size = 72
[INFO|trainer.py:3614] 2024-07-02 07:14:07,308 >> ***** Running Evaluation *****
[INFO|trainer.py:3616] 2024-07-02 07:14:07,308 >>   Num examples = 60810
[INFO|trainer.py:3619] 2024-07-02 07:14:07,308 >>   Batch size = 72
[INFO|trainer.py:3614] 2024-07-02 07:16:58,898 >> ***** Running Evaluation *****
[INFO|trainer.py:3616] 2024-07-02 07:16:58,899 >>   Num examples = 60810
[INFO|trainer.py:3619] 2024-07-02 07:16:58,902 >>   Batch size = 72
[INFO|trainer.py:3614] 2024-07-02 07:19:51,913 >> ***** Running Evaluation *****
[INFO|trainer.py:3616] 2024-07-02 07:19:51,913 >>   Num examples = 60810
[INFO|trainer.py:3619] 2024-07-02 07:19:51,913 >>   Batch size = 72
[INFO|trainer.py:3614] 2024-07-02 07:22:46,738 >> ***** Running Evaluation *****
[INFO|trainer.py:3616] 2024-07-02 07:22:46,738 >>   Num examples = 60810
[INFO|trainer.py:3619] 2024-07-02 07:22:46,738 >>   Batch size = 72
[INFO|trainer.py:3614] 2024-07-02 07:25:39,307 >> ***** Running Evaluation *****
[INFO|trainer.py:3616] 2024-07-02 07:25:39,307 >>   Num examples = 60810
[INFO|trainer.py:3619] 2024-07-02 07:25:39,307 >>   Batch size = 72
[INFO|trainer.py:3614] 2024-07-02 07:28:32,415 >> ***** Running Evaluation *****
[INFO|trainer.py:3616] 2024-07-02 07:28:32,416 >>   Num examples = 60810
[INFO|trainer.py:3619] 2024-07-02 07:28:32,416 >>   Batch size = 72
[INFO|trainer.py:3614] 2024-07-02 07:31:26,231 >> ***** Running Evaluation *****
[INFO|trainer.py:3616] 2024-07-02 07:31:26,231 >>   Num examples = 60810
[INFO|trainer.py:3619] 2024-07-02 07:31:26,231 >>   Batch size = 72
[INFO|trainer.py:3614] 2024-07-02 07:34:19,799 >> ***** Running Evaluation *****
[INFO|trainer.py:3616] 2024-07-02 07:34:19,799 >>   Num examples = 60810
[INFO|trainer.py:3619] 2024-07-02 07:34:19,800 >>   Batch size = 72
[INFO|trainer.py:3614] 2024-07-02 07:37:12,792 >> ***** Running Evaluation *****
[INFO|trainer.py:3616] 2024-07-02 07:37:12,792 >>   Num examples = 60810
[INFO|trainer.py:3619] 2024-07-02 07:37:12,792 >>   Batch size = 72
[INFO|trainer.py:3614] 2024-07-02 07:40:05,911 >> ***** Running Evaluation *****
[INFO|trainer.py:3616] 2024-07-02 07:40:05,911 >>   Num examples = 60810
[INFO|trainer.py:3619] 2024-07-02 07:40:05,911 >>   Batch size = 72
[INFO|trainer.py:3614] 2024-07-02 07:43:01,022 >> ***** Running Evaluation *****
[INFO|trainer.py:3616] 2024-07-02 07:43:01,023 >>   Num examples = 60810
[INFO|trainer.py:3619] 2024-07-02 07:43:01,023 >>   Batch size = 72
[INFO|trainer.py:3614] 2024-07-02 07:45:54,487 >> ***** Running Evaluation *****
[INFO|trainer.py:3616] 2024-07-02 07:45:54,487 >>   Num examples = 60810
[INFO|trainer.py:3619] 2024-07-02 07:45:54,487 >>   Batch size = 72
[INFO|trainer.py:3614] 2024-07-02 07:48:48,987 >> ***** Running Evaluation *****
[INFO|trainer.py:3616] 2024-07-02 07:48:48,987 >>   Num examples = 60810
[INFO|trainer.py:3619] 2024-07-02 07:48:48,987 >>   Batch size = 72
[INFO|trainer.py:3614] 2024-07-02 07:51:44,865 >> ***** Running Evaluation *****
[INFO|trainer.py:3616] 2024-07-02 07:51:44,865 >>   Num examples = 60810
[INFO|trainer.py:3619] 2024-07-02 07:51:44,865 >>   Batch size = 72
[INFO|trainer.py:3614] 2024-07-02 07:54:45,221 >> ***** Running Evaluation *****
[INFO|trainer.py:3616] 2024-07-02 07:54:45,222 >>   Num examples = 60810
[INFO|trainer.py:3619] 2024-07-02 07:54:45,222 >>   Batch size = 72
[INFO|trainer.py:3614] 2024-07-02 07:57:42,980 >> ***** Running Evaluation *****
[INFO|trainer.py:3616] 2024-07-02 07:57:42,980 >>   Num examples = 60810
[INFO|trainer.py:3619] 2024-07-02 07:57:42,981 >>   Batch size = 72
[INFO|trainer.py:3614] 2024-07-02 08:00:43,077 >> ***** Running Evaluation *****
[INFO|trainer.py:3616] 2024-07-02 08:00:43,077 >>   Num examples = 60810
[INFO|trainer.py:3619] 2024-07-02 08:00:43,077 >>   Batch size = 72
[INFO|trainer.py:3614] 2024-07-02 08:03:41,601 >> ***** Running Evaluation *****
[INFO|trainer.py:3616] 2024-07-02 08:03:41,601 >>   Num examples = 60810
[INFO|trainer.py:3619] 2024-07-02 08:03:41,601 >>   Batch size = 72
[INFO|trainer.py:3614] 2024-07-02 08:06:43,235 >> ***** Running Evaluation *****
[INFO|trainer.py:3616] 2024-07-02 08:06:43,236 >>   Num examples = 60810
[INFO|trainer.py:3619] 2024-07-02 08:06:43,236 >>   Batch size = 72
[INFO|trainer.py:3614] 2024-07-02 08:09:44,538 >> ***** Running Evaluation *****
[INFO|trainer.py:3616] 2024-07-02 08:09:44,538 >>   Num examples = 60810
[INFO|trainer.py:3619] 2024-07-02 08:09:44,538 >>   Batch size = 72
[INFO|trainer.py:3614] 2024-07-02 08:12:42,546 >> ***** Running Evaluation *****
[INFO|trainer.py:3616] 2024-07-02 08:12:42,546 >>   Num examples = 60810
[INFO|trainer.py:3619] 2024-07-02 08:12:42,546 >>   Batch size = 72
[INFO|trainer.py:3614] 2024-07-02 08:15:48,751 >> ***** Running Evaluation *****
[INFO|trainer.py:3616] 2024-07-02 08:15:48,752 >>   Num examples = 60810
[INFO|trainer.py:3619] 2024-07-02 08:15:48,752 >>   Batch size = 72
[INFO|trainer.py:3614] 2024-07-02 08:18:56,683 >> ***** Running Evaluation *****
[INFO|trainer.py:3616] 2024-07-02 08:18:56,683 >>   Num examples = 60810
[INFO|trainer.py:3619] 2024-07-02 08:18:56,683 >>   Batch size = 72
[INFO|trainer.py:3614] 2024-07-02 08:22:02,348 >> ***** Running Evaluation *****
[INFO|trainer.py:3616] 2024-07-02 08:22:02,348 >>   Num examples = 60810
[INFO|trainer.py:3619] 2024-07-02 08:22:02,348 >>   Batch size = 72
[INFO|trainer.py:3614] 2024-07-02 08:24:57,699 >> ***** Running Evaluation *****
[INFO|trainer.py:3616] 2024-07-02 08:24:57,699 >>   Num examples = 60810
[INFO|trainer.py:3619] 2024-07-02 08:24:57,699 >>   Batch size = 72
[INFO|trainer.py:3614] 2024-07-02 08:27:49,998 >> ***** Running Evaluation *****
[INFO|trainer.py:3616] 2024-07-02 08:27:49,998 >>   Num examples = 60810
[INFO|trainer.py:3619] 2024-07-02 08:27:49,998 >>   Batch size = 72
[INFO|trainer.py:3614] 2024-07-02 08:30:43,670 >> ***** Running Evaluation *****
[INFO|trainer.py:3616] 2024-07-02 08:30:43,670 >>   Num examples = 60810
[INFO|trainer.py:3619] 2024-07-02 08:30:43,670 >>   Batch size = 72
[INFO|trainer.py:3614] 2024-07-02 08:33:37,245 >> ***** Running Evaluation *****
[INFO|trainer.py:3616] 2024-07-02 08:33:37,246 >>   Num examples = 60810
[INFO|trainer.py:3619] 2024-07-02 08:33:37,246 >>   Batch size = 72
/home/share/huadjyin/home/weiyilin/project/DNALLM/omiclm/run/run_omicformer_train.py:263: ConstantInputWarning: An input array is constant; the correlation coefficient is not defined.
  _spearmanr = stats.spearmanr(ture_peak, logits)
/home/share/huadjyin/home/weiyilin/project/DNALLM/omiclm/run/run_omicformer_train.py:263: ConstantInputWarning: An input array is constant; the correlation coefficient is not defined.
  _spearmanr = stats.spearmanr(ture_peak, logits)
/home/share/huadjyin/home/weiyilin/project/DNALLM/omiclm/run/run_omicformer_train.py:263: ConstantInputWarning: An input array is constant; the correlation coefficient is not defined.
  _spearmanr = stats.spearmanr(ture_peak, logits)
/home/share/huadjyin/home/weiyilin/project/DNALLM/omiclm/run/run_omicformer_train.py:263: ConstantInputWarning: An input array is constant; the correlation coefficient is not defined.
  _spearmanr = stats.spearmanr(ture_peak, logits)
[INFO|trainer.py:3614] 2024-07-02 08:36:27,352 >> ***** Running Evaluation *****
[INFO|trainer.py:3616] 2024-07-02 08:36:27,353 >>   Num examples = 60810
[INFO|trainer.py:3619] 2024-07-02 08:36:27,353 >>   Batch size = 72
/home/share/huadjyin/home/weiyilin/project/DNALLM/omiclm/run/run_omicformer_train.py:263: ConstantInputWarning: An input array is constant; the correlation coefficient is not defined.
  _spearmanr = stats.spearmanr(ture_peak, logits)
/home/share/huadjyin/home/weiyilin/project/DNALLM/omiclm/run/run_omicformer_train.py:263: ConstantInputWarning: An input array is constant; the correlation coefficient is not defined.
  _spearmanr = stats.spearmanr(ture_peak, logits)
/home/share/huadjyin/home/weiyilin/project/DNALLM/omiclm/run/run_omicformer_train.py:263: ConstantInputWarning: An input array is constant; the correlation coefficient is not defined.
  _spearmanr = stats.spearmanr(ture_peak, logits)
/home/share/huadjyin/home/weiyilin/project/DNALLM/omiclm/run/run_omicformer_train.py:263: ConstantInputWarning: An input array is constant; the correlation coefficient is not defined.
  _spearmanr = stats.spearmanr(ture_peak, logits)
[INFO|trainer.py:3614] 2024-07-02 08:39:20,194 >> ***** Running Evaluation *****
[INFO|trainer.py:3616] 2024-07-02 08:39:20,194 >>   Num examples = 60810
[INFO|trainer.py:3619] 2024-07-02 08:39:20,194 >>   Batch size = 72
/home/share/huadjyin/home/weiyilin/project/DNALLM/omiclm/run/run_omicformer_train.py:263: ConstantInputWarning: An input array is constant; the correlation coefficient is not defined.
  _spearmanr = stats.spearmanr(ture_peak, logits)
/home/share/huadjyin/home/weiyilin/project/DNALLM/omiclm/run/run_omicformer_train.py:263: ConstantInputWarning: An input array is constant; the correlation coefficient is not defined.
  _spearmanr = stats.spearmanr(ture_peak, logits)
/home/share/huadjyin/home/weiyilin/project/DNALLM/omiclm/run/run_omicformer_train.py:263: ConstantInputWarning: An input array is constant; the correlation coefficient is not defined.
  _spearmanr = stats.spearmanr(ture_peak, logits)
/home/share/huadjyin/home/weiyilin/project/DNALLM/omiclm/run/run_omicformer_train.py:263: ConstantInputWarning: An input array is constant; the correlation coefficient is not defined.
  _spearmanr = stats.spearmanr(ture_peak, logits)
[INFO|trainer.py:3614] 2024-07-02 08:42:11,614 >> ***** Running Evaluation *****
[INFO|trainer.py:3616] 2024-07-02 08:42:11,614 >>   Num examples = 60810
[INFO|trainer.py:3619] 2024-07-02 08:42:11,614 >>   Batch size = 72
/home/share/huadjyin/home/weiyilin/project/DNALLM/omiclm/run/run_omicformer_train.py:263: ConstantInputWarning: An input array is constant; the correlation coefficient is not defined.
  _spearmanr = stats.spearmanr(ture_peak, logits)
/home/share/huadjyin/home/weiyilin/project/DNALLM/omiclm/run/run_omicformer_train.py:263: ConstantInputWarning: An input array is constant; the correlation coefficient is not defined.
  _spearmanr = stats.spearmanr(ture_peak, logits)
/home/share/huadjyin/home/weiyilin/project/DNALLM/omiclm/run/run_omicformer_train.py:263: ConstantInputWarning: An input array is constant; the correlation coefficient is not defined.
  _spearmanr = stats.spearmanr(ture_peak, logits)
/home/share/huadjyin/home/weiyilin/project/DNALLM/omiclm/run/run_omicformer_train.py:263: ConstantInputWarning: An input array is constant; the correlation coefficient is not defined.
  _spearmanr = stats.spearmanr(ture_peak, logits)
[INFO|trainer.py:3614] 2024-07-02 08:45:02,366 >> ***** Running Evaluation *****
[INFO|trainer.py:3616] 2024-07-02 08:45:02,366 >>   Num examples = 60810
[INFO|trainer.py:3619] 2024-07-02 08:45:02,366 >>   Batch size = 72
/home/share/huadjyin/home/weiyilin/project/DNALLM/omiclm/run/run_omicformer_train.py:263: ConstantInputWarning: An input array is constant; the correlation coefficient is not defined.
  _spearmanr = stats.spearmanr(ture_peak, logits)
/home/share/huadjyin/home/weiyilin/project/DNALLM/omiclm/run/run_omicformer_train.py:263: ConstantInputWarning: An input array is constant; the correlation coefficient is not defined.
  _spearmanr = stats.spearmanr(ture_peak, logits)
/home/share/huadjyin/home/weiyilin/project/DNALLM/omiclm/run/run_omicformer_train.py:263: ConstantInputWarning: An input array is constant; the correlation coefficient is not defined.
  _spearmanr = stats.spearmanr(ture_peak, logits)
/home/share/huadjyin/home/weiyilin/project/DNALLM/omiclm/run/run_omicformer_train.py:263: ConstantInputWarning: An input array is constant; the correlation coefficient is not defined.
  _spearmanr = stats.spearmanr(ture_peak, logits)
WARNING:torch.distributed.elastic.agent.server.api:Received 15 death signal, shutting down workers
WARNING:torch.distributed.elastic.multiprocessing.api:Sending process 3295706 closing signal SIGTERM
WARNING:torch.distributed.elastic.multiprocessing.api:Sending process 3295707 closing signal SIGTERM
WARNING:torch.distributed.elastic.multiprocessing.api:Sending process 3295708 closing signal SIGTERM
WARNING:torch.distributed.elastic.multiprocessing.api:Sending process 3295709 closing signal SIGTERM
