gcc-12.2.0 loaded successful
cuda-11.8.0 loaded successful
/home/share/huadjyin/home/baiyong01/.local/lib/python3.9/site-packages/pandas/core/arrays/masked.py:60: UserWarning: Pandas requires version '1.3.6' or newer of 'bottleneck' (version '1.3.5' currently installed).
  from pandas.core import (
/home/share/huadjyin/home/baiyong01/.local/lib/python3.9/site-packages/pandas/core/arrays/masked.py:60: UserWarning: Pandas requires version '1.3.6' or newer of 'bottleneck' (version '1.3.5' currently installed).
  from pandas.core import (
/home/share/huadjyin/home/baiyong01/.local/lib/python3.9/site-packages/pandas/core/arrays/masked.py:60: UserWarning: Pandas requires version '1.3.6' or newer of 'bottleneck' (version '1.3.5' currently installed).
  from pandas.core import (
/home/share/huadjyin/home/baiyong01/.local/lib/python3.9/site-packages/pandas/core/arrays/masked.py:60: UserWarning: Pandas requires version '1.3.6' or newer of 'bottleneck' (version '1.3.5' currently installed).
  from pandas.core import (
Loading cached split indices for dataset at /home/share/huadjyin/home/weiyilin/project/DNALLM/datasets/tokenized_datasets/seq_dataset/hyenadna/CD8_expression_5K/train/cache-3e61ea8dd6d33517.arrow and /home/share/huadjyin/home/weiyilin/project/DNALLM/datasets/tokenized_datasets/seq_dataset/hyenadna/CD8_expression_5K/train/cache-4d391ab6f165eb30.arrow
/home/share/huadjyin/home/baiyong01/.local/lib/python3.9/site-packages/torch/utils/tensorboard/__init__.py:4: DeprecationWarning: distutils Version classes are deprecated. Use packaging.version instead.
  if not hasattr(tensorboard, "__version__") or LooseVersion(
/home/share/huadjyin/home/baiyong01/.local/lib/python3.9/site-packages/torch/utils/tensorboard/__init__.py:6: DeprecationWarning: distutils Version classes are deprecated. Use packaging.version instead.
  ) < LooseVersion("1.15"):
[WARNING|trainer.py:577] 2024-07-01 19:54:25,724 >> max_steps is given, it will override any value given in num_train_epochs
[INFO|trainer.py:626] 2024-07-01 19:54:25,725 >> Using auto half precision backend
/home/share/huadjyin/home/baiyong01/.local/lib/python3.9/site-packages/torch/utils/tensorboard/__init__.py:4: DeprecationWarning: distutils Version classes are deprecated. Use packaging.version instead.
  if not hasattr(tensorboard, "__version__") or LooseVersion(
/home/share/huadjyin/home/baiyong01/.local/lib/python3.9/site-packages/torch/utils/tensorboard/__init__.py:6: DeprecationWarning: distutils Version classes are deprecated. Use packaging.version instead.
  ) < LooseVersion("1.15"):
[WARNING|trainer.py:577] 2024-07-01 19:54:58,356 >> max_steps is given, it will override any value given in num_train_epochs
/home/share/huadjyin/home/baiyong01/.local/lib/python3.9/site-packages/torch/utils/tensorboard/__init__.py:4: DeprecationWarning: distutils Version classes are deprecated. Use packaging.version instead.
  if not hasattr(tensorboard, "__version__") or LooseVersion(
/home/share/huadjyin/home/baiyong01/.local/lib/python3.9/site-packages/torch/utils/tensorboard/__init__.py:6: DeprecationWarning: distutils Version classes are deprecated. Use packaging.version instead.
  ) < LooseVersion("1.15"):
/home/share/huadjyin/home/baiyong01/.local/lib/python3.9/site-packages/torch/utils/tensorboard/__init__.py:4: DeprecationWarning: distutils Version classes are deprecated. Use packaging.version instead.
  if not hasattr(tensorboard, "__version__") or LooseVersion(
/home/share/huadjyin/home/baiyong01/.local/lib/python3.9/site-packages/torch/utils/tensorboard/__init__.py:6: DeprecationWarning: distutils Version classes are deprecated. Use packaging.version instead.
  ) < LooseVersion("1.15"):
[WARNING|trainer.py:577] 2024-07-01 19:54:58,689 >> max_steps is given, it will override any value given in num_train_epochs
[WARNING|trainer.py:577] 2024-07-01 19:54:58,757 >> max_steps is given, it will override any value given in num_train_epochs
[INFO|trainer.py:2048] 2024-07-01 19:54:59,270 >> ***** Running training *****
[INFO|trainer.py:2049] 2024-07-01 19:54:59,271 >>   Num examples = 121,558,634
[INFO|trainer.py:2050] 2024-07-01 19:54:59,271 >>   Num Epochs = 8
[INFO|trainer.py:2051] 2024-07-01 19:54:59,271 >>   Instantaneous batch size per device = 72
[INFO|trainer.py:2054] 2024-07-01 19:54:59,271 >>   Total train batch size (w. parallel, distributed & accumulation) = 11,520
[INFO|trainer.py:2055] 2024-07-01 19:54:59,271 >>   Gradient Accumulation steps = 10
[INFO|trainer.py:2056] 2024-07-01 19:54:59,271 >>   Total optimization steps = 80,000
[INFO|trainer.py:2057] 2024-07-01 19:54:59,273 >>   Number of trainable parameters = 47,919,105
[WARNING|modeling_utils.py:1188] 2024-07-01 19:55:20,773 >> Could not estimate the number of tokens of the input, floating-point operations will not be computed
[WARNING|modeling_utils.py:1188] 2024-07-01 19:55:20,865 >> Could not estimate the number of tokens of the input, floating-point operations will not be computed
[WARNING|modeling_utils.py:1188] 2024-07-01 19:55:20,886 >> Could not estimate the number of tokens of the input, floating-point operations will not be computed
[WARNING|modeling_utils.py:1188] 2024-07-01 19:55:20,960 >> Could not estimate the number of tokens of the input, floating-point operations will not be computed
[INFO|trainer.py:3614] 2024-07-01 19:57:53,522 >> ***** Running Evaluation *****
[INFO|trainer.py:3616] 2024-07-01 19:57:53,523 >>   Num examples = 60810
[INFO|trainer.py:3619] 2024-07-01 19:57:53,523 >>   Batch size = 72
[INFO|trainer.py:3614] 2024-07-01 20:00:38,622 >> ***** Running Evaluation *****
[INFO|trainer.py:3616] 2024-07-01 20:00:38,622 >>   Num examples = 60810
[INFO|trainer.py:3619] 2024-07-01 20:00:38,622 >>   Batch size = 72
[INFO|trainer.py:3614] 2024-07-01 20:03:25,449 >> ***** Running Evaluation *****
[INFO|trainer.py:3616] 2024-07-01 20:03:25,449 >>   Num examples = 60810
[INFO|trainer.py:3619] 2024-07-01 20:03:25,449 >>   Batch size = 72
[INFO|trainer.py:3614] 2024-07-01 20:06:12,261 >> ***** Running Evaluation *****
[INFO|trainer.py:3616] 2024-07-01 20:06:12,262 >>   Num examples = 60810
[INFO|trainer.py:3619] 2024-07-01 20:06:12,262 >>   Batch size = 72
[INFO|trainer.py:3614] 2024-07-01 20:09:03,832 >> ***** Running Evaluation *****
[INFO|trainer.py:3616] 2024-07-01 20:09:03,833 >>   Num examples = 60810
[INFO|trainer.py:3619] 2024-07-01 20:09:03,833 >>   Batch size = 72
[INFO|trainer.py:3614] 2024-07-01 20:11:55,458 >> ***** Running Evaluation *****
[INFO|trainer.py:3616] 2024-07-01 20:11:55,458 >>   Num examples = 60810
[INFO|trainer.py:3619] 2024-07-01 20:11:55,458 >>   Batch size = 72
[INFO|trainer.py:3614] 2024-07-01 20:14:52,374 >> ***** Running Evaluation *****
[INFO|trainer.py:3616] 2024-07-01 20:14:52,375 >>   Num examples = 60810
[INFO|trainer.py:3619] 2024-07-01 20:14:52,375 >>   Batch size = 72
[INFO|trainer.py:3614] 2024-07-01 20:17:45,391 >> ***** Running Evaluation *****
[INFO|trainer.py:3616] 2024-07-01 20:17:45,392 >>   Num examples = 60810
[INFO|trainer.py:3619] 2024-07-01 20:17:45,392 >>   Batch size = 72
[INFO|trainer.py:3614] 2024-07-01 20:20:40,038 >> ***** Running Evaluation *****
[INFO|trainer.py:3616] 2024-07-01 20:20:40,038 >>   Num examples = 60810
[INFO|trainer.py:3619] 2024-07-01 20:20:40,038 >>   Batch size = 72
[INFO|trainer.py:3614] 2024-07-01 20:23:31,032 >> ***** Running Evaluation *****
[INFO|trainer.py:3616] 2024-07-01 20:23:31,032 >>   Num examples = 60810
[INFO|trainer.py:3619] 2024-07-01 20:23:31,033 >>   Batch size = 72
[INFO|trainer.py:3614] 2024-07-01 20:26:25,243 >> ***** Running Evaluation *****
[INFO|trainer.py:3616] 2024-07-01 20:26:25,243 >>   Num examples = 60810
[INFO|trainer.py:3619] 2024-07-01 20:26:25,244 >>   Batch size = 72
[INFO|trainer.py:3614] 2024-07-01 20:29:19,732 >> ***** Running Evaluation *****
[INFO|trainer.py:3616] 2024-07-01 20:29:19,732 >>   Num examples = 60810
[INFO|trainer.py:3619] 2024-07-01 20:29:19,732 >>   Batch size = 72
[INFO|trainer.py:3614] 2024-07-01 20:32:14,118 >> ***** Running Evaluation *****
[INFO|trainer.py:3616] 2024-07-01 20:32:14,118 >>   Num examples = 60810
[INFO|trainer.py:3619] 2024-07-01 20:32:14,118 >>   Batch size = 72
[INFO|trainer.py:3614] 2024-07-01 20:35:05,547 >> ***** Running Evaluation *****
[INFO|trainer.py:3616] 2024-07-01 20:35:05,550 >>   Num examples = 60810
[INFO|trainer.py:3619] 2024-07-01 20:35:05,550 >>   Batch size = 72
[INFO|trainer.py:3614] 2024-07-01 20:37:59,589 >> ***** Running Evaluation *****
[INFO|trainer.py:3616] 2024-07-01 20:37:59,589 >>   Num examples = 60810
[INFO|trainer.py:3619] 2024-07-01 20:37:59,589 >>   Batch size = 72
[INFO|trainer.py:3614] 2024-07-01 20:40:53,067 >> ***** Running Evaluation *****
[INFO|trainer.py:3616] 2024-07-01 20:40:53,067 >>   Num examples = 60810
[INFO|trainer.py:3619] 2024-07-01 20:40:53,067 >>   Batch size = 72
[INFO|trainer.py:3614] 2024-07-01 20:43:46,191 >> ***** Running Evaluation *****
[INFO|trainer.py:3616] 2024-07-01 20:43:46,191 >>   Num examples = 60810
[INFO|trainer.py:3619] 2024-07-01 20:43:46,191 >>   Batch size = 72
[INFO|trainer.py:3614] 2024-07-01 20:46:42,136 >> ***** Running Evaluation *****
[INFO|trainer.py:3616] 2024-07-01 20:46:42,136 >>   Num examples = 60810
[INFO|trainer.py:3619] 2024-07-01 20:46:42,136 >>   Batch size = 72
[INFO|trainer.py:3614] 2024-07-01 20:49:35,109 >> ***** Running Evaluation *****
[INFO|trainer.py:3616] 2024-07-01 20:49:35,110 >>   Num examples = 60810
[INFO|trainer.py:3619] 2024-07-01 20:49:35,110 >>   Batch size = 72
[INFO|trainer.py:3614] 2024-07-01 20:52:30,107 >> ***** Running Evaluation *****
[INFO|trainer.py:3616] 2024-07-01 20:52:30,107 >>   Num examples = 60810
[INFO|trainer.py:3619] 2024-07-01 20:52:30,107 >>   Batch size = 72
[INFO|trainer.py:3614] 2024-07-01 20:55:25,925 >> ***** Running Evaluation *****
[INFO|trainer.py:3616] 2024-07-01 20:55:25,925 >>   Num examples = 60810
[INFO|trainer.py:3619] 2024-07-01 20:55:25,925 >>   Batch size = 72
[INFO|trainer.py:3614] 2024-07-01 20:58:21,839 >> ***** Running Evaluation *****
[INFO|trainer.py:3616] 2024-07-01 20:58:21,839 >>   Num examples = 60810
[INFO|trainer.py:3619] 2024-07-01 20:58:21,839 >>   Batch size = 72
[INFO|trainer.py:3614] 2024-07-01 21:01:15,118 >> ***** Running Evaluation *****
[INFO|trainer.py:3616] 2024-07-01 21:01:15,119 >>   Num examples = 60810
[INFO|trainer.py:3619] 2024-07-01 21:01:15,119 >>   Batch size = 72
[INFO|trainer.py:3614] 2024-07-01 21:04:07,915 >> ***** Running Evaluation *****
[INFO|trainer.py:3616] 2024-07-01 21:04:07,915 >>   Num examples = 60810
[INFO|trainer.py:3619] 2024-07-01 21:04:07,915 >>   Batch size = 72
[INFO|trainer.py:3614] 2024-07-01 21:07:01,055 >> ***** Running Evaluation *****
[INFO|trainer.py:3616] 2024-07-01 21:07:01,055 >>   Num examples = 60810
[INFO|trainer.py:3619] 2024-07-01 21:07:01,055 >>   Batch size = 72
[INFO|trainer.py:3614] 2024-07-01 21:09:57,976 >> ***** Running Evaluation *****
[INFO|trainer.py:3616] 2024-07-01 21:09:57,976 >>   Num examples = 60810
[INFO|trainer.py:3619] 2024-07-01 21:09:57,976 >>   Batch size = 72
[INFO|trainer.py:3614] 2024-07-01 21:12:54,067 >> ***** Running Evaluation *****
[INFO|trainer.py:3616] 2024-07-01 21:12:54,068 >>   Num examples = 60810
[INFO|trainer.py:3619] 2024-07-01 21:12:54,068 >>   Batch size = 72
[INFO|trainer.py:3614] 2024-07-01 21:15:48,146 >> ***** Running Evaluation *****
[INFO|trainer.py:3616] 2024-07-01 21:15:48,146 >>   Num examples = 60810
[INFO|trainer.py:3619] 2024-07-01 21:15:48,146 >>   Batch size = 72
[INFO|trainer.py:3614] 2024-07-01 21:18:45,698 >> ***** Running Evaluation *****
[INFO|trainer.py:3616] 2024-07-01 21:18:45,699 >>   Num examples = 60810
[INFO|trainer.py:3619] 2024-07-01 21:18:45,699 >>   Batch size = 72
[INFO|trainer.py:3614] 2024-07-01 21:21:39,318 >> ***** Running Evaluation *****
[INFO|trainer.py:3616] 2024-07-01 21:21:39,318 >>   Num examples = 60810
[INFO|trainer.py:3619] 2024-07-01 21:21:39,318 >>   Batch size = 72
[INFO|trainer.py:3614] 2024-07-01 21:24:28,067 >> ***** Running Evaluation *****
[INFO|trainer.py:3616] 2024-07-01 21:24:28,067 >>   Num examples = 60810
[INFO|trainer.py:3619] 2024-07-01 21:24:28,067 >>   Batch size = 72
[INFO|trainer.py:3614] 2024-07-01 21:27:22,475 >> ***** Running Evaluation *****
[INFO|trainer.py:3616] 2024-07-01 21:27:22,475 >>   Num examples = 60810
[INFO|trainer.py:3619] 2024-07-01 21:27:22,478 >>   Batch size = 72
[INFO|trainer.py:3614] 2024-07-01 21:30:13,140 >> ***** Running Evaluation *****
[INFO|trainer.py:3616] 2024-07-01 21:30:13,141 >>   Num examples = 60810
[INFO|trainer.py:3619] 2024-07-01 21:30:13,141 >>   Batch size = 72
[INFO|trainer.py:3614] 2024-07-01 21:33:03,405 >> ***** Running Evaluation *****
[INFO|trainer.py:3616] 2024-07-01 21:33:03,405 >>   Num examples = 60810
[INFO|trainer.py:3619] 2024-07-01 21:33:03,405 >>   Batch size = 72
[INFO|trainer.py:3614] 2024-07-01 21:35:53,744 >> ***** Running Evaluation *****
[INFO|trainer.py:3616] 2024-07-01 21:35:53,744 >>   Num examples = 60810
[INFO|trainer.py:3619] 2024-07-01 21:35:53,745 >>   Batch size = 72
[INFO|trainer.py:3614] 2024-07-01 21:38:45,484 >> ***** Running Evaluation *****
[INFO|trainer.py:3616] 2024-07-01 21:38:45,484 >>   Num examples = 60810
[INFO|trainer.py:3619] 2024-07-01 21:38:45,484 >>   Batch size = 72
[INFO|trainer.py:3614] 2024-07-01 21:41:39,183 >> ***** Running Evaluation *****
[INFO|trainer.py:3616] 2024-07-01 21:41:39,183 >>   Num examples = 60810
[INFO|trainer.py:3619] 2024-07-01 21:41:39,183 >>   Batch size = 72
[INFO|trainer.py:3614] 2024-07-01 21:44:32,751 >> ***** Running Evaluation *****
[INFO|trainer.py:3616] 2024-07-01 21:44:32,751 >>   Num examples = 60810
[INFO|trainer.py:3619] 2024-07-01 21:44:32,751 >>   Batch size = 72
[INFO|trainer.py:3614] 2024-07-01 21:47:22,860 >> ***** Running Evaluation *****
[INFO|trainer.py:3616] 2024-07-01 21:47:22,860 >>   Num examples = 60810
[INFO|trainer.py:3619] 2024-07-01 21:47:22,860 >>   Batch size = 72
[INFO|trainer.py:3614] 2024-07-01 21:50:14,384 >> ***** Running Evaluation *****
[INFO|trainer.py:3616] 2024-07-01 21:50:14,384 >>   Num examples = 60810
[INFO|trainer.py:3619] 2024-07-01 21:50:14,384 >>   Batch size = 72
[INFO|trainer.py:3614] 2024-07-01 21:53:09,471 >> ***** Running Evaluation *****
[INFO|trainer.py:3616] 2024-07-01 21:53:09,472 >>   Num examples = 60810
[INFO|trainer.py:3619] 2024-07-01 21:53:09,472 >>   Batch size = 72
[INFO|trainer.py:3614] 2024-07-01 21:56:11,038 >> ***** Running Evaluation *****
[INFO|trainer.py:3616] 2024-07-01 21:56:11,039 >>   Num examples = 60810
[INFO|trainer.py:3619] 2024-07-01 21:56:11,039 >>   Batch size = 72
[INFO|trainer.py:3614] 2024-07-01 21:59:02,938 >> ***** Running Evaluation *****
[INFO|trainer.py:3616] 2024-07-01 21:59:02,938 >>   Num examples = 60810
[INFO|trainer.py:3619] 2024-07-01 21:59:02,938 >>   Batch size = 72
[INFO|trainer.py:3614] 2024-07-01 22:01:55,480 >> ***** Running Evaluation *****
[INFO|trainer.py:3616] 2024-07-01 22:01:55,480 >>   Num examples = 60810
[INFO|trainer.py:3619] 2024-07-01 22:01:55,480 >>   Batch size = 72
[INFO|trainer.py:3614] 2024-07-01 22:04:48,183 >> ***** Running Evaluation *****
[INFO|trainer.py:3616] 2024-07-01 22:04:48,183 >>   Num examples = 60810
[INFO|trainer.py:3619] 2024-07-01 22:04:48,184 >>   Batch size = 72
[INFO|trainer.py:3614] 2024-07-01 22:07:40,658 >> ***** Running Evaluation *****
[INFO|trainer.py:3616] 2024-07-01 22:07:40,658 >>   Num examples = 60810
[INFO|trainer.py:3619] 2024-07-01 22:07:40,658 >>   Batch size = 72
[INFO|trainer.py:3614] 2024-07-01 22:10:33,325 >> ***** Running Evaluation *****
[INFO|trainer.py:3616] 2024-07-01 22:10:33,325 >>   Num examples = 60810
[INFO|trainer.py:3619] 2024-07-01 22:10:33,325 >>   Batch size = 72
[INFO|trainer.py:3614] 2024-07-01 22:13:24,716 >> ***** Running Evaluation *****
[INFO|trainer.py:3616] 2024-07-01 22:13:24,717 >>   Num examples = 60810
[INFO|trainer.py:3619] 2024-07-01 22:13:24,717 >>   Batch size = 72
[INFO|trainer.py:3614] 2024-07-01 22:16:15,283 >> ***** Running Evaluation *****
[INFO|trainer.py:3616] 2024-07-01 22:16:15,283 >>   Num examples = 60810
[INFO|trainer.py:3619] 2024-07-01 22:16:15,283 >>   Batch size = 72
[INFO|trainer.py:3614] 2024-07-01 22:19:08,362 >> ***** Running Evaluation *****
[INFO|trainer.py:3616] 2024-07-01 22:19:08,363 >>   Num examples = 60810
[INFO|trainer.py:3619] 2024-07-01 22:19:08,363 >>   Batch size = 72
[INFO|trainer.py:3614] 2024-07-01 22:22:00,269 >> ***** Running Evaluation *****
[INFO|trainer.py:3616] 2024-07-01 22:22:00,269 >>   Num examples = 60810
[INFO|trainer.py:3619] 2024-07-01 22:22:00,269 >>   Batch size = 72
[INFO|trainer.py:3614] 2024-07-01 22:24:55,684 >> ***** Running Evaluation *****
[INFO|trainer.py:3616] 2024-07-01 22:24:55,684 >>   Num examples = 60810
[INFO|trainer.py:3619] 2024-07-01 22:24:55,684 >>   Batch size = 72
[INFO|trainer.py:3614] 2024-07-01 22:27:48,583 >> ***** Running Evaluation *****
[INFO|trainer.py:3616] 2024-07-01 22:27:48,583 >>   Num examples = 60810
[INFO|trainer.py:3619] 2024-07-01 22:27:48,583 >>   Batch size = 72
[INFO|trainer.py:3614] 2024-07-01 22:30:43,400 >> ***** Running Evaluation *****
[INFO|trainer.py:3616] 2024-07-01 22:30:43,401 >>   Num examples = 60810
[INFO|trainer.py:3619] 2024-07-01 22:30:43,401 >>   Batch size = 72
[INFO|trainer.py:3614] 2024-07-01 22:33:35,493 >> ***** Running Evaluation *****
[INFO|trainer.py:3616] 2024-07-01 22:33:35,493 >>   Num examples = 60810
[INFO|trainer.py:3619] 2024-07-01 22:33:35,493 >>   Batch size = 72
[INFO|trainer.py:3614] 2024-07-01 22:36:28,905 >> ***** Running Evaluation *****
[INFO|trainer.py:3616] 2024-07-01 22:36:28,905 >>   Num examples = 60810
[INFO|trainer.py:3619] 2024-07-01 22:36:28,905 >>   Batch size = 72
[INFO|trainer.py:3614] 2024-07-01 22:39:21,114 >> ***** Running Evaluation *****
[INFO|trainer.py:3616] 2024-07-01 22:39:21,114 >>   Num examples = 60810
[INFO|trainer.py:3619] 2024-07-01 22:39:21,114 >>   Batch size = 72
[INFO|trainer.py:3614] 2024-07-01 22:42:14,331 >> ***** Running Evaluation *****
[INFO|trainer.py:3616] 2024-07-01 22:42:14,331 >>   Num examples = 60810
[INFO|trainer.py:3619] 2024-07-01 22:42:14,331 >>   Batch size = 72
[INFO|trainer.py:3614] 2024-07-01 22:45:06,366 >> ***** Running Evaluation *****
[INFO|trainer.py:3616] 2024-07-01 22:45:06,366 >>   Num examples = 60810
[INFO|trainer.py:3619] 2024-07-01 22:45:06,366 >>   Batch size = 72
[INFO|trainer.py:3614] 2024-07-01 22:48:00,039 >> ***** Running Evaluation *****
[INFO|trainer.py:3616] 2024-07-01 22:48:00,039 >>   Num examples = 60810
[INFO|trainer.py:3619] 2024-07-01 22:48:00,039 >>   Batch size = 72
[INFO|trainer.py:3614] 2024-07-01 22:50:50,823 >> ***** Running Evaluation *****
[INFO|trainer.py:3616] 2024-07-01 22:50:50,823 >>   Num examples = 60810
[INFO|trainer.py:3619] 2024-07-01 22:50:50,823 >>   Batch size = 72
[INFO|trainer.py:3614] 2024-07-01 22:53:44,086 >> ***** Running Evaluation *****
[INFO|trainer.py:3616] 2024-07-01 22:53:44,086 >>   Num examples = 60810
[INFO|trainer.py:3619] 2024-07-01 22:53:44,086 >>   Batch size = 72
[INFO|trainer.py:3614] 2024-07-01 22:56:39,690 >> ***** Running Evaluation *****
[INFO|trainer.py:3616] 2024-07-01 22:56:39,690 >>   Num examples = 60810
[INFO|trainer.py:3619] 2024-07-01 22:56:39,690 >>   Batch size = 72
[INFO|trainer.py:3614] 2024-07-01 22:59:30,072 >> ***** Running Evaluation *****
[INFO|trainer.py:3616] 2024-07-01 22:59:30,073 >>   Num examples = 60810
[INFO|trainer.py:3619] 2024-07-01 22:59:30,073 >>   Batch size = 72
[INFO|trainer.py:3614] 2024-07-01 23:02:25,926 >> ***** Running Evaluation *****
[INFO|trainer.py:3616] 2024-07-01 23:02:25,926 >>   Num examples = 60810
[INFO|trainer.py:3619] 2024-07-01 23:02:25,927 >>   Batch size = 72
[INFO|trainer.py:3614] 2024-07-01 23:05:17,567 >> ***** Running Evaluation *****
[INFO|trainer.py:3616] 2024-07-01 23:05:17,567 >>   Num examples = 60810
[INFO|trainer.py:3619] 2024-07-01 23:05:17,567 >>   Batch size = 72
[INFO|trainer.py:3614] 2024-07-01 23:08:09,725 >> ***** Running Evaluation *****
[INFO|trainer.py:3616] 2024-07-01 23:08:09,725 >>   Num examples = 60810
[INFO|trainer.py:3619] 2024-07-01 23:08:09,726 >>   Batch size = 72
[INFO|trainer.py:3614] 2024-07-01 23:11:01,206 >> ***** Running Evaluation *****
[INFO|trainer.py:3616] 2024-07-01 23:11:01,206 >>   Num examples = 60810
[INFO|trainer.py:3619] 2024-07-01 23:11:01,206 >>   Batch size = 72
[INFO|trainer.py:3614] 2024-07-01 23:13:51,157 >> ***** Running Evaluation *****
[INFO|trainer.py:3616] 2024-07-01 23:13:51,157 >>   Num examples = 60810
[INFO|trainer.py:3619] 2024-07-01 23:13:51,160 >>   Batch size = 72
[INFO|trainer.py:3614] 2024-07-01 23:16:48,485 >> ***** Running Evaluation *****
[INFO|trainer.py:3616] 2024-07-01 23:16:48,485 >>   Num examples = 60810
[INFO|trainer.py:3619] 2024-07-01 23:16:48,485 >>   Batch size = 72
[INFO|trainer.py:3614] 2024-07-01 23:19:43,793 >> ***** Running Evaluation *****
[INFO|trainer.py:3616] 2024-07-01 23:19:43,794 >>   Num examples = 60810
[INFO|trainer.py:3619] 2024-07-01 23:19:43,794 >>   Batch size = 72
[INFO|trainer.py:3614] 2024-07-01 23:22:34,137 >> ***** Running Evaluation *****
[INFO|trainer.py:3616] 2024-07-01 23:22:34,138 >>   Num examples = 60810
[INFO|trainer.py:3619] 2024-07-01 23:22:34,138 >>   Batch size = 72
[INFO|trainer.py:3614] 2024-07-01 23:25:25,059 >> ***** Running Evaluation *****
[INFO|trainer.py:3616] 2024-07-01 23:25:25,059 >>   Num examples = 60810
[INFO|trainer.py:3619] 2024-07-01 23:25:25,059 >>   Batch size = 72
[INFO|trainer.py:3614] 2024-07-01 23:28:17,416 >> ***** Running Evaluation *****
[INFO|trainer.py:3616] 2024-07-01 23:28:17,416 >>   Num examples = 60810
[INFO|trainer.py:3619] 2024-07-01 23:28:17,416 >>   Batch size = 72
[INFO|trainer.py:3614] 2024-07-01 23:31:12,292 >> ***** Running Evaluation *****
[INFO|trainer.py:3616] 2024-07-01 23:31:12,292 >>   Num examples = 60810
[INFO|trainer.py:3619] 2024-07-01 23:31:12,292 >>   Batch size = 72
[INFO|trainer.py:3614] 2024-07-01 23:34:12,896 >> ***** Running Evaluation *****
[INFO|trainer.py:3616] 2024-07-01 23:34:12,897 >>   Num examples = 60810
[INFO|trainer.py:3619] 2024-07-01 23:34:12,897 >>   Batch size = 72
[INFO|trainer.py:3614] 2024-07-01 23:37:11,155 >> ***** Running Evaluation *****
[INFO|trainer.py:3616] 2024-07-01 23:37:11,155 >>   Num examples = 60810
[INFO|trainer.py:3619] 2024-07-01 23:37:11,155 >>   Batch size = 72
[INFO|trainer.py:3614] 2024-07-01 23:40:06,674 >> ***** Running Evaluation *****
[INFO|trainer.py:3616] 2024-07-01 23:40:06,674 >>   Num examples = 60810
[INFO|trainer.py:3619] 2024-07-01 23:40:06,674 >>   Batch size = 72
[INFO|trainer.py:3614] 2024-07-01 23:43:04,774 >> ***** Running Evaluation *****
[INFO|trainer.py:3616] 2024-07-01 23:43:04,775 >>   Num examples = 60810
[INFO|trainer.py:3619] 2024-07-01 23:43:04,775 >>   Batch size = 72
[INFO|trainer.py:3614] 2024-07-01 23:46:01,175 >> ***** Running Evaluation *****
[INFO|trainer.py:3616] 2024-07-01 23:46:01,175 >>   Num examples = 60810
[INFO|trainer.py:3619] 2024-07-01 23:46:01,175 >>   Batch size = 72
[INFO|trainer.py:3614] 2024-07-01 23:48:59,100 >> ***** Running Evaluation *****
[INFO|trainer.py:3616] 2024-07-01 23:48:59,100 >>   Num examples = 60810
[INFO|trainer.py:3619] 2024-07-01 23:48:59,101 >>   Batch size = 72
[INFO|trainer.py:3614] 2024-07-01 23:52:00,493 >> ***** Running Evaluation *****
[INFO|trainer.py:3616] 2024-07-01 23:52:00,493 >>   Num examples = 60810
[INFO|trainer.py:3619] 2024-07-01 23:52:00,494 >>   Batch size = 72
[INFO|trainer.py:3614] 2024-07-01 23:54:57,232 >> ***** Running Evaluation *****
[INFO|trainer.py:3616] 2024-07-01 23:54:57,232 >>   Num examples = 60810
[INFO|trainer.py:3619] 2024-07-01 23:54:57,232 >>   Batch size = 72
[INFO|trainer.py:3614] 2024-07-01 23:58:10,146 >> ***** Running Evaluation *****
[INFO|trainer.py:3616] 2024-07-01 23:58:10,146 >>   Num examples = 60810
[INFO|trainer.py:3619] 2024-07-01 23:58:10,146 >>   Batch size = 72
[INFO|trainer.py:3614] 2024-07-02 00:01:08,805 >> ***** Running Evaluation *****
[INFO|trainer.py:3616] 2024-07-02 00:01:08,805 >>   Num examples = 60810
[INFO|trainer.py:3619] 2024-07-02 00:01:08,805 >>   Batch size = 72
[INFO|trainer.py:3614] 2024-07-02 00:04:04,865 >> ***** Running Evaluation *****
[INFO|trainer.py:3616] 2024-07-02 00:04:04,865 >>   Num examples = 60810
[INFO|trainer.py:3619] 2024-07-02 00:04:04,865 >>   Batch size = 72
[INFO|trainer.py:3614] 2024-07-02 00:06:55,138 >> ***** Running Evaluation *****
[INFO|trainer.py:3616] 2024-07-02 00:06:55,138 >>   Num examples = 60810
[INFO|trainer.py:3619] 2024-07-02 00:06:55,138 >>   Batch size = 72
[INFO|trainer.py:3614] 2024-07-02 00:09:48,825 >> ***** Running Evaluation *****
[INFO|trainer.py:3616] 2024-07-02 00:09:48,825 >>   Num examples = 60810
[INFO|trainer.py:3619] 2024-07-02 00:09:48,825 >>   Batch size = 72
[INFO|trainer.py:3614] 2024-07-02 00:12:43,013 >> ***** Running Evaluation *****
[INFO|trainer.py:3616] 2024-07-02 00:12:43,013 >>   Num examples = 60810
[INFO|trainer.py:3619] 2024-07-02 00:12:43,013 >>   Batch size = 72
[INFO|trainer.py:3614] 2024-07-02 00:15:38,634 >> ***** Running Evaluation *****
[INFO|trainer.py:3616] 2024-07-02 00:15:38,634 >>   Num examples = 60810
[INFO|trainer.py:3619] 2024-07-02 00:15:38,634 >>   Batch size = 72
[INFO|trainer.py:3614] 2024-07-02 00:18:34,124 >> ***** Running Evaluation *****
[INFO|trainer.py:3616] 2024-07-02 00:18:34,124 >>   Num examples = 60810
[INFO|trainer.py:3619] 2024-07-02 00:18:34,124 >>   Batch size = 72
[INFO|trainer.py:3614] 2024-07-02 00:21:26,178 >> ***** Running Evaluation *****
[INFO|trainer.py:3616] 2024-07-02 00:21:26,178 >>   Num examples = 60810
[INFO|trainer.py:3619] 2024-07-02 00:21:26,178 >>   Batch size = 72
[INFO|trainer.py:3614] 2024-07-02 00:24:20,437 >> ***** Running Evaluation *****
[INFO|trainer.py:3616] 2024-07-02 00:24:20,437 >>   Num examples = 60810
[INFO|trainer.py:3619] 2024-07-02 00:24:20,437 >>   Batch size = 72
[INFO|trainer.py:3614] 2024-07-02 00:27:15,854 >> ***** Running Evaluation *****
[INFO|trainer.py:3616] 2024-07-02 00:27:15,854 >>   Num examples = 60810
[INFO|trainer.py:3619] 2024-07-02 00:27:15,854 >>   Batch size = 72
[INFO|trainer.py:3614] 2024-07-02 00:30:06,514 >> ***** Running Evaluation *****
[INFO|trainer.py:3616] 2024-07-02 00:30:06,514 >>   Num examples = 60810
[INFO|trainer.py:3619] 2024-07-02 00:30:06,514 >>   Batch size = 72
[INFO|trainer.py:3614] 2024-07-02 00:33:01,504 >> ***** Running Evaluation *****
[INFO|trainer.py:3616] 2024-07-02 00:33:01,504 >>   Num examples = 60810
[INFO|trainer.py:3619] 2024-07-02 00:33:01,504 >>   Batch size = 72
[INFO|trainer.py:3614] 2024-07-02 00:35:57,856 >> ***** Running Evaluation *****
[INFO|trainer.py:3616] 2024-07-02 00:35:57,856 >>   Num examples = 60810
[INFO|trainer.py:3619] 2024-07-02 00:35:57,856 >>   Batch size = 72
[INFO|trainer.py:3614] 2024-07-02 00:38:51,006 >> ***** Running Evaluation *****
[INFO|trainer.py:3616] 2024-07-02 00:38:51,006 >>   Num examples = 60810
[INFO|trainer.py:3619] 2024-07-02 00:38:51,006 >>   Batch size = 72
[INFO|trainer.py:3614] 2024-07-02 00:41:40,258 >> ***** Running Evaluation *****
[INFO|trainer.py:3616] 2024-07-02 00:41:40,258 >>   Num examples = 60810
[INFO|trainer.py:3619] 2024-07-02 00:41:40,258 >>   Batch size = 72
[INFO|trainer.py:3614] 2024-07-02 00:44:38,058 >> ***** Running Evaluation *****
[INFO|trainer.py:3616] 2024-07-02 00:44:38,058 >>   Num examples = 60810
[INFO|trainer.py:3619] 2024-07-02 00:44:38,058 >>   Batch size = 72
[INFO|trainer.py:3614] 2024-07-02 00:47:29,398 >> ***** Running Evaluation *****
[INFO|trainer.py:3616] 2024-07-02 00:47:29,399 >>   Num examples = 60810
[INFO|trainer.py:3619] 2024-07-02 00:47:29,399 >>   Batch size = 72
[INFO|trainer.py:3614] 2024-07-02 00:50:24,692 >> ***** Running Evaluation *****
[INFO|trainer.py:3616] 2024-07-02 00:50:24,692 >>   Num examples = 60810
[INFO|trainer.py:3619] 2024-07-02 00:50:24,692 >>   Batch size = 72
[INFO|trainer.py:3614] 2024-07-02 00:53:23,405 >> ***** Running Evaluation *****
[INFO|trainer.py:3616] 2024-07-02 00:53:23,405 >>   Num examples = 60810
[INFO|trainer.py:3619] 2024-07-02 00:53:23,405 >>   Batch size = 72
[INFO|trainer.py:3614] 2024-07-02 00:56:16,714 >> ***** Running Evaluation *****
[INFO|trainer.py:3616] 2024-07-02 00:56:16,714 >>   Num examples = 60810
[INFO|trainer.py:3619] 2024-07-02 00:56:16,714 >>   Batch size = 72
[INFO|trainer.py:3614] 2024-07-02 00:59:09,563 >> ***** Running Evaluation *****
[INFO|trainer.py:3616] 2024-07-02 00:59:09,563 >>   Num examples = 60810
[INFO|trainer.py:3619] 2024-07-02 00:59:09,563 >>   Batch size = 72
[INFO|trainer.py:3614] 2024-07-02 01:02:05,347 >> ***** Running Evaluation *****
[INFO|trainer.py:3616] 2024-07-02 01:02:05,349 >>   Num examples = 60810
[INFO|trainer.py:3619] 2024-07-02 01:02:05,349 >>   Batch size = 72
[INFO|trainer.py:3614] 2024-07-02 01:04:57,151 >> ***** Running Evaluation *****
[INFO|trainer.py:3616] 2024-07-02 01:04:57,152 >>   Num examples = 60810
[INFO|trainer.py:3619] 2024-07-02 01:04:57,152 >>   Batch size = 72
[INFO|trainer.py:3614] 2024-07-02 01:07:53,301 >> ***** Running Evaluation *****
[INFO|trainer.py:3616] 2024-07-02 01:07:53,301 >>   Num examples = 60810
[INFO|trainer.py:3619] 2024-07-02 01:07:53,302 >>   Batch size = 72
[INFO|trainer.py:3614] 2024-07-02 01:10:44,261 >> ***** Running Evaluation *****
[INFO|trainer.py:3616] 2024-07-02 01:10:44,261 >>   Num examples = 60810
[INFO|trainer.py:3619] 2024-07-02 01:10:44,262 >>   Batch size = 72
[INFO|trainer.py:3614] 2024-07-02 01:13:36,593 >> ***** Running Evaluation *****
[INFO|trainer.py:3616] 2024-07-02 01:13:36,593 >>   Num examples = 60810
[INFO|trainer.py:3619] 2024-07-02 01:13:36,593 >>   Batch size = 72
[INFO|trainer.py:3614] 2024-07-02 01:16:29,979 >> ***** Running Evaluation *****
[INFO|trainer.py:3616] 2024-07-02 01:16:29,979 >>   Num examples = 60810
[INFO|trainer.py:3619] 2024-07-02 01:16:29,979 >>   Batch size = 72
[INFO|trainer.py:3614] 2024-07-02 01:19:24,128 >> ***** Running Evaluation *****
[INFO|trainer.py:3616] 2024-07-02 01:19:24,128 >>   Num examples = 60810
[INFO|trainer.py:3619] 2024-07-02 01:19:24,128 >>   Batch size = 72
[INFO|trainer.py:3614] 2024-07-02 01:22:15,252 >> ***** Running Evaluation *****
[INFO|trainer.py:3616] 2024-07-02 01:22:15,252 >>   Num examples = 60810
[INFO|trainer.py:3619] 2024-07-02 01:22:15,252 >>   Batch size = 72
[INFO|trainer.py:3614] 2024-07-02 01:25:08,932 >> ***** Running Evaluation *****
[INFO|trainer.py:3616] 2024-07-02 01:25:08,932 >>   Num examples = 60810
[INFO|trainer.py:3619] 2024-07-02 01:25:08,932 >>   Batch size = 72
[INFO|trainer.py:3614] 2024-07-02 01:28:06,959 >> ***** Running Evaluation *****
[INFO|trainer.py:3616] 2024-07-02 01:28:06,959 >>   Num examples = 60810
[INFO|trainer.py:3619] 2024-07-02 01:28:06,959 >>   Batch size = 72
[INFO|trainer.py:3614] 2024-07-02 01:31:01,264 >> ***** Running Evaluation *****
[INFO|trainer.py:3616] 2024-07-02 01:31:01,264 >>   Num examples = 60810
[INFO|trainer.py:3619] 2024-07-02 01:31:01,264 >>   Batch size = 72
[INFO|trainer.py:3614] 2024-07-02 01:33:55,757 >> ***** Running Evaluation *****
[INFO|trainer.py:3616] 2024-07-02 01:33:55,757 >>   Num examples = 60810
[INFO|trainer.py:3619] 2024-07-02 01:33:55,757 >>   Batch size = 72
[INFO|trainer.py:3614] 2024-07-02 01:36:48,000 >> ***** Running Evaluation *****
[INFO|trainer.py:3616] 2024-07-02 01:36:48,000 >>   Num examples = 60810
[INFO|trainer.py:3619] 2024-07-02 01:36:48,000 >>   Batch size = 72
[INFO|trainer.py:3614] 2024-07-02 01:39:40,743 >> ***** Running Evaluation *****
[INFO|trainer.py:3616] 2024-07-02 01:39:40,743 >>   Num examples = 60810
[INFO|trainer.py:3619] 2024-07-02 01:39:40,743 >>   Batch size = 72
[INFO|trainer.py:3614] 2024-07-02 01:42:37,316 >> ***** Running Evaluation *****
[INFO|trainer.py:3616] 2024-07-02 01:42:37,316 >>   Num examples = 60810
[INFO|trainer.py:3619] 2024-07-02 01:42:37,316 >>   Batch size = 72
[INFO|trainer.py:3614] 2024-07-02 01:45:32,181 >> ***** Running Evaluation *****
[INFO|trainer.py:3616] 2024-07-02 01:45:32,182 >>   Num examples = 60810
[INFO|trainer.py:3619] 2024-07-02 01:45:32,182 >>   Batch size = 72
[INFO|trainer.py:3614] 2024-07-02 01:48:23,770 >> ***** Running Evaluation *****
[INFO|trainer.py:3616] 2024-07-02 01:48:23,770 >>   Num examples = 60810
[INFO|trainer.py:3619] 2024-07-02 01:48:23,770 >>   Batch size = 72
[INFO|trainer.py:3614] 2024-07-02 01:51:22,347 >> ***** Running Evaluation *****
[INFO|trainer.py:3616] 2024-07-02 01:51:22,347 >>   Num examples = 60810
[INFO|trainer.py:3619] 2024-07-02 01:51:22,347 >>   Batch size = 72
[INFO|trainer.py:3614] 2024-07-02 01:54:12,251 >> ***** Running Evaluation *****
[INFO|trainer.py:3616] 2024-07-02 01:54:12,252 >>   Num examples = 60810
[INFO|trainer.py:3619] 2024-07-02 01:54:12,252 >>   Batch size = 72
[INFO|trainer.py:3614] 2024-07-02 01:57:04,516 >> ***** Running Evaluation *****
[INFO|trainer.py:3616] 2024-07-02 01:57:04,516 >>   Num examples = 60810
[INFO|trainer.py:3619] 2024-07-02 01:57:04,516 >>   Batch size = 72
[INFO|trainer.py:3614] 2024-07-02 02:00:01,227 >> ***** Running Evaluation *****
[INFO|trainer.py:3616] 2024-07-02 02:00:01,227 >>   Num examples = 60810
[INFO|trainer.py:3619] 2024-07-02 02:00:01,227 >>   Batch size = 72
[INFO|trainer.py:3614] 2024-07-02 02:02:53,682 >> ***** Running Evaluation *****
[INFO|trainer.py:3616] 2024-07-02 02:02:53,682 >>   Num examples = 60810
[INFO|trainer.py:3619] 2024-07-02 02:02:53,682 >>   Batch size = 72
[INFO|trainer.py:3614] 2024-07-02 02:05:48,271 >> ***** Running Evaluation *****
[INFO|trainer.py:3616] 2024-07-02 02:05:48,271 >>   Num examples = 60810
[INFO|trainer.py:3619] 2024-07-02 02:05:48,272 >>   Batch size = 72
[INFO|trainer.py:3614] 2024-07-02 02:08:43,218 >> ***** Running Evaluation *****
[INFO|trainer.py:3616] 2024-07-02 02:08:43,218 >>   Num examples = 60810
[INFO|trainer.py:3619] 2024-07-02 02:08:43,218 >>   Batch size = 72
[INFO|trainer.py:3614] 2024-07-02 02:11:37,399 >> ***** Running Evaluation *****
[INFO|trainer.py:3616] 2024-07-02 02:11:37,399 >>   Num examples = 60810
[INFO|trainer.py:3619] 2024-07-02 02:11:37,399 >>   Batch size = 72
[INFO|trainer.py:3614] 2024-07-02 02:14:32,868 >> ***** Running Evaluation *****
[INFO|trainer.py:3616] 2024-07-02 02:14:32,868 >>   Num examples = 60810
[INFO|trainer.py:3619] 2024-07-02 02:14:32,868 >>   Batch size = 72
[INFO|trainer.py:3614] 2024-07-02 02:17:26,784 >> ***** Running Evaluation *****
[INFO|trainer.py:3616] 2024-07-02 02:17:26,785 >>   Num examples = 60810
[INFO|trainer.py:3619] 2024-07-02 02:17:26,785 >>   Batch size = 72
[INFO|trainer.py:3614] 2024-07-02 02:20:22,352 >> ***** Running Evaluation *****
[INFO|trainer.py:3616] 2024-07-02 02:20:22,352 >>   Num examples = 60810
[INFO|trainer.py:3619] 2024-07-02 02:20:22,352 >>   Batch size = 72
[INFO|trainer.py:3614] 2024-07-02 02:23:17,478 >> ***** Running Evaluation *****
[INFO|trainer.py:3616] 2024-07-02 02:23:17,478 >>   Num examples = 60810
[INFO|trainer.py:3619] 2024-07-02 02:23:17,478 >>   Batch size = 72
[INFO|trainer.py:3614] 2024-07-02 02:26:08,459 >> ***** Running Evaluation *****
[INFO|trainer.py:3616] 2024-07-02 02:26:08,459 >>   Num examples = 60810
[INFO|trainer.py:3619] 2024-07-02 02:26:08,459 >>   Batch size = 72
[INFO|trainer.py:3614] 2024-07-02 02:29:04,150 >> ***** Running Evaluation *****
[INFO|trainer.py:3616] 2024-07-02 02:29:04,151 >>   Num examples = 60810
[INFO|trainer.py:3619] 2024-07-02 02:29:04,151 >>   Batch size = 72
[INFO|trainer.py:3614] 2024-07-02 02:31:58,409 >> ***** Running Evaluation *****
[INFO|trainer.py:3616] 2024-07-02 02:31:58,409 >>   Num examples = 60810
[INFO|trainer.py:3619] 2024-07-02 02:31:58,409 >>   Batch size = 72
[INFO|trainer.py:3614] 2024-07-02 02:34:52,408 >> ***** Running Evaluation *****
[INFO|trainer.py:3616] 2024-07-02 02:34:52,408 >>   Num examples = 60810
[INFO|trainer.py:3619] 2024-07-02 02:34:52,408 >>   Batch size = 72
[INFO|trainer.py:3614] 2024-07-02 02:37:46,386 >> ***** Running Evaluation *****
[INFO|trainer.py:3616] 2024-07-02 02:37:46,386 >>   Num examples = 60810
[INFO|trainer.py:3619] 2024-07-02 02:37:46,386 >>   Batch size = 72
[INFO|trainer.py:3614] 2024-07-02 02:40:38,640 >> ***** Running Evaluation *****
[INFO|trainer.py:3616] 2024-07-02 02:40:38,640 >>   Num examples = 60810
[INFO|trainer.py:3619] 2024-07-02 02:40:38,640 >>   Batch size = 72
[INFO|trainer.py:3614] 2024-07-02 02:43:31,023 >> ***** Running Evaluation *****
[INFO|trainer.py:3616] 2024-07-02 02:43:31,024 >>   Num examples = 60810
[INFO|trainer.py:3619] 2024-07-02 02:43:31,024 >>   Batch size = 72
[INFO|trainer.py:3614] 2024-07-02 02:46:24,966 >> ***** Running Evaluation *****
[INFO|trainer.py:3616] 2024-07-02 02:46:24,966 >>   Num examples = 60810
[INFO|trainer.py:3619] 2024-07-02 02:46:24,966 >>   Batch size = 72
[INFO|trainer.py:3614] 2024-07-02 02:49:18,122 >> ***** Running Evaluation *****
[INFO|trainer.py:3616] 2024-07-02 02:49:18,126 >>   Num examples = 60810
[INFO|trainer.py:3619] 2024-07-02 02:49:18,126 >>   Batch size = 72
[INFO|trainer.py:3614] 2024-07-02 02:52:10,362 >> ***** Running Evaluation *****
[INFO|trainer.py:3616] 2024-07-02 02:52:10,362 >>   Num examples = 60810
[INFO|trainer.py:3619] 2024-07-02 02:52:10,363 >>   Batch size = 72
[INFO|trainer.py:3614] 2024-07-02 02:55:01,681 >> ***** Running Evaluation *****
[INFO|trainer.py:3616] 2024-07-02 02:55:01,682 >>   Num examples = 60810
[INFO|trainer.py:3619] 2024-07-02 02:55:01,682 >>   Batch size = 72
[INFO|trainer.py:3614] 2024-07-02 02:57:57,309 >> ***** Running Evaluation *****
[INFO|trainer.py:3616] 2024-07-02 02:57:57,310 >>   Num examples = 60810
[INFO|trainer.py:3619] 2024-07-02 02:57:57,310 >>   Batch size = 72
[INFO|trainer.py:3614] 2024-07-02 03:00:51,354 >> ***** Running Evaluation *****
[INFO|trainer.py:3616] 2024-07-02 03:00:51,355 >>   Num examples = 60810
[INFO|trainer.py:3619] 2024-07-02 03:00:51,355 >>   Batch size = 72
[INFO|trainer.py:3614] 2024-07-02 03:03:47,784 >> ***** Running Evaluation *****
[INFO|trainer.py:3616] 2024-07-02 03:03:47,784 >>   Num examples = 60810
[INFO|trainer.py:3619] 2024-07-02 03:03:47,784 >>   Batch size = 72
[INFO|trainer.py:3614] 2024-07-02 03:06:40,885 >> ***** Running Evaluation *****
[INFO|trainer.py:3616] 2024-07-02 03:06:40,886 >>   Num examples = 60810
[INFO|trainer.py:3619] 2024-07-02 03:06:40,886 >>   Batch size = 72
[INFO|trainer.py:3614] 2024-07-02 03:09:36,920 >> ***** Running Evaluation *****
[INFO|trainer.py:3616] 2024-07-02 03:09:36,921 >>   Num examples = 60810
[INFO|trainer.py:3619] 2024-07-02 03:09:36,921 >>   Batch size = 72
[INFO|trainer.py:3614] 2024-07-02 03:12:29,165 >> ***** Running Evaluation *****
[INFO|trainer.py:3616] 2024-07-02 03:12:29,165 >>   Num examples = 60810
[INFO|trainer.py:3619] 2024-07-02 03:12:29,165 >>   Batch size = 72
[INFO|trainer.py:3614] 2024-07-02 03:15:23,570 >> ***** Running Evaluation *****
[INFO|trainer.py:3616] 2024-07-02 03:15:23,570 >>   Num examples = 60810
[INFO|trainer.py:3619] 2024-07-02 03:15:23,570 >>   Batch size = 72
[INFO|trainer.py:3614] 2024-07-02 03:18:15,227 >> ***** Running Evaluation *****
[INFO|trainer.py:3616] 2024-07-02 03:18:15,227 >>   Num examples = 60810
[INFO|trainer.py:3619] 2024-07-02 03:18:15,227 >>   Batch size = 72
[INFO|trainer.py:3614] 2024-07-02 03:21:06,543 >> ***** Running Evaluation *****
[INFO|trainer.py:3616] 2024-07-02 03:21:06,543 >>   Num examples = 60810
[INFO|trainer.py:3619] 2024-07-02 03:21:06,543 >>   Batch size = 72
[INFO|trainer.py:3614] 2024-07-02 03:23:56,608 >> ***** Running Evaluation *****
[INFO|trainer.py:3616] 2024-07-02 03:23:56,608 >>   Num examples = 60810
[INFO|trainer.py:3619] 2024-07-02 03:23:56,608 >>   Batch size = 72
[INFO|trainer.py:3614] 2024-07-02 03:26:47,703 >> ***** Running Evaluation *****
[INFO|trainer.py:3616] 2024-07-02 03:26:47,703 >>   Num examples = 60810
[INFO|trainer.py:3619] 2024-07-02 03:26:47,703 >>   Batch size = 72
[INFO|trainer.py:3614] 2024-07-02 03:29:38,899 >> ***** Running Evaluation *****
[INFO|trainer.py:3616] 2024-07-02 03:29:38,900 >>   Num examples = 60810
[INFO|trainer.py:3619] 2024-07-02 03:29:38,900 >>   Batch size = 72
[INFO|trainer.py:3614] 2024-07-02 03:32:29,625 >> ***** Running Evaluation *****
[INFO|trainer.py:3616] 2024-07-02 03:32:29,626 >>   Num examples = 60810
[INFO|trainer.py:3619] 2024-07-02 03:32:29,626 >>   Batch size = 72
[INFO|trainer.py:3614] 2024-07-02 03:35:21,917 >> ***** Running Evaluation *****
[INFO|trainer.py:3616] 2024-07-02 03:35:21,917 >>   Num examples = 60810
[INFO|trainer.py:3619] 2024-07-02 03:35:21,917 >>   Batch size = 72
[INFO|trainer.py:3614] 2024-07-02 03:38:20,088 >> ***** Running Evaluation *****
[INFO|trainer.py:3616] 2024-07-02 03:38:20,088 >>   Num examples = 60810
[INFO|trainer.py:3619] 2024-07-02 03:38:20,088 >>   Batch size = 72
[INFO|trainer.py:3614] 2024-07-02 03:41:17,493 >> ***** Running Evaluation *****
[INFO|trainer.py:3616] 2024-07-02 03:41:17,493 >>   Num examples = 60810
[INFO|trainer.py:3619] 2024-07-02 03:41:17,495 >>   Batch size = 72
[INFO|trainer.py:3614] 2024-07-02 03:44:15,423 >> ***** Running Evaluation *****
[INFO|trainer.py:3616] 2024-07-02 03:44:15,423 >>   Num examples = 60810
[INFO|trainer.py:3619] 2024-07-02 03:44:15,423 >>   Batch size = 72
[INFO|trainer.py:3614] 2024-07-02 03:47:15,447 >> ***** Running Evaluation *****
[INFO|trainer.py:3616] 2024-07-02 03:47:15,447 >>   Num examples = 60810
[INFO|trainer.py:3619] 2024-07-02 03:47:15,447 >>   Batch size = 72
[INFO|trainer.py:3614] 2024-07-02 03:50:13,142 >> ***** Running Evaluation *****
[INFO|trainer.py:3616] 2024-07-02 03:50:13,142 >>   Num examples = 60810
[INFO|trainer.py:3619] 2024-07-02 03:50:13,142 >>   Batch size = 72
[INFO|trainer.py:3614] 2024-07-02 03:53:11,505 >> ***** Running Evaluation *****
[INFO|trainer.py:3616] 2024-07-02 03:53:11,506 >>   Num examples = 60810
[INFO|trainer.py:3619] 2024-07-02 03:53:11,506 >>   Batch size = 72
[INFO|trainer.py:3614] 2024-07-02 03:56:11,396 >> ***** Running Evaluation *****
[INFO|trainer.py:3616] 2024-07-02 03:56:11,396 >>   Num examples = 60810
[INFO|trainer.py:3619] 2024-07-02 03:56:11,397 >>   Batch size = 72
[INFO|trainer.py:3614] 2024-07-02 03:59:10,588 >> ***** Running Evaluation *****
[INFO|trainer.py:3616] 2024-07-02 03:59:10,588 >>   Num examples = 60810
[INFO|trainer.py:3619] 2024-07-02 03:59:10,588 >>   Batch size = 72
[INFO|trainer.py:3614] 2024-07-02 04:02:14,267 >> ***** Running Evaluation *****
[INFO|trainer.py:3616] 2024-07-02 04:02:14,267 >>   Num examples = 60810
[INFO|trainer.py:3619] 2024-07-02 04:02:14,267 >>   Batch size = 72
[INFO|trainer.py:3614] 2024-07-02 04:05:16,236 >> ***** Running Evaluation *****
[INFO|trainer.py:3616] 2024-07-02 04:05:16,236 >>   Num examples = 60810
[INFO|trainer.py:3619] 2024-07-02 04:05:16,236 >>   Batch size = 72
[INFO|trainer.py:3614] 2024-07-02 04:08:29,941 >> ***** Running Evaluation *****
[INFO|trainer.py:3616] 2024-07-02 04:08:29,941 >>   Num examples = 60810
[INFO|trainer.py:3619] 2024-07-02 04:08:29,941 >>   Batch size = 72
[INFO|trainer.py:3614] 2024-07-02 04:11:31,733 >> ***** Running Evaluation *****
[INFO|trainer.py:3616] 2024-07-02 04:11:31,733 >>   Num examples = 60810
[INFO|trainer.py:3619] 2024-07-02 04:11:31,733 >>   Batch size = 72
[INFO|trainer.py:3614] 2024-07-02 04:14:29,348 >> ***** Running Evaluation *****
[INFO|trainer.py:3616] 2024-07-02 04:14:29,349 >>   Num examples = 60810
[INFO|trainer.py:3619] 2024-07-02 04:14:29,349 >>   Batch size = 72
[INFO|trainer.py:3614] 2024-07-02 04:17:20,466 >> ***** Running Evaluation *****
[INFO|trainer.py:3616] 2024-07-02 04:17:20,466 >>   Num examples = 60810
[INFO|trainer.py:3619] 2024-07-02 04:17:20,466 >>   Batch size = 72
[INFO|trainer.py:3614] 2024-07-02 04:20:12,791 >> ***** Running Evaluation *****
[INFO|trainer.py:3616] 2024-07-02 04:20:12,792 >>   Num examples = 60810
[INFO|trainer.py:3619] 2024-07-02 04:20:12,792 >>   Batch size = 72
[INFO|trainer.py:3614] 2024-07-02 04:23:04,040 >> ***** Running Evaluation *****
[INFO|trainer.py:3616] 2024-07-02 04:23:04,040 >>   Num examples = 60810
[INFO|trainer.py:3619] 2024-07-02 04:23:04,040 >>   Batch size = 72
[INFO|trainer.py:3614] 2024-07-02 04:25:56,091 >> ***** Running Evaluation *****
[INFO|trainer.py:3616] 2024-07-02 04:25:56,091 >>   Num examples = 60810
[INFO|trainer.py:3619] 2024-07-02 04:25:56,091 >>   Batch size = 72
[INFO|trainer.py:3614] 2024-07-02 04:28:53,732 >> ***** Running Evaluation *****
[INFO|trainer.py:3616] 2024-07-02 04:28:53,733 >>   Num examples = 60810
[INFO|trainer.py:3619] 2024-07-02 04:28:53,733 >>   Batch size = 72
[INFO|trainer.py:3614] 2024-07-02 04:31:48,738 >> ***** Running Evaluation *****
[INFO|trainer.py:3616] 2024-07-02 04:31:48,739 >>   Num examples = 60810
[INFO|trainer.py:3619] 2024-07-02 04:31:48,739 >>   Batch size = 72
[INFO|trainer.py:3614] 2024-07-02 04:34:40,436 >> ***** Running Evaluation *****
[INFO|trainer.py:3616] 2024-07-02 04:34:40,436 >>   Num examples = 60810
[INFO|trainer.py:3619] 2024-07-02 04:34:40,436 >>   Batch size = 72
[INFO|trainer.py:3614] 2024-07-02 04:37:34,869 >> ***** Running Evaluation *****
[INFO|trainer.py:3616] 2024-07-02 04:37:34,872 >>   Num examples = 60810
[INFO|trainer.py:3619] 2024-07-02 04:37:34,872 >>   Batch size = 72
[INFO|trainer.py:3614] 2024-07-02 04:40:24,442 >> ***** Running Evaluation *****
[INFO|trainer.py:3616] 2024-07-02 04:40:24,442 >>   Num examples = 60810
[INFO|trainer.py:3619] 2024-07-02 04:40:24,442 >>   Batch size = 72
[INFO|trainer.py:3614] 2024-07-02 04:43:19,588 >> ***** Running Evaluation *****
[INFO|trainer.py:3616] 2024-07-02 04:43:19,588 >>   Num examples = 60810
[INFO|trainer.py:3619] 2024-07-02 04:43:19,588 >>   Batch size = 72
[INFO|trainer.py:3614] 2024-07-02 04:46:11,954 >> ***** Running Evaluation *****
[INFO|trainer.py:3616] 2024-07-02 04:46:11,954 >>   Num examples = 60810
[INFO|trainer.py:3619] 2024-07-02 04:46:11,954 >>   Batch size = 72
[INFO|trainer.py:3614] 2024-07-02 04:49:03,517 >> ***** Running Evaluation *****
[INFO|trainer.py:3616] 2024-07-02 04:49:03,517 >>   Num examples = 60810
[INFO|trainer.py:3619] 2024-07-02 04:49:03,517 >>   Batch size = 72
[INFO|trainer.py:3614] 2024-07-02 04:51:54,404 >> ***** Running Evaluation *****
[INFO|trainer.py:3616] 2024-07-02 04:51:54,404 >>   Num examples = 60810
[INFO|trainer.py:3619] 2024-07-02 04:51:54,404 >>   Batch size = 72
[INFO|trainer.py:3614] 2024-07-02 04:54:44,515 >> ***** Running Evaluation *****
[INFO|trainer.py:3616] 2024-07-02 04:54:44,515 >>   Num examples = 60810
[INFO|trainer.py:3619] 2024-07-02 04:54:44,516 >>   Batch size = 72
[INFO|trainer.py:3614] 2024-07-02 04:57:36,934 >> ***** Running Evaluation *****
[INFO|trainer.py:3616] 2024-07-02 04:57:36,934 >>   Num examples = 60810
[INFO|trainer.py:3619] 2024-07-02 04:57:36,934 >>   Batch size = 72
[INFO|trainer.py:3614] 2024-07-02 05:00:27,291 >> ***** Running Evaluation *****
[INFO|trainer.py:3616] 2024-07-02 05:00:27,292 >>   Num examples = 60810
[INFO|trainer.py:3619] 2024-07-02 05:00:27,292 >>   Batch size = 72
[INFO|trainer.py:3614] 2024-07-02 05:03:22,067 >> ***** Running Evaluation *****
[INFO|trainer.py:3616] 2024-07-02 05:03:22,067 >>   Num examples = 60810
[INFO|trainer.py:3619] 2024-07-02 05:03:22,067 >>   Batch size = 72
[INFO|trainer.py:3614] 2024-07-02 05:06:17,318 >> ***** Running Evaluation *****
[INFO|trainer.py:3616] 2024-07-02 05:06:17,318 >>   Num examples = 60810
[INFO|trainer.py:3619] 2024-07-02 05:06:17,318 >>   Batch size = 72
[INFO|trainer.py:3614] 2024-07-02 05:09:10,180 >> ***** Running Evaluation *****
[INFO|trainer.py:3616] 2024-07-02 05:09:10,180 >>   Num examples = 60810
[INFO|trainer.py:3619] 2024-07-02 05:09:10,180 >>   Batch size = 72
[INFO|trainer.py:3614] 2024-07-02 05:12:05,593 >> ***** Running Evaluation *****
[INFO|trainer.py:3616] 2024-07-02 05:12:05,593 >>   Num examples = 60810
[INFO|trainer.py:3619] 2024-07-02 05:12:05,593 >>   Batch size = 72
[INFO|trainer.py:3614] 2024-07-02 05:15:03,118 >> ***** Running Evaluation *****
[INFO|trainer.py:3616] 2024-07-02 05:15:03,118 >>   Num examples = 60810
[INFO|trainer.py:3619] 2024-07-02 05:15:03,118 >>   Batch size = 72
[INFO|trainer.py:3614] 2024-07-02 05:17:58,524 >> ***** Running Evaluation *****
[INFO|trainer.py:3616] 2024-07-02 05:17:58,524 >>   Num examples = 60810
[INFO|trainer.py:3619] 2024-07-02 05:17:58,524 >>   Batch size = 72
[INFO|trainer.py:3614] 2024-07-02 05:20:50,593 >> ***** Running Evaluation *****
[INFO|trainer.py:3616] 2024-07-02 05:20:50,594 >>   Num examples = 60810
[INFO|trainer.py:3619] 2024-07-02 05:20:50,594 >>   Batch size = 72
[INFO|trainer.py:3614] 2024-07-02 05:23:43,421 >> ***** Running Evaluation *****
[INFO|trainer.py:3616] 2024-07-02 05:23:43,421 >>   Num examples = 60810
[INFO|trainer.py:3619] 2024-07-02 05:23:43,421 >>   Batch size = 72
[INFO|trainer.py:3614] 2024-07-02 05:26:35,971 >> ***** Running Evaluation *****
[INFO|trainer.py:3616] 2024-07-02 05:26:35,971 >>   Num examples = 60810
[INFO|trainer.py:3619] 2024-07-02 05:26:35,971 >>   Batch size = 72
[INFO|trainer.py:3614] 2024-07-02 05:29:30,583 >> ***** Running Evaluation *****
[INFO|trainer.py:3616] 2024-07-02 05:29:30,583 >>   Num examples = 60810
[INFO|trainer.py:3619] 2024-07-02 05:29:30,586 >>   Batch size = 72
[INFO|trainer.py:3614] 2024-07-02 05:32:31,549 >> ***** Running Evaluation *****
[INFO|trainer.py:3616] 2024-07-02 05:32:31,549 >>   Num examples = 60810
[INFO|trainer.py:3619] 2024-07-02 05:32:31,549 >>   Batch size = 72
[INFO|trainer.py:3614] 2024-07-02 05:35:27,121 >> ***** Running Evaluation *****
[INFO|trainer.py:3616] 2024-07-02 05:35:27,121 >>   Num examples = 60810
[INFO|trainer.py:3619] 2024-07-02 05:35:27,121 >>   Batch size = 72
[INFO|trainer.py:3614] 2024-07-02 05:38:26,124 >> ***** Running Evaluation *****
[INFO|trainer.py:3616] 2024-07-02 05:38:26,124 >>   Num examples = 60810
[INFO|trainer.py:3619] 2024-07-02 05:38:26,124 >>   Batch size = 72
[INFO|trainer.py:3614] 2024-07-02 05:41:20,083 >> ***** Running Evaluation *****
[INFO|trainer.py:3616] 2024-07-02 05:41:20,083 >>   Num examples = 60810
[INFO|trainer.py:3619] 2024-07-02 05:41:20,083 >>   Batch size = 72
[INFO|trainer.py:3614] 2024-07-02 05:44:14,051 >> ***** Running Evaluation *****
[INFO|trainer.py:3616] 2024-07-02 05:44:14,051 >>   Num examples = 60810
[INFO|trainer.py:3619] 2024-07-02 05:44:14,051 >>   Batch size = 72
[INFO|trainer.py:3614] 2024-07-02 05:47:05,764 >> ***** Running Evaluation *****
[INFO|trainer.py:3616] 2024-07-02 05:47:05,764 >>   Num examples = 60810
[INFO|trainer.py:3619] 2024-07-02 05:47:05,764 >>   Batch size = 72
[INFO|trainer.py:3614] 2024-07-02 05:49:57,028 >> ***** Running Evaluation *****
[INFO|trainer.py:3616] 2024-07-02 05:49:57,029 >>   Num examples = 60810
[INFO|trainer.py:3619] 2024-07-02 05:49:57,029 >>   Batch size = 72
[INFO|trainer.py:3614] 2024-07-02 05:52:49,501 >> ***** Running Evaluation *****
[INFO|trainer.py:3616] 2024-07-02 05:52:49,501 >>   Num examples = 60810
[INFO|trainer.py:3619] 2024-07-02 05:52:49,501 >>   Batch size = 72
[INFO|trainer.py:3614] 2024-07-02 05:55:43,343 >> ***** Running Evaluation *****
[INFO|trainer.py:3616] 2024-07-02 05:55:43,343 >>   Num examples = 60810
[INFO|trainer.py:3619] 2024-07-02 05:55:43,343 >>   Batch size = 72
[INFO|trainer.py:3614] 2024-07-02 05:58:33,454 >> ***** Running Evaluation *****
[INFO|trainer.py:3616] 2024-07-02 05:58:33,454 >>   Num examples = 60810
[INFO|trainer.py:3619] 2024-07-02 05:58:33,454 >>   Batch size = 72
[INFO|trainer.py:3614] 2024-07-02 06:01:28,543 >> ***** Running Evaluation *****
[INFO|trainer.py:3616] 2024-07-02 06:01:28,544 >>   Num examples = 60810
[INFO|trainer.py:3619] 2024-07-02 06:01:28,544 >>   Batch size = 72
[INFO|trainer.py:3614] 2024-07-02 06:04:20,434 >> ***** Running Evaluation *****
[INFO|trainer.py:3616] 2024-07-02 06:04:20,434 >>   Num examples = 60810
[INFO|trainer.py:3619] 2024-07-02 06:04:20,435 >>   Batch size = 72
[INFO|trainer.py:3614] 2024-07-02 06:07:16,602 >> ***** Running Evaluation *****
[INFO|trainer.py:3616] 2024-07-02 06:07:16,602 >>   Num examples = 60810
[INFO|trainer.py:3619] 2024-07-02 06:07:16,602 >>   Batch size = 72
[INFO|trainer.py:3614] 2024-07-02 06:10:43,885 >> ***** Running Evaluation *****
[INFO|trainer.py:3616] 2024-07-02 06:10:43,886 >>   Num examples = 60810
[INFO|trainer.py:3619] 2024-07-02 06:10:43,886 >>   Batch size = 72
[INFO|trainer.py:3614] 2024-07-02 06:13:31,688 >> ***** Running Evaluation *****
[INFO|trainer.py:3616] 2024-07-02 06:13:31,688 >>   Num examples = 60810
[INFO|trainer.py:3619] 2024-07-02 06:13:31,688 >>   Batch size = 72
[INFO|trainer.py:3614] 2024-07-02 06:16:21,236 >> ***** Running Evaluation *****
[INFO|trainer.py:3616] 2024-07-02 06:16:21,236 >>   Num examples = 60810
[INFO|trainer.py:3619] 2024-07-02 06:16:21,236 >>   Batch size = 72
[INFO|trainer.py:3614] 2024-07-02 06:19:12,788 >> ***** Running Evaluation *****
[INFO|trainer.py:3616] 2024-07-02 06:19:12,788 >>   Num examples = 60810
[INFO|trainer.py:3619] 2024-07-02 06:19:12,788 >>   Batch size = 72
[INFO|trainer.py:3614] 2024-07-02 06:22:06,124 >> ***** Running Evaluation *****
[INFO|trainer.py:3616] 2024-07-02 06:22:06,125 >>   Num examples = 60810
[INFO|trainer.py:3619] 2024-07-02 06:22:06,125 >>   Batch size = 72
[INFO|trainer.py:3614] 2024-07-02 06:24:57,048 >> ***** Running Evaluation *****
[INFO|trainer.py:3616] 2024-07-02 06:24:57,048 >>   Num examples = 60810
[INFO|trainer.py:3619] 2024-07-02 06:24:57,048 >>   Batch size = 72
[INFO|trainer.py:3614] 2024-07-02 06:27:50,659 >> ***** Running Evaluation *****
[INFO|trainer.py:3616] 2024-07-02 06:27:50,659 >>   Num examples = 60810
[INFO|trainer.py:3619] 2024-07-02 06:27:50,659 >>   Batch size = 72
[INFO|trainer.py:3614] 2024-07-02 06:30:45,657 >> ***** Running Evaluation *****
[INFO|trainer.py:3616] 2024-07-02 06:30:45,657 >>   Num examples = 60810
[INFO|trainer.py:3619] 2024-07-02 06:30:45,657 >>   Batch size = 72
[INFO|trainer.py:3614] 2024-07-02 06:33:36,173 >> ***** Running Evaluation *****
[INFO|trainer.py:3616] 2024-07-02 06:33:36,173 >>   Num examples = 60810
[INFO|trainer.py:3619] 2024-07-02 06:33:36,173 >>   Batch size = 72
[INFO|trainer.py:3614] 2024-07-02 06:36:27,093 >> ***** Running Evaluation *****
[INFO|trainer.py:3616] 2024-07-02 06:36:27,093 >>   Num examples = 60810
[INFO|trainer.py:3619] 2024-07-02 06:36:27,093 >>   Batch size = 72
[INFO|trainer.py:3614] 2024-07-02 06:39:20,539 >> ***** Running Evaluation *****
[INFO|trainer.py:3616] 2024-07-02 06:39:20,539 >>   Num examples = 60810
[INFO|trainer.py:3619] 2024-07-02 06:39:20,539 >>   Batch size = 72
[INFO|trainer.py:3614] 2024-07-02 06:42:13,342 >> ***** Running Evaluation *****
[INFO|trainer.py:3616] 2024-07-02 06:42:13,343 >>   Num examples = 60810
[INFO|trainer.py:3619] 2024-07-02 06:42:13,343 >>   Batch size = 72
[INFO|trainer.py:3614] 2024-07-02 06:45:05,780 >> ***** Running Evaluation *****
[INFO|trainer.py:3616] 2024-07-02 06:45:05,780 >>   Num examples = 60810
[INFO|trainer.py:3619] 2024-07-02 06:45:05,780 >>   Batch size = 72
[INFO|trainer.py:3614] 2024-07-02 06:47:56,641 >> ***** Running Evaluation *****
[INFO|trainer.py:3616] 2024-07-02 06:47:56,641 >>   Num examples = 60810
[INFO|trainer.py:3619] 2024-07-02 06:47:56,642 >>   Batch size = 72
[INFO|trainer.py:3614] 2024-07-02 06:50:51,354 >> ***** Running Evaluation *****
[INFO|trainer.py:3616] 2024-07-02 06:50:51,354 >>   Num examples = 60810
[INFO|trainer.py:3619] 2024-07-02 06:50:51,354 >>   Batch size = 72
[INFO|trainer.py:3614] 2024-07-02 06:53:47,542 >> ***** Running Evaluation *****
[INFO|trainer.py:3616] 2024-07-02 06:53:47,542 >>   Num examples = 60810
[INFO|trainer.py:3619] 2024-07-02 06:53:47,542 >>   Batch size = 72
[INFO|trainer.py:3614] 2024-07-02 06:56:39,902 >> ***** Running Evaluation *****
[INFO|trainer.py:3616] 2024-07-02 06:56:39,902 >>   Num examples = 60810
[INFO|trainer.py:3619] 2024-07-02 06:56:39,902 >>   Batch size = 72
[INFO|trainer.py:3614] 2024-07-02 06:59:33,659 >> ***** Running Evaluation *****
[INFO|trainer.py:3616] 2024-07-02 06:59:33,660 >>   Num examples = 60810
[INFO|trainer.py:3619] 2024-07-02 06:59:33,660 >>   Batch size = 72
[INFO|trainer.py:3614] 2024-07-02 07:02:29,787 >> ***** Running Evaluation *****
[INFO|trainer.py:3616] 2024-07-02 07:02:29,787 >>   Num examples = 60810
[INFO|trainer.py:3619] 2024-07-02 07:02:29,787 >>   Batch size = 72
[INFO|trainer.py:3614] 2024-07-02 07:05:27,573 >> ***** Running Evaluation *****
[INFO|trainer.py:3616] 2024-07-02 07:05:27,573 >>   Num examples = 60810
[INFO|trainer.py:3619] 2024-07-02 07:05:27,574 >>   Batch size = 72
[INFO|trainer.py:3614] 2024-07-02 07:08:19,807 >> ***** Running Evaluation *****
[INFO|trainer.py:3616] 2024-07-02 07:08:19,807 >>   Num examples = 60810
[INFO|trainer.py:3619] 2024-07-02 07:08:19,807 >>   Batch size = 72
[INFO|trainer.py:3614] 2024-07-02 07:11:13,583 >> ***** Running Evaluation *****
[INFO|trainer.py:3616] 2024-07-02 07:11:13,583 >>   Num examples = 60810
[INFO|trainer.py:3619] 2024-07-02 07:11:13,583 >>   Batch size = 72
[INFO|trainer.py:3614] 2024-07-02 07:14:07,307 >> ***** Running Evaluation *****
[INFO|trainer.py:3616] 2024-07-02 07:14:07,307 >>   Num examples = 60810
[INFO|trainer.py:3619] 2024-07-02 07:14:07,307 >>   Batch size = 72
[INFO|trainer.py:3614] 2024-07-02 07:16:58,897 >> ***** Running Evaluation *****
[INFO|trainer.py:3616] 2024-07-02 07:16:58,897 >>   Num examples = 60810
[INFO|trainer.py:3619] 2024-07-02 07:16:58,900 >>   Batch size = 72
[INFO|trainer.py:3614] 2024-07-02 07:19:51,911 >> ***** Running Evaluation *****
[INFO|trainer.py:3616] 2024-07-02 07:19:51,911 >>   Num examples = 60810
[INFO|trainer.py:3619] 2024-07-02 07:19:51,911 >>   Batch size = 72
[INFO|trainer.py:3614] 2024-07-02 07:22:46,736 >> ***** Running Evaluation *****
[INFO|trainer.py:3616] 2024-07-02 07:22:46,736 >>   Num examples = 60810
[INFO|trainer.py:3619] 2024-07-02 07:22:46,736 >>   Batch size = 72
[INFO|trainer.py:3614] 2024-07-02 07:25:39,309 >> ***** Running Evaluation *****
[INFO|trainer.py:3616] 2024-07-02 07:25:39,309 >>   Num examples = 60810
[INFO|trainer.py:3619] 2024-07-02 07:25:39,309 >>   Batch size = 72
[INFO|trainer.py:3614] 2024-07-02 07:28:32,414 >> ***** Running Evaluation *****
[INFO|trainer.py:3616] 2024-07-02 07:28:32,414 >>   Num examples = 60810
[INFO|trainer.py:3619] 2024-07-02 07:28:32,414 >>   Batch size = 72
[INFO|trainer.py:3614] 2024-07-02 07:31:26,229 >> ***** Running Evaluation *****
[INFO|trainer.py:3616] 2024-07-02 07:31:26,230 >>   Num examples = 60810
[INFO|trainer.py:3619] 2024-07-02 07:31:26,230 >>   Batch size = 72
[INFO|trainer.py:3614] 2024-07-02 07:34:19,798 >> ***** Running Evaluation *****
[INFO|trainer.py:3616] 2024-07-02 07:34:19,798 >>   Num examples = 60810
[INFO|trainer.py:3619] 2024-07-02 07:34:19,798 >>   Batch size = 72
[INFO|trainer.py:3614] 2024-07-02 07:37:12,791 >> ***** Running Evaluation *****
[INFO|trainer.py:3616] 2024-07-02 07:37:12,791 >>   Num examples = 60810
[INFO|trainer.py:3619] 2024-07-02 07:37:12,791 >>   Batch size = 72
[INFO|trainer.py:3614] 2024-07-02 07:40:05,909 >> ***** Running Evaluation *****
[INFO|trainer.py:3616] 2024-07-02 07:40:05,910 >>   Num examples = 60810
[INFO|trainer.py:3619] 2024-07-02 07:40:05,910 >>   Batch size = 72
[INFO|trainer.py:3614] 2024-07-02 07:43:01,021 >> ***** Running Evaluation *****
[INFO|trainer.py:3616] 2024-07-02 07:43:01,022 >>   Num examples = 60810
[INFO|trainer.py:3619] 2024-07-02 07:43:01,022 >>   Batch size = 72
[INFO|trainer.py:3614] 2024-07-02 07:45:54,487 >> ***** Running Evaluation *****
[INFO|trainer.py:3616] 2024-07-02 07:45:54,487 >>   Num examples = 60810
[INFO|trainer.py:3619] 2024-07-02 07:45:54,487 >>   Batch size = 72
[INFO|trainer.py:3614] 2024-07-02 07:48:48,987 >> ***** Running Evaluation *****
[INFO|trainer.py:3616] 2024-07-02 07:48:48,988 >>   Num examples = 60810
[INFO|trainer.py:3619] 2024-07-02 07:48:48,988 >>   Batch size = 72
[INFO|trainer.py:3614] 2024-07-02 07:51:44,864 >> ***** Running Evaluation *****
[INFO|trainer.py:3616] 2024-07-02 07:51:44,864 >>   Num examples = 60810
[INFO|trainer.py:3619] 2024-07-02 07:51:44,864 >>   Batch size = 72
[INFO|trainer.py:3614] 2024-07-02 07:54:45,224 >> ***** Running Evaluation *****
[INFO|trainer.py:3616] 2024-07-02 07:54:45,224 >>   Num examples = 60810
[INFO|trainer.py:3619] 2024-07-02 07:54:45,224 >>   Batch size = 72
[INFO|trainer.py:3614] 2024-07-02 07:57:42,999 >> ***** Running Evaluation *****
[INFO|trainer.py:3616] 2024-07-02 07:57:43,000 >>   Num examples = 60810
[INFO|trainer.py:3619] 2024-07-02 07:57:43,000 >>   Batch size = 72
[INFO|trainer.py:3614] 2024-07-02 08:00:43,080 >> ***** Running Evaluation *****
[INFO|trainer.py:3616] 2024-07-02 08:00:43,080 >>   Num examples = 60810
[INFO|trainer.py:3619] 2024-07-02 08:00:43,080 >>   Batch size = 72
[INFO|trainer.py:3614] 2024-07-02 08:03:41,603 >> ***** Running Evaluation *****
[INFO|trainer.py:3616] 2024-07-02 08:03:41,604 >>   Num examples = 60810
[INFO|trainer.py:3619] 2024-07-02 08:03:41,604 >>   Batch size = 72
[INFO|trainer.py:3614] 2024-07-02 08:06:43,239 >> ***** Running Evaluation *****
[INFO|trainer.py:3616] 2024-07-02 08:06:43,239 >>   Num examples = 60810
[INFO|trainer.py:3619] 2024-07-02 08:06:43,239 >>   Batch size = 72
[INFO|trainer.py:3614] 2024-07-02 08:09:44,542 >> ***** Running Evaluation *****
[INFO|trainer.py:3616] 2024-07-02 08:09:44,542 >>   Num examples = 60810
[INFO|trainer.py:3619] 2024-07-02 08:09:44,542 >>   Batch size = 72
[INFO|trainer.py:3614] 2024-07-02 08:12:42,550 >> ***** Running Evaluation *****
[INFO|trainer.py:3616] 2024-07-02 08:12:42,550 >>   Num examples = 60810
[INFO|trainer.py:3619] 2024-07-02 08:12:42,550 >>   Batch size = 72
[INFO|trainer.py:3614] 2024-07-02 08:15:48,755 >> ***** Running Evaluation *****
[INFO|trainer.py:3616] 2024-07-02 08:15:48,755 >>   Num examples = 60810
[INFO|trainer.py:3619] 2024-07-02 08:15:48,756 >>   Batch size = 72
[INFO|trainer.py:3614] 2024-07-02 08:18:56,687 >> ***** Running Evaluation *****
[INFO|trainer.py:3616] 2024-07-02 08:18:56,687 >>   Num examples = 60810
[INFO|trainer.py:3619] 2024-07-02 08:18:56,687 >>   Batch size = 72
[INFO|trainer.py:3614] 2024-07-02 08:22:02,352 >> ***** Running Evaluation *****
[INFO|trainer.py:3616] 2024-07-02 08:22:02,352 >>   Num examples = 60810
[INFO|trainer.py:3619] 2024-07-02 08:22:02,352 >>   Batch size = 72
[INFO|trainer.py:3614] 2024-07-02 08:24:57,700 >> ***** Running Evaluation *****
[INFO|trainer.py:3616] 2024-07-02 08:24:57,700 >>   Num examples = 60810
[INFO|trainer.py:3619] 2024-07-02 08:24:57,700 >>   Batch size = 72
[INFO|trainer.py:3614] 2024-07-02 08:27:50,002 >> ***** Running Evaluation *****
[INFO|trainer.py:3616] 2024-07-02 08:27:50,002 >>   Num examples = 60810
[INFO|trainer.py:3619] 2024-07-02 08:27:50,002 >>   Batch size = 72
[INFO|trainer.py:3614] 2024-07-02 08:30:43,673 >> ***** Running Evaluation *****
[INFO|trainer.py:3616] 2024-07-02 08:30:43,673 >>   Num examples = 60810
[INFO|trainer.py:3619] 2024-07-02 08:30:43,673 >>   Batch size = 72
[INFO|trainer.py:3614] 2024-07-02 08:33:37,247 >> ***** Running Evaluation *****
[INFO|trainer.py:3616] 2024-07-02 08:33:37,248 >>   Num examples = 60810
[INFO|trainer.py:3619] 2024-07-02 08:33:37,248 >>   Batch size = 72
/home/share/huadjyin/home/weiyilin/project/DNALLM/omiclm/run/run_omicformer_train.py:263: ConstantInputWarning: An input array is constant; the correlation coefficient is not defined.
  _spearmanr = stats.spearmanr(ture_peak, logits)
/home/share/huadjyin/home/weiyilin/project/DNALLM/omiclm/run/run_omicformer_train.py:263: ConstantInputWarning: An input array is constant; the correlation coefficient is not defined.
  _spearmanr = stats.spearmanr(ture_peak, logits)
/home/share/huadjyin/home/weiyilin/project/DNALLM/omiclm/run/run_omicformer_train.py:263: ConstantInputWarning: An input array is constant; the correlation coefficient is not defined.
  _spearmanr = stats.spearmanr(ture_peak, logits)
/home/share/huadjyin/home/weiyilin/project/DNALLM/omiclm/run/run_omicformer_train.py:263: ConstantInputWarning: An input array is constant; the correlation coefficient is not defined.
  _spearmanr = stats.spearmanr(ture_peak, logits)
[INFO|trainer.py:3614] 2024-07-02 08:36:27,353 >> ***** Running Evaluation *****
[INFO|trainer.py:3616] 2024-07-02 08:36:27,355 >>   Num examples = 60810
[INFO|trainer.py:3619] 2024-07-02 08:36:27,355 >>   Batch size = 72
/home/share/huadjyin/home/weiyilin/project/DNALLM/omiclm/run/run_omicformer_train.py:263: ConstantInputWarning: An input array is constant; the correlation coefficient is not defined.
  _spearmanr = stats.spearmanr(ture_peak, logits)
/home/share/huadjyin/home/weiyilin/project/DNALLM/omiclm/run/run_omicformer_train.py:263: ConstantInputWarning: An input array is constant; the correlation coefficient is not defined.
  _spearmanr = stats.spearmanr(ture_peak, logits)
/home/share/huadjyin/home/weiyilin/project/DNALLM/omiclm/run/run_omicformer_train.py:263: ConstantInputWarning: An input array is constant; the correlation coefficient is not defined.
  _spearmanr = stats.spearmanr(ture_peak, logits)
/home/share/huadjyin/home/weiyilin/project/DNALLM/omiclm/run/run_omicformer_train.py:263: ConstantInputWarning: An input array is constant; the correlation coefficient is not defined.
  _spearmanr = stats.spearmanr(ture_peak, logits)
[INFO|trainer.py:3614] 2024-07-02 08:39:20,195 >> ***** Running Evaluation *****
[INFO|trainer.py:3616] 2024-07-02 08:39:20,196 >>   Num examples = 60810
[INFO|trainer.py:3619] 2024-07-02 08:39:20,196 >>   Batch size = 72
/home/share/huadjyin/home/weiyilin/project/DNALLM/omiclm/run/run_omicformer_train.py:263: ConstantInputWarning: An input array is constant; the correlation coefficient is not defined.
  _spearmanr = stats.spearmanr(ture_peak, logits)
/home/share/huadjyin/home/weiyilin/project/DNALLM/omiclm/run/run_omicformer_train.py:263: ConstantInputWarning: An input array is constant; the correlation coefficient is not defined.
  _spearmanr = stats.spearmanr(ture_peak, logits)
/home/share/huadjyin/home/weiyilin/project/DNALLM/omiclm/run/run_omicformer_train.py:263: ConstantInputWarning: An input array is constant; the correlation coefficient is not defined.
  _spearmanr = stats.spearmanr(ture_peak, logits)
/home/share/huadjyin/home/weiyilin/project/DNALLM/omiclm/run/run_omicformer_train.py:263: ConstantInputWarning: An input array is constant; the correlation coefficient is not defined.
  _spearmanr = stats.spearmanr(ture_peak, logits)
[INFO|trainer.py:3614] 2024-07-02 08:42:11,615 >> ***** Running Evaluation *****
[INFO|trainer.py:3616] 2024-07-02 08:42:11,615 >>   Num examples = 60810
[INFO|trainer.py:3619] 2024-07-02 08:42:11,615 >>   Batch size = 72
/home/share/huadjyin/home/weiyilin/project/DNALLM/omiclm/run/run_omicformer_train.py:263: ConstantInputWarning: An input array is constant; the correlation coefficient is not defined.
  _spearmanr = stats.spearmanr(ture_peak, logits)
/home/share/huadjyin/home/weiyilin/project/DNALLM/omiclm/run/run_omicformer_train.py:263: ConstantInputWarning: An input array is constant; the correlation coefficient is not defined.
  _spearmanr = stats.spearmanr(ture_peak, logits)
/home/share/huadjyin/home/weiyilin/project/DNALLM/omiclm/run/run_omicformer_train.py:263: ConstantInputWarning: An input array is constant; the correlation coefficient is not defined.
  _spearmanr = stats.spearmanr(ture_peak, logits)
/home/share/huadjyin/home/weiyilin/project/DNALLM/omiclm/run/run_omicformer_train.py:263: ConstantInputWarning: An input array is constant; the correlation coefficient is not defined.
  _spearmanr = stats.spearmanr(ture_peak, logits)
[INFO|trainer.py:3614] 2024-07-02 08:45:02,366 >> ***** Running Evaluation *****
[INFO|trainer.py:3616] 2024-07-02 08:45:02,367 >>   Num examples = 60810
[INFO|trainer.py:3619] 2024-07-02 08:45:02,367 >>   Batch size = 72
/home/share/huadjyin/home/weiyilin/project/DNALLM/omiclm/run/run_omicformer_train.py:263: ConstantInputWarning: An input array is constant; the correlation coefficient is not defined.
  _spearmanr = stats.spearmanr(ture_peak, logits)
/home/share/huadjyin/home/weiyilin/project/DNALLM/omiclm/run/run_omicformer_train.py:263: ConstantInputWarning: An input array is constant; the correlation coefficient is not defined.
  _spearmanr = stats.spearmanr(ture_peak, logits)
/home/share/huadjyin/home/weiyilin/project/DNALLM/omiclm/run/run_omicformer_train.py:263: ConstantInputWarning: An input array is constant; the correlation coefficient is not defined.
  _spearmanr = stats.spearmanr(ture_peak, logits)
/home/share/huadjyin/home/weiyilin/project/DNALLM/omiclm/run/run_omicformer_train.py:263: ConstantInputWarning: An input array is constant; the correlation coefficient is not defined.
  _spearmanr = stats.spearmanr(ture_peak, logits)
WARNING:torch.distributed.elastic.agent.server.api:Received 15 death signal, shutting down workers
WARNING:torch.distributed.elastic.multiprocessing.api:Sending process 686125 closing signal SIGTERM
WARNING:torch.distributed.elastic.multiprocessing.api:Sending process 686126 closing signal SIGTERM
WARNING:torch.distributed.elastic.multiprocessing.api:Sending process 686127 closing signal SIGTERM
WARNING:torch.distributed.elastic.multiprocessing.api:Sending process 686128 closing signal SIGTERM
