gcc-12.2.0 loaded successful
cuda-11.8.0 loaded successful
/home/share/huadjyin/home/baiyong01/.local/lib/python3.9/site-packages/pandas/core/arrays/masked.py:60: UserWarning: Pandas requires version '1.3.6' or newer of 'bottleneck' (version '1.3.5' currently installed).
  from pandas.core import (
/home/share/huadjyin/home/baiyong01/.local/lib/python3.9/site-packages/pandas/core/arrays/masked.py:60: UserWarning: Pandas requires version '1.3.6' or newer of 'bottleneck' (version '1.3.5' currently installed).
  from pandas.core import (
/home/share/huadjyin/home/baiyong01/.local/lib/python3.9/site-packages/pandas/core/arrays/masked.py:60: UserWarning: Pandas requires version '1.3.6' or newer of 'bottleneck' (version '1.3.5' currently installed).
  from pandas.core import (
/home/share/huadjyin/home/baiyong01/.local/lib/python3.9/site-packages/pandas/core/arrays/masked.py:60: UserWarning: Pandas requires version '1.3.6' or newer of 'bottleneck' (version '1.3.5' currently installed).
  from pandas.core import (
Loading cached split indices for dataset at /home/share/huadjyin/home/weiyilin/project/DNALLM/datasets/tokenized_datasets/seq_dataset/hyenadna/CD8_expression_5K/train/cache-3e61ea8dd6d33517.arrow and /home/share/huadjyin/home/weiyilin/project/DNALLM/datasets/tokenized_datasets/seq_dataset/hyenadna/CD8_expression_5K/train/cache-4d391ab6f165eb30.arrow
/home/share/huadjyin/home/baiyong01/.local/lib/python3.9/site-packages/torch/utils/tensorboard/__init__.py:4: DeprecationWarning: distutils Version classes are deprecated. Use packaging.version instead.
  if not hasattr(tensorboard, "__version__") or LooseVersion(
/home/share/huadjyin/home/baiyong01/.local/lib/python3.9/site-packages/torch/utils/tensorboard/__init__.py:6: DeprecationWarning: distutils Version classes are deprecated. Use packaging.version instead.
  ) < LooseVersion("1.15"):
[WARNING|trainer.py:577] 2024-07-01 19:54:25,795 >> max_steps is given, it will override any value given in num_train_epochs
[INFO|trainer.py:626] 2024-07-01 19:54:25,795 >> Using auto half precision backend
/home/share/huadjyin/home/baiyong01/.local/lib/python3.9/site-packages/torch/utils/tensorboard/__init__.py:4: DeprecationWarning: distutils Version classes are deprecated. Use packaging.version instead.
  if not hasattr(tensorboard, "__version__") or LooseVersion(
/home/share/huadjyin/home/baiyong01/.local/lib/python3.9/site-packages/torch/utils/tensorboard/__init__.py:6: DeprecationWarning: distutils Version classes are deprecated. Use packaging.version instead.
  ) < LooseVersion("1.15"):
[WARNING|trainer.py:577] 2024-07-01 19:54:56,302 >> max_steps is given, it will override any value given in num_train_epochs
/home/share/huadjyin/home/baiyong01/.local/lib/python3.9/site-packages/torch/utils/tensorboard/__init__.py:4: DeprecationWarning: distutils Version classes are deprecated. Use packaging.version instead.
  if not hasattr(tensorboard, "__version__") or LooseVersion(
/home/share/huadjyin/home/baiyong01/.local/lib/python3.9/site-packages/torch/utils/tensorboard/__init__.py:6: DeprecationWarning: distutils Version classes are deprecated. Use packaging.version instead.
  ) < LooseVersion("1.15"):
[WARNING|trainer.py:577] 2024-07-01 19:54:56,810 >> max_steps is given, it will override any value given in num_train_epochs
/home/share/huadjyin/home/baiyong01/.local/lib/python3.9/site-packages/torch/utils/tensorboard/__init__.py:4: DeprecationWarning: distutils Version classes are deprecated. Use packaging.version instead.
  if not hasattr(tensorboard, "__version__") or LooseVersion(
/home/share/huadjyin/home/baiyong01/.local/lib/python3.9/site-packages/torch/utils/tensorboard/__init__.py:6: DeprecationWarning: distutils Version classes are deprecated. Use packaging.version instead.
  ) < LooseVersion("1.15"):
[WARNING|trainer.py:577] 2024-07-01 19:54:57,109 >> max_steps is given, it will override any value given in num_train_epochs
[INFO|trainer.py:2048] 2024-07-01 19:54:59,266 >> ***** Running training *****
[INFO|trainer.py:2049] 2024-07-01 19:54:59,267 >>   Num examples = 121,558,634
[INFO|trainer.py:2050] 2024-07-01 19:54:59,267 >>   Num Epochs = 8
[INFO|trainer.py:2051] 2024-07-01 19:54:59,267 >>   Instantaneous batch size per device = 72
[INFO|trainer.py:2054] 2024-07-01 19:54:59,267 >>   Total train batch size (w. parallel, distributed & accumulation) = 11,520
[INFO|trainer.py:2055] 2024-07-01 19:54:59,267 >>   Gradient Accumulation steps = 10
[INFO|trainer.py:2056] 2024-07-01 19:54:59,267 >>   Total optimization steps = 80,000
[INFO|trainer.py:2057] 2024-07-01 19:54:59,269 >>   Number of trainable parameters = 47,919,105
[WARNING|modeling_utils.py:1188] 2024-07-01 19:55:16,810 >> Could not estimate the number of tokens of the input, floating-point operations will not be computed
[WARNING|modeling_utils.py:1188] 2024-07-01 19:55:16,810 >> Could not estimate the number of tokens of the input, floating-point operations will not be computed
[WARNING|modeling_utils.py:1188] 2024-07-01 19:55:16,817 >> Could not estimate the number of tokens of the input, floating-point operations will not be computed
[WARNING|modeling_utils.py:1188] 2024-07-01 19:55:16,818 >> Could not estimate the number of tokens of the input, floating-point operations will not be computed
[INFO|trainer.py:3614] 2024-07-01 19:57:53,526 >> ***** Running Evaluation *****
[INFO|trainer.py:3616] 2024-07-01 19:57:53,528 >>   Num examples = 60810
[INFO|trainer.py:3619] 2024-07-01 19:57:53,528 >>   Batch size = 72
[INFO|trainer.py:3614] 2024-07-01 20:00:38,626 >> ***** Running Evaluation *****
[INFO|trainer.py:3616] 2024-07-01 20:00:38,628 >>   Num examples = 60810
[INFO|trainer.py:3619] 2024-07-01 20:00:38,628 >>   Batch size = 72
[INFO|trainer.py:3614] 2024-07-01 20:03:25,453 >> ***** Running Evaluation *****
[INFO|trainer.py:3616] 2024-07-01 20:03:25,453 >>   Num examples = 60810
[INFO|trainer.py:3619] 2024-07-01 20:03:25,453 >>   Batch size = 72
[INFO|trainer.py:3614] 2024-07-01 20:06:12,266 >> ***** Running Evaluation *****
[INFO|trainer.py:3616] 2024-07-01 20:06:12,266 >>   Num examples = 60810
[INFO|trainer.py:3619] 2024-07-01 20:06:12,266 >>   Batch size = 72
[INFO|trainer.py:3614] 2024-07-01 20:09:03,837 >> ***** Running Evaluation *****
[INFO|trainer.py:3616] 2024-07-01 20:09:03,837 >>   Num examples = 60810
[INFO|trainer.py:3619] 2024-07-01 20:09:03,837 >>   Batch size = 72
[INFO|trainer.py:3614] 2024-07-01 20:11:55,462 >> ***** Running Evaluation *****
[INFO|trainer.py:3616] 2024-07-01 20:11:55,463 >>   Num examples = 60810
[INFO|trainer.py:3619] 2024-07-01 20:11:55,463 >>   Batch size = 72
[INFO|trainer.py:3614] 2024-07-01 20:14:52,379 >> ***** Running Evaluation *****
[INFO|trainer.py:3616] 2024-07-01 20:14:52,379 >>   Num examples = 60810
[INFO|trainer.py:3619] 2024-07-01 20:14:52,379 >>   Batch size = 72
[INFO|trainer.py:3614] 2024-07-01 20:17:45,396 >> ***** Running Evaluation *****
[INFO|trainer.py:3616] 2024-07-01 20:17:45,396 >>   Num examples = 60810
[INFO|trainer.py:3619] 2024-07-01 20:17:45,397 >>   Batch size = 72
[INFO|trainer.py:3614] 2024-07-01 20:20:40,042 >> ***** Running Evaluation *****
[INFO|trainer.py:3616] 2024-07-01 20:20:40,043 >>   Num examples = 60810
[INFO|trainer.py:3619] 2024-07-01 20:20:40,043 >>   Batch size = 72
[INFO|trainer.py:3614] 2024-07-01 20:23:31,037 >> ***** Running Evaluation *****
[INFO|trainer.py:3616] 2024-07-01 20:23:31,037 >>   Num examples = 60810
[INFO|trainer.py:3619] 2024-07-01 20:23:31,037 >>   Batch size = 72
[INFO|trainer.py:3614] 2024-07-01 20:26:25,247 >> ***** Running Evaluation *****
[INFO|trainer.py:3616] 2024-07-01 20:26:25,248 >>   Num examples = 60810
[INFO|trainer.py:3619] 2024-07-01 20:26:25,248 >>   Batch size = 72
[INFO|trainer.py:3614] 2024-07-01 20:29:19,736 >> ***** Running Evaluation *****
[INFO|trainer.py:3616] 2024-07-01 20:29:19,736 >>   Num examples = 60810
[INFO|trainer.py:3619] 2024-07-01 20:29:19,736 >>   Batch size = 72
[INFO|trainer.py:3614] 2024-07-01 20:32:14,122 >> ***** Running Evaluation *****
[INFO|trainer.py:3616] 2024-07-01 20:32:14,122 >>   Num examples = 60810
[INFO|trainer.py:3619] 2024-07-01 20:32:14,122 >>   Batch size = 72
[INFO|trainer.py:3614] 2024-07-01 20:35:05,552 >> ***** Running Evaluation *****
[INFO|trainer.py:3616] 2024-07-01 20:35:05,554 >>   Num examples = 60810
[INFO|trainer.py:3619] 2024-07-01 20:35:05,554 >>   Batch size = 72
[INFO|trainer.py:3614] 2024-07-01 20:37:59,591 >> ***** Running Evaluation *****
[INFO|trainer.py:3616] 2024-07-01 20:37:59,591 >>   Num examples = 60810
[INFO|trainer.py:3619] 2024-07-01 20:37:59,591 >>   Batch size = 72
[INFO|trainer.py:3614] 2024-07-01 20:40:53,070 >> ***** Running Evaluation *****
[INFO|trainer.py:3616] 2024-07-01 20:40:53,070 >>   Num examples = 60810
[INFO|trainer.py:3619] 2024-07-01 20:40:53,071 >>   Batch size = 72
[INFO|trainer.py:3614] 2024-07-01 20:43:46,194 >> ***** Running Evaluation *****
[INFO|trainer.py:3616] 2024-07-01 20:43:46,194 >>   Num examples = 60810
[INFO|trainer.py:3619] 2024-07-01 20:43:46,194 >>   Batch size = 72
[INFO|trainer.py:3614] 2024-07-01 20:46:42,140 >> ***** Running Evaluation *****
[INFO|trainer.py:3616] 2024-07-01 20:46:42,140 >>   Num examples = 60810
[INFO|trainer.py:3619] 2024-07-01 20:46:42,140 >>   Batch size = 72
[INFO|trainer.py:3614] 2024-07-01 20:49:35,113 >> ***** Running Evaluation *****
[INFO|trainer.py:3616] 2024-07-01 20:49:35,113 >>   Num examples = 60810
[INFO|trainer.py:3619] 2024-07-01 20:49:35,113 >>   Batch size = 72
[INFO|trainer.py:3614] 2024-07-01 20:52:30,111 >> ***** Running Evaluation *****
[INFO|trainer.py:3616] 2024-07-01 20:52:30,111 >>   Num examples = 60810
[INFO|trainer.py:3619] 2024-07-01 20:52:30,111 >>   Batch size = 72
[INFO|trainer.py:3614] 2024-07-01 20:55:25,928 >> ***** Running Evaluation *****
[INFO|trainer.py:3616] 2024-07-01 20:55:25,929 >>   Num examples = 60810
[INFO|trainer.py:3619] 2024-07-01 20:55:25,929 >>   Batch size = 72
[INFO|trainer.py:3614] 2024-07-01 20:58:21,840 >> ***** Running Evaluation *****
[INFO|trainer.py:3616] 2024-07-01 20:58:21,840 >>   Num examples = 60810
[INFO|trainer.py:3619] 2024-07-01 20:58:21,841 >>   Batch size = 72
[INFO|trainer.py:3614] 2024-07-01 21:01:15,120 >> ***** Running Evaluation *****
[INFO|trainer.py:3616] 2024-07-01 21:01:15,120 >>   Num examples = 60810
[INFO|trainer.py:3619] 2024-07-01 21:01:15,120 >>   Batch size = 72
[INFO|trainer.py:3614] 2024-07-01 21:04:07,925 >> ***** Running Evaluation *****
[INFO|trainer.py:3616] 2024-07-01 21:04:07,925 >>   Num examples = 60810
[INFO|trainer.py:3619] 2024-07-01 21:04:07,925 >>   Batch size = 72
[INFO|trainer.py:3614] 2024-07-01 21:07:01,055 >> ***** Running Evaluation *****
[INFO|trainer.py:3616] 2024-07-01 21:07:01,055 >>   Num examples = 60810
[INFO|trainer.py:3619] 2024-07-01 21:07:01,055 >>   Batch size = 72
[INFO|trainer.py:3614] 2024-07-01 21:09:57,976 >> ***** Running Evaluation *****
[INFO|trainer.py:3616] 2024-07-01 21:09:57,976 >>   Num examples = 60810
[INFO|trainer.py:3619] 2024-07-01 21:09:57,976 >>   Batch size = 72
[INFO|trainer.py:3614] 2024-07-01 21:12:54,067 >> ***** Running Evaluation *****
[INFO|trainer.py:3616] 2024-07-01 21:12:54,067 >>   Num examples = 60810
[INFO|trainer.py:3619] 2024-07-01 21:12:54,068 >>   Batch size = 72
[INFO|trainer.py:3614] 2024-07-01 21:15:48,145 >> ***** Running Evaluation *****
[INFO|trainer.py:3616] 2024-07-01 21:15:48,146 >>   Num examples = 60810
[INFO|trainer.py:3619] 2024-07-01 21:15:48,146 >>   Batch size = 72
[INFO|trainer.py:3614] 2024-07-01 21:18:45,698 >> ***** Running Evaluation *****
[INFO|trainer.py:3616] 2024-07-01 21:18:45,698 >>   Num examples = 60810
[INFO|trainer.py:3619] 2024-07-01 21:18:45,698 >>   Batch size = 72
[INFO|trainer.py:3614] 2024-07-01 21:21:39,317 >> ***** Running Evaluation *****
[INFO|trainer.py:3616] 2024-07-01 21:21:39,317 >>   Num examples = 60810
[INFO|trainer.py:3619] 2024-07-01 21:21:39,317 >>   Batch size = 72
[INFO|trainer.py:3614] 2024-07-01 21:24:28,065 >> ***** Running Evaluation *****
[INFO|trainer.py:3616] 2024-07-01 21:24:28,066 >>   Num examples = 60810
[INFO|trainer.py:3619] 2024-07-01 21:24:28,066 >>   Batch size = 72
[INFO|trainer.py:3614] 2024-07-01 21:27:22,474 >> ***** Running Evaluation *****
[INFO|trainer.py:3616] 2024-07-01 21:27:22,474 >>   Num examples = 60810
[INFO|trainer.py:3619] 2024-07-01 21:27:22,477 >>   Batch size = 72
[INFO|trainer.py:3614] 2024-07-01 21:30:13,139 >> ***** Running Evaluation *****
[INFO|trainer.py:3616] 2024-07-01 21:30:13,139 >>   Num examples = 60810
[INFO|trainer.py:3619] 2024-07-01 21:30:13,139 >>   Batch size = 72
[INFO|trainer.py:3614] 2024-07-01 21:33:03,403 >> ***** Running Evaluation *****
[INFO|trainer.py:3616] 2024-07-01 21:33:03,404 >>   Num examples = 60810
[INFO|trainer.py:3619] 2024-07-01 21:33:03,404 >>   Batch size = 72
[INFO|trainer.py:3614] 2024-07-01 21:35:53,750 >> ***** Running Evaluation *****
[INFO|trainer.py:3616] 2024-07-01 21:35:53,750 >>   Num examples = 60810
[INFO|trainer.py:3619] 2024-07-01 21:35:53,750 >>   Batch size = 72
[INFO|trainer.py:3614] 2024-07-01 21:38:45,482 >> ***** Running Evaluation *****
[INFO|trainer.py:3616] 2024-07-01 21:38:45,482 >>   Num examples = 60810
[INFO|trainer.py:3619] 2024-07-01 21:38:45,482 >>   Batch size = 72
[INFO|trainer.py:3614] 2024-07-01 21:41:39,181 >> ***** Running Evaluation *****
[INFO|trainer.py:3616] 2024-07-01 21:41:39,182 >>   Num examples = 60810
[INFO|trainer.py:3619] 2024-07-01 21:41:39,182 >>   Batch size = 72
[INFO|trainer.py:3614] 2024-07-01 21:44:32,749 >> ***** Running Evaluation *****
[INFO|trainer.py:3616] 2024-07-01 21:44:32,749 >>   Num examples = 60810
[INFO|trainer.py:3619] 2024-07-01 21:44:32,749 >>   Batch size = 72
[INFO|trainer.py:3614] 2024-07-01 21:47:22,858 >> ***** Running Evaluation *****
[INFO|trainer.py:3616] 2024-07-01 21:47:22,858 >>   Num examples = 60810
[INFO|trainer.py:3619] 2024-07-01 21:47:22,858 >>   Batch size = 72
[INFO|trainer.py:3614] 2024-07-01 21:50:14,382 >> ***** Running Evaluation *****
[INFO|trainer.py:3616] 2024-07-01 21:50:14,382 >>   Num examples = 60810
[INFO|trainer.py:3619] 2024-07-01 21:50:14,382 >>   Batch size = 72
[INFO|trainer.py:3614] 2024-07-01 21:53:09,469 >> ***** Running Evaluation *****
[INFO|trainer.py:3616] 2024-07-01 21:53:09,469 >>   Num examples = 60810
[INFO|trainer.py:3619] 2024-07-01 21:53:09,469 >>   Batch size = 72
[INFO|trainer.py:3614] 2024-07-01 21:56:11,036 >> ***** Running Evaluation *****
[INFO|trainer.py:3616] 2024-07-01 21:56:11,036 >>   Num examples = 60810
[INFO|trainer.py:3619] 2024-07-01 21:56:11,037 >>   Batch size = 72
[INFO|trainer.py:3614] 2024-07-01 21:59:02,936 >> ***** Running Evaluation *****
[INFO|trainer.py:3616] 2024-07-01 21:59:02,936 >>   Num examples = 60810
[INFO|trainer.py:3619] 2024-07-01 21:59:02,936 >>   Batch size = 72
[INFO|trainer.py:3614] 2024-07-01 22:01:55,477 >> ***** Running Evaluation *****
[INFO|trainer.py:3616] 2024-07-01 22:01:55,478 >>   Num examples = 60810
[INFO|trainer.py:3619] 2024-07-01 22:01:55,478 >>   Batch size = 72
[INFO|trainer.py:3614] 2024-07-01 22:04:48,182 >> ***** Running Evaluation *****
[INFO|trainer.py:3616] 2024-07-01 22:04:48,182 >>   Num examples = 60810
[INFO|trainer.py:3619] 2024-07-01 22:04:48,182 >>   Batch size = 72
[INFO|trainer.py:3614] 2024-07-01 22:07:40,658 >> ***** Running Evaluation *****
[INFO|trainer.py:3616] 2024-07-01 22:07:40,659 >>   Num examples = 60810
[INFO|trainer.py:3619] 2024-07-01 22:07:40,659 >>   Batch size = 72
[INFO|trainer.py:3614] 2024-07-01 22:10:33,326 >> ***** Running Evaluation *****
[INFO|trainer.py:3616] 2024-07-01 22:10:33,326 >>   Num examples = 60810
[INFO|trainer.py:3619] 2024-07-01 22:10:33,326 >>   Batch size = 72
[INFO|trainer.py:3614] 2024-07-01 22:13:24,718 >> ***** Running Evaluation *****
[INFO|trainer.py:3616] 2024-07-01 22:13:24,718 >>   Num examples = 60810
[INFO|trainer.py:3619] 2024-07-01 22:13:24,718 >>   Batch size = 72
[INFO|trainer.py:3614] 2024-07-01 22:16:15,285 >> ***** Running Evaluation *****
[INFO|trainer.py:3616] 2024-07-01 22:16:15,285 >>   Num examples = 60810
[INFO|trainer.py:3619] 2024-07-01 22:16:15,285 >>   Batch size = 72
[INFO|trainer.py:3614] 2024-07-01 22:19:08,365 >> ***** Running Evaluation *****
[INFO|trainer.py:3616] 2024-07-01 22:19:08,365 >>   Num examples = 60810
[INFO|trainer.py:3619] 2024-07-01 22:19:08,365 >>   Batch size = 72
[INFO|trainer.py:3614] 2024-07-01 22:22:00,273 >> ***** Running Evaluation *****
[INFO|trainer.py:3616] 2024-07-01 22:22:00,273 >>   Num examples = 60810
[INFO|trainer.py:3619] 2024-07-01 22:22:00,273 >>   Batch size = 72
[INFO|trainer.py:3614] 2024-07-01 22:24:55,688 >> ***** Running Evaluation *****
[INFO|trainer.py:3616] 2024-07-01 22:24:55,688 >>   Num examples = 60810
[INFO|trainer.py:3619] 2024-07-01 22:24:55,688 >>   Batch size = 72
[INFO|trainer.py:3614] 2024-07-01 22:27:48,587 >> ***** Running Evaluation *****
[INFO|trainer.py:3616] 2024-07-01 22:27:48,587 >>   Num examples = 60810
[INFO|trainer.py:3619] 2024-07-01 22:27:48,587 >>   Batch size = 72
[INFO|trainer.py:3614] 2024-07-01 22:30:43,405 >> ***** Running Evaluation *****
[INFO|trainer.py:3616] 2024-07-01 22:30:43,405 >>   Num examples = 60810
[INFO|trainer.py:3619] 2024-07-01 22:30:43,405 >>   Batch size = 72
[INFO|trainer.py:3614] 2024-07-01 22:33:35,497 >> ***** Running Evaluation *****
[INFO|trainer.py:3616] 2024-07-01 22:33:35,498 >>   Num examples = 60810
[INFO|trainer.py:3619] 2024-07-01 22:33:35,498 >>   Batch size = 72
[INFO|trainer.py:3614] 2024-07-01 22:36:28,910 >> ***** Running Evaluation *****
[INFO|trainer.py:3616] 2024-07-01 22:36:28,910 >>   Num examples = 60810
[INFO|trainer.py:3619] 2024-07-01 22:36:28,910 >>   Batch size = 72
[INFO|trainer.py:3614] 2024-07-01 22:39:21,119 >> ***** Running Evaluation *****
[INFO|trainer.py:3616] 2024-07-01 22:39:21,120 >>   Num examples = 60810
[INFO|trainer.py:3619] 2024-07-01 22:39:21,120 >>   Batch size = 72
[INFO|trainer.py:3614] 2024-07-01 22:42:14,336 >> ***** Running Evaluation *****
[INFO|trainer.py:3616] 2024-07-01 22:42:14,336 >>   Num examples = 60810
[INFO|trainer.py:3619] 2024-07-01 22:42:14,336 >>   Batch size = 72
[INFO|trainer.py:3614] 2024-07-01 22:45:06,371 >> ***** Running Evaluation *****
[INFO|trainer.py:3616] 2024-07-01 22:45:06,371 >>   Num examples = 60810
[INFO|trainer.py:3619] 2024-07-01 22:45:06,371 >>   Batch size = 72
[INFO|trainer.py:3614] 2024-07-01 22:48:00,045 >> ***** Running Evaluation *****
[INFO|trainer.py:3616] 2024-07-01 22:48:00,045 >>   Num examples = 60810
[INFO|trainer.py:3619] 2024-07-01 22:48:00,046 >>   Batch size = 72
[INFO|trainer.py:3614] 2024-07-01 22:50:50,829 >> ***** Running Evaluation *****
[INFO|trainer.py:3616] 2024-07-01 22:50:50,829 >>   Num examples = 60810
[INFO|trainer.py:3619] 2024-07-01 22:50:50,829 >>   Batch size = 72
[INFO|trainer.py:3614] 2024-07-01 22:53:44,092 >> ***** Running Evaluation *****
[INFO|trainer.py:3616] 2024-07-01 22:53:44,092 >>   Num examples = 60810
[INFO|trainer.py:3619] 2024-07-01 22:53:44,093 >>   Batch size = 72
[INFO|trainer.py:3614] 2024-07-01 22:56:39,697 >> ***** Running Evaluation *****
[INFO|trainer.py:3616] 2024-07-01 22:56:39,697 >>   Num examples = 60810
[INFO|trainer.py:3619] 2024-07-01 22:56:39,697 >>   Batch size = 72
[INFO|trainer.py:3614] 2024-07-01 22:59:30,079 >> ***** Running Evaluation *****
[INFO|trainer.py:3616] 2024-07-01 22:59:30,079 >>   Num examples = 60810
[INFO|trainer.py:3619] 2024-07-01 22:59:30,080 >>   Batch size = 72
[INFO|trainer.py:3614] 2024-07-01 23:02:25,933 >> ***** Running Evaluation *****
[INFO|trainer.py:3616] 2024-07-01 23:02:25,934 >>   Num examples = 60810
[INFO|trainer.py:3619] 2024-07-01 23:02:25,934 >>   Batch size = 72
[INFO|trainer.py:3614] 2024-07-01 23:05:17,574 >> ***** Running Evaluation *****
[INFO|trainer.py:3616] 2024-07-01 23:05:17,574 >>   Num examples = 60810
[INFO|trainer.py:3619] 2024-07-01 23:05:17,574 >>   Batch size = 72
[INFO|trainer.py:3614] 2024-07-01 23:08:09,732 >> ***** Running Evaluation *****
[INFO|trainer.py:3616] 2024-07-01 23:08:09,733 >>   Num examples = 60810
[INFO|trainer.py:3619] 2024-07-01 23:08:09,733 >>   Batch size = 72
[INFO|trainer.py:3614] 2024-07-01 23:11:01,213 >> ***** Running Evaluation *****
[INFO|trainer.py:3616] 2024-07-01 23:11:01,214 >>   Num examples = 60810
[INFO|trainer.py:3619] 2024-07-01 23:11:01,214 >>   Batch size = 72
[INFO|trainer.py:3614] 2024-07-01 23:13:51,162 >> ***** Running Evaluation *****
[INFO|trainer.py:3616] 2024-07-01 23:13:51,162 >>   Num examples = 60810
[INFO|trainer.py:3619] 2024-07-01 23:13:51,164 >>   Batch size = 72
[INFO|trainer.py:3614] 2024-07-01 23:16:48,488 >> ***** Running Evaluation *****
[INFO|trainer.py:3616] 2024-07-01 23:16:48,488 >>   Num examples = 60810
[INFO|trainer.py:3619] 2024-07-01 23:16:48,489 >>   Batch size = 72
[INFO|trainer.py:3614] 2024-07-01 23:19:43,795 >> ***** Running Evaluation *****
[INFO|trainer.py:3616] 2024-07-01 23:19:43,795 >>   Num examples = 60810
[INFO|trainer.py:3619] 2024-07-01 23:19:43,795 >>   Batch size = 72
[INFO|trainer.py:3614] 2024-07-01 23:22:34,138 >> ***** Running Evaluation *****
[INFO|trainer.py:3616] 2024-07-01 23:22:34,138 >>   Num examples = 60810
[INFO|trainer.py:3619] 2024-07-01 23:22:34,138 >>   Batch size = 72
[INFO|trainer.py:3614] 2024-07-01 23:25:25,059 >> ***** Running Evaluation *****
[INFO|trainer.py:3616] 2024-07-01 23:25:25,059 >>   Num examples = 60810
[INFO|trainer.py:3619] 2024-07-01 23:25:25,059 >>   Batch size = 72
[INFO|trainer.py:3614] 2024-07-01 23:28:17,415 >> ***** Running Evaluation *****
[INFO|trainer.py:3616] 2024-07-01 23:28:17,415 >>   Num examples = 60810
[INFO|trainer.py:3619] 2024-07-01 23:28:17,415 >>   Batch size = 72
[INFO|trainer.py:3614] 2024-07-01 23:31:12,291 >> ***** Running Evaluation *****
[INFO|trainer.py:3616] 2024-07-01 23:31:12,291 >>   Num examples = 60810
[INFO|trainer.py:3619] 2024-07-01 23:31:12,291 >>   Batch size = 72
[INFO|trainer.py:3614] 2024-07-01 23:34:12,895 >> ***** Running Evaluation *****
[INFO|trainer.py:3616] 2024-07-01 23:34:12,895 >>   Num examples = 60810
[INFO|trainer.py:3619] 2024-07-01 23:34:12,895 >>   Batch size = 72
[INFO|trainer.py:3614] 2024-07-01 23:37:11,153 >> ***** Running Evaluation *****
[INFO|trainer.py:3616] 2024-07-01 23:37:11,153 >>   Num examples = 60810
[INFO|trainer.py:3619] 2024-07-01 23:37:11,153 >>   Batch size = 72
[INFO|trainer.py:3614] 2024-07-01 23:40:06,672 >> ***** Running Evaluation *****
[INFO|trainer.py:3616] 2024-07-01 23:40:06,672 >>   Num examples = 60810
[INFO|trainer.py:3619] 2024-07-01 23:40:06,672 >>   Batch size = 72
[INFO|trainer.py:3614] 2024-07-01 23:43:04,772 >> ***** Running Evaluation *****
[INFO|trainer.py:3616] 2024-07-01 23:43:04,772 >>   Num examples = 60810
[INFO|trainer.py:3619] 2024-07-01 23:43:04,772 >>   Batch size = 72
[INFO|trainer.py:3614] 2024-07-01 23:46:01,172 >> ***** Running Evaluation *****
[INFO|trainer.py:3616] 2024-07-01 23:46:01,173 >>   Num examples = 60810
[INFO|trainer.py:3619] 2024-07-01 23:46:01,173 >>   Batch size = 72
[INFO|trainer.py:3614] 2024-07-01 23:48:59,098 >> ***** Running Evaluation *****
[INFO|trainer.py:3616] 2024-07-01 23:48:59,098 >>   Num examples = 60810
[INFO|trainer.py:3619] 2024-07-01 23:48:59,098 >>   Batch size = 72
[INFO|trainer.py:3614] 2024-07-01 23:52:00,490 >> ***** Running Evaluation *****
[INFO|trainer.py:3616] 2024-07-01 23:52:00,491 >>   Num examples = 60810
[INFO|trainer.py:3619] 2024-07-01 23:52:00,491 >>   Batch size = 72
[INFO|trainer.py:3614] 2024-07-01 23:54:57,229 >> ***** Running Evaluation *****
[INFO|trainer.py:3616] 2024-07-01 23:54:57,230 >>   Num examples = 60810
[INFO|trainer.py:3619] 2024-07-01 23:54:57,230 >>   Batch size = 72
[INFO|trainer.py:3614] 2024-07-01 23:58:10,143 >> ***** Running Evaluation *****
[INFO|trainer.py:3616] 2024-07-01 23:58:10,143 >>   Num examples = 60810
[INFO|trainer.py:3619] 2024-07-01 23:58:10,144 >>   Batch size = 72
[INFO|trainer.py:3614] 2024-07-02 00:01:08,803 >> ***** Running Evaluation *****
[INFO|trainer.py:3616] 2024-07-02 00:01:08,803 >>   Num examples = 60810
[INFO|trainer.py:3619] 2024-07-02 00:01:08,803 >>   Batch size = 72
[INFO|trainer.py:3614] 2024-07-02 00:04:04,862 >> ***** Running Evaluation *****
[INFO|trainer.py:3616] 2024-07-02 00:04:04,862 >>   Num examples = 60810
[INFO|trainer.py:3619] 2024-07-02 00:04:04,862 >>   Batch size = 72
[INFO|trainer.py:3614] 2024-07-02 00:06:55,135 >> ***** Running Evaluation *****
[INFO|trainer.py:3616] 2024-07-02 00:06:55,135 >>   Num examples = 60810
[INFO|trainer.py:3619] 2024-07-02 00:06:55,135 >>   Batch size = 72
[INFO|trainer.py:3614] 2024-07-02 00:09:48,822 >> ***** Running Evaluation *****
[INFO|trainer.py:3616] 2024-07-02 00:09:48,822 >>   Num examples = 60810
[INFO|trainer.py:3619] 2024-07-02 00:09:48,822 >>   Batch size = 72
[INFO|trainer.py:3614] 2024-07-02 00:12:43,010 >> ***** Running Evaluation *****
[INFO|trainer.py:3616] 2024-07-02 00:12:43,010 >>   Num examples = 60810
[INFO|trainer.py:3619] 2024-07-02 00:12:43,010 >>   Batch size = 72
[INFO|trainer.py:3614] 2024-07-02 00:15:38,631 >> ***** Running Evaluation *****
[INFO|trainer.py:3616] 2024-07-02 00:15:38,631 >>   Num examples = 60810
[INFO|trainer.py:3619] 2024-07-02 00:15:38,631 >>   Batch size = 72
[INFO|trainer.py:3614] 2024-07-02 00:18:34,120 >> ***** Running Evaluation *****
[INFO|trainer.py:3616] 2024-07-02 00:18:34,120 >>   Num examples = 60810
[INFO|trainer.py:3619] 2024-07-02 00:18:34,121 >>   Batch size = 72
[INFO|trainer.py:3614] 2024-07-02 00:21:26,175 >> ***** Running Evaluation *****
[INFO|trainer.py:3616] 2024-07-02 00:21:26,176 >>   Num examples = 60810
[INFO|trainer.py:3619] 2024-07-02 00:21:26,176 >>   Batch size = 72
[INFO|trainer.py:3614] 2024-07-02 00:24:20,432 >> ***** Running Evaluation *****
[INFO|trainer.py:3616] 2024-07-02 00:24:20,433 >>   Num examples = 60810
[INFO|trainer.py:3619] 2024-07-02 00:24:20,433 >>   Batch size = 72
[INFO|trainer.py:3614] 2024-07-02 00:27:15,853 >> ***** Running Evaluation *****
[INFO|trainer.py:3616] 2024-07-02 00:27:15,853 >>   Num examples = 60810
[INFO|trainer.py:3619] 2024-07-02 00:27:15,853 >>   Batch size = 72
[INFO|trainer.py:3614] 2024-07-02 00:30:06,513 >> ***** Running Evaluation *****
[INFO|trainer.py:3616] 2024-07-02 00:30:06,514 >>   Num examples = 60810
[INFO|trainer.py:3619] 2024-07-02 00:30:06,514 >>   Batch size = 72
[INFO|trainer.py:3614] 2024-07-02 00:33:01,504 >> ***** Running Evaluation *****
[INFO|trainer.py:3616] 2024-07-02 00:33:01,505 >>   Num examples = 60810
[INFO|trainer.py:3619] 2024-07-02 00:33:01,505 >>   Batch size = 72
[INFO|trainer.py:3614] 2024-07-02 00:35:57,856 >> ***** Running Evaluation *****
[INFO|trainer.py:3616] 2024-07-02 00:35:57,856 >>   Num examples = 60810
[INFO|trainer.py:3619] 2024-07-02 00:35:57,856 >>   Batch size = 72
[INFO|trainer.py:3614] 2024-07-02 00:38:51,005 >> ***** Running Evaluation *****
[INFO|trainer.py:3616] 2024-07-02 00:38:51,005 >>   Num examples = 60810
[INFO|trainer.py:3619] 2024-07-02 00:38:51,006 >>   Batch size = 72
[INFO|trainer.py:3614] 2024-07-02 00:41:40,259 >> ***** Running Evaluation *****
[INFO|trainer.py:3616] 2024-07-02 00:41:40,259 >>   Num examples = 60810
[INFO|trainer.py:3619] 2024-07-02 00:41:40,259 >>   Batch size = 72
[INFO|trainer.py:3614] 2024-07-02 00:44:38,058 >> ***** Running Evaluation *****
[INFO|trainer.py:3616] 2024-07-02 00:44:38,059 >>   Num examples = 60810
[INFO|trainer.py:3619] 2024-07-02 00:44:38,059 >>   Batch size = 72
[INFO|trainer.py:3614] 2024-07-02 00:47:29,399 >> ***** Running Evaluation *****
[INFO|trainer.py:3616] 2024-07-02 00:47:29,399 >>   Num examples = 60810
[INFO|trainer.py:3619] 2024-07-02 00:47:29,399 >>   Batch size = 72
[INFO|trainer.py:3614] 2024-07-02 00:50:24,696 >> ***** Running Evaluation *****
[INFO|trainer.py:3616] 2024-07-02 00:50:24,697 >>   Num examples = 60810
[INFO|trainer.py:3619] 2024-07-02 00:50:24,697 >>   Batch size = 72
[INFO|trainer.py:3614] 2024-07-02 00:53:23,405 >> ***** Running Evaluation *****
[INFO|trainer.py:3616] 2024-07-02 00:53:23,406 >>   Num examples = 60810
[INFO|trainer.py:3619] 2024-07-02 00:53:23,406 >>   Batch size = 72
[INFO|trainer.py:3614] 2024-07-02 00:56:16,711 >> ***** Running Evaluation *****
[INFO|trainer.py:3616] 2024-07-02 00:56:16,711 >>   Num examples = 60810
[INFO|trainer.py:3619] 2024-07-02 00:56:16,711 >>   Batch size = 72
[INFO|trainer.py:3614] 2024-07-02 00:59:09,562 >> ***** Running Evaluation *****
[INFO|trainer.py:3616] 2024-07-02 00:59:09,562 >>   Num examples = 60810
[INFO|trainer.py:3619] 2024-07-02 00:59:09,562 >>   Batch size = 72
[INFO|trainer.py:3614] 2024-07-02 01:02:05,345 >> ***** Running Evaluation *****
[INFO|trainer.py:3616] 2024-07-02 01:02:05,349 >>   Num examples = 60810
[INFO|trainer.py:3619] 2024-07-02 01:02:05,349 >>   Batch size = 72
[INFO|trainer.py:3614] 2024-07-02 01:04:57,150 >> ***** Running Evaluation *****
[INFO|trainer.py:3616] 2024-07-02 01:04:57,150 >>   Num examples = 60810
[INFO|trainer.py:3619] 2024-07-02 01:04:57,150 >>   Batch size = 72
[INFO|trainer.py:3614] 2024-07-02 01:07:53,299 >> ***** Running Evaluation *****
[INFO|trainer.py:3616] 2024-07-02 01:07:53,299 >>   Num examples = 60810
[INFO|trainer.py:3619] 2024-07-02 01:07:53,299 >>   Batch size = 72
[INFO|trainer.py:3614] 2024-07-02 01:10:44,259 >> ***** Running Evaluation *****
[INFO|trainer.py:3616] 2024-07-02 01:10:44,259 >>   Num examples = 60810
[INFO|trainer.py:3619] 2024-07-02 01:10:44,259 >>   Batch size = 72
[INFO|trainer.py:3614] 2024-07-02 01:13:36,590 >> ***** Running Evaluation *****
[INFO|trainer.py:3616] 2024-07-02 01:13:36,591 >>   Num examples = 60810
[INFO|trainer.py:3619] 2024-07-02 01:13:36,591 >>   Batch size = 72
[INFO|trainer.py:3614] 2024-07-02 01:16:29,977 >> ***** Running Evaluation *****
[INFO|trainer.py:3616] 2024-07-02 01:16:29,977 >>   Num examples = 60810
[INFO|trainer.py:3619] 2024-07-02 01:16:29,977 >>   Batch size = 72
[INFO|trainer.py:3614] 2024-07-02 01:19:24,125 >> ***** Running Evaluation *****
[INFO|trainer.py:3616] 2024-07-02 01:19:24,125 >>   Num examples = 60810
[INFO|trainer.py:3619] 2024-07-02 01:19:24,125 >>   Batch size = 72
[INFO|trainer.py:3614] 2024-07-02 01:22:15,252 >> ***** Running Evaluation *****
[INFO|trainer.py:3616] 2024-07-02 01:22:15,252 >>   Num examples = 60810
[INFO|trainer.py:3619] 2024-07-02 01:22:15,252 >>   Batch size = 72
[INFO|trainer.py:3614] 2024-07-02 01:25:08,929 >> ***** Running Evaluation *****
[INFO|trainer.py:3616] 2024-07-02 01:25:08,929 >>   Num examples = 60810
[INFO|trainer.py:3619] 2024-07-02 01:25:08,929 >>   Batch size = 72
[INFO|trainer.py:3614] 2024-07-02 01:28:06,955 >> ***** Running Evaluation *****
[INFO|trainer.py:3616] 2024-07-02 01:28:06,956 >>   Num examples = 60810
[INFO|trainer.py:3619] 2024-07-02 01:28:06,956 >>   Batch size = 72
[INFO|trainer.py:3614] 2024-07-02 01:31:01,262 >> ***** Running Evaluation *****
[INFO|trainer.py:3616] 2024-07-02 01:31:01,262 >>   Num examples = 60810
[INFO|trainer.py:3619] 2024-07-02 01:31:01,262 >>   Batch size = 72
[INFO|trainer.py:3614] 2024-07-02 01:33:55,756 >> ***** Running Evaluation *****
[INFO|trainer.py:3616] 2024-07-02 01:33:55,756 >>   Num examples = 60810
[INFO|trainer.py:3619] 2024-07-02 01:33:55,756 >>   Batch size = 72
[INFO|trainer.py:3614] 2024-07-02 01:36:47,999 >> ***** Running Evaluation *****
[INFO|trainer.py:3616] 2024-07-02 01:36:47,999 >>   Num examples = 60810
[INFO|trainer.py:3619] 2024-07-02 01:36:48,000 >>   Batch size = 72
[INFO|trainer.py:3614] 2024-07-02 01:39:40,743 >> ***** Running Evaluation *****
[INFO|trainer.py:3616] 2024-07-02 01:39:40,743 >>   Num examples = 60810
[INFO|trainer.py:3619] 2024-07-02 01:39:40,743 >>   Batch size = 72
[INFO|trainer.py:3614] 2024-07-02 01:42:37,316 >> ***** Running Evaluation *****
[INFO|trainer.py:3616] 2024-07-02 01:42:37,316 >>   Num examples = 60810
[INFO|trainer.py:3619] 2024-07-02 01:42:37,316 >>   Batch size = 72
[INFO|trainer.py:3614] 2024-07-02 01:45:32,182 >> ***** Running Evaluation *****
[INFO|trainer.py:3616] 2024-07-02 01:45:32,182 >>   Num examples = 60810
[INFO|trainer.py:3619] 2024-07-02 01:45:32,182 >>   Batch size = 72
[INFO|trainer.py:3614] 2024-07-02 01:48:23,771 >> ***** Running Evaluation *****
[INFO|trainer.py:3616] 2024-07-02 01:48:23,771 >>   Num examples = 60810
[INFO|trainer.py:3619] 2024-07-02 01:48:23,771 >>   Batch size = 72
[INFO|trainer.py:3614] 2024-07-02 01:51:22,348 >> ***** Running Evaluation *****
[INFO|trainer.py:3616] 2024-07-02 01:51:22,348 >>   Num examples = 60810
[INFO|trainer.py:3619] 2024-07-02 01:51:22,348 >>   Batch size = 72
[INFO|trainer.py:3614] 2024-07-02 01:54:12,252 >> ***** Running Evaluation *****
[INFO|trainer.py:3616] 2024-07-02 01:54:12,253 >>   Num examples = 60810
[INFO|trainer.py:3619] 2024-07-02 01:54:12,253 >>   Batch size = 72
[INFO|trainer.py:3614] 2024-07-02 01:57:04,517 >> ***** Running Evaluation *****
[INFO|trainer.py:3616] 2024-07-02 01:57:04,517 >>   Num examples = 60810
[INFO|trainer.py:3619] 2024-07-02 01:57:04,517 >>   Batch size = 72
[INFO|trainer.py:3614] 2024-07-02 02:00:01,228 >> ***** Running Evaluation *****
[INFO|trainer.py:3616] 2024-07-02 02:00:01,228 >>   Num examples = 60810
[INFO|trainer.py:3619] 2024-07-02 02:00:01,228 >>   Batch size = 72
[INFO|trainer.py:3614] 2024-07-02 02:02:53,682 >> ***** Running Evaluation *****
[INFO|trainer.py:3616] 2024-07-02 02:02:53,683 >>   Num examples = 60810
[INFO|trainer.py:3619] 2024-07-02 02:02:53,683 >>   Batch size = 72
[INFO|trainer.py:3614] 2024-07-02 02:05:48,271 >> ***** Running Evaluation *****
[INFO|trainer.py:3616] 2024-07-02 02:05:48,272 >>   Num examples = 60810
[INFO|trainer.py:3619] 2024-07-02 02:05:48,272 >>   Batch size = 72
[INFO|trainer.py:3614] 2024-07-02 02:08:43,217 >> ***** Running Evaluation *****
[INFO|trainer.py:3616] 2024-07-02 02:08:43,218 >>   Num examples = 60810
[INFO|trainer.py:3619] 2024-07-02 02:08:43,218 >>   Batch size = 72
[INFO|trainer.py:3614] 2024-07-02 02:11:37,398 >> ***** Running Evaluation *****
[INFO|trainer.py:3616] 2024-07-02 02:11:37,398 >>   Num examples = 60810
[INFO|trainer.py:3619] 2024-07-02 02:11:37,398 >>   Batch size = 72
[INFO|trainer.py:3614] 2024-07-02 02:14:32,866 >> ***** Running Evaluation *****
[INFO|trainer.py:3616] 2024-07-02 02:14:32,867 >>   Num examples = 60810
[INFO|trainer.py:3619] 2024-07-02 02:14:32,867 >>   Batch size = 72
[INFO|trainer.py:3614] 2024-07-02 02:17:26,783 >> ***** Running Evaluation *****
[INFO|trainer.py:3616] 2024-07-02 02:17:26,783 >>   Num examples = 60810
[INFO|trainer.py:3619] 2024-07-02 02:17:26,783 >>   Batch size = 72
[INFO|trainer.py:3614] 2024-07-02 02:20:22,350 >> ***** Running Evaluation *****
[INFO|trainer.py:3616] 2024-07-02 02:20:22,350 >>   Num examples = 60810
[INFO|trainer.py:3619] 2024-07-02 02:20:22,350 >>   Batch size = 72
[INFO|trainer.py:3614] 2024-07-02 02:23:17,476 >> ***** Running Evaluation *****
[INFO|trainer.py:3616] 2024-07-02 02:23:17,476 >>   Num examples = 60810
[INFO|trainer.py:3619] 2024-07-02 02:23:17,476 >>   Batch size = 72
[INFO|trainer.py:3614] 2024-07-02 02:26:08,457 >> ***** Running Evaluation *****
[INFO|trainer.py:3616] 2024-07-02 02:26:08,457 >>   Num examples = 60810
[INFO|trainer.py:3619] 2024-07-02 02:26:08,457 >>   Batch size = 72
[INFO|trainer.py:3614] 2024-07-02 02:29:04,148 >> ***** Running Evaluation *****
[INFO|trainer.py:3616] 2024-07-02 02:29:04,148 >>   Num examples = 60810
[INFO|trainer.py:3619] 2024-07-02 02:29:04,148 >>   Batch size = 72
[INFO|trainer.py:3614] 2024-07-02 02:31:58,407 >> ***** Running Evaluation *****
[INFO|trainer.py:3616] 2024-07-02 02:31:58,407 >>   Num examples = 60810
[INFO|trainer.py:3619] 2024-07-02 02:31:58,408 >>   Batch size = 72
[INFO|trainer.py:3614] 2024-07-02 02:34:52,405 >> ***** Running Evaluation *****
[INFO|trainer.py:3616] 2024-07-02 02:34:52,406 >>   Num examples = 60810
[INFO|trainer.py:3619] 2024-07-02 02:34:52,406 >>   Batch size = 72
[INFO|trainer.py:3614] 2024-07-02 02:37:46,384 >> ***** Running Evaluation *****
[INFO|trainer.py:3616] 2024-07-02 02:37:46,384 >>   Num examples = 60810
[INFO|trainer.py:3619] 2024-07-02 02:37:46,385 >>   Batch size = 72
[INFO|trainer.py:3614] 2024-07-02 02:40:38,639 >> ***** Running Evaluation *****
[INFO|trainer.py:3616] 2024-07-02 02:40:38,639 >>   Num examples = 60810
[INFO|trainer.py:3619] 2024-07-02 02:40:38,639 >>   Batch size = 72
[INFO|trainer.py:3614] 2024-07-02 02:43:31,023 >> ***** Running Evaluation *****
[INFO|trainer.py:3616] 2024-07-02 02:43:31,024 >>   Num examples = 60810
[INFO|trainer.py:3619] 2024-07-02 02:43:31,024 >>   Batch size = 72
[INFO|trainer.py:3614] 2024-07-02 02:46:24,966 >> ***** Running Evaluation *****
[INFO|trainer.py:3616] 2024-07-02 02:46:24,967 >>   Num examples = 60810
[INFO|trainer.py:3619] 2024-07-02 02:46:24,967 >>   Batch size = 72
[INFO|trainer.py:3614] 2024-07-02 02:49:18,123 >> ***** Running Evaluation *****
[INFO|trainer.py:3616] 2024-07-02 02:49:18,126 >>   Num examples = 60810
[INFO|trainer.py:3619] 2024-07-02 02:49:18,126 >>   Batch size = 72
[INFO|trainer.py:3614] 2024-07-02 02:52:10,363 >> ***** Running Evaluation *****
[INFO|trainer.py:3616] 2024-07-02 02:52:10,363 >>   Num examples = 60810
[INFO|trainer.py:3619] 2024-07-02 02:52:10,363 >>   Batch size = 72
[INFO|trainer.py:3614] 2024-07-02 02:55:01,683 >> ***** Running Evaluation *****
[INFO|trainer.py:3616] 2024-07-02 02:55:01,683 >>   Num examples = 60810
[INFO|trainer.py:3619] 2024-07-02 02:55:01,683 >>   Batch size = 72
[INFO|trainer.py:3614] 2024-07-02 02:57:57,311 >> ***** Running Evaluation *****
[INFO|trainer.py:3616] 2024-07-02 02:57:57,311 >>   Num examples = 60810
[INFO|trainer.py:3619] 2024-07-02 02:57:57,311 >>   Batch size = 72
[INFO|trainer.py:3614] 2024-07-02 03:00:51,356 >> ***** Running Evaluation *****
[INFO|trainer.py:3616] 2024-07-02 03:00:51,356 >>   Num examples = 60810
[INFO|trainer.py:3619] 2024-07-02 03:00:51,356 >>   Batch size = 72
[INFO|trainer.py:3614] 2024-07-02 03:03:47,785 >> ***** Running Evaluation *****
[INFO|trainer.py:3616] 2024-07-02 03:03:47,786 >>   Num examples = 60810
[INFO|trainer.py:3619] 2024-07-02 03:03:47,786 >>   Batch size = 72
[INFO|trainer.py:3614] 2024-07-02 03:06:40,887 >> ***** Running Evaluation *****
[INFO|trainer.py:3616] 2024-07-02 03:06:40,888 >>   Num examples = 60810
[INFO|trainer.py:3619] 2024-07-02 03:06:40,888 >>   Batch size = 72
[INFO|trainer.py:3614] 2024-07-02 03:09:36,922 >> ***** Running Evaluation *****
[INFO|trainer.py:3616] 2024-07-02 03:09:36,923 >>   Num examples = 60810
[INFO|trainer.py:3619] 2024-07-02 03:09:36,923 >>   Batch size = 72
[INFO|trainer.py:3614] 2024-07-02 03:12:29,167 >> ***** Running Evaluation *****
[INFO|trainer.py:3616] 2024-07-02 03:12:29,167 >>   Num examples = 60810
[INFO|trainer.py:3619] 2024-07-02 03:12:29,167 >>   Batch size = 72
[INFO|trainer.py:3614] 2024-07-02 03:15:23,571 >> ***** Running Evaluation *****
[INFO|trainer.py:3616] 2024-07-02 03:15:23,571 >>   Num examples = 60810
[INFO|trainer.py:3619] 2024-07-02 03:15:23,572 >>   Batch size = 72
[INFO|trainer.py:3614] 2024-07-02 03:18:15,228 >> ***** Running Evaluation *****
[INFO|trainer.py:3616] 2024-07-02 03:18:15,228 >>   Num examples = 60810
[INFO|trainer.py:3619] 2024-07-02 03:18:15,228 >>   Batch size = 72
[INFO|trainer.py:3614] 2024-07-02 03:21:06,544 >> ***** Running Evaluation *****
[INFO|trainer.py:3616] 2024-07-02 03:21:06,544 >>   Num examples = 60810
[INFO|trainer.py:3619] 2024-07-02 03:21:06,544 >>   Batch size = 72
[INFO|trainer.py:3614] 2024-07-02 03:23:56,610 >> ***** Running Evaluation *****
[INFO|trainer.py:3616] 2024-07-02 03:23:56,610 >>   Num examples = 60810
[INFO|trainer.py:3619] 2024-07-02 03:23:56,610 >>   Batch size = 72
[INFO|trainer.py:3614] 2024-07-02 03:26:47,705 >> ***** Running Evaluation *****
[INFO|trainer.py:3616] 2024-07-02 03:26:47,705 >>   Num examples = 60810
[INFO|trainer.py:3619] 2024-07-02 03:26:47,705 >>   Batch size = 72
[INFO|trainer.py:3614] 2024-07-02 03:29:38,900 >> ***** Running Evaluation *****
[INFO|trainer.py:3616] 2024-07-02 03:29:38,900 >>   Num examples = 60810
[INFO|trainer.py:3619] 2024-07-02 03:29:38,901 >>   Batch size = 72
[INFO|trainer.py:3614] 2024-07-02 03:32:29,626 >> ***** Running Evaluation *****
[INFO|trainer.py:3616] 2024-07-02 03:32:29,627 >>   Num examples = 60810
[INFO|trainer.py:3619] 2024-07-02 03:32:29,627 >>   Batch size = 72
[INFO|trainer.py:3614] 2024-07-02 03:35:21,918 >> ***** Running Evaluation *****
[INFO|trainer.py:3616] 2024-07-02 03:35:21,918 >>   Num examples = 60810
[INFO|trainer.py:3619] 2024-07-02 03:35:21,918 >>   Batch size = 72
[INFO|trainer.py:3614] 2024-07-02 03:38:20,086 >> ***** Running Evaluation *****
[INFO|trainer.py:3616] 2024-07-02 03:38:20,086 >>   Num examples = 60810
[INFO|trainer.py:3619] 2024-07-02 03:38:20,086 >>   Batch size = 72
[INFO|trainer.py:3614] 2024-07-02 03:41:17,494 >> ***** Running Evaluation *****
[INFO|trainer.py:3616] 2024-07-02 03:41:17,494 >>   Num examples = 60810
[INFO|trainer.py:3619] 2024-07-02 03:41:17,503 >>   Batch size = 72
[INFO|trainer.py:3614] 2024-07-02 03:44:15,424 >> ***** Running Evaluation *****
[INFO|trainer.py:3616] 2024-07-02 03:44:15,424 >>   Num examples = 60810
[INFO|trainer.py:3619] 2024-07-02 03:44:15,424 >>   Batch size = 72
[INFO|trainer.py:3614] 2024-07-02 03:47:15,447 >> ***** Running Evaluation *****
[INFO|trainer.py:3616] 2024-07-02 03:47:15,447 >>   Num examples = 60810
[INFO|trainer.py:3619] 2024-07-02 03:47:15,447 >>   Batch size = 72
[INFO|trainer.py:3614] 2024-07-02 03:50:13,141 >> ***** Running Evaluation *****
[INFO|trainer.py:3616] 2024-07-02 03:50:13,141 >>   Num examples = 60810
[INFO|trainer.py:3619] 2024-07-02 03:50:13,142 >>   Batch size = 72
[INFO|trainer.py:3614] 2024-07-02 03:53:11,504 >> ***** Running Evaluation *****
[INFO|trainer.py:3616] 2024-07-02 03:53:11,504 >>   Num examples = 60810
[INFO|trainer.py:3619] 2024-07-02 03:53:11,504 >>   Batch size = 72
[INFO|trainer.py:3614] 2024-07-02 03:56:11,395 >> ***** Running Evaluation *****
[INFO|trainer.py:3616] 2024-07-02 03:56:11,395 >>   Num examples = 60810
[INFO|trainer.py:3619] 2024-07-02 03:56:11,395 >>   Batch size = 72
[INFO|trainer.py:3614] 2024-07-02 03:59:10,586 >> ***** Running Evaluation *****
[INFO|trainer.py:3616] 2024-07-02 03:59:10,587 >>   Num examples = 60810
[INFO|trainer.py:3619] 2024-07-02 03:59:10,587 >>   Batch size = 72
[INFO|trainer.py:3614] 2024-07-02 04:02:14,265 >> ***** Running Evaluation *****
[INFO|trainer.py:3616] 2024-07-02 04:02:14,265 >>   Num examples = 60810
[INFO|trainer.py:3619] 2024-07-02 04:02:14,265 >>   Batch size = 72
[INFO|trainer.py:3614] 2024-07-02 04:05:16,237 >> ***** Running Evaluation *****
[INFO|trainer.py:3616] 2024-07-02 04:05:16,238 >>   Num examples = 60810
[INFO|trainer.py:3619] 2024-07-02 04:05:16,238 >>   Batch size = 72
[INFO|trainer.py:3614] 2024-07-02 04:08:29,938 >> ***** Running Evaluation *****
[INFO|trainer.py:3616] 2024-07-02 04:08:29,939 >>   Num examples = 60810
[INFO|trainer.py:3619] 2024-07-02 04:08:29,939 >>   Batch size = 72
[INFO|trainer.py:3614] 2024-07-02 04:11:31,727 >> ***** Running Evaluation *****
[INFO|trainer.py:3616] 2024-07-02 04:11:31,727 >>   Num examples = 60810
[INFO|trainer.py:3619] 2024-07-02 04:11:31,727 >>   Batch size = 72
[INFO|trainer.py:3614] 2024-07-02 04:14:29,346 >> ***** Running Evaluation *****
[INFO|trainer.py:3616] 2024-07-02 04:14:29,346 >>   Num examples = 60810
[INFO|trainer.py:3619] 2024-07-02 04:14:29,346 >>   Batch size = 72
[INFO|trainer.py:3614] 2024-07-02 04:17:20,463 >> ***** Running Evaluation *****
[INFO|trainer.py:3616] 2024-07-02 04:17:20,464 >>   Num examples = 60810
[INFO|trainer.py:3619] 2024-07-02 04:17:20,464 >>   Batch size = 72
[INFO|trainer.py:3614] 2024-07-02 04:20:12,790 >> ***** Running Evaluation *****
[INFO|trainer.py:3616] 2024-07-02 04:20:12,790 >>   Num examples = 60810
[INFO|trainer.py:3619] 2024-07-02 04:20:12,791 >>   Batch size = 72
[INFO|trainer.py:3614] 2024-07-02 04:23:04,040 >> ***** Running Evaluation *****
[INFO|trainer.py:3616] 2024-07-02 04:23:04,040 >>   Num examples = 60810
[INFO|trainer.py:3619] 2024-07-02 04:23:04,040 >>   Batch size = 72
[INFO|trainer.py:3614] 2024-07-02 04:25:56,091 >> ***** Running Evaluation *****
[INFO|trainer.py:3616] 2024-07-02 04:25:56,091 >>   Num examples = 60810
[INFO|trainer.py:3619] 2024-07-02 04:25:56,091 >>   Batch size = 72
[INFO|trainer.py:3614] 2024-07-02 04:28:53,734 >> ***** Running Evaluation *****
[INFO|trainer.py:3616] 2024-07-02 04:28:53,734 >>   Num examples = 60810
[INFO|trainer.py:3619] 2024-07-02 04:28:53,734 >>   Batch size = 72
[INFO|trainer.py:3614] 2024-07-02 04:31:48,740 >> ***** Running Evaluation *****
[INFO|trainer.py:3616] 2024-07-02 04:31:48,740 >>   Num examples = 60810
[INFO|trainer.py:3619] 2024-07-02 04:31:48,741 >>   Batch size = 72
[INFO|trainer.py:3614] 2024-07-02 04:34:40,438 >> ***** Running Evaluation *****
[INFO|trainer.py:3616] 2024-07-02 04:34:40,438 >>   Num examples = 60810
[INFO|trainer.py:3619] 2024-07-02 04:34:40,438 >>   Batch size = 72
[INFO|trainer.py:3614] 2024-07-02 04:37:34,875 >> ***** Running Evaluation *****
[INFO|trainer.py:3616] 2024-07-02 04:37:34,875 >>   Num examples = 60810
[INFO|trainer.py:3619] 2024-07-02 04:37:34,875 >>   Batch size = 72
[INFO|trainer.py:3614] 2024-07-02 04:40:24,445 >> ***** Running Evaluation *****
[INFO|trainer.py:3616] 2024-07-02 04:40:24,445 >>   Num examples = 60810
[INFO|trainer.py:3619] 2024-07-02 04:40:24,445 >>   Batch size = 72
[INFO|trainer.py:3614] 2024-07-02 04:43:19,592 >> ***** Running Evaluation *****
[INFO|trainer.py:3616] 2024-07-02 04:43:19,592 >>   Num examples = 60810
[INFO|trainer.py:3619] 2024-07-02 04:43:19,592 >>   Batch size = 72
[INFO|trainer.py:3614] 2024-07-02 04:46:11,957 >> ***** Running Evaluation *****
[INFO|trainer.py:3616] 2024-07-02 04:46:11,958 >>   Num examples = 60810
[INFO|trainer.py:3619] 2024-07-02 04:46:11,958 >>   Batch size = 72
[INFO|trainer.py:3614] 2024-07-02 04:49:03,521 >> ***** Running Evaluation *****
[INFO|trainer.py:3616] 2024-07-02 04:49:03,521 >>   Num examples = 60810
[INFO|trainer.py:3619] 2024-07-02 04:49:03,521 >>   Batch size = 72
[INFO|trainer.py:3614] 2024-07-02 04:51:54,408 >> ***** Running Evaluation *****
[INFO|trainer.py:3616] 2024-07-02 04:51:54,408 >>   Num examples = 60810
[INFO|trainer.py:3619] 2024-07-02 04:51:54,408 >>   Batch size = 72
[INFO|trainer.py:3614] 2024-07-02 04:54:44,518 >> ***** Running Evaluation *****
[INFO|trainer.py:3616] 2024-07-02 04:54:44,518 >>   Num examples = 60810
[INFO|trainer.py:3619] 2024-07-02 04:54:44,518 >>   Batch size = 72
[INFO|trainer.py:3614] 2024-07-02 04:57:36,936 >> ***** Running Evaluation *****
[INFO|trainer.py:3616] 2024-07-02 04:57:36,936 >>   Num examples = 60810
[INFO|trainer.py:3619] 2024-07-02 04:57:36,936 >>   Batch size = 72
[INFO|trainer.py:3614] 2024-07-02 05:00:27,294 >> ***** Running Evaluation *****
[INFO|trainer.py:3616] 2024-07-02 05:00:27,294 >>   Num examples = 60810
[INFO|trainer.py:3619] 2024-07-02 05:00:27,294 >>   Batch size = 72
[INFO|trainer.py:3614] 2024-07-02 05:03:22,068 >> ***** Running Evaluation *****
[INFO|trainer.py:3616] 2024-07-02 05:03:22,068 >>   Num examples = 60810
[INFO|trainer.py:3619] 2024-07-02 05:03:22,068 >>   Batch size = 72
[INFO|trainer.py:3614] 2024-07-02 05:06:17,318 >> ***** Running Evaluation *****
[INFO|trainer.py:3616] 2024-07-02 05:06:17,319 >>   Num examples = 60810
[INFO|trainer.py:3619] 2024-07-02 05:06:17,319 >>   Batch size = 72
[INFO|trainer.py:3614] 2024-07-02 05:09:10,180 >> ***** Running Evaluation *****
[INFO|trainer.py:3616] 2024-07-02 05:09:10,180 >>   Num examples = 60810
[INFO|trainer.py:3619] 2024-07-02 05:09:10,181 >>   Batch size = 72
[INFO|trainer.py:3614] 2024-07-02 05:12:05,593 >> ***** Running Evaluation *****
[INFO|trainer.py:3616] 2024-07-02 05:12:05,593 >>   Num examples = 60810
[INFO|trainer.py:3619] 2024-07-02 05:12:05,593 >>   Batch size = 72
[INFO|trainer.py:3614] 2024-07-02 05:15:03,119 >> ***** Running Evaluation *****
[INFO|trainer.py:3616] 2024-07-02 05:15:03,119 >>   Num examples = 60810
[INFO|trainer.py:3619] 2024-07-02 05:15:03,119 >>   Batch size = 72
[INFO|trainer.py:3614] 2024-07-02 05:17:58,524 >> ***** Running Evaluation *****
[INFO|trainer.py:3616] 2024-07-02 05:17:58,525 >>   Num examples = 60810
[INFO|trainer.py:3619] 2024-07-02 05:17:58,525 >>   Batch size = 72
[INFO|trainer.py:3614] 2024-07-02 05:20:50,594 >> ***** Running Evaluation *****
[INFO|trainer.py:3616] 2024-07-02 05:20:50,594 >>   Num examples = 60810
[INFO|trainer.py:3619] 2024-07-02 05:20:50,594 >>   Batch size = 72
[INFO|trainer.py:3614] 2024-07-02 05:23:43,421 >> ***** Running Evaluation *****
[INFO|trainer.py:3616] 2024-07-02 05:23:43,422 >>   Num examples = 60810
[INFO|trainer.py:3619] 2024-07-02 05:23:43,422 >>   Batch size = 72
[INFO|trainer.py:3614] 2024-07-02 05:26:35,971 >> ***** Running Evaluation *****
[INFO|trainer.py:3616] 2024-07-02 05:26:35,971 >>   Num examples = 60810
[INFO|trainer.py:3619] 2024-07-02 05:26:35,971 >>   Batch size = 72
[INFO|trainer.py:3614] 2024-07-02 05:29:30,583 >> ***** Running Evaluation *****
[INFO|trainer.py:3616] 2024-07-02 05:29:30,583 >>   Num examples = 60810
[INFO|trainer.py:3619] 2024-07-02 05:29:30,586 >>   Batch size = 72
[INFO|trainer.py:3614] 2024-07-02 05:32:31,547 >> ***** Running Evaluation *****
[INFO|trainer.py:3616] 2024-07-02 05:32:31,548 >>   Num examples = 60810
[INFO|trainer.py:3619] 2024-07-02 05:32:31,548 >>   Batch size = 72
[INFO|trainer.py:3614] 2024-07-02 05:35:27,119 >> ***** Running Evaluation *****
[INFO|trainer.py:3616] 2024-07-02 05:35:27,120 >>   Num examples = 60810
[INFO|trainer.py:3619] 2024-07-02 05:35:27,120 >>   Batch size = 72
[INFO|trainer.py:3614] 2024-07-02 05:38:26,122 >> ***** Running Evaluation *****
[INFO|trainer.py:3616] 2024-07-02 05:38:26,122 >>   Num examples = 60810
[INFO|trainer.py:3619] 2024-07-02 05:38:26,122 >>   Batch size = 72
[INFO|trainer.py:3614] 2024-07-02 05:41:20,080 >> ***** Running Evaluation *****
[INFO|trainer.py:3616] 2024-07-02 05:41:20,081 >>   Num examples = 60810
[INFO|trainer.py:3619] 2024-07-02 05:41:20,081 >>   Batch size = 72
[INFO|trainer.py:3614] 2024-07-02 05:44:14,049 >> ***** Running Evaluation *****
[INFO|trainer.py:3616] 2024-07-02 05:44:14,049 >>   Num examples = 60810
[INFO|trainer.py:3619] 2024-07-02 05:44:14,049 >>   Batch size = 72
[INFO|trainer.py:3614] 2024-07-02 05:47:05,761 >> ***** Running Evaluation *****
[INFO|trainer.py:3616] 2024-07-02 05:47:05,762 >>   Num examples = 60810
[INFO|trainer.py:3619] 2024-07-02 05:47:05,762 >>   Batch size = 72
[INFO|trainer.py:3614] 2024-07-02 05:49:57,026 >> ***** Running Evaluation *****
[INFO|trainer.py:3616] 2024-07-02 05:49:57,027 >>   Num examples = 60810
[INFO|trainer.py:3619] 2024-07-02 05:49:57,027 >>   Batch size = 72
[INFO|trainer.py:3614] 2024-07-02 05:52:49,498 >> ***** Running Evaluation *****
[INFO|trainer.py:3616] 2024-07-02 05:52:49,498 >>   Num examples = 60810
[INFO|trainer.py:3619] 2024-07-02 05:52:49,498 >>   Batch size = 72
[INFO|trainer.py:3614] 2024-07-02 05:55:43,340 >> ***** Running Evaluation *****
[INFO|trainer.py:3616] 2024-07-02 05:55:43,340 >>   Num examples = 60810
[INFO|trainer.py:3619] 2024-07-02 05:55:43,340 >>   Batch size = 72
[INFO|trainer.py:3614] 2024-07-02 05:58:33,450 >> ***** Running Evaluation *****
[INFO|trainer.py:3616] 2024-07-02 05:58:33,450 >>   Num examples = 60810
[INFO|trainer.py:3619] 2024-07-02 05:58:33,450 >>   Batch size = 72
[INFO|trainer.py:3614] 2024-07-02 06:01:28,540 >> ***** Running Evaluation *****
[INFO|trainer.py:3616] 2024-07-02 06:01:28,540 >>   Num examples = 60810
[INFO|trainer.py:3619] 2024-07-02 06:01:28,540 >>   Batch size = 72
[INFO|trainer.py:3614] 2024-07-02 06:04:20,431 >> ***** Running Evaluation *****
[INFO|trainer.py:3616] 2024-07-02 06:04:20,431 >>   Num examples = 60810
[INFO|trainer.py:3619] 2024-07-02 06:04:20,432 >>   Batch size = 72
[INFO|trainer.py:3614] 2024-07-02 06:07:16,600 >> ***** Running Evaluation *****
[INFO|trainer.py:3616] 2024-07-02 06:07:16,600 >>   Num examples = 60810
[INFO|trainer.py:3619] 2024-07-02 06:07:16,600 >>   Batch size = 72
[INFO|trainer.py:3614] 2024-07-02 06:10:43,884 >> ***** Running Evaluation *****
[INFO|trainer.py:3616] 2024-07-02 06:10:43,884 >>   Num examples = 60810
[INFO|trainer.py:3619] 2024-07-02 06:10:43,885 >>   Batch size = 72
[INFO|trainer.py:3614] 2024-07-02 06:13:31,686 >> ***** Running Evaluation *****
[INFO|trainer.py:3616] 2024-07-02 06:13:31,687 >>   Num examples = 60810
[INFO|trainer.py:3619] 2024-07-02 06:13:31,687 >>   Batch size = 72
[INFO|trainer.py:3614] 2024-07-02 06:16:21,235 >> ***** Running Evaluation *****
[INFO|trainer.py:3616] 2024-07-02 06:16:21,235 >>   Num examples = 60810
[INFO|trainer.py:3619] 2024-07-02 06:16:21,235 >>   Batch size = 72
[INFO|trainer.py:3614] 2024-07-02 06:19:12,787 >> ***** Running Evaluation *****
[INFO|trainer.py:3616] 2024-07-02 06:19:12,787 >>   Num examples = 60810
[INFO|trainer.py:3619] 2024-07-02 06:19:12,787 >>   Batch size = 72
[INFO|trainer.py:3614] 2024-07-02 06:22:06,124 >> ***** Running Evaluation *****
[INFO|trainer.py:3616] 2024-07-02 06:22:06,124 >>   Num examples = 60810
[INFO|trainer.py:3619] 2024-07-02 06:22:06,124 >>   Batch size = 72
[INFO|trainer.py:3614] 2024-07-02 06:24:57,047 >> ***** Running Evaluation *****
[INFO|trainer.py:3616] 2024-07-02 06:24:57,047 >>   Num examples = 60810
[INFO|trainer.py:3619] 2024-07-02 06:24:57,048 >>   Batch size = 72
[INFO|trainer.py:3614] 2024-07-02 06:27:50,659 >> ***** Running Evaluation *****
[INFO|trainer.py:3616] 2024-07-02 06:27:50,659 >>   Num examples = 60810
[INFO|trainer.py:3619] 2024-07-02 06:27:50,659 >>   Batch size = 72
[INFO|trainer.py:3614] 2024-07-02 06:30:45,657 >> ***** Running Evaluation *****
[INFO|trainer.py:3616] 2024-07-02 06:30:45,657 >>   Num examples = 60810
[INFO|trainer.py:3619] 2024-07-02 06:30:45,657 >>   Batch size = 72
[INFO|trainer.py:3614] 2024-07-02 06:33:36,173 >> ***** Running Evaluation *****
[INFO|trainer.py:3616] 2024-07-02 06:33:36,173 >>   Num examples = 60810
[INFO|trainer.py:3619] 2024-07-02 06:33:36,173 >>   Batch size = 72
[INFO|trainer.py:3614] 2024-07-02 06:36:27,093 >> ***** Running Evaluation *****
[INFO|trainer.py:3616] 2024-07-02 06:36:27,093 >>   Num examples = 60810
[INFO|trainer.py:3619] 2024-07-02 06:36:27,093 >>   Batch size = 72
[INFO|trainer.py:3614] 2024-07-02 06:39:20,539 >> ***** Running Evaluation *****
[INFO|trainer.py:3616] 2024-07-02 06:39:20,539 >>   Num examples = 60810
[INFO|trainer.py:3619] 2024-07-02 06:39:20,539 >>   Batch size = 72
[INFO|trainer.py:3614] 2024-07-02 06:42:13,343 >> ***** Running Evaluation *****
[INFO|trainer.py:3616] 2024-07-02 06:42:13,344 >>   Num examples = 60810
[INFO|trainer.py:3619] 2024-07-02 06:42:13,344 >>   Batch size = 72
[INFO|trainer.py:3614] 2024-07-02 06:45:05,781 >> ***** Running Evaluation *****
[INFO|trainer.py:3616] 2024-07-02 06:45:05,782 >>   Num examples = 60810
[INFO|trainer.py:3619] 2024-07-02 06:45:05,782 >>   Batch size = 72
[INFO|trainer.py:3614] 2024-07-02 06:47:56,642 >> ***** Running Evaluation *****
[INFO|trainer.py:3616] 2024-07-02 06:47:56,643 >>   Num examples = 60810
[INFO|trainer.py:3619] 2024-07-02 06:47:56,643 >>   Batch size = 72
[INFO|trainer.py:3614] 2024-07-02 06:50:51,355 >> ***** Running Evaluation *****
[INFO|trainer.py:3616] 2024-07-02 06:50:51,356 >>   Num examples = 60810
[INFO|trainer.py:3619] 2024-07-02 06:50:51,356 >>   Batch size = 72
[INFO|trainer.py:3614] 2024-07-02 06:53:47,543 >> ***** Running Evaluation *****
[INFO|trainer.py:3616] 2024-07-02 06:53:47,543 >>   Num examples = 60810
[INFO|trainer.py:3619] 2024-07-02 06:53:47,544 >>   Batch size = 72
[INFO|trainer.py:3614] 2024-07-02 06:56:39,903 >> ***** Running Evaluation *****
[INFO|trainer.py:3616] 2024-07-02 06:56:39,903 >>   Num examples = 60810
[INFO|trainer.py:3619] 2024-07-02 06:56:39,904 >>   Batch size = 72
[INFO|trainer.py:3614] 2024-07-02 06:59:33,661 >> ***** Running Evaluation *****
[INFO|trainer.py:3616] 2024-07-02 06:59:33,661 >>   Num examples = 60810
[INFO|trainer.py:3619] 2024-07-02 06:59:33,661 >>   Batch size = 72
[INFO|trainer.py:3614] 2024-07-02 07:02:29,789 >> ***** Running Evaluation *****
[INFO|trainer.py:3616] 2024-07-02 07:02:29,790 >>   Num examples = 60810
[INFO|trainer.py:3619] 2024-07-02 07:02:29,790 >>   Batch size = 72
[INFO|trainer.py:3614] 2024-07-02 07:05:27,576 >> ***** Running Evaluation *****
[INFO|trainer.py:3616] 2024-07-02 07:05:27,576 >>   Num examples = 60810
[INFO|trainer.py:3619] 2024-07-02 07:05:27,576 >>   Batch size = 72
[INFO|trainer.py:3614] 2024-07-02 07:08:19,809 >> ***** Running Evaluation *****
[INFO|trainer.py:3616] 2024-07-02 07:08:19,809 >>   Num examples = 60810
[INFO|trainer.py:3619] 2024-07-02 07:08:19,809 >>   Batch size = 72
[INFO|trainer.py:3614] 2024-07-02 07:11:13,585 >> ***** Running Evaluation *****
[INFO|trainer.py:3616] 2024-07-02 07:11:13,586 >>   Num examples = 60810
[INFO|trainer.py:3619] 2024-07-02 07:11:13,586 >>   Batch size = 72
[INFO|trainer.py:3614] 2024-07-02 07:14:07,309 >> ***** Running Evaluation *****
[INFO|trainer.py:3616] 2024-07-02 07:14:07,310 >>   Num examples = 60810
[INFO|trainer.py:3619] 2024-07-02 07:14:07,310 >>   Batch size = 72
[INFO|trainer.py:3614] 2024-07-02 07:16:58,911 >> ***** Running Evaluation *****
[INFO|trainer.py:3616] 2024-07-02 07:16:58,912 >>   Num examples = 60810
[INFO|trainer.py:3619] 2024-07-02 07:16:58,915 >>   Batch size = 72
[INFO|trainer.py:3614] 2024-07-02 07:19:51,915 >> ***** Running Evaluation *****
[INFO|trainer.py:3616] 2024-07-02 07:19:51,915 >>   Num examples = 60810
[INFO|trainer.py:3619] 2024-07-02 07:19:51,915 >>   Batch size = 72
[INFO|trainer.py:3614] 2024-07-02 07:22:46,740 >> ***** Running Evaluation *****
[INFO|trainer.py:3616] 2024-07-02 07:22:46,740 >>   Num examples = 60810
[INFO|trainer.py:3619] 2024-07-02 07:22:46,740 >>   Batch size = 72
[INFO|trainer.py:3614] 2024-07-02 07:25:39,310 >> ***** Running Evaluation *****
[INFO|trainer.py:3616] 2024-07-02 07:25:39,310 >>   Num examples = 60810
[INFO|trainer.py:3619] 2024-07-02 07:25:39,310 >>   Batch size = 72
[INFO|trainer.py:3614] 2024-07-02 07:28:32,418 >> ***** Running Evaluation *****
[INFO|trainer.py:3616] 2024-07-02 07:28:32,418 >>   Num examples = 60810
[INFO|trainer.py:3619] 2024-07-02 07:28:32,418 >>   Batch size = 72
[INFO|trainer.py:3614] 2024-07-02 07:31:26,234 >> ***** Running Evaluation *****
[INFO|trainer.py:3616] 2024-07-02 07:31:26,234 >>   Num examples = 60810
[INFO|trainer.py:3619] 2024-07-02 07:31:26,234 >>   Batch size = 72
[INFO|trainer.py:3614] 2024-07-02 07:34:19,803 >> ***** Running Evaluation *****
[INFO|trainer.py:3616] 2024-07-02 07:34:19,803 >>   Num examples = 60810
[INFO|trainer.py:3619] 2024-07-02 07:34:19,804 >>   Batch size = 72
[INFO|trainer.py:3614] 2024-07-02 07:37:12,796 >> ***** Running Evaluation *****
[INFO|trainer.py:3616] 2024-07-02 07:37:12,796 >>   Num examples = 60810
[INFO|trainer.py:3619] 2024-07-02 07:37:12,796 >>   Batch size = 72
[INFO|trainer.py:3614] 2024-07-02 07:40:05,914 >> ***** Running Evaluation *****
[INFO|trainer.py:3616] 2024-07-02 07:40:05,915 >>   Num examples = 60810
[INFO|trainer.py:3619] 2024-07-02 07:40:05,915 >>   Batch size = 72
[INFO|trainer.py:3614] 2024-07-02 07:43:01,027 >> ***** Running Evaluation *****
[INFO|trainer.py:3616] 2024-07-02 07:43:01,027 >>   Num examples = 60810
[INFO|trainer.py:3619] 2024-07-02 07:43:01,027 >>   Batch size = 72
[INFO|trainer.py:3614] 2024-07-02 07:45:54,491 >> ***** Running Evaluation *****
[INFO|trainer.py:3616] 2024-07-02 07:45:54,491 >>   Num examples = 60810
[INFO|trainer.py:3619] 2024-07-02 07:45:54,491 >>   Batch size = 72
[INFO|trainer.py:3614] 2024-07-02 07:48:48,990 >> ***** Running Evaluation *****
[INFO|trainer.py:3616] 2024-07-02 07:48:48,990 >>   Num examples = 60810
[INFO|trainer.py:3619] 2024-07-02 07:48:48,990 >>   Batch size = 72
[INFO|trainer.py:3614] 2024-07-02 07:51:44,869 >> ***** Running Evaluation *****
[INFO|trainer.py:3616] 2024-07-02 07:51:44,869 >>   Num examples = 60810
[INFO|trainer.py:3619] 2024-07-02 07:51:44,869 >>   Batch size = 72
[INFO|trainer.py:3614] 2024-07-02 07:54:45,224 >> ***** Running Evaluation *****
[INFO|trainer.py:3616] 2024-07-02 07:54:45,225 >>   Num examples = 60810
[INFO|trainer.py:3619] 2024-07-02 07:54:45,225 >>   Batch size = 72
[INFO|trainer.py:3614] 2024-07-02 07:57:42,983 >> ***** Running Evaluation *****
[INFO|trainer.py:3616] 2024-07-02 07:57:42,983 >>   Num examples = 60810
[INFO|trainer.py:3619] 2024-07-02 07:57:42,983 >>   Batch size = 72
[INFO|trainer.py:3614] 2024-07-02 08:00:43,080 >> ***** Running Evaluation *****
[INFO|trainer.py:3616] 2024-07-02 08:00:43,080 >>   Num examples = 60810
[INFO|trainer.py:3619] 2024-07-02 08:00:43,080 >>   Batch size = 72
[INFO|trainer.py:3614] 2024-07-02 08:03:41,603 >> ***** Running Evaluation *****
[INFO|trainer.py:3616] 2024-07-02 08:03:41,603 >>   Num examples = 60810
[INFO|trainer.py:3619] 2024-07-02 08:03:41,603 >>   Batch size = 72
[INFO|trainer.py:3614] 2024-07-02 08:06:43,238 >> ***** Running Evaluation *****
[INFO|trainer.py:3616] 2024-07-02 08:06:43,238 >>   Num examples = 60810
[INFO|trainer.py:3619] 2024-07-02 08:06:43,238 >>   Batch size = 72
[INFO|trainer.py:3614] 2024-07-02 08:09:44,541 >> ***** Running Evaluation *****
[INFO|trainer.py:3616] 2024-07-02 08:09:44,541 >>   Num examples = 60810
[INFO|trainer.py:3619] 2024-07-02 08:09:44,541 >>   Batch size = 72
[INFO|trainer.py:3614] 2024-07-02 08:12:42,549 >> ***** Running Evaluation *****
[INFO|trainer.py:3616] 2024-07-02 08:12:42,549 >>   Num examples = 60810
[INFO|trainer.py:3619] 2024-07-02 08:12:42,549 >>   Batch size = 72
[INFO|trainer.py:3614] 2024-07-02 08:15:48,754 >> ***** Running Evaluation *****
[INFO|trainer.py:3616] 2024-07-02 08:15:48,754 >>   Num examples = 60810
[INFO|trainer.py:3619] 2024-07-02 08:15:48,754 >>   Batch size = 72
[INFO|trainer.py:3614] 2024-07-02 08:18:56,685 >> ***** Running Evaluation *****
[INFO|trainer.py:3616] 2024-07-02 08:18:56,685 >>   Num examples = 60810
[INFO|trainer.py:3619] 2024-07-02 08:18:56,685 >>   Batch size = 72
[INFO|trainer.py:3614] 2024-07-02 08:22:02,349 >> ***** Running Evaluation *****
[INFO|trainer.py:3616] 2024-07-02 08:22:02,349 >>   Num examples = 60810
[INFO|trainer.py:3619] 2024-07-02 08:22:02,349 >>   Batch size = 72
[INFO|trainer.py:3614] 2024-07-02 08:24:57,697 >> ***** Running Evaluation *****
[INFO|trainer.py:3616] 2024-07-02 08:24:57,697 >>   Num examples = 60810
[INFO|trainer.py:3619] 2024-07-02 08:24:57,697 >>   Batch size = 72
[INFO|trainer.py:3614] 2024-07-02 08:27:49,998 >> ***** Running Evaluation *****
[INFO|trainer.py:3616] 2024-07-02 08:27:49,998 >>   Num examples = 60810
[INFO|trainer.py:3619] 2024-07-02 08:27:49,998 >>   Batch size = 72
[INFO|trainer.py:3614] 2024-07-02 08:30:43,669 >> ***** Running Evaluation *****
[INFO|trainer.py:3616] 2024-07-02 08:30:43,669 >>   Num examples = 60810
[INFO|trainer.py:3619] 2024-07-02 08:30:43,669 >>   Batch size = 72
[INFO|trainer.py:3614] 2024-07-02 08:33:37,243 >> ***** Running Evaluation *****
[INFO|trainer.py:3616] 2024-07-02 08:33:37,244 >>   Num examples = 60810
[INFO|trainer.py:3619] 2024-07-02 08:33:37,244 >>   Batch size = 72
/home/share/huadjyin/home/weiyilin/project/DNALLM/omiclm/run/run_omicformer_train.py:263: ConstantInputWarning: An input array is constant; the correlation coefficient is not defined.
  _spearmanr = stats.spearmanr(ture_peak, logits)
/home/share/huadjyin/home/weiyilin/project/DNALLM/omiclm/run/run_omicformer_train.py:263: ConstantInputWarning: An input array is constant; the correlation coefficient is not defined.
  _spearmanr = stats.spearmanr(ture_peak, logits)
/home/share/huadjyin/home/weiyilin/project/DNALLM/omiclm/run/run_omicformer_train.py:263: ConstantInputWarning: An input array is constant; the correlation coefficient is not defined.
  _spearmanr = stats.spearmanr(ture_peak, logits)
/home/share/huadjyin/home/weiyilin/project/DNALLM/omiclm/run/run_omicformer_train.py:263: ConstantInputWarning: An input array is constant; the correlation coefficient is not defined.
  _spearmanr = stats.spearmanr(ture_peak, logits)
[INFO|trainer.py:3614] 2024-07-02 08:36:27,348 >> ***** Running Evaluation *****
[INFO|trainer.py:3616] 2024-07-02 08:36:27,350 >>   Num examples = 60810
[INFO|trainer.py:3619] 2024-07-02 08:36:27,350 >>   Batch size = 72
/home/share/huadjyin/home/weiyilin/project/DNALLM/omiclm/run/run_omicformer_train.py:263: ConstantInputWarning: An input array is constant; the correlation coefficient is not defined.
  _spearmanr = stats.spearmanr(ture_peak, logits)
/home/share/huadjyin/home/weiyilin/project/DNALLM/omiclm/run/run_omicformer_train.py:263: ConstantInputWarning: An input array is constant; the correlation coefficient is not defined.
  _spearmanr = stats.spearmanr(ture_peak, logits)
/home/share/huadjyin/home/weiyilin/project/DNALLM/omiclm/run/run_omicformer_train.py:263: ConstantInputWarning: An input array is constant; the correlation coefficient is not defined.
  _spearmanr = stats.spearmanr(ture_peak, logits)
/home/share/huadjyin/home/weiyilin/project/DNALLM/omiclm/run/run_omicformer_train.py:263: ConstantInputWarning: An input array is constant; the correlation coefficient is not defined.
  _spearmanr = stats.spearmanr(ture_peak, logits)
[INFO|trainer.py:3614] 2024-07-02 08:39:20,191 >> ***** Running Evaluation *****
[INFO|trainer.py:3616] 2024-07-02 08:39:20,191 >>   Num examples = 60810
[INFO|trainer.py:3619] 2024-07-02 08:39:20,191 >>   Batch size = 72
/home/share/huadjyin/home/weiyilin/project/DNALLM/omiclm/run/run_omicformer_train.py:263: ConstantInputWarning: An input array is constant; the correlation coefficient is not defined.
  _spearmanr = stats.spearmanr(ture_peak, logits)
/home/share/huadjyin/home/weiyilin/project/DNALLM/omiclm/run/run_omicformer_train.py:263: ConstantInputWarning: An input array is constant; the correlation coefficient is not defined.
  _spearmanr = stats.spearmanr(ture_peak, logits)
/home/share/huadjyin/home/weiyilin/project/DNALLM/omiclm/run/run_omicformer_train.py:263: ConstantInputWarning: An input array is constant; the correlation coefficient is not defined.
  _spearmanr = stats.spearmanr(ture_peak, logits)
/home/share/huadjyin/home/weiyilin/project/DNALLM/omiclm/run/run_omicformer_train.py:263: ConstantInputWarning: An input array is constant; the correlation coefficient is not defined.
  _spearmanr = stats.spearmanr(ture_peak, logits)
[INFO|trainer.py:3614] 2024-07-02 08:42:11,610 >> ***** Running Evaluation *****
[INFO|trainer.py:3616] 2024-07-02 08:42:11,610 >>   Num examples = 60810
[INFO|trainer.py:3619] 2024-07-02 08:42:11,611 >>   Batch size = 72
/home/share/huadjyin/home/weiyilin/project/DNALLM/omiclm/run/run_omicformer_train.py:263: ConstantInputWarning: An input array is constant; the correlation coefficient is not defined.
  _spearmanr = stats.spearmanr(ture_peak, logits)
/home/share/huadjyin/home/weiyilin/project/DNALLM/omiclm/run/run_omicformer_train.py:263: ConstantInputWarning: An input array is constant; the correlation coefficient is not defined.
  _spearmanr = stats.spearmanr(ture_peak, logits)
/home/share/huadjyin/home/weiyilin/project/DNALLM/omiclm/run/run_omicformer_train.py:263: ConstantInputWarning: An input array is constant; the correlation coefficient is not defined.
  _spearmanr = stats.spearmanr(ture_peak, logits)
/home/share/huadjyin/home/weiyilin/project/DNALLM/omiclm/run/run_omicformer_train.py:263: ConstantInputWarning: An input array is constant; the correlation coefficient is not defined.
  _spearmanr = stats.spearmanr(ture_peak, logits)
[INFO|trainer.py:3614] 2024-07-02 08:45:02,361 >> ***** Running Evaluation *****
[INFO|trainer.py:3616] 2024-07-02 08:45:02,361 >>   Num examples = 60810
[INFO|trainer.py:3619] 2024-07-02 08:45:02,361 >>   Batch size = 72
/home/share/huadjyin/home/weiyilin/project/DNALLM/omiclm/run/run_omicformer_train.py:263: ConstantInputWarning: An input array is constant; the correlation coefficient is not defined.
  _spearmanr = stats.spearmanr(ture_peak, logits)
/home/share/huadjyin/home/weiyilin/project/DNALLM/omiclm/run/run_omicformer_train.py:263: ConstantInputWarning: An input array is constant; the correlation coefficient is not defined.
  _spearmanr = stats.spearmanr(ture_peak, logits)
/home/share/huadjyin/home/weiyilin/project/DNALLM/omiclm/run/run_omicformer_train.py:263: ConstantInputWarning: An input array is constant; the correlation coefficient is not defined.
  _spearmanr = stats.spearmanr(ture_peak, logits)
/home/share/huadjyin/home/weiyilin/project/DNALLM/omiclm/run/run_omicformer_train.py:263: ConstantInputWarning: An input array is constant; the correlation coefficient is not defined.
  _spearmanr = stats.spearmanr(ture_peak, logits)
WARNING:torch.distributed.elastic.agent.server.api:Received 15 death signal, shutting down workers
WARNING:torch.distributed.elastic.multiprocessing.api:Sending process 3993515 closing signal SIGTERM
WARNING:torch.distributed.elastic.multiprocessing.api:Sending process 3993516 closing signal SIGTERM
WARNING:torch.distributed.elastic.multiprocessing.api:Sending process 3993517 closing signal SIGTERM
WARNING:torch.distributed.elastic.multiprocessing.api:Sending process 3993518 closing signal SIGTERM
