gcc-12.2.0 loaded successful
cuda-11.8.0 loaded successful
WARNING:torch.distributed.run:
*****************************************
Setting OMP_NUM_THREADS environment variable for each process to be 1 in default, to avoid your system being overloaded, please further tune the variable for optimal performance in your application as needed. 
*****************************************
/home/share/huadjyin/home/baiyong01/.local/lib/python3.9/site-packages/pandas/core/arrays/masked.py:60: UserWarning: Pandas requires version '1.3.6' or newer of 'bottleneck' (version '1.3.5' currently installed).
  from pandas.core import (
/home/share/huadjyin/home/baiyong01/.local/lib/python3.9/site-packages/pandas/core/arrays/masked.py:60: UserWarning: Pandas requires version '1.3.6' or newer of 'bottleneck' (version '1.3.5' currently installed).
  from pandas.core import (
Caching indices mapping at /home/share/huadjyin/home/weiyilin/project/DNALLM/datasets/tokenized_datasets/seq_dataset/hyenadna/CD8_expression_5K/train/cache-ad720d691384c2d6.arrow
Caching indices mapping at /home/share/huadjyin/home/weiyilin/project/DNALLM/datasets/tokenized_datasets/seq_dataset/hyenadna/CD8_expression_5K/train/cache-cf0f3863914a6a15.arrow
/home/share/huadjyin/home/baiyong01/.local/lib/python3.9/site-packages/torch/utils/tensorboard/__init__.py:4: DeprecationWarning: distutils Version classes are deprecated. Use packaging.version instead.
  if not hasattr(tensorboard, "__version__") or LooseVersion(
/home/share/huadjyin/home/baiyong01/.local/lib/python3.9/site-packages/torch/utils/tensorboard/__init__.py:6: DeprecationWarning: distutils Version classes are deprecated. Use packaging.version instead.
  ) < LooseVersion("1.15"):
[WARNING|trainer.py:577] 2024-07-18 11:50:13,892 >> max_steps is given, it will override any value given in num_train_epochs
/home/share/huadjyin/home/baiyong01/.local/lib/python3.9/site-packages/torch/utils/tensorboard/__init__.py:4: DeprecationWarning: distutils Version classes are deprecated. Use packaging.version instead.
  if not hasattr(tensorboard, "__version__") or LooseVersion(
/home/share/huadjyin/home/baiyong01/.local/lib/python3.9/site-packages/torch/utils/tensorboard/__init__.py:6: DeprecationWarning: distutils Version classes are deprecated. Use packaging.version instead.
  ) < LooseVersion("1.15"):
[WARNING|trainer.py:577] 2024-07-18 11:51:16,255 >> max_steps is given, it will override any value given in num_train_epochs
[INFO|trainer.py:2048] 2024-07-18 11:51:16,696 >> ***** Running training *****
[INFO|trainer.py:2049] 2024-07-18 11:51:16,696 >>   Num examples = 121,558,634
[INFO|trainer.py:2050] 2024-07-18 11:51:16,696 >>   Num Epochs = 1
[INFO|trainer.py:2051] 2024-07-18 11:51:16,696 >>   Instantaneous batch size per device = 72
[INFO|trainer.py:2054] 2024-07-18 11:51:16,697 >>   Total train batch size (w. parallel, distributed & accumulation) = 1,440
[INFO|trainer.py:2055] 2024-07-18 11:51:16,697 >>   Gradient Accumulation steps = 10
[INFO|trainer.py:2056] 2024-07-18 11:51:16,697 >>   Total optimization steps = 60,000
[INFO|trainer.py:2057] 2024-07-18 11:51:16,698 >>   Number of trainable parameters = 38,957,057
[INFO|trainer_utils.py:797] 2024-07-18 11:51:29,893 >> The following columns in the training set don't have a corresponding argument in `OmicFormerPreTrainedModel.forward` and have been ignored: sample_record_id. If sample_record_id are not expected by `OmicFormerPreTrainedModel.forward`,  you can safely ignore this message.
[INFO|trainer_utils.py:797] 2024-07-18 11:51:29,904 >> The following columns in the training set don't have a corresponding argument in `OmicFormerPreTrainedModel.forward` and have been ignored: sample_record_id. If sample_record_id are not expected by `OmicFormerPreTrainedModel.forward`,  you can safely ignore this message.
[INFO|trainer_utils.py:797] 2024-07-18 11:51:29,906 >> The following columns in the training set don't have a corresponding argument in `OmicFormerPreTrainedModel.forward` and have been ignored: sample_record_id. If sample_record_id are not expected by `OmicFormerPreTrainedModel.forward`,  you can safely ignore this message.
[WARNING|modeling_utils.py:1188] 2024-07-18 11:51:33,839 >> Could not estimate the number of tokens of the input, floating-point operations will not be computed
[WARNING|modeling_utils.py:1188] 2024-07-18 11:51:34,561 >> Could not estimate the number of tokens of the input, floating-point operations will not be computed
[INFO|trainer.py:3614] 2024-07-18 11:54:22,696 >> ***** Running Evaluation *****
[INFO|trainer.py:3616] 2024-07-18 11:54:22,698 >>   Num examples = 60810
[INFO|trainer.py:3619] 2024-07-18 11:54:22,699 >>   Batch size = 72
[INFO|trainer_utils.py:797] 2024-07-18 11:54:23,232 >> The following columns in the evaluation set don't have a corresponding argument in `OmicFormerPreTrainedModel.forward` and have been ignored: sample_record_id. If sample_record_id are not expected by `OmicFormerPreTrainedModel.forward`,  you can safely ignore this message.
[INFO|trainer_utils.py:797] 2024-07-18 11:54:23,293 >> The following columns in the evaluation set don't have a corresponding argument in `OmicFormerPreTrainedModel.forward` and have been ignored: sample_record_id. If sample_record_id are not expected by `OmicFormerPreTrainedModel.forward`,  you can safely ignore this message.
[INFO|trainer_utils.py:797] 2024-07-18 11:54:23,330 >> The following columns in the evaluation set don't have a corresponding argument in `OmicFormerPreTrainedModel.forward` and have been ignored: sample_record_id. If sample_record_id are not expected by `OmicFormerPreTrainedModel.forward`,  you can safely ignore this message.
[INFO|trainer.py:3614] 2024-07-18 11:59:12,368 >> ***** Running Evaluation *****
[INFO|trainer.py:3616] 2024-07-18 11:59:12,370 >>   Num examples = 60810
[INFO|trainer.py:3619] 2024-07-18 11:59:12,370 >>   Batch size = 72
[INFO|trainer_utils.py:797] 2024-07-18 11:59:12,877 >> The following columns in the evaluation set don't have a corresponding argument in `OmicFormerPreTrainedModel.forward` and have been ignored: sample_record_id. If sample_record_id are not expected by `OmicFormerPreTrainedModel.forward`,  you can safely ignore this message.
[INFO|trainer_utils.py:797] 2024-07-18 11:59:12,946 >> The following columns in the evaluation set don't have a corresponding argument in `OmicFormerPreTrainedModel.forward` and have been ignored: sample_record_id. If sample_record_id are not expected by `OmicFormerPreTrainedModel.forward`,  you can safely ignore this message.
[INFO|trainer_utils.py:797] 2024-07-18 11:59:13,058 >> The following columns in the evaluation set don't have a corresponding argument in `OmicFormerPreTrainedModel.forward` and have been ignored: sample_record_id. If sample_record_id are not expected by `OmicFormerPreTrainedModel.forward`,  you can safely ignore this message.
[INFO|trainer.py:3614] 2024-07-18 12:03:45,456 >> ***** Running Evaluation *****
[INFO|trainer.py:3616] 2024-07-18 12:03:45,459 >>   Num examples = 60810
[INFO|trainer.py:3619] 2024-07-18 12:03:45,459 >>   Batch size = 72
[INFO|trainer_utils.py:797] 2024-07-18 12:03:45,941 >> The following columns in the evaluation set don't have a corresponding argument in `OmicFormerPreTrainedModel.forward` and have been ignored: sample_record_id. If sample_record_id are not expected by `OmicFormerPreTrainedModel.forward`,  you can safely ignore this message.
[INFO|trainer_utils.py:797] 2024-07-18 12:03:45,942 >> The following columns in the evaluation set don't have a corresponding argument in `OmicFormerPreTrainedModel.forward` and have been ignored: sample_record_id. If sample_record_id are not expected by `OmicFormerPreTrainedModel.forward`,  you can safely ignore this message.
[INFO|trainer_utils.py:797] 2024-07-18 12:03:45,943 >> The following columns in the evaluation set don't have a corresponding argument in `OmicFormerPreTrainedModel.forward` and have been ignored: sample_record_id. If sample_record_id are not expected by `OmicFormerPreTrainedModel.forward`,  you can safely ignore this message.
WARNING:torch.distributed.elastic.agent.server.api:Received 15 death signal, shutting down workers
WARNING:torch.distributed.elastic.multiprocessing.api:Sending process 1537040 closing signal SIGTERM
WARNING:torch.distributed.elastic.multiprocessing.api:Sending process 1537041 closing signal SIGTERM
