cyclone001-agent-38
06/09/2024 22:02:45 - WARNING - __main__ - Process rank: 0, device: cuda:0, n_gpu: 1, distributed training: True, 16-bits training: False
06/09/2024 22:02:45 - INFO - __main__ - loading seq tokenized dataset from: /home/share/huadjyin/home/weiyilin/project/DNALLM/datasets/tokenized_datasets/seq_dataset/hyenadna
06/09/2024 22:02:45 - WARNING - __main__ - Process rank: 3, device: cuda:3, n_gpu: 1, distributed training: True, 16-bits training: False
06/09/2024 22:02:45 - WARNING - __main__ - Process rank: 2, device: cuda:2, n_gpu: 1, distributed training: True, 16-bits training: False
06/09/2024 22:02:45 - WARNING - __main__ - Process rank: 1, device: cuda:1, n_gpu: 1, distributed training: True, 16-bits training: False
06/09/2024 22:05:28 - INFO - __main__ - seq tokenized datasets: 
DatasetDict({
    train: Dataset({
        features: ['sample', 'pos', 'seq', 'peak_value', 'input_ids', 'attention_mask', 'record_id'],
        num_rows: 124167712
    })
    test: Dataset({
        features: ['sample', 'pos', 'seq', 'peak_value', 'input_ids', 'attention_mask', 'record_id'],
        num_rows: 4208429
    })
})
06/09/2024 22:05:28 - INFO - datasets.arrow_dataset - Loading cached split indices for dataset at /home/share/huadjyin/home/weiyilin/project/DNALLM/datasets/tokenized_datasets/seq_dataset/hyenadna/train/cache-4a1c83adba1193bc.arrow and /home/share/huadjyin/home/weiyilin/project/DNALLM/datasets/tokenized_datasets/seq_dataset/hyenadna/train/cache-50ad35ad5b298898.arrow
06/09/2024 22:05:31 - INFO - __main__ - train dataset: 
Dataset({
    features: ['sample', 'pos', 'seq', 'peak_value', 'input_ids', 'attention_mask', 'record_id'],
    num_rows: 111750940
})
06/09/2024 22:05:31 - INFO - __main__ - validation dataset: 
Dataset({
    features: ['sample', 'pos', 'seq', 'peak_value', 'input_ids', 'attention_mask', 'record_id'],
    num_rows: 12416772
})
06/09/2024 22:05:31 - INFO - __main__ - test dataset: 
Dataset({
    features: ['sample', 'pos', 'seq', 'peak_value', 'input_ids', 'attention_mask', 'record_id'],
    num_rows: 4208429
})
06/09/2024 22:05:31 - INFO - __main__ - loading sequence pretrained model hyenadna from 
/home/share/huadjyin/home/weiyilin/project/DNALLM/HyenaDNA/hyenadna-medium-450k-seqlen.
06/09/2024 22:05:35 - INFO - datasets.arrow_dataset - Caching processed dataset at /home/share/huadjyin/home/weiyilin/project/DNALLM/datasets/tokenized_datasets/seq_dataset/hyenadna/train/cache-f3e940ae318124ac.arrow
06/09/2024 22:05:35 - INFO - __main__ - 107704829, 100
06/09/2024 22:05:35 - INFO - __main__ - 1177139, 501
06/09/2024 22:05:35 - INFO - __main__ - 50070087, 501
06/09/2024 22:05:35 - INFO - __main__ - 83765613, 501
06/09/2024 22:05:35 - INFO - __main__ - 88634850, 501
06/09/2024 22:05:35 - INFO - __main__ - 85000371, 501
06/09/2024 22:05:35 - WARNING - accelerate.utils.other - Detected kernel version 4.19.90, which is below the recommended minimum of 5.5.0; this can cause the process to hang. It is recommended to upgrade the kernel to the minimum version or higher.
06/09/2024 22:07:31 - INFO - __main__ - [107704829   1177139  50070087  83765613  88634850  85000371]
06/09/2024 22:07:31 - INFO - __main__ - 107704829, (501, 256)
06/09/2024 22:07:31 - INFO - __main__ - 1177139, (501, 256)
06/09/2024 22:07:31 - INFO - __main__ - 50070087, (501, 256)
06/09/2024 22:07:31 - INFO - __main__ - 83765613, (501, 256)
06/09/2024 22:07:31 - INFO - __main__ - 88634850, (501, 256)
06/09/2024 22:07:31 - INFO - __main__ - 85000371, (501, 256)
06/09/2024 22:07:31 - INFO - __main__ - PredictionOutput(predictions=(array([107704829,   1177139,  50070087,  83765613,  88634850,  85000371]), array([0.        , 0.11316872, 0.        , 0.        , 0.        ,
       0.        ], dtype=float32), array([[[-2.5650033e-01, -6.1673158e-01, -1.4891075e+00, ...,
          8.1726921e-01,  7.4079573e-01, -1.7655629e+00],
        [-7.8969586e-01, -7.6719707e-01, -1.5201398e+00, ...,
          6.5766329e-01,  8.5650069e-01, -1.9094959e+00],
        [-2.4838321e-01, -6.1462718e-01, -1.5058695e+00, ...,
          8.4613627e-01,  8.3134484e-01, -1.8570505e+00],
        ...,
        [-1.0000000e+02, -1.0000000e+02, -1.0000000e+02, ...,
         -1.0000000e+02, -1.0000000e+02, -1.0000000e+02],
        [-1.0000000e+02, -1.0000000e+02, -1.0000000e+02, ...,
         -1.0000000e+02, -1.0000000e+02, -1.0000000e+02],
        [-1.0000000e+02, -1.0000000e+02, -1.0000000e+02, ...,
         -1.0000000e+02, -1.0000000e+02, -1.0000000e+02]],

       [[-7.0371306e-01, -7.7438200e-01, -1.4108704e+00, ...,
          6.7849982e-01,  8.1574541e-01, -1.6187836e+00],
        [-4.9506187e-01, -5.2263248e-01, -1.1271404e+00, ...,
          5.6968498e-01,  6.5648645e-01, -1.0002531e+00],
        [-7.6900768e-01, -8.5309392e-01, -1.5277698e+00, ...,
          6.2532043e-01,  8.2871777e-01, -1.8577273e+00],
        ...,
        [-4.6431392e-01, -3.4236348e-01, -5.0737852e-01, ...,
          1.3310310e+00,  5.7304686e-01,  7.9446578e-01],
        [-7.4450946e-01, -6.4542854e-01, -9.8229647e-01, ...,
         -3.6779013e-02,  3.4179324e-01,  3.6105284e-01],
        [-4.9824479e-01, -5.8415776e-01, -6.9666225e-01, ...,
          1.8990520e-01,  6.1156362e-01,  5.1217526e-01]],

       [[-7.0371354e-01, -7.7438211e-01, -1.4108704e+00, ...,
          6.7850012e-01,  8.1574565e-01, -1.6187838e+00],
        [-1.0867584e+00,  1.0670003e-01, -1.3490006e+00, ...,
          5.7737797e-01,  7.6647240e-01, -1.8829693e+00],
        [-6.8703127e-01, -8.4613019e-01, -1.4063904e+00, ...,
          6.9522202e-01,  7.9242498e-01, -1.6222742e+00],
        ...,
        [-1.3004823e+00,  3.9693624e-01, -4.6641600e-01, ...,
          5.4653978e-01,  5.4739267e-01,  6.9950908e-01],
        [-6.8488318e-01, -4.4099054e-01, -8.8171858e-01, ...,
          1.9623779e-01, -1.4411174e-01,  1.5419813e-01],
        [-1.0602183e+00, -4.3637678e-01, -7.4123991e-01, ...,
          6.7399001e-01,  7.9728067e-01, -9.7371802e-02]],

       [[-7.0371330e-01, -7.7438134e-01, -1.4108710e+00, ...,
          6.7850077e-01,  8.1574595e-01, -1.6187831e+00],
        [-7.2103745e-01, -7.5998467e-01, -1.4305688e+00, ...,
          6.8313545e-01,  8.7857807e-01, -1.6253785e+00],
        [-1.0813185e+00,  3.4436017e-02, -1.3458570e+00, ...,
          6.2187052e-01,  7.8332591e-01, -1.8254951e+00],
        ...,
        [-7.0128632e-01, -2.2093467e-01, -3.5940957e-01, ...,
          5.2096814e-01,  1.1039884e+00,  2.1924974e-01],
        [-7.6797205e-01, -4.7145531e-01, -3.0468988e-01, ...,
          8.9226055e-01,  8.6337185e-01,  6.5228082e-02],
        [-6.1350274e-01, -2.9825658e-02, -4.1645300e-01, ...,
          6.1123264e-01,  7.8000146e-01,  6.1417252e-01]],

       [[-1.0892476e+00,  1.2563993e-01, -1.3517289e+00, ...,
          5.4629183e-01,  7.4444288e-01, -1.9434109e+00],
        [-1.0903897e+00,  1.1161214e-01, -1.3767043e+00, ...,
          5.2983272e-01,  7.8232110e-01, -1.8941708e+00],
        [-4.1421875e-01, -5.1487249e-01, -9.5445818e-01, ...,
          4.8931146e-01,  6.3027334e-01, -6.2793881e-01],
        ...,
        [-1.3611349e-01, -7.3464543e-01, -8.7075418e-01, ...,
          6.5259039e-01,  7.3981732e-01,  6.3173681e-01],
        [-1.4011480e-01, -4.8427981e-01, -3.7528914e-01, ...,
          7.1779650e-01,  1.6409273e-01,  5.2210546e-01],
        [-9.6935666e-01, -3.0302057e-01, -2.5198492e-01, ...,
          6.4274049e-01,  5.2298248e-01,  2.1456906e-01]],

       [[-4.8372000e-01, -4.9464843e-01, -1.1531928e+00, ...,
          5.5373335e-01,  6.3720328e-01, -1.0771472e+00],
        [-7.9995281e-01, -8.3555758e-01, -1.4789996e+00, ...,
          5.9357613e-01,  8.0341476e-01, -1.7340939e+00],
        [-5.7213300e-01, -5.5910319e-01, -1.2253186e+00, ...,
          5.2053249e-01,  6.6439229e-01, -1.2326888e+00],
        ...,
        [-4.7554222e-01, -1.2166452e-01, -6.4064306e-01, ...,
          8.6444646e-01,  5.3145105e-01,  7.2370939e-02],
        [-6.3971215e-01, -4.1303080e-02, -3.6127236e-01, ...,
          5.6391728e-01,  6.8771213e-01,  7.9513818e-02],
        [-4.6907568e-01, -4.7017241e-01, -2.2568850e-01, ...,
          2.3427938e-01,  5.6770092e-01,  2.1070922e-02]]], dtype=float32)), label_ids=None, metrics={'test_runtime': 113.5652, 'test_samples_per_second': 0.053, 'test_steps_per_second': 0.018})
