cyclone001-agent-131
06/28/2024 00:46:49 - INFO - __main__ - >>> removing original tokenized SEQ data from /home/share/huadjyin/home/weiyilin/project/DNALLM/datasets/tokenized_datasets/seq_dataset/hyenadna/CD8_expression_5K
06/28/2024 00:46:49 - INFO - __main__ - >>> loading TOKENIZED SEQ data and split from /home/share/huadjyin/home/weiyilin/project/DNALLM/datasets/tokenized_datasets/seq_dataset/hyenadna/CD8_expression_5K_original_copied
06/28/2024 01:03:24 - INFO - __main__ - >>> loading normalized peak value from /home/share/huadjyin/home/weiyilin/project/DNALLM/processed_data/CD8_CTL_GZMB_sum_peak_matrix_normalized_no_cutoff.csv
06/28/2024 01:13:03 - INFO - datasets.arrow_dataset - Process #0 will write at /home/share/huadjyin/home/weiyilin/project/DNALLM/datasets/tokenized_datasets/seq_dataset/hyenadna/CD8_expression_5K_original_copied/train/cache-b431e8191f1708bc_00000_of_00030.arrow
06/28/2024 01:13:03 - INFO - datasets.arrow_dataset - Process #1 will write at /home/share/huadjyin/home/weiyilin/project/DNALLM/datasets/tokenized_datasets/seq_dataset/hyenadna/CD8_expression_5K_original_copied/train/cache-b431e8191f1708bc_00001_of_00030.arrow
06/28/2024 01:13:03 - INFO - datasets.arrow_dataset - Process #2 will write at /home/share/huadjyin/home/weiyilin/project/DNALLM/datasets/tokenized_datasets/seq_dataset/hyenadna/CD8_expression_5K_original_copied/train/cache-b431e8191f1708bc_00002_of_00030.arrow
06/28/2024 01:13:03 - INFO - datasets.arrow_dataset - Process #3 will write at /home/share/huadjyin/home/weiyilin/project/DNALLM/datasets/tokenized_datasets/seq_dataset/hyenadna/CD8_expression_5K_original_copied/train/cache-b431e8191f1708bc_00003_of_00030.arrow
06/28/2024 01:13:03 - INFO - datasets.arrow_dataset - Process #4 will write at /home/share/huadjyin/home/weiyilin/project/DNALLM/datasets/tokenized_datasets/seq_dataset/hyenadna/CD8_expression_5K_original_copied/train/cache-b431e8191f1708bc_00004_of_00030.arrow
06/28/2024 01:13:03 - INFO - datasets.arrow_dataset - Process #5 will write at /home/share/huadjyin/home/weiyilin/project/DNALLM/datasets/tokenized_datasets/seq_dataset/hyenadna/CD8_expression_5K_original_copied/train/cache-b431e8191f1708bc_00005_of_00030.arrow
06/28/2024 01:13:03 - INFO - datasets.arrow_dataset - Process #6 will write at /home/share/huadjyin/home/weiyilin/project/DNALLM/datasets/tokenized_datasets/seq_dataset/hyenadna/CD8_expression_5K_original_copied/train/cache-b431e8191f1708bc_00006_of_00030.arrow
06/28/2024 01:13:03 - INFO - datasets.arrow_dataset - Process #7 will write at /home/share/huadjyin/home/weiyilin/project/DNALLM/datasets/tokenized_datasets/seq_dataset/hyenadna/CD8_expression_5K_original_copied/train/cache-b431e8191f1708bc_00007_of_00030.arrow
06/28/2024 01:13:03 - INFO - datasets.arrow_dataset - Process #8 will write at /home/share/huadjyin/home/weiyilin/project/DNALLM/datasets/tokenized_datasets/seq_dataset/hyenadna/CD8_expression_5K_original_copied/train/cache-b431e8191f1708bc_00008_of_00030.arrow
06/28/2024 01:13:03 - INFO - datasets.arrow_dataset - Process #9 will write at /home/share/huadjyin/home/weiyilin/project/DNALLM/datasets/tokenized_datasets/seq_dataset/hyenadna/CD8_expression_5K_original_copied/train/cache-b431e8191f1708bc_00009_of_00030.arrow
06/28/2024 01:13:03 - INFO - datasets.arrow_dataset - Process #10 will write at /home/share/huadjyin/home/weiyilin/project/DNALLM/datasets/tokenized_datasets/seq_dataset/hyenadna/CD8_expression_5K_original_copied/train/cache-b431e8191f1708bc_00010_of_00030.arrow
06/28/2024 01:13:03 - INFO - datasets.arrow_dataset - Process #11 will write at /home/share/huadjyin/home/weiyilin/project/DNALLM/datasets/tokenized_datasets/seq_dataset/hyenadna/CD8_expression_5K_original_copied/train/cache-b431e8191f1708bc_00011_of_00030.arrow
06/28/2024 01:13:03 - INFO - datasets.arrow_dataset - Process #12 will write at /home/share/huadjyin/home/weiyilin/project/DNALLM/datasets/tokenized_datasets/seq_dataset/hyenadna/CD8_expression_5K_original_copied/train/cache-b431e8191f1708bc_00012_of_00030.arrow
06/28/2024 01:13:03 - INFO - datasets.arrow_dataset - Process #13 will write at /home/share/huadjyin/home/weiyilin/project/DNALLM/datasets/tokenized_datasets/seq_dataset/hyenadna/CD8_expression_5K_original_copied/train/cache-b431e8191f1708bc_00013_of_00030.arrow
06/28/2024 01:13:03 - INFO - datasets.arrow_dataset - Process #14 will write at /home/share/huadjyin/home/weiyilin/project/DNALLM/datasets/tokenized_datasets/seq_dataset/hyenadna/CD8_expression_5K_original_copied/train/cache-b431e8191f1708bc_00014_of_00030.arrow
06/28/2024 01:13:03 - INFO - datasets.arrow_dataset - Process #15 will write at /home/share/huadjyin/home/weiyilin/project/DNALLM/datasets/tokenized_datasets/seq_dataset/hyenadna/CD8_expression_5K_original_copied/train/cache-b431e8191f1708bc_00015_of_00030.arrow
06/28/2024 01:13:03 - INFO - datasets.arrow_dataset - Process #16 will write at /home/share/huadjyin/home/weiyilin/project/DNALLM/datasets/tokenized_datasets/seq_dataset/hyenadna/CD8_expression_5K_original_copied/train/cache-b431e8191f1708bc_00016_of_00030.arrow
06/28/2024 01:13:03 - INFO - datasets.arrow_dataset - Process #17 will write at /home/share/huadjyin/home/weiyilin/project/DNALLM/datasets/tokenized_datasets/seq_dataset/hyenadna/CD8_expression_5K_original_copied/train/cache-b431e8191f1708bc_00017_of_00030.arrow
06/28/2024 01:13:03 - INFO - datasets.arrow_dataset - Process #18 will write at /home/share/huadjyin/home/weiyilin/project/DNALLM/datasets/tokenized_datasets/seq_dataset/hyenadna/CD8_expression_5K_original_copied/train/cache-b431e8191f1708bc_00018_of_00030.arrow
06/28/2024 01:13:03 - INFO - datasets.arrow_dataset - Process #19 will write at /home/share/huadjyin/home/weiyilin/project/DNALLM/datasets/tokenized_datasets/seq_dataset/hyenadna/CD8_expression_5K_original_copied/train/cache-b431e8191f1708bc_00019_of_00030.arrow
06/28/2024 01:13:03 - INFO - datasets.arrow_dataset - Process #20 will write at /home/share/huadjyin/home/weiyilin/project/DNALLM/datasets/tokenized_datasets/seq_dataset/hyenadna/CD8_expression_5K_original_copied/train/cache-b431e8191f1708bc_00020_of_00030.arrow
06/28/2024 01:13:03 - INFO - datasets.arrow_dataset - Process #21 will write at /home/share/huadjyin/home/weiyilin/project/DNALLM/datasets/tokenized_datasets/seq_dataset/hyenadna/CD8_expression_5K_original_copied/train/cache-b431e8191f1708bc_00021_of_00030.arrow
06/28/2024 01:13:03 - INFO - datasets.arrow_dataset - Process #22 will write at /home/share/huadjyin/home/weiyilin/project/DNALLM/datasets/tokenized_datasets/seq_dataset/hyenadna/CD8_expression_5K_original_copied/train/cache-b431e8191f1708bc_00022_of_00030.arrow
06/28/2024 01:13:03 - INFO - datasets.arrow_dataset - Process #23 will write at /home/share/huadjyin/home/weiyilin/project/DNALLM/datasets/tokenized_datasets/seq_dataset/hyenadna/CD8_expression_5K_original_copied/train/cache-b431e8191f1708bc_00023_of_00030.arrow
06/28/2024 01:13:03 - INFO - datasets.arrow_dataset - Process #24 will write at /home/share/huadjyin/home/weiyilin/project/DNALLM/datasets/tokenized_datasets/seq_dataset/hyenadna/CD8_expression_5K_original_copied/train/cache-b431e8191f1708bc_00024_of_00030.arrow
06/28/2024 01:13:03 - INFO - datasets.arrow_dataset - Process #25 will write at /home/share/huadjyin/home/weiyilin/project/DNALLM/datasets/tokenized_datasets/seq_dataset/hyenadna/CD8_expression_5K_original_copied/train/cache-b431e8191f1708bc_00025_of_00030.arrow
06/28/2024 01:13:03 - INFO - datasets.arrow_dataset - Process #26 will write at /home/share/huadjyin/home/weiyilin/project/DNALLM/datasets/tokenized_datasets/seq_dataset/hyenadna/CD8_expression_5K_original_copied/train/cache-b431e8191f1708bc_00026_of_00030.arrow
06/28/2024 01:13:03 - INFO - datasets.arrow_dataset - Process #27 will write at /home/share/huadjyin/home/weiyilin/project/DNALLM/datasets/tokenized_datasets/seq_dataset/hyenadna/CD8_expression_5K_original_copied/train/cache-b431e8191f1708bc_00027_of_00030.arrow
06/28/2024 01:13:03 - INFO - datasets.arrow_dataset - Process #28 will write at /home/share/huadjyin/home/weiyilin/project/DNALLM/datasets/tokenized_datasets/seq_dataset/hyenadna/CD8_expression_5K_original_copied/train/cache-b431e8191f1708bc_00028_of_00030.arrow
06/28/2024 01:13:03 - INFO - datasets.arrow_dataset - Process #29 will write at /home/share/huadjyin/home/weiyilin/project/DNALLM/datasets/tokenized_datasets/seq_dataset/hyenadna/CD8_expression_5K_original_copied/train/cache-b431e8191f1708bc_00029_of_00030.arrow
06/28/2024 01:15:40 - INFO - datasets.arrow_dataset - Loading cached processed dataset at /home/share/huadjyin/home/weiyilin/project/DNALLM/datasets/tokenized_datasets/seq_dataset/hyenadna/CD8_expression_5K_original_copied/train/cache-b431e8191f1708bc_*_of_00030.arrow
06/28/2024 01:15:40 - INFO - datasets.arrow_dataset - Concatenating 30 shards
06/28/2024 01:15:45 - INFO - datasets.arrow_dataset - Process #0 will write at /home/share/huadjyin/home/weiyilin/project/DNALLM/datasets/tokenized_datasets/seq_dataset/hyenadna/CD8_expression_5K_original_copied/test/cache-58e927ef09408172_00000_of_00030.arrow
06/28/2024 01:15:45 - INFO - datasets.arrow_dataset - Process #1 will write at /home/share/huadjyin/home/weiyilin/project/DNALLM/datasets/tokenized_datasets/seq_dataset/hyenadna/CD8_expression_5K_original_copied/test/cache-58e927ef09408172_00001_of_00030.arrow
06/28/2024 01:15:45 - INFO - datasets.arrow_dataset - Process #2 will write at /home/share/huadjyin/home/weiyilin/project/DNALLM/datasets/tokenized_datasets/seq_dataset/hyenadna/CD8_expression_5K_original_copied/test/cache-58e927ef09408172_00002_of_00030.arrow
06/28/2024 01:15:45 - INFO - datasets.arrow_dataset - Process #3 will write at /home/share/huadjyin/home/weiyilin/project/DNALLM/datasets/tokenized_datasets/seq_dataset/hyenadna/CD8_expression_5K_original_copied/test/cache-58e927ef09408172_00003_of_00030.arrow
06/28/2024 01:15:45 - INFO - datasets.arrow_dataset - Process #4 will write at /home/share/huadjyin/home/weiyilin/project/DNALLM/datasets/tokenized_datasets/seq_dataset/hyenadna/CD8_expression_5K_original_copied/test/cache-58e927ef09408172_00004_of_00030.arrow
06/28/2024 01:15:45 - INFO - datasets.arrow_dataset - Process #5 will write at /home/share/huadjyin/home/weiyilin/project/DNALLM/datasets/tokenized_datasets/seq_dataset/hyenadna/CD8_expression_5K_original_copied/test/cache-58e927ef09408172_00005_of_00030.arrow
06/28/2024 01:15:45 - INFO - datasets.arrow_dataset - Process #6 will write at /home/share/huadjyin/home/weiyilin/project/DNALLM/datasets/tokenized_datasets/seq_dataset/hyenadna/CD8_expression_5K_original_copied/test/cache-58e927ef09408172_00006_of_00030.arrow
06/28/2024 01:15:45 - INFO - datasets.arrow_dataset - Process #7 will write at /home/share/huadjyin/home/weiyilin/project/DNALLM/datasets/tokenized_datasets/seq_dataset/hyenadna/CD8_expression_5K_original_copied/test/cache-58e927ef09408172_00007_of_00030.arrow
06/28/2024 01:15:45 - INFO - datasets.arrow_dataset - Process #8 will write at /home/share/huadjyin/home/weiyilin/project/DNALLM/datasets/tokenized_datasets/seq_dataset/hyenadna/CD8_expression_5K_original_copied/test/cache-58e927ef09408172_00008_of_00030.arrow
06/28/2024 01:15:45 - INFO - datasets.arrow_dataset - Process #9 will write at /home/share/huadjyin/home/weiyilin/project/DNALLM/datasets/tokenized_datasets/seq_dataset/hyenadna/CD8_expression_5K_original_copied/test/cache-58e927ef09408172_00009_of_00030.arrow
06/28/2024 01:15:45 - INFO - datasets.arrow_dataset - Process #10 will write at /home/share/huadjyin/home/weiyilin/project/DNALLM/datasets/tokenized_datasets/seq_dataset/hyenadna/CD8_expression_5K_original_copied/test/cache-58e927ef09408172_00010_of_00030.arrow
06/28/2024 01:15:45 - INFO - datasets.arrow_dataset - Process #11 will write at /home/share/huadjyin/home/weiyilin/project/DNALLM/datasets/tokenized_datasets/seq_dataset/hyenadna/CD8_expression_5K_original_copied/test/cache-58e927ef09408172_00011_of_00030.arrow
06/28/2024 01:15:45 - INFO - datasets.arrow_dataset - Process #12 will write at /home/share/huadjyin/home/weiyilin/project/DNALLM/datasets/tokenized_datasets/seq_dataset/hyenadna/CD8_expression_5K_original_copied/test/cache-58e927ef09408172_00012_of_00030.arrow
06/28/2024 01:15:45 - INFO - datasets.arrow_dataset - Process #13 will write at /home/share/huadjyin/home/weiyilin/project/DNALLM/datasets/tokenized_datasets/seq_dataset/hyenadna/CD8_expression_5K_original_copied/test/cache-58e927ef09408172_00013_of_00030.arrow
06/28/2024 01:15:45 - INFO - datasets.arrow_dataset - Process #14 will write at /home/share/huadjyin/home/weiyilin/project/DNALLM/datasets/tokenized_datasets/seq_dataset/hyenadna/CD8_expression_5K_original_copied/test/cache-58e927ef09408172_00014_of_00030.arrow
06/28/2024 01:15:45 - INFO - datasets.arrow_dataset - Process #15 will write at /home/share/huadjyin/home/weiyilin/project/DNALLM/datasets/tokenized_datasets/seq_dataset/hyenadna/CD8_expression_5K_original_copied/test/cache-58e927ef09408172_00015_of_00030.arrow
06/28/2024 01:15:45 - INFO - datasets.arrow_dataset - Process #16 will write at /home/share/huadjyin/home/weiyilin/project/DNALLM/datasets/tokenized_datasets/seq_dataset/hyenadna/CD8_expression_5K_original_copied/test/cache-58e927ef09408172_00016_of_00030.arrow
06/28/2024 01:15:45 - INFO - datasets.arrow_dataset - Process #17 will write at /home/share/huadjyin/home/weiyilin/project/DNALLM/datasets/tokenized_datasets/seq_dataset/hyenadna/CD8_expression_5K_original_copied/test/cache-58e927ef09408172_00017_of_00030.arrow
06/28/2024 01:15:45 - INFO - datasets.arrow_dataset - Process #18 will write at /home/share/huadjyin/home/weiyilin/project/DNALLM/datasets/tokenized_datasets/seq_dataset/hyenadna/CD8_expression_5K_original_copied/test/cache-58e927ef09408172_00018_of_00030.arrow
06/28/2024 01:15:45 - INFO - datasets.arrow_dataset - Process #19 will write at /home/share/huadjyin/home/weiyilin/project/DNALLM/datasets/tokenized_datasets/seq_dataset/hyenadna/CD8_expression_5K_original_copied/test/cache-58e927ef09408172_00019_of_00030.arrow
06/28/2024 01:15:45 - INFO - datasets.arrow_dataset - Process #20 will write at /home/share/huadjyin/home/weiyilin/project/DNALLM/datasets/tokenized_datasets/seq_dataset/hyenadna/CD8_expression_5K_original_copied/test/cache-58e927ef09408172_00020_of_00030.arrow
06/28/2024 01:15:45 - INFO - datasets.arrow_dataset - Process #21 will write at /home/share/huadjyin/home/weiyilin/project/DNALLM/datasets/tokenized_datasets/seq_dataset/hyenadna/CD8_expression_5K_original_copied/test/cache-58e927ef09408172_00021_of_00030.arrow
06/28/2024 01:15:45 - INFO - datasets.arrow_dataset - Process #22 will write at /home/share/huadjyin/home/weiyilin/project/DNALLM/datasets/tokenized_datasets/seq_dataset/hyenadna/CD8_expression_5K_original_copied/test/cache-58e927ef09408172_00022_of_00030.arrow
06/28/2024 01:15:45 - INFO - datasets.arrow_dataset - Process #23 will write at /home/share/huadjyin/home/weiyilin/project/DNALLM/datasets/tokenized_datasets/seq_dataset/hyenadna/CD8_expression_5K_original_copied/test/cache-58e927ef09408172_00023_of_00030.arrow
06/28/2024 01:15:45 - INFO - datasets.arrow_dataset - Process #24 will write at /home/share/huadjyin/home/weiyilin/project/DNALLM/datasets/tokenized_datasets/seq_dataset/hyenadna/CD8_expression_5K_original_copied/test/cache-58e927ef09408172_00024_of_00030.arrow
06/28/2024 01:15:45 - INFO - datasets.arrow_dataset - Process #25 will write at /home/share/huadjyin/home/weiyilin/project/DNALLM/datasets/tokenized_datasets/seq_dataset/hyenadna/CD8_expression_5K_original_copied/test/cache-58e927ef09408172_00025_of_00030.arrow
06/28/2024 01:15:45 - INFO - datasets.arrow_dataset - Process #26 will write at /home/share/huadjyin/home/weiyilin/project/DNALLM/datasets/tokenized_datasets/seq_dataset/hyenadna/CD8_expression_5K_original_copied/test/cache-58e927ef09408172_00026_of_00030.arrow
06/28/2024 01:15:45 - INFO - datasets.arrow_dataset - Process #27 will write at /home/share/huadjyin/home/weiyilin/project/DNALLM/datasets/tokenized_datasets/seq_dataset/hyenadna/CD8_expression_5K_original_copied/test/cache-58e927ef09408172_00027_of_00030.arrow
06/28/2024 01:15:45 - INFO - datasets.arrow_dataset - Process #28 will write at /home/share/huadjyin/home/weiyilin/project/DNALLM/datasets/tokenized_datasets/seq_dataset/hyenadna/CD8_expression_5K_original_copied/test/cache-58e927ef09408172_00028_of_00030.arrow
06/28/2024 01:15:45 - INFO - datasets.arrow_dataset - Process #29 will write at /home/share/huadjyin/home/weiyilin/project/DNALLM/datasets/tokenized_datasets/seq_dataset/hyenadna/CD8_expression_5K_original_copied/test/cache-58e927ef09408172_00029_of_00030.arrow
06/28/2024 01:16:23 - INFO - datasets.arrow_dataset - Loading cached processed dataset at /home/share/huadjyin/home/weiyilin/project/DNALLM/datasets/tokenized_datasets/seq_dataset/hyenadna/CD8_expression_5K_original_copied/test/cache-58e927ef09408172_*_of_00030.arrow
06/28/2024 01:16:23 - INFO - datasets.arrow_dataset - Concatenating 30 shards
06/28/2024 01:16:23 - INFO - __main__ - >>> saving tokenized SEQ data with normalized peak value to /home/share/huadjyin/home/weiyilin/project/DNALLM/datasets/tokenized_datasets/seq_dataset/hyenadna/CD8_expression_5K
06/28/2024 01:35:06 - INFO - datasets.arrow_dataset - Listing files in /home/share/huadjyin/home/weiyilin/project/DNALLM/datasets/tokenized_datasets/seq_dataset/hyenadna/CD8_expression_5K_original_copied/train
06/28/2024 01:35:06 - INFO - datasets.arrow_dataset - Keeping currently used cache file at /home/share/huadjyin/home/weiyilin/project/DNALLM/datasets/tokenized_datasets/seq_dataset/hyenadna/CD8_expression_5K_original_copied/train/cache-b431e8191f1708bc_00003_of_00030.arrow
06/28/2024 01:35:06 - INFO - datasets.arrow_dataset - Keeping currently used cache file at /home/share/huadjyin/home/weiyilin/project/DNALLM/datasets/tokenized_datasets/seq_dataset/hyenadna/CD8_expression_5K_original_copied/train/cache-b431e8191f1708bc_00002_of_00030.arrow
06/28/2024 01:35:06 - INFO - datasets.arrow_dataset - Keeping currently used cache file at /home/share/huadjyin/home/weiyilin/project/DNALLM/datasets/tokenized_datasets/seq_dataset/hyenadna/CD8_expression_5K_original_copied/train/cache-b431e8191f1708bc_00009_of_00030.arrow
06/28/2024 01:35:06 - INFO - datasets.arrow_dataset - Keeping currently used cache file at /home/share/huadjyin/home/weiyilin/project/DNALLM/datasets/tokenized_datasets/seq_dataset/hyenadna/CD8_expression_5K_original_copied/train/cache-b431e8191f1708bc_00017_of_00030.arrow
06/28/2024 01:35:06 - INFO - datasets.arrow_dataset - Keeping currently used cache file at /home/share/huadjyin/home/weiyilin/project/DNALLM/datasets/tokenized_datasets/seq_dataset/hyenadna/CD8_expression_5K_original_copied/train/cache-b431e8191f1708bc_00021_of_00030.arrow
06/28/2024 01:35:06 - INFO - datasets.arrow_dataset - Keeping currently used cache file at /home/share/huadjyin/home/weiyilin/project/DNALLM/datasets/tokenized_datasets/seq_dataset/hyenadna/CD8_expression_5K_original_copied/train/cache-b431e8191f1708bc_00008_of_00030.arrow
06/28/2024 01:35:06 - INFO - datasets.arrow_dataset - Keeping currently used cache file at /home/share/huadjyin/home/weiyilin/project/DNALLM/datasets/tokenized_datasets/seq_dataset/hyenadna/CD8_expression_5K_original_copied/train/cache-b431e8191f1708bc_00016_of_00030.arrow
06/28/2024 01:35:06 - INFO - datasets.arrow_dataset - Keeping currently used cache file at /home/share/huadjyin/home/weiyilin/project/DNALLM/datasets/tokenized_datasets/seq_dataset/hyenadna/CD8_expression_5K_original_copied/train/cache-b431e8191f1708bc_00020_of_00030.arrow
06/28/2024 01:35:06 - INFO - datasets.arrow_dataset - Keeping currently used cache file at /home/share/huadjyin/home/weiyilin/project/DNALLM/datasets/tokenized_datasets/seq_dataset/hyenadna/CD8_expression_5K_original_copied/train/cache-b431e8191f1708bc_00000_of_00030.arrow
06/28/2024 01:35:06 - INFO - datasets.arrow_dataset - Keeping currently used cache file at /home/share/huadjyin/home/weiyilin/project/DNALLM/datasets/tokenized_datasets/seq_dataset/hyenadna/CD8_expression_5K_original_copied/train/cache-b431e8191f1708bc_00029_of_00030.arrow
06/28/2024 01:35:06 - INFO - datasets.arrow_dataset - Keeping currently used cache file at /home/share/huadjyin/home/weiyilin/project/DNALLM/datasets/tokenized_datasets/seq_dataset/hyenadna/CD8_expression_5K_original_copied/train/cache-b431e8191f1708bc_00028_of_00030.arrow
06/28/2024 01:35:06 - INFO - datasets.arrow_dataset - Keeping currently used cache file at /home/share/huadjyin/home/weiyilin/project/DNALLM/datasets/tokenized_datasets/seq_dataset/hyenadna/CD8_expression_5K_original_copied/train/cache-b431e8191f1708bc_00001_of_00030.arrow
06/28/2024 01:35:06 - INFO - datasets.arrow_dataset - Keeping currently used cache file at /home/share/huadjyin/home/weiyilin/project/DNALLM/datasets/tokenized_datasets/seq_dataset/hyenadna/CD8_expression_5K_original_copied/train/cache-b431e8191f1708bc_00014_of_00030.arrow
06/28/2024 01:35:06 - INFO - datasets.arrow_dataset - Keeping currently used cache file at /home/share/huadjyin/home/weiyilin/project/DNALLM/datasets/tokenized_datasets/seq_dataset/hyenadna/CD8_expression_5K_original_copied/train/cache-b431e8191f1708bc_00015_of_00030.arrow
06/28/2024 01:35:06 - INFO - datasets.arrow_dataset - Keeping currently used cache file at /home/share/huadjyin/home/weiyilin/project/DNALLM/datasets/tokenized_datasets/seq_dataset/hyenadna/CD8_expression_5K_original_copied/train/cache-b431e8191f1708bc_00023_of_00030.arrow
06/28/2024 01:35:06 - INFO - datasets.arrow_dataset - Keeping currently used cache file at /home/share/huadjyin/home/weiyilin/project/DNALLM/datasets/tokenized_datasets/seq_dataset/hyenadna/CD8_expression_5K_original_copied/train/cache-b431e8191f1708bc_00022_of_00030.arrow
06/28/2024 01:35:06 - INFO - datasets.arrow_dataset - Keeping currently used cache file at /home/share/huadjyin/home/weiyilin/project/DNALLM/datasets/tokenized_datasets/seq_dataset/hyenadna/CD8_expression_5K_original_copied/train/cache-b431e8191f1708bc_00007_of_00030.arrow
06/28/2024 01:35:06 - INFO - datasets.arrow_dataset - Keeping currently used cache file at /home/share/huadjyin/home/weiyilin/project/DNALLM/datasets/tokenized_datasets/seq_dataset/hyenadna/CD8_expression_5K_original_copied/train/cache-b431e8191f1708bc_00006_of_00030.arrow
06/28/2024 01:35:06 - INFO - datasets.arrow_dataset - Keeping currently used cache file at /home/share/huadjyin/home/weiyilin/project/DNALLM/datasets/tokenized_datasets/seq_dataset/hyenadna/CD8_expression_5K_original_copied/train/cache-b431e8191f1708bc_00019_of_00030.arrow
06/28/2024 01:35:06 - INFO - datasets.arrow_dataset - Keeping currently used cache file at /home/share/huadjyin/home/weiyilin/project/DNALLM/datasets/tokenized_datasets/seq_dataset/hyenadna/CD8_expression_5K_original_copied/train/cache-b431e8191f1708bc_00018_of_00030.arrow
06/28/2024 01:35:06 - INFO - datasets.arrow_dataset - Keeping currently used cache file at /home/share/huadjyin/home/weiyilin/project/DNALLM/datasets/tokenized_datasets/seq_dataset/hyenadna/CD8_expression_5K_original_copied/train/cache-b431e8191f1708bc_00013_of_00030.arrow
06/28/2024 01:35:06 - INFO - datasets.arrow_dataset - Keeping currently used cache file at /home/share/huadjyin/home/weiyilin/project/DNALLM/datasets/tokenized_datasets/seq_dataset/hyenadna/CD8_expression_5K_original_copied/train/cache-b431e8191f1708bc_00012_of_00030.arrow
06/28/2024 01:35:06 - INFO - datasets.arrow_dataset - Keeping currently used cache file at /home/share/huadjyin/home/weiyilin/project/DNALLM/datasets/tokenized_datasets/seq_dataset/hyenadna/CD8_expression_5K_original_copied/train/cache-b431e8191f1708bc_00025_of_00030.arrow
06/28/2024 01:35:06 - INFO - datasets.arrow_dataset - Keeping currently used cache file at /home/share/huadjyin/home/weiyilin/project/DNALLM/datasets/tokenized_datasets/seq_dataset/hyenadna/CD8_expression_5K_original_copied/train/cache-b431e8191f1708bc_00024_of_00030.arrow
06/28/2024 01:35:06 - INFO - datasets.arrow_dataset - Keeping currently used cache file at /home/share/huadjyin/home/weiyilin/project/DNALLM/datasets/tokenized_datasets/seq_dataset/hyenadna/CD8_expression_5K_original_copied/train/cache-b431e8191f1708bc_00004_of_00030.arrow
06/28/2024 01:35:06 - INFO - datasets.arrow_dataset - Keeping currently used cache file at /home/share/huadjyin/home/weiyilin/project/DNALLM/datasets/tokenized_datasets/seq_dataset/hyenadna/CD8_expression_5K_original_copied/train/cache-b431e8191f1708bc_00005_of_00030.arrow
06/28/2024 01:35:06 - INFO - datasets.arrow_dataset - Keeping currently used cache file at /home/share/huadjyin/home/weiyilin/project/DNALLM/datasets/tokenized_datasets/seq_dataset/hyenadna/CD8_expression_5K_original_copied/train/cache-b431e8191f1708bc_00026_of_00030.arrow
06/28/2024 01:35:06 - INFO - datasets.arrow_dataset - Keeping currently used cache file at /home/share/huadjyin/home/weiyilin/project/DNALLM/datasets/tokenized_datasets/seq_dataset/hyenadna/CD8_expression_5K_original_copied/train/cache-b431e8191f1708bc_00027_of_00030.arrow
06/28/2024 01:35:06 - INFO - datasets.arrow_dataset - Keeping currently used cache file at /home/share/huadjyin/home/weiyilin/project/DNALLM/datasets/tokenized_datasets/seq_dataset/hyenadna/CD8_expression_5K_original_copied/train/cache-b431e8191f1708bc_00010_of_00030.arrow
06/28/2024 01:35:06 - INFO - datasets.arrow_dataset - Keeping currently used cache file at /home/share/huadjyin/home/weiyilin/project/DNALLM/datasets/tokenized_datasets/seq_dataset/hyenadna/CD8_expression_5K_original_copied/train/cache-b431e8191f1708bc_00011_of_00030.arrow
06/28/2024 01:35:06 - INFO - datasets.arrow_dataset - Removing /home/share/huadjyin/home/weiyilin/project/DNALLM/datasets/tokenized_datasets/seq_dataset/hyenadna/CD8_expression_5K_original_copied/train/cache-8a9a744119e97c2c.arrow
06/28/2024 01:35:06 - INFO - datasets.arrow_dataset - Removing /home/share/huadjyin/home/weiyilin/project/DNALLM/datasets/tokenized_datasets/seq_dataset/hyenadna/CD8_expression_5K_original_copied/train/cache-26bad6c7462dc09d.arrow
06/28/2024 01:35:06 - INFO - datasets.arrow_dataset - Removing /home/share/huadjyin/home/weiyilin/project/DNALLM/datasets/tokenized_datasets/seq_dataset/hyenadna/CD8_expression_5K_original_copied/train/cache-7626e2acca481e3b.arrow
06/28/2024 01:35:06 - INFO - datasets.arrow_dataset - Removing /home/share/huadjyin/home/weiyilin/project/DNALLM/datasets/tokenized_datasets/seq_dataset/hyenadna/CD8_expression_5K_original_copied/train/cache-61e7079173ed7534.arrow
06/28/2024 01:35:06 - INFO - datasets.arrow_dataset - Listing files in /home/share/huadjyin/home/weiyilin/project/DNALLM/datasets/tokenized_datasets/seq_dataset/hyenadna/CD8_expression_5K_original_copied/test
06/28/2024 01:35:06 - INFO - datasets.arrow_dataset - Keeping currently used cache file at /home/share/huadjyin/home/weiyilin/project/DNALLM/datasets/tokenized_datasets/seq_dataset/hyenadna/CD8_expression_5K_original_copied/test/cache-58e927ef09408172_00022_of_00030.arrow
06/28/2024 01:35:06 - INFO - datasets.arrow_dataset - Keeping currently used cache file at /home/share/huadjyin/home/weiyilin/project/DNALLM/datasets/tokenized_datasets/seq_dataset/hyenadna/CD8_expression_5K_original_copied/test/cache-58e927ef09408172_00015_of_00030.arrow
06/28/2024 01:35:06 - INFO - datasets.arrow_dataset - Keeping currently used cache file at /home/share/huadjyin/home/weiyilin/project/DNALLM/datasets/tokenized_datasets/seq_dataset/hyenadna/CD8_expression_5K_original_copied/test/cache-58e927ef09408172_00014_of_00030.arrow
06/28/2024 01:35:06 - INFO - datasets.arrow_dataset - Keeping currently used cache file at /home/share/huadjyin/home/weiyilin/project/DNALLM/datasets/tokenized_datasets/seq_dataset/hyenadna/CD8_expression_5K_original_copied/test/cache-58e927ef09408172_00023_of_00030.arrow
06/28/2024 01:35:06 - INFO - datasets.arrow_dataset - Keeping currently used cache file at /home/share/huadjyin/home/weiyilin/project/DNALLM/datasets/tokenized_datasets/seq_dataset/hyenadna/CD8_expression_5K_original_copied/test/cache-58e927ef09408172_00029_of_00030.arrow
06/28/2024 01:35:06 - INFO - datasets.arrow_dataset - Keeping currently used cache file at /home/share/huadjyin/home/weiyilin/project/DNALLM/datasets/tokenized_datasets/seq_dataset/hyenadna/CD8_expression_5K_original_copied/test/cache-58e927ef09408172_00028_of_00030.arrow
06/28/2024 01:35:06 - INFO - datasets.arrow_dataset - Keeping currently used cache file at /home/share/huadjyin/home/weiyilin/project/DNALLM/datasets/tokenized_datasets/seq_dataset/hyenadna/CD8_expression_5K_original_copied/test/cache-58e927ef09408172_00000_of_00030.arrow
06/28/2024 01:35:06 - INFO - datasets.arrow_dataset - Keeping currently used cache file at /home/share/huadjyin/home/weiyilin/project/DNALLM/datasets/tokenized_datasets/seq_dataset/hyenadna/CD8_expression_5K_original_copied/test/cache-58e927ef09408172_00001_of_00030.arrow
06/28/2024 01:35:06 - INFO - datasets.arrow_dataset - Keeping currently used cache file at /home/share/huadjyin/home/weiyilin/project/DNALLM/datasets/tokenized_datasets/seq_dataset/hyenadna/CD8_expression_5K_original_copied/test/cache-58e927ef09408172_00020_of_00030.arrow
06/28/2024 01:35:06 - INFO - datasets.arrow_dataset - Keeping currently used cache file at /home/share/huadjyin/home/weiyilin/project/DNALLM/datasets/tokenized_datasets/seq_dataset/hyenadna/CD8_expression_5K_original_copied/test/cache-58e927ef09408172_00009_of_00030.arrow
06/28/2024 01:35:06 - INFO - datasets.arrow_dataset - Keeping currently used cache file at /home/share/huadjyin/home/weiyilin/project/DNALLM/datasets/tokenized_datasets/seq_dataset/hyenadna/CD8_expression_5K_original_copied/test/cache-58e927ef09408172_00008_of_00030.arrow
06/28/2024 01:35:06 - INFO - datasets.arrow_dataset - Keeping currently used cache file at /home/share/huadjyin/home/weiyilin/project/DNALLM/datasets/tokenized_datasets/seq_dataset/hyenadna/CD8_expression_5K_original_copied/test/cache-58e927ef09408172_00016_of_00030.arrow
06/28/2024 01:35:06 - INFO - datasets.arrow_dataset - Keeping currently used cache file at /home/share/huadjyin/home/weiyilin/project/DNALLM/datasets/tokenized_datasets/seq_dataset/hyenadna/CD8_expression_5K_original_copied/test/cache-58e927ef09408172_00017_of_00030.arrow
06/28/2024 01:35:06 - INFO - datasets.arrow_dataset - Keeping currently used cache file at /home/share/huadjyin/home/weiyilin/project/DNALLM/datasets/tokenized_datasets/seq_dataset/hyenadna/CD8_expression_5K_original_copied/test/cache-58e927ef09408172_00021_of_00030.arrow
06/28/2024 01:35:06 - INFO - datasets.arrow_dataset - Keeping currently used cache file at /home/share/huadjyin/home/weiyilin/project/DNALLM/datasets/tokenized_datasets/seq_dataset/hyenadna/CD8_expression_5K_original_copied/test/cache-58e927ef09408172_00002_of_00030.arrow
06/28/2024 01:35:06 - INFO - datasets.arrow_dataset - Keeping currently used cache file at /home/share/huadjyin/home/weiyilin/project/DNALLM/datasets/tokenized_datasets/seq_dataset/hyenadna/CD8_expression_5K_original_copied/test/cache-58e927ef09408172_00003_of_00030.arrow
06/28/2024 01:35:06 - INFO - datasets.arrow_dataset - Keeping currently used cache file at /home/share/huadjyin/home/weiyilin/project/DNALLM/datasets/tokenized_datasets/seq_dataset/hyenadna/CD8_expression_5K_original_copied/test/cache-58e927ef09408172_00011_of_00030.arrow
06/28/2024 01:35:06 - INFO - datasets.arrow_dataset - Keeping currently used cache file at /home/share/huadjyin/home/weiyilin/project/DNALLM/datasets/tokenized_datasets/seq_dataset/hyenadna/CD8_expression_5K_original_copied/test/cache-58e927ef09408172_00010_of_00030.arrow
06/28/2024 01:35:06 - INFO - datasets.arrow_dataset - Keeping currently used cache file at /home/share/huadjyin/home/weiyilin/project/DNALLM/datasets/tokenized_datasets/seq_dataset/hyenadna/CD8_expression_5K_original_copied/test/cache-58e927ef09408172_00027_of_00030.arrow
06/28/2024 01:35:06 - INFO - datasets.arrow_dataset - Keeping currently used cache file at /home/share/huadjyin/home/weiyilin/project/DNALLM/datasets/tokenized_datasets/seq_dataset/hyenadna/CD8_expression_5K_original_copied/test/cache-58e927ef09408172_00026_of_00030.arrow
06/28/2024 01:35:06 - INFO - datasets.arrow_dataset - Keeping currently used cache file at /home/share/huadjyin/home/weiyilin/project/DNALLM/datasets/tokenized_datasets/seq_dataset/hyenadna/CD8_expression_5K_original_copied/test/cache-58e927ef09408172_00005_of_00030.arrow
06/28/2024 01:35:06 - INFO - datasets.arrow_dataset - Keeping currently used cache file at /home/share/huadjyin/home/weiyilin/project/DNALLM/datasets/tokenized_datasets/seq_dataset/hyenadna/CD8_expression_5K_original_copied/test/cache-58e927ef09408172_00004_of_00030.arrow
06/28/2024 01:35:06 - INFO - datasets.arrow_dataset - Keeping currently used cache file at /home/share/huadjyin/home/weiyilin/project/DNALLM/datasets/tokenized_datasets/seq_dataset/hyenadna/CD8_expression_5K_original_copied/test/cache-58e927ef09408172_00013_of_00030.arrow
06/28/2024 01:35:06 - INFO - datasets.arrow_dataset - Keeping currently used cache file at /home/share/huadjyin/home/weiyilin/project/DNALLM/datasets/tokenized_datasets/seq_dataset/hyenadna/CD8_expression_5K_original_copied/test/cache-58e927ef09408172_00024_of_00030.arrow
06/28/2024 01:35:06 - INFO - datasets.arrow_dataset - Keeping currently used cache file at /home/share/huadjyin/home/weiyilin/project/DNALLM/datasets/tokenized_datasets/seq_dataset/hyenadna/CD8_expression_5K_original_copied/test/cache-58e927ef09408172_00025_of_00030.arrow
06/28/2024 01:35:06 - INFO - datasets.arrow_dataset - Keeping currently used cache file at /home/share/huadjyin/home/weiyilin/project/DNALLM/datasets/tokenized_datasets/seq_dataset/hyenadna/CD8_expression_5K_original_copied/test/cache-58e927ef09408172_00012_of_00030.arrow
06/28/2024 01:35:06 - INFO - datasets.arrow_dataset - Keeping currently used cache file at /home/share/huadjyin/home/weiyilin/project/DNALLM/datasets/tokenized_datasets/seq_dataset/hyenadna/CD8_expression_5K_original_copied/test/cache-58e927ef09408172_00006_of_00030.arrow
06/28/2024 01:35:06 - INFO - datasets.arrow_dataset - Keeping currently used cache file at /home/share/huadjyin/home/weiyilin/project/DNALLM/datasets/tokenized_datasets/seq_dataset/hyenadna/CD8_expression_5K_original_copied/test/cache-58e927ef09408172_00018_of_00030.arrow
06/28/2024 01:35:06 - INFO - datasets.arrow_dataset - Keeping currently used cache file at /home/share/huadjyin/home/weiyilin/project/DNALLM/datasets/tokenized_datasets/seq_dataset/hyenadna/CD8_expression_5K_original_copied/test/cache-58e927ef09408172_00019_of_00030.arrow
06/28/2024 01:35:06 - INFO - datasets.arrow_dataset - Keeping currently used cache file at /home/share/huadjyin/home/weiyilin/project/DNALLM/datasets/tokenized_datasets/seq_dataset/hyenadna/CD8_expression_5K_original_copied/test/cache-58e927ef09408172_00007_of_00030.arrow
06/28/2024 01:35:06 - INFO - datasets.arrow_dataset - Listing files in /home/share/huadjyin/home/weiyilin/project/DNALLM/datasets/tokenized_datasets/seq_dataset/hyenadna/CD8_expression_5K_original_copied/train
06/28/2024 01:35:06 - INFO - datasets.arrow_dataset - Removing /home/share/huadjyin/home/weiyilin/project/DNALLM/datasets/tokenized_datasets/seq_dataset/hyenadna/CD8_expression_5K_original_copied/train/cache-b431e8191f1708bc_00003_of_00030.arrow
06/28/2024 01:35:06 - INFO - datasets.arrow_dataset - Removing /home/share/huadjyin/home/weiyilin/project/DNALLM/datasets/tokenized_datasets/seq_dataset/hyenadna/CD8_expression_5K_original_copied/train/cache-b431e8191f1708bc_00002_of_00030.arrow
06/28/2024 01:35:06 - INFO - datasets.arrow_dataset - Removing /home/share/huadjyin/home/weiyilin/project/DNALLM/datasets/tokenized_datasets/seq_dataset/hyenadna/CD8_expression_5K_original_copied/train/cache-b431e8191f1708bc_00009_of_00030.arrow
06/28/2024 01:35:06 - INFO - datasets.arrow_dataset - Removing /home/share/huadjyin/home/weiyilin/project/DNALLM/datasets/tokenized_datasets/seq_dataset/hyenadna/CD8_expression_5K_original_copied/train/cache-b431e8191f1708bc_00017_of_00030.arrow
06/28/2024 01:35:06 - INFO - datasets.arrow_dataset - Removing /home/share/huadjyin/home/weiyilin/project/DNALLM/datasets/tokenized_datasets/seq_dataset/hyenadna/CD8_expression_5K_original_copied/train/cache-b431e8191f1708bc_00021_of_00030.arrow
06/28/2024 01:35:06 - INFO - datasets.arrow_dataset - Removing /home/share/huadjyin/home/weiyilin/project/DNALLM/datasets/tokenized_datasets/seq_dataset/hyenadna/CD8_expression_5K_original_copied/train/cache-b431e8191f1708bc_00008_of_00030.arrow
06/28/2024 01:35:06 - INFO - datasets.arrow_dataset - Removing /home/share/huadjyin/home/weiyilin/project/DNALLM/datasets/tokenized_datasets/seq_dataset/hyenadna/CD8_expression_5K_original_copied/train/cache-b431e8191f1708bc_00016_of_00030.arrow
06/28/2024 01:35:06 - INFO - datasets.arrow_dataset - Removing /home/share/huadjyin/home/weiyilin/project/DNALLM/datasets/tokenized_datasets/seq_dataset/hyenadna/CD8_expression_5K_original_copied/train/cache-b431e8191f1708bc_00020_of_00030.arrow
06/28/2024 01:35:06 - INFO - datasets.arrow_dataset - Removing /home/share/huadjyin/home/weiyilin/project/DNALLM/datasets/tokenized_datasets/seq_dataset/hyenadna/CD8_expression_5K_original_copied/train/cache-b431e8191f1708bc_00000_of_00030.arrow
06/28/2024 01:35:06 - INFO - datasets.arrow_dataset - Removing /home/share/huadjyin/home/weiyilin/project/DNALLM/datasets/tokenized_datasets/seq_dataset/hyenadna/CD8_expression_5K_original_copied/train/cache-b431e8191f1708bc_00029_of_00030.arrow
06/28/2024 01:35:06 - INFO - datasets.arrow_dataset - Removing /home/share/huadjyin/home/weiyilin/project/DNALLM/datasets/tokenized_datasets/seq_dataset/hyenadna/CD8_expression_5K_original_copied/train/cache-b431e8191f1708bc_00028_of_00030.arrow
06/28/2024 01:35:06 - INFO - datasets.arrow_dataset - Removing /home/share/huadjyin/home/weiyilin/project/DNALLM/datasets/tokenized_datasets/seq_dataset/hyenadna/CD8_expression_5K_original_copied/train/cache-b431e8191f1708bc_00001_of_00030.arrow
06/28/2024 01:35:06 - INFO - datasets.arrow_dataset - Removing /home/share/huadjyin/home/weiyilin/project/DNALLM/datasets/tokenized_datasets/seq_dataset/hyenadna/CD8_expression_5K_original_copied/train/cache-b431e8191f1708bc_00014_of_00030.arrow
06/28/2024 01:35:06 - INFO - datasets.arrow_dataset - Removing /home/share/huadjyin/home/weiyilin/project/DNALLM/datasets/tokenized_datasets/seq_dataset/hyenadna/CD8_expression_5K_original_copied/train/cache-b431e8191f1708bc_00015_of_00030.arrow
06/28/2024 01:35:06 - INFO - datasets.arrow_dataset - Removing /home/share/huadjyin/home/weiyilin/project/DNALLM/datasets/tokenized_datasets/seq_dataset/hyenadna/CD8_expression_5K_original_copied/train/cache-b431e8191f1708bc_00023_of_00030.arrow
06/28/2024 01:35:06 - INFO - datasets.arrow_dataset - Removing /home/share/huadjyin/home/weiyilin/project/DNALLM/datasets/tokenized_datasets/seq_dataset/hyenadna/CD8_expression_5K_original_copied/train/cache-b431e8191f1708bc_00022_of_00030.arrow
06/28/2024 01:35:06 - INFO - datasets.arrow_dataset - Removing /home/share/huadjyin/home/weiyilin/project/DNALLM/datasets/tokenized_datasets/seq_dataset/hyenadna/CD8_expression_5K_original_copied/train/cache-b431e8191f1708bc_00007_of_00030.arrow
06/28/2024 01:35:06 - INFO - datasets.arrow_dataset - Removing /home/share/huadjyin/home/weiyilin/project/DNALLM/datasets/tokenized_datasets/seq_dataset/hyenadna/CD8_expression_5K_original_copied/train/cache-b431e8191f1708bc_00006_of_00030.arrow
06/28/2024 01:35:06 - INFO - datasets.arrow_dataset - Removing /home/share/huadjyin/home/weiyilin/project/DNALLM/datasets/tokenized_datasets/seq_dataset/hyenadna/CD8_expression_5K_original_copied/train/cache-b431e8191f1708bc_00019_of_00030.arrow
06/28/2024 01:35:06 - INFO - datasets.arrow_dataset - Removing /home/share/huadjyin/home/weiyilin/project/DNALLM/datasets/tokenized_datasets/seq_dataset/hyenadna/CD8_expression_5K_original_copied/train/cache-b431e8191f1708bc_00018_of_00030.arrow
06/28/2024 01:35:06 - INFO - datasets.arrow_dataset - Removing /home/share/huadjyin/home/weiyilin/project/DNALLM/datasets/tokenized_datasets/seq_dataset/hyenadna/CD8_expression_5K_original_copied/train/cache-b431e8191f1708bc_00013_of_00030.arrow
06/28/2024 01:35:06 - INFO - datasets.arrow_dataset - Removing /home/share/huadjyin/home/weiyilin/project/DNALLM/datasets/tokenized_datasets/seq_dataset/hyenadna/CD8_expression_5K_original_copied/train/cache-b431e8191f1708bc_00012_of_00030.arrow
06/28/2024 01:35:06 - INFO - datasets.arrow_dataset - Removing /home/share/huadjyin/home/weiyilin/project/DNALLM/datasets/tokenized_datasets/seq_dataset/hyenadna/CD8_expression_5K_original_copied/train/cache-b431e8191f1708bc_00025_of_00030.arrow
06/28/2024 01:35:06 - INFO - datasets.arrow_dataset - Removing /home/share/huadjyin/home/weiyilin/project/DNALLM/datasets/tokenized_datasets/seq_dataset/hyenadna/CD8_expression_5K_original_copied/train/cache-b431e8191f1708bc_00024_of_00030.arrow
06/28/2024 01:35:06 - INFO - datasets.arrow_dataset - Removing /home/share/huadjyin/home/weiyilin/project/DNALLM/datasets/tokenized_datasets/seq_dataset/hyenadna/CD8_expression_5K_original_copied/train/cache-b431e8191f1708bc_00004_of_00030.arrow
06/28/2024 01:35:06 - INFO - datasets.arrow_dataset - Removing /home/share/huadjyin/home/weiyilin/project/DNALLM/datasets/tokenized_datasets/seq_dataset/hyenadna/CD8_expression_5K_original_copied/train/cache-b431e8191f1708bc_00005_of_00030.arrow
06/28/2024 01:35:06 - INFO - datasets.arrow_dataset - Removing /home/share/huadjyin/home/weiyilin/project/DNALLM/datasets/tokenized_datasets/seq_dataset/hyenadna/CD8_expression_5K_original_copied/train/cache-b431e8191f1708bc_00026_of_00030.arrow
06/28/2024 01:35:06 - INFO - datasets.arrow_dataset - Removing /home/share/huadjyin/home/weiyilin/project/DNALLM/datasets/tokenized_datasets/seq_dataset/hyenadna/CD8_expression_5K_original_copied/train/cache-b431e8191f1708bc_00027_of_00030.arrow
06/28/2024 01:35:06 - INFO - datasets.arrow_dataset - Removing /home/share/huadjyin/home/weiyilin/project/DNALLM/datasets/tokenized_datasets/seq_dataset/hyenadna/CD8_expression_5K_original_copied/train/cache-b431e8191f1708bc_00010_of_00030.arrow
06/28/2024 01:35:06 - INFO - datasets.arrow_dataset - Removing /home/share/huadjyin/home/weiyilin/project/DNALLM/datasets/tokenized_datasets/seq_dataset/hyenadna/CD8_expression_5K_original_copied/train/cache-b431e8191f1708bc_00011_of_00030.arrow
06/28/2024 01:35:06 - INFO - datasets.arrow_dataset - Listing files in /home/share/huadjyin/home/weiyilin/project/DNALLM/datasets/tokenized_datasets/seq_dataset/hyenadna/CD8_expression_5K_original_copied/test
06/28/2024 01:35:06 - INFO - datasets.arrow_dataset - Removing /home/share/huadjyin/home/weiyilin/project/DNALLM/datasets/tokenized_datasets/seq_dataset/hyenadna/CD8_expression_5K_original_copied/test/cache-58e927ef09408172_00022_of_00030.arrow
06/28/2024 01:35:06 - INFO - datasets.arrow_dataset - Removing /home/share/huadjyin/home/weiyilin/project/DNALLM/datasets/tokenized_datasets/seq_dataset/hyenadna/CD8_expression_5K_original_copied/test/cache-58e927ef09408172_00015_of_00030.arrow
06/28/2024 01:35:06 - INFO - datasets.arrow_dataset - Removing /home/share/huadjyin/home/weiyilin/project/DNALLM/datasets/tokenized_datasets/seq_dataset/hyenadna/CD8_expression_5K_original_copied/test/cache-58e927ef09408172_00014_of_00030.arrow
06/28/2024 01:35:06 - INFO - datasets.arrow_dataset - Removing /home/share/huadjyin/home/weiyilin/project/DNALLM/datasets/tokenized_datasets/seq_dataset/hyenadna/CD8_expression_5K_original_copied/test/cache-58e927ef09408172_00023_of_00030.arrow
06/28/2024 01:35:06 - INFO - datasets.arrow_dataset - Removing /home/share/huadjyin/home/weiyilin/project/DNALLM/datasets/tokenized_datasets/seq_dataset/hyenadna/CD8_expression_5K_original_copied/test/cache-58e927ef09408172_00029_of_00030.arrow
06/28/2024 01:35:06 - INFO - datasets.arrow_dataset - Removing /home/share/huadjyin/home/weiyilin/project/DNALLM/datasets/tokenized_datasets/seq_dataset/hyenadna/CD8_expression_5K_original_copied/test/cache-58e927ef09408172_00028_of_00030.arrow
06/28/2024 01:35:06 - INFO - datasets.arrow_dataset - Removing /home/share/huadjyin/home/weiyilin/project/DNALLM/datasets/tokenized_datasets/seq_dataset/hyenadna/CD8_expression_5K_original_copied/test/cache-58e927ef09408172_00000_of_00030.arrow
06/28/2024 01:35:06 - INFO - datasets.arrow_dataset - Removing /home/share/huadjyin/home/weiyilin/project/DNALLM/datasets/tokenized_datasets/seq_dataset/hyenadna/CD8_expression_5K_original_copied/test/cache-58e927ef09408172_00001_of_00030.arrow
06/28/2024 01:35:06 - INFO - datasets.arrow_dataset - Removing /home/share/huadjyin/home/weiyilin/project/DNALLM/datasets/tokenized_datasets/seq_dataset/hyenadna/CD8_expression_5K_original_copied/test/cache-58e927ef09408172_00020_of_00030.arrow
06/28/2024 01:35:06 - INFO - datasets.arrow_dataset - Removing /home/share/huadjyin/home/weiyilin/project/DNALLM/datasets/tokenized_datasets/seq_dataset/hyenadna/CD8_expression_5K_original_copied/test/cache-58e927ef09408172_00009_of_00030.arrow
06/28/2024 01:35:06 - INFO - datasets.arrow_dataset - Removing /home/share/huadjyin/home/weiyilin/project/DNALLM/datasets/tokenized_datasets/seq_dataset/hyenadna/CD8_expression_5K_original_copied/test/cache-58e927ef09408172_00008_of_00030.arrow
06/28/2024 01:35:06 - INFO - datasets.arrow_dataset - Removing /home/share/huadjyin/home/weiyilin/project/DNALLM/datasets/tokenized_datasets/seq_dataset/hyenadna/CD8_expression_5K_original_copied/test/cache-58e927ef09408172_00016_of_00030.arrow
06/28/2024 01:35:06 - INFO - datasets.arrow_dataset - Removing /home/share/huadjyin/home/weiyilin/project/DNALLM/datasets/tokenized_datasets/seq_dataset/hyenadna/CD8_expression_5K_original_copied/test/cache-58e927ef09408172_00017_of_00030.arrow
06/28/2024 01:35:06 - INFO - datasets.arrow_dataset - Removing /home/share/huadjyin/home/weiyilin/project/DNALLM/datasets/tokenized_datasets/seq_dataset/hyenadna/CD8_expression_5K_original_copied/test/cache-58e927ef09408172_00021_of_00030.arrow
06/28/2024 01:35:06 - INFO - datasets.arrow_dataset - Removing /home/share/huadjyin/home/weiyilin/project/DNALLM/datasets/tokenized_datasets/seq_dataset/hyenadna/CD8_expression_5K_original_copied/test/cache-58e927ef09408172_00002_of_00030.arrow
06/28/2024 01:35:06 - INFO - datasets.arrow_dataset - Removing /home/share/huadjyin/home/weiyilin/project/DNALLM/datasets/tokenized_datasets/seq_dataset/hyenadna/CD8_expression_5K_original_copied/test/cache-58e927ef09408172_00003_of_00030.arrow
06/28/2024 01:35:06 - INFO - datasets.arrow_dataset - Removing /home/share/huadjyin/home/weiyilin/project/DNALLM/datasets/tokenized_datasets/seq_dataset/hyenadna/CD8_expression_5K_original_copied/test/cache-58e927ef09408172_00011_of_00030.arrow
06/28/2024 01:35:06 - INFO - datasets.arrow_dataset - Removing /home/share/huadjyin/home/weiyilin/project/DNALLM/datasets/tokenized_datasets/seq_dataset/hyenadna/CD8_expression_5K_original_copied/test/cache-58e927ef09408172_00010_of_00030.arrow
06/28/2024 01:35:06 - INFO - datasets.arrow_dataset - Removing /home/share/huadjyin/home/weiyilin/project/DNALLM/datasets/tokenized_datasets/seq_dataset/hyenadna/CD8_expression_5K_original_copied/test/cache-58e927ef09408172_00027_of_00030.arrow
06/28/2024 01:35:06 - INFO - datasets.arrow_dataset - Removing /home/share/huadjyin/home/weiyilin/project/DNALLM/datasets/tokenized_datasets/seq_dataset/hyenadna/CD8_expression_5K_original_copied/test/cache-58e927ef09408172_00026_of_00030.arrow
06/28/2024 01:35:06 - INFO - datasets.arrow_dataset - Removing /home/share/huadjyin/home/weiyilin/project/DNALLM/datasets/tokenized_datasets/seq_dataset/hyenadna/CD8_expression_5K_original_copied/test/cache-58e927ef09408172_00005_of_00030.arrow
06/28/2024 01:35:06 - INFO - datasets.arrow_dataset - Removing /home/share/huadjyin/home/weiyilin/project/DNALLM/datasets/tokenized_datasets/seq_dataset/hyenadna/CD8_expression_5K_original_copied/test/cache-58e927ef09408172_00004_of_00030.arrow
06/28/2024 01:35:06 - INFO - datasets.arrow_dataset - Removing /home/share/huadjyin/home/weiyilin/project/DNALLM/datasets/tokenized_datasets/seq_dataset/hyenadna/CD8_expression_5K_original_copied/test/cache-58e927ef09408172_00013_of_00030.arrow
06/28/2024 01:35:06 - INFO - datasets.arrow_dataset - Removing /home/share/huadjyin/home/weiyilin/project/DNALLM/datasets/tokenized_datasets/seq_dataset/hyenadna/CD8_expression_5K_original_copied/test/cache-58e927ef09408172_00024_of_00030.arrow
06/28/2024 01:35:06 - INFO - datasets.arrow_dataset - Removing /home/share/huadjyin/home/weiyilin/project/DNALLM/datasets/tokenized_datasets/seq_dataset/hyenadna/CD8_expression_5K_original_copied/test/cache-58e927ef09408172_00025_of_00030.arrow
06/28/2024 01:35:06 - INFO - datasets.arrow_dataset - Removing /home/share/huadjyin/home/weiyilin/project/DNALLM/datasets/tokenized_datasets/seq_dataset/hyenadna/CD8_expression_5K_original_copied/test/cache-58e927ef09408172_00012_of_00030.arrow
06/28/2024 01:35:06 - INFO - datasets.arrow_dataset - Removing /home/share/huadjyin/home/weiyilin/project/DNALLM/datasets/tokenized_datasets/seq_dataset/hyenadna/CD8_expression_5K_original_copied/test/cache-58e927ef09408172_00006_of_00030.arrow
06/28/2024 01:35:06 - INFO - datasets.arrow_dataset - Removing /home/share/huadjyin/home/weiyilin/project/DNALLM/datasets/tokenized_datasets/seq_dataset/hyenadna/CD8_expression_5K_original_copied/test/cache-58e927ef09408172_00018_of_00030.arrow
06/28/2024 01:35:06 - INFO - datasets.arrow_dataset - Removing /home/share/huadjyin/home/weiyilin/project/DNALLM/datasets/tokenized_datasets/seq_dataset/hyenadna/CD8_expression_5K_original_copied/test/cache-58e927ef09408172_00019_of_00030.arrow
06/28/2024 01:35:06 - INFO - datasets.arrow_dataset - Removing /home/share/huadjyin/home/weiyilin/project/DNALLM/datasets/tokenized_datasets/seq_dataset/hyenadna/CD8_expression_5K_original_copied/test/cache-58e927ef09408172_00007_of_00030.arrow
06/28/2024 01:35:06 - INFO - __main__ - >>>Done!
